________________________________________________________________________
                       VPR - The Next Generation                        
                     Version 0.A15.0 (Linux X86/64)                     
            This is free open source code under MIT license.            
________________________________________________________________________

VPR FPGA Placement and Routing.
Version: Version 7.0
Compiled: Nov  7 2018.
University of Toronto
vpr@eecg.utoronto.ca
This is free open source code under MIT license.

Architecture file: k6_frac_N10_mem32K_40nm.xml
Circuit name: diffeq1.blif

Building complex block graph.
WARNING(1): io[0].clock[0] unconnected pin in architecture.
Loop for doall = 0, init_parse took 0 seconds.
Loop for doall = 0 took 0 seconds.
Loop for doall = 1, init_parse took 0 seconds.
Loop for doall = 1 took 0.01 seconds.
Swept away 196 nets with no fanout.
Net is a constant generator: vcc.
WARNING(2): logical_block #456 with output vcc has only 0 pin.
WARNING(3): Block contains output -- may be a constant generator.
0 unconnected blocks in input netlist.
Removed 96 LUT buffers.
Sweeped away 96 nodes.
BLIF circuit stats:
	1 LUTs of size 0
	0 LUTs of size 1
	64 LUTs of size 2
	131 LUTs of size 3
	40 LUTs of size 4
	59 LUTs of size 5
	190 LUTs of size 6
	162 of type input
	96 of type output
	193 of type latch
	485 of type names
	0 of type dual_port_ram
	0 of type single_port_ram
	5 of type multiply
Timing analysis: ON
Circuit netlist file: diffeq1.net
Circuit placement file: diffeq1.place
Circuit routing file: diffeq1.route
Circuit SDC file: diffeq1.sdc
Operation: RUN_FLOW

Packer: ENABLED
Placer: ENABLED
Router: DISABLED
PackerOpts.allow_early_exit: FALSE
PackerOpts.allow_unrelated_clustering: TRUE
PackerOpts.alpha_clustering: 0.750000
PackerOpts.aspect: 1.000000
PackerOpts.beta_clustering: 0.900000
PackerOpts.block_delay: 0.000000
PackerOpts.cluster_seed_type: TIMING
PackerOpts.connection_driven: TRUE
PackerOpts.global_clocks: TRUE
PackerOpts.hill_climbing_flag: FALSE
PackerOpts.inter_cluster_net_delay: 1.000000
PackerOpts.intra_cluster_net_delay: 0.000000
PackerOpts.recompute_timing_after: 32767
PackerOpts.sweep_hanging_nets_and_inputs: TRUE
PackerOpts.timing_driven: TRUE

PlacerOpts.place_freq: PLACE_ONCE
PlacerOpts.place_algorithm: BOUNDING_BOX_PLACE
PlacerOpts.pad_loc_type: FREE
PlacerOpts.place_cost_exp: 1.000000
PlaceOpts.seed: 22
AnnealSched.type: AUTO_SCHED
AnnealSched.inner_num: 1.000000

RoutingArch.directionality: UNI_DIRECTIONAL
RoutingArch.switch_block_type: WILTON
RoutingArch.Fs: 3

Initialize packing.
Begin packing 'diffeq1.blif'.

After removing unused inputs...
	total blocks: 941, total nets: 1004, total inputs: 162, total outputs: 96
Begin prepacking.
Finish prepacking.
Using inter-cluster delay: 1.33777e-09

SDC file 'diffeq1.sdc' blank or not found.

Defaulting to: constrain all 0 inputs and 0 outputs on the netlist clock.
Optimize this clock to run as fast as possible.
Not enough resources expand FPGA size to x = 2 y = 2.
Complex block 0: cb.n1416, type: clb
	.............
Passed route at end.
Complex block 1: cb.n1719, type: clb
	..........................................
Passed route at end.
Not enough resources expand FPGA size to x = 3 y = 3.
Complex block 2: cb.n1406, type: clb
	........................................
Passed route at end.
Complex block 3: cb.n1688, type: clb
	...............................................
Passed route at end.
Complex block 4: cb.n1660, type: clb
	.......................
Passed route at end.
Complex block 5: cb.n1621_1, type: clb
	...........................................
Passed route at end.
Not enough resources expand FPGA size to x = 4 y = 4.
Complex block 6: cb.n1602_1, type: clb
	........................
Passed route at end.
Complex block 7: cb.n1581_1, type: clb
	..........................................
Passed route at end.
Complex block 8: cb.n1672_1, type: clb
	........................................
Passed route at end.
Complex block 9: cb.n1640, type: clb
	........................................................
Passed route at end.
Not enough resources expand FPGA size to x = 5 y = 5.
Not enough resources expand FPGA size to x = 6 y = 6.
Complex block 10: cb.top^MULTIPLY~0[0], type: mult_36
	
Passed route at end.
Complex block 11: cb.n1266, type: clb
	................................................
Passed route at end.
Complex block 12: cb.n1341, type: clb
	.........................................
Passed route at end.
Not enough resources expand FPGA size to x = 7 y = 7.
Not enough resources expand FPGA size to x = 8 y = 8.
Complex block 13: cb.top^MULTIPLY~43[0], type: mult_36
	
Passed route at end.
Not enough resources expand FPGA size to x = 9 y = 9.
Not enough resources expand FPGA size to x = 10 y = 10.
Not enough resources expand FPGA size to x = 11 y = 11.
Not enough resources expand FPGA size to x = 12 y = 12.
Complex block 14: cb.top^MULTIPLY~42[0], type: mult_36
	
Passed route at end.
Complex block 15: cb.top^DXport~5, type: io
	
Passed route at end.
Complex block 16: cb.top^DXport~7, type: io
	
Passed route at end.
Complex block 17: cb.top^DXport~24, type: io
	
Passed route at end.
Complex block 18: cb.top^DXport~29, type: io
	
Passed route at end.
Complex block 19: cb.top^DXport~21, type: io
	
Passed route at end.
Complex block 20: cb.top^DXport~27, type: io
	
Passed route at end.
Complex block 21: cb.top^DXport~3, type: io
	
Passed route at end.
Complex block 22: cb.top^DXport~18, type: io
	
Passed route at end.
Complex block 23: cb.top^DXport~28, type: io
	
Passed route at end.
Complex block 24: cb.top^DXport~31, type: io
	
Passed route at end.
Complex block 25: cb.top^DXport~20, type: io
	
Passed route at end.
Complex block 26: cb.top^DXport~30, type: io
	
Passed route at end.
Complex block 27: cb.top^DXport~26, type: io
	
Passed route at end.
Complex block 28: cb.top^DXport~1, type: io
	
Passed route at end.
Complex block 29: cb.top^DXport~22, type: io
	
Passed route at end.
Complex block 30: cb.top^DXport~19, type: io
	
Passed route at end.
Complex block 31: cb.top^DXport~25, type: io
	
Passed route at end.
Complex block 32: cb.top^DXport~16, type: io
	
Passed route at end.
Complex block 33: cb.top^DXport~15, type: io
	
Passed route at end.
Complex block 34: cb.top^DXport~13, type: io
	
Passed route at end.
Complex block 35: cb.top^DXport~14, type: io
	
Passed route at end.
Complex block 36: cb.top^DXport~12, type: io
	
Passed route at end.
Complex block 37: cb.top^DXport~9, type: io
	
Passed route at end.
Complex block 38: cb.top^DXport~4, type: io
	
Passed route at end.
Complex block 39: cb.top^DXport~10, type: io
	
Passed route at end.
Complex block 40: cb.top^DXport~8, type: io
	
Passed route at end.
Complex block 41: cb.top^DXport~11, type: io
	
Passed route at end.
Complex block 42: cb.top^DXport~6, type: io
	
Passed route at end.
Complex block 43: cb.top^DXport~2, type: io
	
Passed route at end.
Complex block 44: cb.top^DXport~17, type: io
	
Passed route at end.
Complex block 45: cb.top^DXport~23, type: io
	
Passed route at end.
Complex block 46: cb.top^DXport~0, type: io
	
Passed route at end.
Complex block 47: cb.n1695, type: clb
	........................
Passed route at end.
Complex block 48: cb.n1609, type: clb
	...............................................
Passed route at end.
Complex block 49: cb.n1691_1, type: clb
	..........................................
Passed route at end.
Not enough resources expand FPGA size to x = 13 y = 13.
Not enough resources expand FPGA size to x = 14 y = 14.
Complex block 50: cb.top^MULTIPLY~46[0], type: mult_36
	
Passed route at end.
Complex block 51: cb.top^MULTIPLY~45[0], type: mult_36
	
Passed route at end.
Complex block 52: cb.n1611, type: clb
	.......................
Passed route at end.
Complex block 53: cb.n1716, type: clb
	............................................
Passed route at end.
Complex block 54: cb.n1656, type: clb
	........................................
Passed route at end.
Complex block 55: cb.n1671, type: clb
	.........................................
Passed route at end.
Complex block 56: cb.n1696, type: clb
	...........................................
Passed route at end.
Complex block 57: cb.n1741, type: clb
	.....................................
Passed route at end.
Complex block 58: cb.n1601, type: clb
	......................................
Passed route at end.
Complex block 59: cb.n1496, type: clb
	.........................
Passed route at end.
Complex block 60: cb.n1426, type: clb
	............
Passed route at end.
Complex block 61: cb.n1571, type: clb
	.............................
Passed route at end.
Complex block 62: cb.n1461, type: clb
	..............
Passed route at end.
Complex block 63: cb.n1581, type: clb
	...........................................
Passed route at end.
Complex block 64: cb.n1662_1, type: clb
	.............................................
Passed route at end.
Complex block 65: cb.n1633, type: clb
	............................................
Passed route at end.
Complex block 66: cb.n1885, type: clb
	......................
Passed route at end.
Complex block 67: cb.n1797, type: clb
	...............
Passed route at end.
Complex block 68: cb.n1751, type: clb
	...........................................
Passed route at end.
Complex block 69: cb.n1583, type: clb
	............................................
Passed route at end.
Complex block 70: cb.n1256, type: clb
	...........................................
Passed route at end.
Complex block 71: cb.n1056, type: clb
	...................
Passed route at end.
Complex block 72: cb.n796, type: clb
	............
Passed route at end.
Complex block 73: cb.top^Aport~29, type: io
	
Passed route at end.
Complex block 74: cb.top^Aport~28, type: io
	
Passed route at end.
Complex block 75: cb.top^Aport~31, type: io
	
Passed route at end.
Complex block 76: cb.top^Aport~30, type: io
	
Passed route at end.
Complex block 77: cb.top^Aport~26, type: io
	
Passed route at end.
Complex block 78: cb.top^Aport~25, type: io
	
Passed route at end.
Complex block 79: cb.top^Aport~27, type: io
	
Passed route at end.
Complex block 80: cb.top^Aport~23, type: io
	
Passed route at end.
Complex block 81: cb.top^Aport~22, type: io
	
Passed route at end.
Complex block 82: cb.top^Aport~24, type: io
	
Passed route at end.
Complex block 83: cb.top^Aport~21, type: io
	
Passed route at end.
Complex block 84: cb.top^Aport~20, type: io
	
Passed route at end.
Complex block 85: cb.top^Aport~19, type: io
	
Passed route at end.
Complex block 86: cb.top^Aport~18, type: io
	
Passed route at end.
Complex block 87: cb.top^Aport~2, type: io
	
Passed route at end.
Complex block 88: cb.top^Aport~1, type: io
	
Passed route at end.
Complex block 89: cb.top^Aport~0, type: io
	
Passed route at end.
Complex block 90: cb.top^Aport~17, type: io
	
Passed route at end.
Complex block 91: cb.top^Aport~16, type: io
	
Passed route at end.
Complex block 92: cb.top^Aport~4, type: io
	
Passed route at end.
Complex block 93: cb.top^Aport~3, type: io
	
Passed route at end.
Complex block 94: cb.top^Aport~15, type: io
	
Passed route at end.
Complex block 95: cb.top^Aport~14, type: io
	
Passed route at end.
Complex block 96: cb.top^Aport~9, type: io
	
Passed route at end.
Complex block 97: cb.top^Aport~8, type: io
	
Passed route at end.
Complex block 98: cb.top^Aport~6, type: io
	
Passed route at end.
Complex block 99: cb.top^Aport~5, type: io
	
Passed route at end.
Complex block 100: cb.top^Aport~13, type: io
	
Passed route at end.
Complex block 101: cb.top^Aport~12, type: io
	
Passed route at end.
Complex block 102: cb.top^Aport~11, type: io
	
Passed route at end.
Complex block 103: cb.top^Aport~10, type: io
	
Passed route at end.
Complex block 104: cb.top^Aport~7, type: io
	
Passed route at end.
Complex block 105: cb.top^Yinport~30, type: io
	
Passed route at end.
Complex block 106: cb.top^Yinport~29, type: io
	
Passed route at end.
Complex block 107: cb.top^Xinport~14, type: io
	
Passed route at end.
Complex block 108: cb.top^Xinport~29, type: io
	
Passed route at end.
Complex block 109: cb.top^Yinport~27, type: io
	
Passed route at end.
Complex block 110: cb.top^Yinport~25, type: io
	
Passed route at end.
Complex block 111: cb.top^Xinport~27, type: io
	
Passed route at end.
Complex block 112: cb.top^Yinport~22, type: io
	
Passed route at end.
Complex block 113: cb.top^Yinport~21, type: io
	
Passed route at end.
Complex block 114: cb.top^Xinport~12, type: io
	
Passed route at end.
Complex block 115: cb.top^Xinport~25, type: io
	
Passed route at end.
Complex block 116: cb.top^Yinport~17, type: io
	
Passed route at end.
Complex block 117: cb.top^Yinport~16, type: io
	
Passed route at end.
Complex block 118: cb.top^Xinport~11, type: io
	
Passed route at end.
Complex block 119: cb.top^Yinport~14, type: io
	
Passed route at end.
Complex block 120: cb.top^Uinport~28, type: io
	
Passed route at end.
Complex block 121: cb.top^Xinport~10, type: io
	
Passed route at end.
Complex block 122: cb.top^Xinport~22, type: io
	
Passed route at end.
Complex block 123: cb.top^Yinport~12, type: io
	
Passed route at end.
Complex block 124: cb.top^Xinport~21, type: io
	
Passed route at end.
Complex block 125: cb.top^Yinport~11, type: io
	
Passed route at end.
Complex block 126: cb.top^Uinport~22, type: io
	
Passed route at end.
Complex block 127: cb.top^Yinport~10, type: io
	
Passed route at end.
Complex block 128: cb.top^Yinport~9, type: io
	
Passed route at end.
Complex block 129: cb.top^Xinport~9, type: io
	
Passed route at end.
Complex block 130: cb.top^Uinport~9, type: io
	
Passed route at end.
Complex block 131: cb.top^Xinport~17, type: io
	
Passed route at end.
Complex block 132: cb.top^Xinport~16, type: io
	
Passed route at end.
Complex block 133: cb.top^reset, type: io
	
Passed route at end.
Complex block 134: cb.top^Xinport~30, type: io
	
Passed route at end.
Complex block 135: cb.top^Yinport~28, type: io
	
Passed route at end.
Complex block 136: cb.top^Yinport~26, type: io
	
Passed route at end.
Complex block 137: cb.top^Xinport~28, type: io
	
Passed route at end.
Complex block 138: cb.top^Yinport~24, type: io
	
Passed route at end.
Complex block 139: cb.top^Xinport~6, type: io
	
Passed route at end.
Complex block 140: cb.top^Xinport~2, type: io
	
Passed route at end.
Complex block 141: cb.top^Yinport~23, type: io
	
Passed route at end.
Complex block 142: cb.top^Yinport~20, type: io
	
Passed route at end.
Complex block 143: cb.top^Xinport~26, type: io
	
Passed route at end.
Complex block 144: cb.top^Yinport~19, type: io
	
Passed route at end.
Complex block 145: cb.top^Xinport~24, type: io
	
Passed route at end.
Complex block 146: cb.top^Xinport~23, type: io
	
Passed route at end.
Complex block 147: cb.top^Xinport~5, type: io
	
Passed route at end.
Complex block 148: cb.top^Xinport~0, type: io
	
Passed route at end.
Complex block 149: cb.top^Uinport~31, type: io
	
Passed route at end.
Complex block 150: cb.top^Yinport~15, type: io
	
Passed route at end.
Complex block 151: cb.top^Uinport~30, type: io
	
Passed route at end.
Complex block 152: cb.top^Uinport~29, type: io
	
Passed route at end.
Complex block 153: cb.top^Xinport~4, type: io
	
Passed route at end.
Complex block 154: cb.top^Uinport~26, type: io
	
Passed route at end.
Complex block 155: cb.top^Uinport~25, type: io
	
Passed route at end.
Complex block 156: cb.top^Uinport~24, type: io
	
Passed route at end.
Complex block 157: cb.top^Uinport~23, type: io
	
Passed route at end.
Complex block 158: cb.top^Uinport~21, type: io
	
Passed route at end.
Complex block 159: cb.top^Uinport~20, type: io
	
Passed route at end.
Complex block 160: cb.top^Uinport~19, type: io
	
Passed route at end.
Complex block 161: cb.top^Xinport~20, type: io
	
Passed route at end.
Complex block 162: cb.top^Yinport~8, type: io
	
Passed route at end.
Complex block 163: cb.top^Yinport~7, type: io
	
Passed route at end.
Complex block 164: cb.top^Uinport~17, type: io
	
Passed route at end.
Complex block 165: cb.top^Uinport~16, type: io
	
Passed route at end.
Complex block 166: cb.top^Xinport~19, type: io
	
Passed route at end.
Complex block 167: cb.top^Uinport~15, type: io
	
Passed route at end.
Complex block 168: cb.top^Uinport~14, type: io
	
Passed route at end.
Complex block 169: cb.top^Yinport~6, type: io
	
Passed route at end.
Complex block 170: cb.top^Xinport~8, type: io
	
Passed route at end.
Complex block 171: cb.top^Uinport~12, type: io
	
Passed route at end.
Complex block 172: cb.top^Uinport~11, type: io
	
Passed route at end.
Complex block 173: cb.top^Yinport~5, type: io
	
Passed route at end.
Complex block 174: cb.top^Yinport~4, type: io
	
Passed route at end.
Complex block 175: cb.top^Xinport~3, type: io
	
Passed route at end.
Complex block 176: cb.top^Uinport~7, type: io
	
Passed route at end.
Complex block 177: cb.top^Yinport~3, type: io
	
Passed route at end.
Complex block 178: cb.top^Uinport~6, type: io
	
Passed route at end.
Complex block 179: cb.top^Uinport~5, type: io
	
Passed route at end.
Complex block 180: cb.top^Yinport~2, type: io
	
Passed route at end.
Complex block 181: cb.top^Uinport~4, type: io
	
Passed route at end.
Complex block 182: cb.top^Uinport~3, type: io
	
Passed route at end.
Complex block 183: cb.top^Yinport~1, type: io
	
Passed route at end.
Complex block 184: cb.top^Uinport~2, type: io
	
Passed route at end.
Complex block 185: cb.top^Uinport~1, type: io
	
Passed route at end.
Complex block 186: cb.top^Yinport~0, type: io
	
Passed route at end.
Complex block 187: cb.top^Uinport~0, type: io
	
Passed route at end.
Complex block 188: cb.top^Xinport~1, type: io
	
Passed route at end.
Complex block 189: cb.top^Xinport~15, type: io
	
Passed route at end.
Complex block 190: cb.top^Xinport~7, type: io
	
Passed route at end.
Complex block 191: cb.top^Yinport~18, type: io
	
Passed route at end.
Complex block 192: cb.top^Uinport~27, type: io
	
Passed route at end.
Complex block 193: cb.top^Xinport~18, type: io
	
Passed route at end.
Complex block 194: cb.top^Xinport~13, type: io
	
Passed route at end.
Complex block 195: cb.top^Yinport~13, type: io
	
Passed route at end.
Complex block 196: cb.top^Uinport~18, type: io
	
Passed route at end.
Complex block 197: cb.top^Uinport~13, type: io
	
Passed route at end.
Complex block 198: cb.top^Uinport~10, type: io
	
Passed route at end.
Complex block 199: cb.top^Uinport~8, type: io
	
Passed route at end.
Complex block 200: cb.top^Yinport~31, type: io
	
Passed route at end.
Complex block 201: cb.top^Xinport~31, type: io
	
Passed route at end.
Complex block 202: cb.out:top^Uoutport~28, type: io
	
Passed route at end.
Complex block 203: cb.out:top^Uoutport~27, type: io
	
Passed route at end.
Complex block 204: cb.out:top^Uoutport~26, type: io
	
Passed route at end.
Complex block 205: cb.out:top^Uoutport~25, type: io
	
Passed route at end.
Complex block 206: cb.out:top^Uoutport~24, type: io
	
Passed route at end.
Complex block 207: cb.out:top^Uoutport~23, type: io
	
Passed route at end.
Complex block 208: cb.out:top^Uoutport~22, type: io
	
Passed route at end.
Complex block 209: cb.out:top^Uoutport~21, type: io
	
Passed route at end.
Complex block 210: cb.out:top^Uoutport~20, type: io
	
Passed route at end.
Complex block 211: cb.out:top^Uoutport~19, type: io
	
Passed route at end.
Complex block 212: cb.out:top^Uoutport~18, type: io
	
Passed route at end.
Complex block 213: cb.out:top^Uoutport~17, type: io
	
Passed route at end.
Complex block 214: cb.out:top^Uoutport~16, type: io
	
Passed route at end.
Complex block 215: cb.out:top^Uoutport~15, type: io
	
Passed route at end.
Complex block 216: cb.out:top^Uoutport~14, type: io
	
Passed route at end.
Complex block 217: cb.out:top^Uoutport~13, type: io
	
Passed route at end.
Complex block 218: cb.out:top^Uoutport~12, type: io
	
Passed route at end.
Complex block 219: cb.out:top^Uoutport~11, type: io
	
Passed route at end.
Complex block 220: cb.out:top^Uoutport~10, type: io
	
Passed route at end.
Complex block 221: cb.out:top^Uoutport~9, type: io
	
Passed route at end.
Complex block 222: cb.out:top^Uoutport~8, type: io
	
Passed route at end.
Complex block 223: cb.out:top^Uoutport~7, type: io
	
Passed route at end.
Complex block 224: cb.out:top^Uoutport~6, type: io
	
Passed route at end.
Complex block 225: cb.out:top^Uoutport~5, type: io
	
Passed route at end.
Complex block 226: cb.out:top^Uoutport~4, type: io
	
Passed route at end.
Complex block 227: cb.out:top^Uoutport~3, type: io
	
Passed route at end.
Complex block 228: cb.out:top^Uoutport~2, type: io
	
Passed route at end.
Complex block 229: cb.out:top^Uoutport~1, type: io
	
Passed route at end.
Complex block 230: cb.out:top^Youtport~31, type: io
	
Passed route at end.
Complex block 231: cb.out:top^Uoutport~0, type: io
	
Passed route at end.
Complex block 232: cb.out:top^Youtport~30, type: io
	
Passed route at end.
Complex block 233: cb.out:top^Youtport~29, type: io
	
Passed route at end.
Complex block 234: cb.out:top^Xoutport~29, type: io
	
Passed route at end.
Complex block 235: cb.out:top^Youtport~28, type: io
	
Passed route at end.
Complex block 236: cb.out:top^Youtport~27, type: io
	
Passed route at end.
Complex block 237: cb.out:top^Youtport~26, type: io
	
Passed route at end.
Complex block 238: cb.out:top^Youtport~25, type: io
	
Passed route at end.
Complex block 239: cb.out:top^Youtport~24, type: io
	
Passed route at end.
Complex block 240: cb.out:top^Youtport~23, type: io
	
Passed route at end.
Complex block 241: cb.out:top^Youtport~22, type: io
	
Passed route at end.
Complex block 242: cb.out:top^Youtport~21, type: io
	
Passed route at end.
Complex block 243: cb.out:top^Youtport~20, type: io
	
Passed route at end.
Complex block 244: cb.out:top^Youtport~19, type: io
	
Passed route at end.
Complex block 245: cb.out:top^Youtport~18, type: io
	
Passed route at end.
Complex block 246: cb.out:top^Youtport~17, type: io
	
Passed route at end.
Complex block 247: cb.out:top^Youtport~16, type: io
	
Passed route at end.
Complex block 248: cb.out:top^Youtport~15, type: io
	
Passed route at end.
Complex block 249: cb.out:top^Youtport~14, type: io
	
Passed route at end.
Complex block 250: cb.out:top^Youtport~13, type: io
	
Passed route at end.
Complex block 251: cb.out:top^Youtport~12, type: io
	
Passed route at end.
Complex block 252: cb.out:top^Youtport~11, type: io
	
Passed route at end.
Complex block 253: cb.out:top^Youtport~10, type: io
	
Passed route at end.
Complex block 254: cb.out:top^Youtport~9, type: io
	
Passed route at end.
Complex block 255: cb.out:top^Youtport~8, type: io
	
Passed route at end.
Complex block 256: cb.out:top^Youtport~7, type: io
	
Passed route at end.
Complex block 257: cb.out:top^Youtport~6, type: io
	
Passed route at end.
Complex block 258: cb.out:top^Youtport~5, type: io
	
Passed route at end.
Complex block 259: cb.out:top^Youtport~4, type: io
	
Passed route at end.
Complex block 260: cb.out:top^Youtport~3, type: io
	
Passed route at end.
Complex block 261: cb.out:top^Youtport~2, type: io
	
Passed route at end.
Complex block 262: cb.out:top^Youtport~1, type: io
	
Passed route at end.
Complex block 263: cb.out:top^Youtport~0, type: io
	
Passed route at end.
Complex block 264: cb.out:top^Xoutport~31, type: io
	
Passed route at end.
Complex block 265: cb.out:top^Xoutport~30, type: io
	
Passed route at end.
Complex block 266: cb.out:top^Xoutport~28, type: io
	
Passed route at end.
Complex block 267: cb.out:top^Xoutport~27, type: io
	
Passed route at end.
Complex block 268: cb.out:top^Xoutport~26, type: io
	
Passed route at end.
Complex block 269: cb.out:top^Xoutport~25, type: io
	
Passed route at end.
Complex block 270: cb.out:top^Xoutport~24, type: io
	
Passed route at end.
Complex block 271: cb.out:top^Xoutport~23, type: io
	
Passed route at end.
Complex block 272: cb.out:top^Xoutport~22, type: io
	
Passed route at end.
Complex block 273: cb.out:top^Xoutport~21, type: io
	
Passed route at end.
Complex block 274: cb.out:top^Xoutport~20, type: io
	
Passed route at end.
Complex block 275: cb.out:top^Xoutport~19, type: io
	
Passed route at end.
Complex block 276: cb.out:top^Xoutport~18, type: io
	
Passed route at end.
Complex block 277: cb.out:top^Xoutport~17, type: io
	
Passed route at end.
Complex block 278: cb.out:top^Xoutport~16, type: io
	
Passed route at end.
Complex block 279: cb.out:top^Xoutport~15, type: io
	
Passed route at end.
Complex block 280: cb.out:top^Xoutport~14, type: io
	
Passed route at end.
Complex block 281: cb.out:top^Xoutport~13, type: io
	
Passed route at end.
Complex block 282: cb.out:top^Xoutport~12, type: io
	
Passed route at end.
Complex block 283: cb.out:top^Xoutport~11, type: io
	
Passed route at end.
Complex block 284: cb.out:top^Xoutport~10, type: io
	
Passed route at end.
Complex block 285: cb.out:top^Xoutport~9, type: io
	
Passed route at end.
Complex block 286: cb.out:top^Xoutport~8, type: io
	
Passed route at end.
Complex block 287: cb.out:top^Xoutport~7, type: io
	
Passed route at end.
Complex block 288: cb.out:top^Xoutport~6, type: io
	
Passed route at end.
Complex block 289: cb.out:top^Xoutport~5, type: io
	
Passed route at end.
Complex block 290: cb.out:top^Xoutport~4, type: io
	
Passed route at end.
Complex block 291: cb.out:top^Xoutport~3, type: io
	
Passed route at end.
Complex block 292: cb.out:top^Xoutport~2, type: io
	
Passed route at end.
Complex block 293: cb.out:top^Xoutport~1, type: io
	
Passed route at end.
Complex block 294: cb.out:top^Uoutport~31, type: io
	
Passed route at end.
Complex block 295: cb.out:top^Uoutport~30, type: io
	
Passed route at end.
Complex block 296: cb.out:top^Uoutport~29, type: io
	
Passed route at end.
Complex block 297: cb.out:top^Xoutport~0, type: io
	
Passed route at end.
Complex block 298: cb.top^clk, type: io
	
Passed route at end.
	<EMPTY>: # blocks: 0, average # input + clock pins used: 0, average # output pins used: 0
	io: # blocks: 258, average # input + clock pins used: 0.372093, average # output pins used: 0.627907
	clb: # blocks: 36, average # input + clock pins used: 26.25, average # output pins used: 10.8611
	mult_36: # blocks: 5, average # input + clock pins used: 52.8, average # output pins used: 32.8
	memory: # blocks: 0, average # input + clock pins used: 0, average # output pins used: 0
Absorbed logical nets 287 out of 1004 nets, 717 nets not absorbed.

Netlist conversion complete.

Packing took 0.39 seconds.
Packing completed.
Begin parsing packed FPGA netlist file.
Finished parsing packed FPGA netlist file.
Netlist generated from file 'diffeq1.net'.
vcc is a constant generator.

Netlist num_nets: 717
Netlist num_blocks: 299
Netlist <EMPTY> blocks: 0.
Netlist clb blocks: 36.
Netlist mult_36 blocks: 5.
Netlist memory blocks: 0.
Netlist inputs pins: 162
Netlist output pins: 96

Auto-sizing FPGA at x = 17 y = 17
Auto-sizing FPGA at x = 9 y = 9
Auto-sizing FPGA at x = 13 y = 13
Auto-sizing FPGA at x = 15 y = 15
Auto-sizing FPGA at x = 14 y = 14
Auto-sizing FPGA at x = 13 y = 13
FPGA auto-sized to x = 14 y = 14
The circuit will be mapped into a 14 x 14 array of clbs.

Resource usage...
	Netlist      0	blocks of type: <EMPTY>
	Architecture 12	blocks of type: <EMPTY>
	Netlist      258	blocks of type: io
	Architecture 448	blocks of type: io
	Netlist      36	blocks of type: clb
	Architecture 140	blocks of type: clb
	Netlist      5	blocks of type: mult_36
	Architecture 6	blocks of type: mult_36
	Netlist      0	blocks of type: memory
	Architecture 4	blocks of type: memory

Initial placement cost: 116.98 bb_cost: 116.98 td_cost: 0 delay_cost: 0

--------- --------- ----------- ----------- ----------- ----------- -------- -------- ------- ------- ------- --------- -------
        T      Cost  Av BB Cost  Av TD Cost  Av Tot Del  P to P Del    d_max  Ac Rate Std Dev R limit     Exp Tot Moves   Alpha
--------- --------- ----------- ----------- ----------- ----------- -------- -------- ------- ------- ------- --------- -------
 57.87889    105.83     105.827           0           0           0  34.0656   0.9985  3.7483 15.0000  0.0000      1998  0.5000
 28.93944    108.96     108.963           0           0           0  34.0656   0.9980  3.6643 15.0000  0.0000      3996  0.5000
 14.46972    105.85     105.849           0           0           0  34.0656   0.9950  2.2693 15.0000  0.0000      5994  0.5000
  7.23486    104.53     104.525           0           0           0  34.0656   0.9950  3.0812 15.0000  0.0000      7992  0.5000
  3.61743    104.68     104.682           0           0           0  34.0656   0.9785  2.8578 15.0000  0.0000      9990  0.5000
  1.80872    98.859      98.859           0           0           0  34.0656   0.9434  4.4169 15.0000  0.0000     11988  0.9000
  1.62784    97.569     97.5692           0           0           0  34.0656   0.9555  3.2651 15.0000  0.0000     13986  0.9000
  1.46506    95.855     95.8547           0           0           0  34.0656   0.9555  2.1068 15.0000  0.0000     15984  0.9000
  1.31855    98.939     98.9394           0           0           0  34.0656   0.9349  2.7539 15.0000  0.0000     17982  0.9000
  1.18670    99.527     99.5271           0           0           0  34.0656   0.9489  3.1051 15.0000  0.0000     19980  0.9000
  1.06803    95.769     95.7688           0           0           0  34.0656   0.9329  3.1960 15.0000  0.0000     21978  0.9000
  0.96123    94.538     94.5376           0           0           0  34.0656   0.9224  1.5411 15.0000  0.0000     23976  0.9000
  0.86510    93.268     93.2676           0           0           0  34.0656   0.9199  1.7385 15.0000  0.0000     25974  0.9000
  0.77859    89.312     89.3122           0           0           0  34.0656   0.9104  2.2807 15.0000  0.0000     27972  0.9000
  0.70073    90.654     90.6541           0           0           0  34.0656   0.9109  1.9505 15.0000  0.0000     29970  0.9000
  0.63066    89.321     89.3213           0           0           0  34.0656   0.9139  1.4199 15.0000  0.0000     31968  0.9000
  0.56759    90.704      90.704           0           0           0  34.0656   0.8924  1.3063 15.0000  0.0000     33966  0.9000
  0.51083    89.786     89.7856           0           0           0  34.0656   0.8794  1.0781 15.0000  0.0000     35964  0.9000
  0.45975    85.924      85.924           0           0           0  34.0656   0.8769  1.8863 15.0000  0.0000     37962  0.9000
  0.41378    84.473     84.4735           0           0           0  34.0656   0.8614  1.9304 15.0000  0.0000     39960  0.9000
  0.37240    85.298     85.2983           0           0           0  34.0656   0.8338  0.6608 15.0000  0.0000     41958  0.9000
  0.33516    82.753     82.7533           0           0           0  34.0656   0.8418  1.5335 15.0000  0.0000     43956  0.9000
  0.30164    77.803     77.8034           0           0           0  34.0656   0.8208  1.2423 15.0000  0.0000     45954  0.9000
  0.27148    78.671     78.6708           0           0           0  34.0656   0.8178  1.0959 15.0000  0.0000     47952  0.9000
  0.24433    79.617     79.6169           0           0           0  34.0656   0.7963  1.4061 15.0000  0.0000     49950  0.9500
  0.23211    76.593     76.5931           0           0           0  34.0656   0.7993  0.8671 15.0000  0.0000     51948  0.9500
  0.22051    76.864      76.864           0           0           0  34.0656   0.8143  1.3150 15.0000  0.0000     53946  0.9000
  0.19846      75.7     75.7005           0           0           0  34.0656   0.8118  0.9042 15.0000  0.0000     55944  0.9000
  0.17861    74.166     74.1658           0           0           0  34.0656   0.7953  0.7475 15.0000  0.0000     57942  0.9500
  0.16968    74.444     74.4441           0           0           0  34.0656   0.7813  0.6584 15.0000  0.0000     59940  0.9500
  0.16120    72.568     72.5677           0           0           0  34.0656   0.7723  0.7473 15.0000  0.0000     61938  0.9500
  0.15314    72.221     72.2213           0           0           0  34.0656   0.7553  0.5820 15.0000  0.0000     63936  0.9500
  0.14548     71.82     71.8201           0           0           0  34.0656   0.7533  0.6251 15.0000  0.0000     65934  0.9500
  0.13821    72.233     72.2333           0           0           0  34.0656   0.7492  0.3495 15.0000  0.0000     67932  0.9500
  0.13130    72.041     72.0412           0           0           0  34.0656   0.7573  0.6403 15.0000  0.0000     69930  0.9500
  0.12473    72.509     72.5093           0           0           0  34.0656   0.7533  0.3977 15.0000  0.0000     71928  0.9500
  0.11849    71.447     71.4474           0           0           0  34.0656   0.7417  0.3841 15.0000  0.0000     73926  0.9500
  0.11257    71.029     71.0286           0           0           0  34.0656   0.7162  0.2900 15.0000  0.0000     75924  0.9500
  0.10694    70.447     70.4467           0           0           0  34.0656   0.7137  0.8232 15.0000  0.0000     77922  0.9500
  0.10159    69.788     69.7878           0           0           0  34.0656   0.6752  0.5578 15.0000  0.0000     79920  0.9500
  0.09651    70.059     70.0587           0           0           0  34.0656   0.6822  0.5761 15.0000  0.0000     81918  0.9500
  0.09169    71.062     71.0617           0           0           0  34.0656   0.6812  0.4984 15.0000  0.0000     83916  0.9500
  0.08710    70.348     70.3481           0           0           0  34.0656   0.6777  0.2615 15.0000  0.0000     85914  0.9500
  0.08275     69.92     69.9204           0           0           0  34.0656   0.6927  0.5682 15.0000  0.0000     87912  0.9500
  0.07861    68.974      68.974           0           0           0  34.0656   0.6667  0.3697 15.0000  0.0000     89910  0.9500
  0.07468    68.423     68.4228           0           0           0  34.0656   0.6537  0.4679 15.0000  0.0000     91908  0.9500
  0.07095    67.587     67.5869           0           0           0  34.0656   0.6311  0.3995 15.0000  0.0000     93906  0.9500
  0.06740    67.838     67.8378           0           0           0  34.0656   0.6291  0.3597 15.0000  0.0000     95904  0.9500
  0.06403    67.807     67.8074           0           0           0  34.0656   0.6281  0.5411 15.0000  0.0000     97902  0.9500
  0.06083    67.325     67.3251           0           0           0  34.0656   0.5771  0.3031 15.0000  0.0000     99900  0.9500
  0.05779    66.855      66.855           0           0           0  34.0656   0.5966  0.4771 15.0000  0.0000    101898  0.9500
  0.05490    66.488     66.4879           0           0           0  34.0656   0.5851  0.3664 15.0000  0.0000    103896  0.9500
  0.05215    66.167     66.1674           0           0           0  34.0656   0.5591  0.3000 15.0000  0.0000    105894  0.9500
  0.04955    65.719     65.7188           0           0           0  34.0656   0.5435  0.4476 15.0000  0.0000    107892  0.9500
  0.04707    65.457     65.4571           0           0           0  34.0656   0.5165  0.3377 15.0000  0.0000    109890  0.9500
  0.04471    65.521     65.5213           0           0           0  34.0656   0.5030  0.2214 15.0000  0.0000    111888  0.9500
  0.04248    65.805     65.8049           0           0           0  34.0656   0.5195  0.3988 15.0000  0.0000    113886  0.9500
  0.04035    64.902     64.9021           0           0           0  34.0656   0.5030  0.1693 15.0000  0.0000    115884  0.9500
  0.03834    64.156     64.1561           0           0           0  34.0656   0.4505  0.3267 15.0000  0.0000    117882  0.9500
  0.03642    64.445     64.4451           0           0           0  34.0656   0.4650  0.2275 15.0000  0.0000    119880  0.9500
  0.03460    63.752     63.7519           0           0           0  34.0656   0.4124  0.4001 15.0000  0.0000    121878  0.9500
  0.03287    64.205     64.2055           0           0           0  34.0656   0.4770  0.3374 14.5862  0.0000    123876  0.9500
  0.03123    63.372     63.3719           0           0           0  34.0656   0.4099  0.3901 15.0000  0.0000    125874  0.9500
  0.02966    62.862     62.8622           0           0           0  34.0656   0.4565  0.3229 14.5486  0.0000    127872  0.9500
  0.02818    62.759     62.7586           0           0           0  34.0656   0.4520  0.2934 14.7881  0.0000    129870  0.9500
  0.02677     62.26     62.2602           0           0           0  34.0656   0.4049  0.1504 14.9648  0.0000    131868  0.9500
  0.02543    62.154     62.1541           0           0           0  34.0656   0.4099  0.2078 14.4396  0.0000    133866  0.9500
  0.02416    61.784     61.7845           0           0           0  34.0656   0.3869  0.2680 14.0051  0.0000    135864  0.9500
  0.02295    61.269     61.2695           0           0           0  34.0656   0.3784  0.1991 13.2613  0.0000    137862  0.9500
  0.02181    61.215     61.2147           0           0           0  34.0656   0.3984  0.1794 12.4441  0.0000    139860  0.9500
  0.02072    61.077     61.0767           0           0           0  34.0656   0.3899  0.1118 11.9264  0.0000    141858  0.9500
  0.01968    60.807     60.8068           0           0           0  34.0656   0.4029  0.1591 11.3288  0.0000    143856  0.9500
  0.01870    60.525     60.5252           0           0           0  34.0656   0.4124  0.2586 10.9085  0.0000    145854  0.9500
  0.01776    59.872     59.8724           0           0           0  34.0656   0.3644  0.2276 10.6076  0.0000    147852  0.9500
  0.01687    59.645     59.6447           0           0           0  34.0656   0.3749  0.1990  9.8053  0.0000    149850  0.9500
  0.01603    59.534     59.5338           0           0           0  34.0656   0.3569  0.1505  9.1667  0.0000    151848  0.9500
  0.01523    59.344      59.344           0           0           0  34.0656   0.3684  0.1657  8.4045  0.0000    153846  0.9500
  0.01447    59.481     59.4806           0           0           0  34.0656   0.4129  0.1465  7.8025  0.0000    155844  0.9500
  0.01374     58.89     58.8897           0           0           0  34.0656   0.3719  0.1017  7.5912  0.0000    157842  0.9500
  0.01306    58.696     58.6958           0           0           0  34.0656   0.3498  0.1464  7.0740  0.0000    159840  0.9500
  0.01240    58.549     58.5486           0           0           0  34.0656   0.3939  0.1828  6.4363  0.0000    161838  0.9500
  0.01178    58.377     58.3773           0           0           0  34.0656   0.3689  0.0776  6.1395  0.0000    163836  0.9500
  0.01119    58.354     58.3535           0           0           0  34.0656   0.3744  0.0724  5.7028  0.0000    165834  0.9500
  0.01063    58.123     58.1233           0           0           0  34.0656   0.3934  0.1242  5.3286  0.0000    167832  0.9500
  0.01010    57.811     57.8107           0           0           0  34.0656   0.3373  0.1337  5.0802  0.0000    169830  0.9500
  0.00960    57.728     57.7279           0           0           0  34.0656   0.3899  0.0997  4.5587  0.0000    171828  0.9500
  0.00912    57.533     57.5327           0           0           0  34.0656   0.3629  0.0911  4.3302  0.0000    173826  0.9500
  0.00866     57.31     57.3104           0           0           0  34.0656   0.3999  0.0664  3.9962  0.0000    175824  0.9500
  0.00823    57.228     57.2277           0           0           0  34.0656   0.4084  0.0725  3.8360  0.0000    177822  0.9500
  0.00782    57.119     57.1188           0           0           0  34.0656   0.3909  0.1539  3.7148  0.0000    179820  0.9500
  0.00743    57.074     57.0735           0           0           0  34.0656   0.3814  0.0472  3.5323  0.0000    181818  0.9500
  0.00706    56.926      56.926           0           0           0  34.0656   0.3634  0.0479  3.3253  0.0000    183816  0.9500
  0.00670    56.856     56.8564           0           0           0  34.0656   0.3569  0.0639  3.0704  0.0000    185814  0.9500
  0.00637    56.743     56.7433           0           0           0  34.0656   0.4174  0.0548  2.8152  0.0000    187812  0.9500
  0.00605    56.592     56.5919           0           0           0  34.0656   0.3794  0.0536  2.7516  0.0000    189810  0.9500
  0.00575    56.542     56.5421           0           0           0  34.0656   0.3739  0.0362  2.5848  0.0000    191808  0.9500
  0.00546    56.442     56.4417           0           0           0  34.0656   0.3739  0.0512  2.4139  0.0000    193806  0.9500
  0.00519    56.284     56.2841           0           0           0  34.0656   0.3498  0.0898  2.2542  0.0000    195804  0.9500
  0.00493    56.124     56.1239           0           0           0  34.0656   0.3714  0.0539  2.0510  0.0000    197802  0.9500
  0.00468    55.975     55.9745           0           0           0  34.0656   0.4334  0.0905  1.9103  0.0000    199800  0.9500
  0.00445    55.935      55.935           0           0           0  34.0656   0.4149  0.0276  1.8977  0.0000    201798  0.9500
  0.00422    55.876     55.8762           0           0           0  34.0656   0.4214  0.0405  1.8501  0.0000    203796  0.9500
  0.00401     55.82     55.8196           0           0           0  34.0656   0.4214  0.0346  1.8157  0.0000    205794  0.9500
  0.00381    55.778     55.7777           0           0           0  34.0656   0.3929  0.0578  1.7820  0.0000    207792  0.9500
  0.00362    55.676     55.6761           0           0           0  34.0656   0.3809  0.0303  1.6981  0.0000    209790  0.9500
  0.00344    55.608     55.6081           0           0           0  34.0656   0.3574  0.0282  1.5977  0.0000    211788  0.9500
  0.00327    55.608     55.6085           0           0           0  34.0656   0.3754  0.0195  1.4656  0.0000    213786  0.9500
  0.00311    55.573      55.573           0           0           0  34.0656   0.3954  0.0186  1.3709  0.0000    215784  0.9500
  0.00295    55.556     55.5559           0           0           0  34.0656   0.3448  0.0162  1.3098  0.0000    217782  0.9500
  0.00280    55.517     55.5167           0           0           0  34.0656   0.3629  0.0170  1.1851  0.0000    219780  0.9500
  0.00266    55.467     55.4674           0           0           0  34.0656   0.3208  0.0253  1.0937  0.0000    221778  0.9500
  0.00253    55.455     55.4551           0           0           0  34.0656   0.3293  0.0208  1.0000  0.0000    223776  0.9500
  0.00240    55.484     55.4836           0           0           0  34.0656   0.3514  0.0143  1.0000  0.0000    225774  0.9500
  0.00228    55.451     55.4507           0           0           0  34.0656   0.3318  0.0052  1.0000  0.0000    227772  0.9500
  0.00217    55.427     55.4273           0           0           0  34.0656   0.3539  0.0000  1.0000  0.0000    229770  0.9500
  0.00206    55.432     55.4318           0           0           0  34.0656   0.3123  0.0079  1.0000  0.0000    231768  0.9500
  0.00196    55.443     55.4427           0           0           0  34.0656   0.3378  0.0088  1.0000  0.0000    233766  0.9500
  0.00186    55.431     55.4305           0           0           0  34.0656   0.3323  0.0141  1.0000  0.0000    235764  0.9500
  0.00177    55.414     55.4142           0           0           0  34.0656   0.3093  0.0070  1.0000  0.0000    237762  0.9500
  0.00168    55.414     55.4137           0           0           0  34.0656   0.3524  0.0069  1.0000  0.0000    239760  0.9500
  0.00159    55.414     55.4137           0           0           0  34.0656   0.3108  0.0070  1.0000  0.0000    241758  0.9500
  0.00151    55.411     55.4108           0           0           0  34.0656   0.3248  0.0037  1.0000  0.0000    243756  0.9500
  0.00144    55.411     55.4108           0           0           0  34.0656   0.3188  0.0013  1.0000  0.0000    245754  0.9500
  0.00137     55.41     55.4103           0           0           0  34.0656   0.3213  0.0000  1.0000  0.0000    247752  0.9500
  0.00130    55.401     55.4007           0           0           0  34.0656   0.3413  0.0000  1.0000  0.0000    249750  0.9500
  0.00123    55.406     55.4064           0           0           0  34.0656   0.3043  0.0026  1.0000  0.0000    251748  0.9500
  0.00117    55.401     55.4013           0           0           0  34.0656   0.3288  0.0000  1.0000  0.0000    253746  0.9500
  0.00111    55.401      55.401           0           0           0  34.0656   0.3308  0.0040  1.0000  0.0000    255744  0.9500
  0.00106    55.402     55.4016           0           0           0  34.0656   0.3218  0.0046  1.0000  0.0000    257742  0.9500
  0.00100    55.401     55.4008           0           0           0  34.0656   0.3323  0.0022  1.0000  0.0000    259740  0.9500
  0.00095      55.4        55.4           0           0           0  34.0656   0.3198  0.0057  1.0000  0.0000    261738  0.9500
  0.00091      55.4     55.4002           0           0           0  34.0656   0.3228  0.0056  1.0000  0.0000    263736  0.9500
  0.00086      55.4     55.4002           0           0           0  34.0656   0.3288  0.0010  1.0000  0.0000    265734  0.9500
  0.00082      55.4     55.4001           0           0           0  34.0656   0.3033  0.0041  1.0000  0.0000    267732  0.9500
  0.00078    55.401     55.4009           0           0           0  34.0656   0.3338  0.0000  1.0000  0.0000    269730  0.9500
  0.00074    55.399     55.3994           0           0           0  34.0656   0.3258  0.0042  1.0000  0.0000    271728  0.9500
  0.00070      55.4     55.3997           0           0           0  34.0656   0.3093  0.0085  1.0000  0.0000    273726  0.9500
  0.00067      55.4     55.4003           0           0           0  34.0656   0.3328  0.0000  1.0000  0.0000    275724  0.9500
  0.00063    55.399     55.3987           0           0           0  34.0656   0.3273  0.0051  1.0000  0.0000    277722  0.9500
  0.00060    55.399     55.3991           0           0           0  34.0656   0.3178  0.0060  1.0000  0.0000    279720  0.9500
  0.00057    55.399     55.3994           0           0           0  34.0656   0.2988  0.0076  1.0000  0.0000    281718  0.9500
  0.00054      55.4     55.3995           0           0           0  34.0656   0.3198  0.0064  1.0000  0.0000    283716  0.9500
  0.00052    55.399     55.3992           0           0           0  34.0656   0.3233  0.0047  1.0000  0.0000    285714  0.9500
  0.00049    55.399     55.3986           0           0           0  34.0656   0.3083  0.0036  1.0000  0.0000    287712  0.9500
  0.00047    55.399     55.3994           0           0           0  34.0656   0.2903  0.0056  1.0000  0.0000    289710  0.9500
  0.00044    55.399      55.399           0           0           0  34.0656   0.2928  0.0056  1.0000  0.0000    291708  0.9500
  0.00042    55.398     55.3982           0           0           0  34.0656   0.3218  0.0032  1.0000  0.0000    293706  0.9500
  0.00040    55.399      55.399           0           0           0  34.0656   0.3288  0.0050  1.0000  0.0000    295704  0.9500
  0.00000    55.398     55.3982           0           0           0            0.1697  0.0032  1.0000  0.0000    297702

BB estimate of min-dist (placement) wirelength: 5540
bb_cost recomputed from scratch: 55.3983

Completed placement consistency check successfully.

Swaps called: 298001
Placement cost: 55.3982, bb_cost: 55.3982, td_cost: 0, delay_cost: 0
Placement total # of swap attempts: 298001
	Swap reject rate: 0
	Swap accept rate: 0
	Swap abort rate: 0
Placement took 0.21 seconds.
The entire flow of VPR took 0.71 seconds.
