________________________________________________________________________
                       VPR - The Next Generation                        
                     Version 0.A15.0 (Linux X86/64)                     
            This is free open source code under MIT license.            
________________________________________________________________________

VPR FPGA Placement and Routing.
Version: Version 7.0
Compiled: Nov  7 2018.
University of Toronto
vpr@eecg.utoronto.ca
This is free open source code under MIT license.

Architecture file: k6_frac_N10_mem32K_40nm.xml
Circuit name: diffeq1.blif

Building complex block graph.
WARNING(1): io[0].clock[0] unconnected pin in architecture.
Loop for doall = 0, init_parse took 0 seconds.
Loop for doall = 0 took 0 seconds.
Loop for doall = 1, init_parse took 0 seconds.
Loop for doall = 1 took 0.01 seconds.
Swept away 196 nets with no fanout.
Net is a constant generator: vcc.
WARNING(2): logical_block #456 with output vcc has only 0 pin.
WARNING(3): Block contains output -- may be a constant generator.
0 unconnected blocks in input netlist.
Removed 96 LUT buffers.
Sweeped away 96 nodes.
BLIF circuit stats:
	1 LUTs of size 0
	0 LUTs of size 1
	64 LUTs of size 2
	131 LUTs of size 3
	40 LUTs of size 4
	59 LUTs of size 5
	190 LUTs of size 6
	162 of type input
	96 of type output
	193 of type latch
	485 of type names
	0 of type dual_port_ram
	0 of type single_port_ram
	5 of type multiply
Timing analysis: ON
Circuit netlist file: diffeq1.net
Circuit placement file: diffeq1.place
Circuit routing file: diffeq1.route
Circuit SDC file: diffeq1.sdc
Operation: RUN_FLOW

Packer: ENABLED
Placer: ENABLED
Router: DISABLED
PackerOpts.allow_early_exit: FALSE
PackerOpts.allow_unrelated_clustering: TRUE
PackerOpts.alpha_clustering: 0.750000
PackerOpts.aspect: 1.000000
PackerOpts.beta_clustering: 0.900000
PackerOpts.block_delay: 0.000000
PackerOpts.cluster_seed_type: TIMING
PackerOpts.connection_driven: TRUE
PackerOpts.global_clocks: TRUE
PackerOpts.hill_climbing_flag: FALSE
PackerOpts.inter_cluster_net_delay: 1.000000
PackerOpts.intra_cluster_net_delay: 0.000000
PackerOpts.recompute_timing_after: 32767
PackerOpts.sweep_hanging_nets_and_inputs: TRUE
PackerOpts.timing_driven: TRUE

PlacerOpts.place_freq: PLACE_ONCE
PlacerOpts.place_algorithm: BOUNDING_BOX_PLACE
PlacerOpts.pad_loc_type: FREE
PlacerOpts.place_cost_exp: 1.000000
PlaceOpts.seed: 4
AnnealSched.type: AUTO_SCHED
AnnealSched.inner_num: 1.000000

RoutingArch.directionality: UNI_DIRECTIONAL
RoutingArch.switch_block_type: WILTON
RoutingArch.Fs: 3

Initialize packing.
Begin packing 'diffeq1.blif'.

After removing unused inputs...
	total blocks: 941, total nets: 1004, total inputs: 162, total outputs: 96
Begin prepacking.
Finish prepacking.
Using inter-cluster delay: 1.33777e-09

SDC file 'diffeq1.sdc' blank or not found.

Defaulting to: constrain all 0 inputs and 0 outputs on the netlist clock.
Optimize this clock to run as fast as possible.
Not enough resources expand FPGA size to x = 2 y = 2.
Complex block 0: cb.n1416, type: clb
	.............
Passed route at end.
Complex block 1: cb.n1719, type: clb
	..........................................
Passed route at end.
Not enough resources expand FPGA size to x = 3 y = 3.
Complex block 2: cb.n1406, type: clb
	........................................
Passed route at end.
Complex block 3: cb.n1688, type: clb
	...............................................
Passed route at end.
Complex block 4: cb.n1660, type: clb
	.......................
Passed route at end.
Complex block 5: cb.n1621_1, type: clb
	...........................................
Passed route at end.
Not enough resources expand FPGA size to x = 4 y = 4.
Complex block 6: cb.n1602_1, type: clb
	........................
Passed route at end.
Complex block 7: cb.n1581_1, type: clb
	..........................................
Passed route at end.
Complex block 8: cb.n1672_1, type: clb
	........................................
Passed route at end.
Complex block 9: cb.n1640, type: clb
	........................................................
Passed route at end.
Not enough resources expand FPGA size to x = 5 y = 5.
Not enough resources expand FPGA size to x = 6 y = 6.
Complex block 10: cb.top^MULTIPLY~0[0], type: mult_36
	
Passed route at end.
Complex block 11: cb.n1266, type: clb
	................................................
Passed route at end.
Complex block 12: cb.n1341, type: clb
	.........................................
Passed route at end.
Not enough resources expand FPGA size to x = 7 y = 7.
Not enough resources expand FPGA size to x = 8 y = 8.
Complex block 13: cb.top^MULTIPLY~43[0], type: mult_36
	
Passed route at end.
Not enough resources expand FPGA size to x = 9 y = 9.
Not enough resources expand FPGA size to x = 10 y = 10.
Not enough resources expand FPGA size to x = 11 y = 11.
Not enough resources expand FPGA size to x = 12 y = 12.
Complex block 14: cb.top^MULTIPLY~42[0], type: mult_36
	
Passed route at end.
Complex block 15: cb.top^DXport~5, type: io
	
Passed route at end.
Complex block 16: cb.top^DXport~7, type: io
	
Passed route at end.
Complex block 17: cb.top^DXport~24, type: io
	
Passed route at end.
Complex block 18: cb.top^DXport~29, type: io
	
Passed route at end.
Complex block 19: cb.top^DXport~21, type: io
	
Passed route at end.
Complex block 20: cb.top^DXport~27, type: io
	
Passed route at end.
Complex block 21: cb.top^DXport~3, type: io
	
Passed route at end.
Complex block 22: cb.top^DXport~18, type: io
	
Passed route at end.
Complex block 23: cb.top^DXport~28, type: io
	
Passed route at end.
Complex block 24: cb.top^DXport~31, type: io
	
Passed route at end.
Complex block 25: cb.top^DXport~20, type: io
	
Passed route at end.
Complex block 26: cb.top^DXport~30, type: io
	
Passed route at end.
Complex block 27: cb.top^DXport~26, type: io
	
Passed route at end.
Complex block 28: cb.top^DXport~1, type: io
	
Passed route at end.
Complex block 29: cb.top^DXport~22, type: io
	
Passed route at end.
Complex block 30: cb.top^DXport~19, type: io
	
Passed route at end.
Complex block 31: cb.top^DXport~25, type: io
	
Passed route at end.
Complex block 32: cb.top^DXport~16, type: io
	
Passed route at end.
Complex block 33: cb.top^DXport~15, type: io
	
Passed route at end.
Complex block 34: cb.top^DXport~13, type: io
	
Passed route at end.
Complex block 35: cb.top^DXport~14, type: io
	
Passed route at end.
Complex block 36: cb.top^DXport~12, type: io
	
Passed route at end.
Complex block 37: cb.top^DXport~9, type: io
	
Passed route at end.
Complex block 38: cb.top^DXport~4, type: io
	
Passed route at end.
Complex block 39: cb.top^DXport~10, type: io
	
Passed route at end.
Complex block 40: cb.top^DXport~8, type: io
	
Passed route at end.
Complex block 41: cb.top^DXport~11, type: io
	
Passed route at end.
Complex block 42: cb.top^DXport~6, type: io
	
Passed route at end.
Complex block 43: cb.top^DXport~2, type: io
	
Passed route at end.
Complex block 44: cb.top^DXport~17, type: io
	
Passed route at end.
Complex block 45: cb.top^DXport~23, type: io
	
Passed route at end.
Complex block 46: cb.top^DXport~0, type: io
	
Passed route at end.
Complex block 47: cb.n1695, type: clb
	........................
Passed route at end.
Complex block 48: cb.n1609, type: clb
	...............................................
Passed route at end.
Complex block 49: cb.n1691_1, type: clb
	..........................................
Passed route at end.
Not enough resources expand FPGA size to x = 13 y = 13.
Not enough resources expand FPGA size to x = 14 y = 14.
Complex block 50: cb.top^MULTIPLY~46[0], type: mult_36
	
Passed route at end.
Complex block 51: cb.top^MULTIPLY~45[0], type: mult_36
	
Passed route at end.
Complex block 52: cb.n1611, type: clb
	.......................
Passed route at end.
Complex block 53: cb.n1716, type: clb
	............................................
Passed route at end.
Complex block 54: cb.n1656, type: clb
	........................................
Passed route at end.
Complex block 55: cb.n1671, type: clb
	.........................................
Passed route at end.
Complex block 56: cb.n1696, type: clb
	...........................................
Passed route at end.
Complex block 57: cb.n1741, type: clb
	.....................................
Passed route at end.
Complex block 58: cb.n1601, type: clb
	......................................
Passed route at end.
Complex block 59: cb.n1496, type: clb
	.........................
Passed route at end.
Complex block 60: cb.n1426, type: clb
	............
Passed route at end.
Complex block 61: cb.n1571, type: clb
	.............................
Passed route at end.
Complex block 62: cb.n1461, type: clb
	..............
Passed route at end.
Complex block 63: cb.n1581, type: clb
	...........................................
Passed route at end.
Complex block 64: cb.n1662_1, type: clb
	.............................................
Passed route at end.
Complex block 65: cb.n1633, type: clb
	............................................
Passed route at end.
Complex block 66: cb.n1885, type: clb
	......................
Passed route at end.
Complex block 67: cb.n1797, type: clb
	...............
Passed route at end.
Complex block 68: cb.n1751, type: clb
	...........................................
Passed route at end.
Complex block 69: cb.n1583, type: clb
	............................................
Passed route at end.
Complex block 70: cb.n1256, type: clb
	...........................................
Passed route at end.
Complex block 71: cb.n1056, type: clb
	...................
Passed route at end.
Complex block 72: cb.n796, type: clb
	............
Passed route at end.
Complex block 73: cb.top^Aport~29, type: io
	
Passed route at end.
Complex block 74: cb.top^Aport~28, type: io
	
Passed route at end.
Complex block 75: cb.top^Aport~31, type: io
	
Passed route at end.
Complex block 76: cb.top^Aport~30, type: io
	
Passed route at end.
Complex block 77: cb.top^Aport~26, type: io
	
Passed route at end.
Complex block 78: cb.top^Aport~25, type: io
	
Passed route at end.
Complex block 79: cb.top^Aport~27, type: io
	
Passed route at end.
Complex block 80: cb.top^Aport~23, type: io
	
Passed route at end.
Complex block 81: cb.top^Aport~22, type: io
	
Passed route at end.
Complex block 82: cb.top^Aport~24, type: io
	
Passed route at end.
Complex block 83: cb.top^Aport~21, type: io
	
Passed route at end.
Complex block 84: cb.top^Aport~20, type: io
	
Passed route at end.
Complex block 85: cb.top^Aport~19, type: io
	
Passed route at end.
Complex block 86: cb.top^Aport~18, type: io
	
Passed route at end.
Complex block 87: cb.top^Aport~2, type: io
	
Passed route at end.
Complex block 88: cb.top^Aport~1, type: io
	
Passed route at end.
Complex block 89: cb.top^Aport~0, type: io
	
Passed route at end.
Complex block 90: cb.top^Aport~17, type: io
	
Passed route at end.
Complex block 91: cb.top^Aport~16, type: io
	
Passed route at end.
Complex block 92: cb.top^Aport~4, type: io
	
Passed route at end.
Complex block 93: cb.top^Aport~3, type: io
	
Passed route at end.
Complex block 94: cb.top^Aport~15, type: io
	
Passed route at end.
Complex block 95: cb.top^Aport~14, type: io
	
Passed route at end.
Complex block 96: cb.top^Aport~9, type: io
	
Passed route at end.
Complex block 97: cb.top^Aport~8, type: io
	
Passed route at end.
Complex block 98: cb.top^Aport~6, type: io
	
Passed route at end.
Complex block 99: cb.top^Aport~5, type: io
	
Passed route at end.
Complex block 100: cb.top^Aport~13, type: io
	
Passed route at end.
Complex block 101: cb.top^Aport~12, type: io
	
Passed route at end.
Complex block 102: cb.top^Aport~11, type: io
	
Passed route at end.
Complex block 103: cb.top^Aport~10, type: io
	
Passed route at end.
Complex block 104: cb.top^Aport~7, type: io
	
Passed route at end.
Complex block 105: cb.top^Yinport~30, type: io
	
Passed route at end.
Complex block 106: cb.top^Yinport~29, type: io
	
Passed route at end.
Complex block 107: cb.top^Xinport~14, type: io
	
Passed route at end.
Complex block 108: cb.top^Xinport~29, type: io
	
Passed route at end.
Complex block 109: cb.top^Yinport~27, type: io
	
Passed route at end.
Complex block 110: cb.top^Yinport~25, type: io
	
Passed route at end.
Complex block 111: cb.top^Xinport~27, type: io
	
Passed route at end.
Complex block 112: cb.top^Yinport~22, type: io
	
Passed route at end.
Complex block 113: cb.top^Yinport~21, type: io
	
Passed route at end.
Complex block 114: cb.top^Xinport~12, type: io
	
Passed route at end.
Complex block 115: cb.top^Xinport~25, type: io
	
Passed route at end.
Complex block 116: cb.top^Yinport~17, type: io
	
Passed route at end.
Complex block 117: cb.top^Yinport~16, type: io
	
Passed route at end.
Complex block 118: cb.top^Xinport~11, type: io
	
Passed route at end.
Complex block 119: cb.top^Yinport~14, type: io
	
Passed route at end.
Complex block 120: cb.top^Uinport~28, type: io
	
Passed route at end.
Complex block 121: cb.top^Xinport~10, type: io
	
Passed route at end.
Complex block 122: cb.top^Xinport~22, type: io
	
Passed route at end.
Complex block 123: cb.top^Yinport~12, type: io
	
Passed route at end.
Complex block 124: cb.top^Xinport~21, type: io
	
Passed route at end.
Complex block 125: cb.top^Yinport~11, type: io
	
Passed route at end.
Complex block 126: cb.top^Uinport~22, type: io
	
Passed route at end.
Complex block 127: cb.top^Yinport~10, type: io
	
Passed route at end.
Complex block 128: cb.top^Yinport~9, type: io
	
Passed route at end.
Complex block 129: cb.top^Xinport~9, type: io
	
Passed route at end.
Complex block 130: cb.top^Uinport~9, type: io
	
Passed route at end.
Complex block 131: cb.top^Xinport~17, type: io
	
Passed route at end.
Complex block 132: cb.top^Xinport~16, type: io
	
Passed route at end.
Complex block 133: cb.top^reset, type: io
	
Passed route at end.
Complex block 134: cb.top^Xinport~30, type: io
	
Passed route at end.
Complex block 135: cb.top^Yinport~28, type: io
	
Passed route at end.
Complex block 136: cb.top^Yinport~26, type: io
	
Passed route at end.
Complex block 137: cb.top^Xinport~28, type: io
	
Passed route at end.
Complex block 138: cb.top^Yinport~24, type: io
	
Passed route at end.
Complex block 139: cb.top^Xinport~6, type: io
	
Passed route at end.
Complex block 140: cb.top^Xinport~2, type: io
	
Passed route at end.
Complex block 141: cb.top^Yinport~23, type: io
	
Passed route at end.
Complex block 142: cb.top^Yinport~20, type: io
	
Passed route at end.
Complex block 143: cb.top^Xinport~26, type: io
	
Passed route at end.
Complex block 144: cb.top^Yinport~19, type: io
	
Passed route at end.
Complex block 145: cb.top^Xinport~24, type: io
	
Passed route at end.
Complex block 146: cb.top^Xinport~23, type: io
	
Passed route at end.
Complex block 147: cb.top^Xinport~5, type: io
	
Passed route at end.
Complex block 148: cb.top^Xinport~0, type: io
	
Passed route at end.
Complex block 149: cb.top^Uinport~31, type: io
	
Passed route at end.
Complex block 150: cb.top^Yinport~15, type: io
	
Passed route at end.
Complex block 151: cb.top^Uinport~30, type: io
	
Passed route at end.
Complex block 152: cb.top^Uinport~29, type: io
	
Passed route at end.
Complex block 153: cb.top^Xinport~4, type: io
	
Passed route at end.
Complex block 154: cb.top^Uinport~26, type: io
	
Passed route at end.
Complex block 155: cb.top^Uinport~25, type: io
	
Passed route at end.
Complex block 156: cb.top^Uinport~24, type: io
	
Passed route at end.
Complex block 157: cb.top^Uinport~23, type: io
	
Passed route at end.
Complex block 158: cb.top^Uinport~21, type: io
	
Passed route at end.
Complex block 159: cb.top^Uinport~20, type: io
	
Passed route at end.
Complex block 160: cb.top^Uinport~19, type: io
	
Passed route at end.
Complex block 161: cb.top^Xinport~20, type: io
	
Passed route at end.
Complex block 162: cb.top^Yinport~8, type: io
	
Passed route at end.
Complex block 163: cb.top^Yinport~7, type: io
	
Passed route at end.
Complex block 164: cb.top^Uinport~17, type: io
	
Passed route at end.
Complex block 165: cb.top^Uinport~16, type: io
	
Passed route at end.
Complex block 166: cb.top^Xinport~19, type: io
	
Passed route at end.
Complex block 167: cb.top^Uinport~15, type: io
	
Passed route at end.
Complex block 168: cb.top^Uinport~14, type: io
	
Passed route at end.
Complex block 169: cb.top^Yinport~6, type: io
	
Passed route at end.
Complex block 170: cb.top^Xinport~8, type: io
	
Passed route at end.
Complex block 171: cb.top^Uinport~12, type: io
	
Passed route at end.
Complex block 172: cb.top^Uinport~11, type: io
	
Passed route at end.
Complex block 173: cb.top^Yinport~5, type: io
	
Passed route at end.
Complex block 174: cb.top^Yinport~4, type: io
	
Passed route at end.
Complex block 175: cb.top^Xinport~3, type: io
	
Passed route at end.
Complex block 176: cb.top^Uinport~7, type: io
	
Passed route at end.
Complex block 177: cb.top^Yinport~3, type: io
	
Passed route at end.
Complex block 178: cb.top^Uinport~6, type: io
	
Passed route at end.
Complex block 179: cb.top^Uinport~5, type: io
	
Passed route at end.
Complex block 180: cb.top^Yinport~2, type: io
	
Passed route at end.
Complex block 181: cb.top^Uinport~4, type: io
	
Passed route at end.
Complex block 182: cb.top^Uinport~3, type: io
	
Passed route at end.
Complex block 183: cb.top^Yinport~1, type: io
	
Passed route at end.
Complex block 184: cb.top^Uinport~2, type: io
	
Passed route at end.
Complex block 185: cb.top^Uinport~1, type: io
	
Passed route at end.
Complex block 186: cb.top^Yinport~0, type: io
	
Passed route at end.
Complex block 187: cb.top^Uinport~0, type: io
	
Passed route at end.
Complex block 188: cb.top^Xinport~1, type: io
	
Passed route at end.
Complex block 189: cb.top^Xinport~15, type: io
	
Passed route at end.
Complex block 190: cb.top^Xinport~7, type: io
	
Passed route at end.
Complex block 191: cb.top^Yinport~18, type: io
	
Passed route at end.
Complex block 192: cb.top^Uinport~27, type: io
	
Passed route at end.
Complex block 193: cb.top^Xinport~18, type: io
	
Passed route at end.
Complex block 194: cb.top^Xinport~13, type: io
	
Passed route at end.
Complex block 195: cb.top^Yinport~13, type: io
	
Passed route at end.
Complex block 196: cb.top^Uinport~18, type: io
	
Passed route at end.
Complex block 197: cb.top^Uinport~13, type: io
	
Passed route at end.
Complex block 198: cb.top^Uinport~10, type: io
	
Passed route at end.
Complex block 199: cb.top^Uinport~8, type: io
	
Passed route at end.
Complex block 200: cb.top^Yinport~31, type: io
	
Passed route at end.
Complex block 201: cb.top^Xinport~31, type: io
	
Passed route at end.
Complex block 202: cb.out:top^Uoutport~28, type: io
	
Passed route at end.
Complex block 203: cb.out:top^Uoutport~27, type: io
	
Passed route at end.
Complex block 204: cb.out:top^Uoutport~26, type: io
	
Passed route at end.
Complex block 205: cb.out:top^Uoutport~25, type: io
	
Passed route at end.
Complex block 206: cb.out:top^Uoutport~24, type: io
	
Passed route at end.
Complex block 207: cb.out:top^Uoutport~23, type: io
	
Passed route at end.
Complex block 208: cb.out:top^Uoutport~22, type: io
	
Passed route at end.
Complex block 209: cb.out:top^Uoutport~21, type: io
	
Passed route at end.
Complex block 210: cb.out:top^Uoutport~20, type: io
	
Passed route at end.
Complex block 211: cb.out:top^Uoutport~19, type: io
	
Passed route at end.
Complex block 212: cb.out:top^Uoutport~18, type: io
	
Passed route at end.
Complex block 213: cb.out:top^Uoutport~17, type: io
	
Passed route at end.
Complex block 214: cb.out:top^Uoutport~16, type: io
	
Passed route at end.
Complex block 215: cb.out:top^Uoutport~15, type: io
	
Passed route at end.
Complex block 216: cb.out:top^Uoutport~14, type: io
	
Passed route at end.
Complex block 217: cb.out:top^Uoutport~13, type: io
	
Passed route at end.
Complex block 218: cb.out:top^Uoutport~12, type: io
	
Passed route at end.
Complex block 219: cb.out:top^Uoutport~11, type: io
	
Passed route at end.
Complex block 220: cb.out:top^Uoutport~10, type: io
	
Passed route at end.
Complex block 221: cb.out:top^Uoutport~9, type: io
	
Passed route at end.
Complex block 222: cb.out:top^Uoutport~8, type: io
	
Passed route at end.
Complex block 223: cb.out:top^Uoutport~7, type: io
	
Passed route at end.
Complex block 224: cb.out:top^Uoutport~6, type: io
	
Passed route at end.
Complex block 225: cb.out:top^Uoutport~5, type: io
	
Passed route at end.
Complex block 226: cb.out:top^Uoutport~4, type: io
	
Passed route at end.
Complex block 227: cb.out:top^Uoutport~3, type: io
	
Passed route at end.
Complex block 228: cb.out:top^Uoutport~2, type: io
	
Passed route at end.
Complex block 229: cb.out:top^Uoutport~1, type: io
	
Passed route at end.
Complex block 230: cb.out:top^Youtport~31, type: io
	
Passed route at end.
Complex block 231: cb.out:top^Uoutport~0, type: io
	
Passed route at end.
Complex block 232: cb.out:top^Youtport~30, type: io
	
Passed route at end.
Complex block 233: cb.out:top^Youtport~29, type: io
	
Passed route at end.
Complex block 234: cb.out:top^Xoutport~29, type: io
	
Passed route at end.
Complex block 235: cb.out:top^Youtport~28, type: io
	
Passed route at end.
Complex block 236: cb.out:top^Youtport~27, type: io
	
Passed route at end.
Complex block 237: cb.out:top^Youtport~26, type: io
	
Passed route at end.
Complex block 238: cb.out:top^Youtport~25, type: io
	
Passed route at end.
Complex block 239: cb.out:top^Youtport~24, type: io
	
Passed route at end.
Complex block 240: cb.out:top^Youtport~23, type: io
	
Passed route at end.
Complex block 241: cb.out:top^Youtport~22, type: io
	
Passed route at end.
Complex block 242: cb.out:top^Youtport~21, type: io
	
Passed route at end.
Complex block 243: cb.out:top^Youtport~20, type: io
	
Passed route at end.
Complex block 244: cb.out:top^Youtport~19, type: io
	
Passed route at end.
Complex block 245: cb.out:top^Youtport~18, type: io
	
Passed route at end.
Complex block 246: cb.out:top^Youtport~17, type: io
	
Passed route at end.
Complex block 247: cb.out:top^Youtport~16, type: io
	
Passed route at end.
Complex block 248: cb.out:top^Youtport~15, type: io
	
Passed route at end.
Complex block 249: cb.out:top^Youtport~14, type: io
	
Passed route at end.
Complex block 250: cb.out:top^Youtport~13, type: io
	
Passed route at end.
Complex block 251: cb.out:top^Youtport~12, type: io
	
Passed route at end.
Complex block 252: cb.out:top^Youtport~11, type: io
	
Passed route at end.
Complex block 253: cb.out:top^Youtport~10, type: io
	
Passed route at end.
Complex block 254: cb.out:top^Youtport~9, type: io
	
Passed route at end.
Complex block 255: cb.out:top^Youtport~8, type: io
	
Passed route at end.
Complex block 256: cb.out:top^Youtport~7, type: io
	
Passed route at end.
Complex block 257: cb.out:top^Youtport~6, type: io
	
Passed route at end.
Complex block 258: cb.out:top^Youtport~5, type: io
	
Passed route at end.
Complex block 259: cb.out:top^Youtport~4, type: io
	
Passed route at end.
Complex block 260: cb.out:top^Youtport~3, type: io
	
Passed route at end.
Complex block 261: cb.out:top^Youtport~2, type: io
	
Passed route at end.
Complex block 262: cb.out:top^Youtport~1, type: io
	
Passed route at end.
Complex block 263: cb.out:top^Youtport~0, type: io
	
Passed route at end.
Complex block 264: cb.out:top^Xoutport~31, type: io
	
Passed route at end.
Complex block 265: cb.out:top^Xoutport~30, type: io
	
Passed route at end.
Complex block 266: cb.out:top^Xoutport~28, type: io
	
Passed route at end.
Complex block 267: cb.out:top^Xoutport~27, type: io
	
Passed route at end.
Complex block 268: cb.out:top^Xoutport~26, type: io
	
Passed route at end.
Complex block 269: cb.out:top^Xoutport~25, type: io
	
Passed route at end.
Complex block 270: cb.out:top^Xoutport~24, type: io
	
Passed route at end.
Complex block 271: cb.out:top^Xoutport~23, type: io
	
Passed route at end.
Complex block 272: cb.out:top^Xoutport~22, type: io
	
Passed route at end.
Complex block 273: cb.out:top^Xoutport~21, type: io
	
Passed route at end.
Complex block 274: cb.out:top^Xoutport~20, type: io
	
Passed route at end.
Complex block 275: cb.out:top^Xoutport~19, type: io
	
Passed route at end.
Complex block 276: cb.out:top^Xoutport~18, type: io
	
Passed route at end.
Complex block 277: cb.out:top^Xoutport~17, type: io
	
Passed route at end.
Complex block 278: cb.out:top^Xoutport~16, type: io
	
Passed route at end.
Complex block 279: cb.out:top^Xoutport~15, type: io
	
Passed route at end.
Complex block 280: cb.out:top^Xoutport~14, type: io
	
Passed route at end.
Complex block 281: cb.out:top^Xoutport~13, type: io
	
Passed route at end.
Complex block 282: cb.out:top^Xoutport~12, type: io
	
Passed route at end.
Complex block 283: cb.out:top^Xoutport~11, type: io
	
Passed route at end.
Complex block 284: cb.out:top^Xoutport~10, type: io
	
Passed route at end.
Complex block 285: cb.out:top^Xoutport~9, type: io
	
Passed route at end.
Complex block 286: cb.out:top^Xoutport~8, type: io
	
Passed route at end.
Complex block 287: cb.out:top^Xoutport~7, type: io
	
Passed route at end.
Complex block 288: cb.out:top^Xoutport~6, type: io
	
Passed route at end.
Complex block 289: cb.out:top^Xoutport~5, type: io
	
Passed route at end.
Complex block 290: cb.out:top^Xoutport~4, type: io
	
Passed route at end.
Complex block 291: cb.out:top^Xoutport~3, type: io
	
Passed route at end.
Complex block 292: cb.out:top^Xoutport~2, type: io
	
Passed route at end.
Complex block 293: cb.out:top^Xoutport~1, type: io
	
Passed route at end.
Complex block 294: cb.out:top^Uoutport~31, type: io
	
Passed route at end.
Complex block 295: cb.out:top^Uoutport~30, type: io
	
Passed route at end.
Complex block 296: cb.out:top^Uoutport~29, type: io
	
Passed route at end.
Complex block 297: cb.out:top^Xoutport~0, type: io
	
Passed route at end.
Complex block 298: cb.top^clk, type: io
	
Passed route at end.
	<EMPTY>: # blocks: 0, average # input + clock pins used: 0, average # output pins used: 0
	io: # blocks: 258, average # input + clock pins used: 0.372093, average # output pins used: 0.627907
	clb: # blocks: 36, average # input + clock pins used: 26.25, average # output pins used: 10.8611
	mult_36: # blocks: 5, average # input + clock pins used: 52.8, average # output pins used: 32.8
	memory: # blocks: 0, average # input + clock pins used: 0, average # output pins used: 0
Absorbed logical nets 287 out of 1004 nets, 717 nets not absorbed.

Netlist conversion complete.

Packing took 0.41 seconds.
Packing completed.
Begin parsing packed FPGA netlist file.
Finished parsing packed FPGA netlist file.
Netlist generated from file 'diffeq1.net'.
vcc is a constant generator.

Netlist num_nets: 717
Netlist num_blocks: 299
Netlist <EMPTY> blocks: 0.
Netlist clb blocks: 36.
Netlist mult_36 blocks: 5.
Netlist memory blocks: 0.
Netlist inputs pins: 162
Netlist output pins: 96

Auto-sizing FPGA at x = 17 y = 17
Auto-sizing FPGA at x = 9 y = 9
Auto-sizing FPGA at x = 13 y = 13
Auto-sizing FPGA at x = 15 y = 15
Auto-sizing FPGA at x = 14 y = 14
Auto-sizing FPGA at x = 13 y = 13
FPGA auto-sized to x = 14 y = 14
The circuit will be mapped into a 14 x 14 array of clbs.

Resource usage...
	Netlist      0	blocks of type: <EMPTY>
	Architecture 12	blocks of type: <EMPTY>
	Netlist      258	blocks of type: io
	Architecture 448	blocks of type: io
	Netlist      36	blocks of type: clb
	Architecture 140	blocks of type: clb
	Netlist      5	blocks of type: mult_36
	Architecture 6	blocks of type: mult_36
	Netlist      0	blocks of type: memory
	Architecture 4	blocks of type: memory

Initial placement cost: 104.419 bb_cost: 104.419 td_cost: 0 delay_cost: 0

--------- --------- ----------- ----------- ----------- ----------- -------- -------- ------- ------- ------- --------- -------
        T      Cost  Av BB Cost  Av TD Cost  Av Tot Del  P to P Del    d_max  Ac Rate Std Dev R limit     Exp Tot Moves   Alpha
--------- --------- ----------- ----------- ----------- ----------- -------- -------- ------- ------- ------- --------- -------
 45.57006    107.27     107.265           0           0           0  34.0656   0.9970  4.0058 15.0000  0.0000      1998  0.5000
 22.78503    104.96     104.958           0           0           0  34.0656   0.9950  3.6283 15.0000  0.0000      3996  0.5000
 11.39252    109.76      109.76           0           0           0  34.0656   0.9925  3.4053 15.0000  0.0000      5994  0.5000
  5.69626    104.09      104.09           0           0           0  34.0656   0.9840  4.3039 15.0000  0.0000      7992  0.5000
  2.84813    103.33     103.326           0           0           0  34.0656   0.9680  3.2304 15.0000  0.0000      9990  0.5000
  1.42406    97.805     97.8055           0           0           0  34.0656   0.9424  2.8783 15.0000  0.0000     11988  0.9000
  1.28166    95.878     95.8776           0           0           0  34.0656   0.9399  2.2345 15.0000  0.0000     13986  0.9000
  1.15349    97.774     97.7745           0           0           0  34.0656   0.9319  2.1603 15.0000  0.0000     15984  0.9000
  1.03814     95.38     95.3797           0           0           0  34.0656   0.9314  2.0649 15.0000  0.0000     17982  0.9000
  0.93433     97.68     97.6799           0           0           0  34.0656   0.9179  1.8130 15.0000  0.0000     19980  0.9000
  0.84090    91.137     91.1365           0           0           0  34.0656   0.9094  2.2520 15.0000  0.0000     21978  0.9000
  0.75681    86.786     86.7864           0           0           0  34.0656   0.8904  0.8585 15.0000  0.0000     23976  0.9000
  0.68113    91.625     91.6255           0           0           0  34.0656   0.9069  2.3376 15.0000  0.0000     25974  0.9000
  0.61301    90.717     90.7175           0           0           0  34.0656   0.8884  1.5946 15.0000  0.0000     27972  0.9000
  0.55171    87.712     87.7121           0           0           0  34.0656   0.8884  2.0453 15.0000  0.0000     29970  0.9000
  0.49654    86.797     86.7967           0           0           0  34.0656   0.8794  1.9218 15.0000  0.0000     31968  0.9000
  0.44689    87.855      87.855           0           0           0  34.0656   0.8689  2.8335 15.0000  0.0000     33966  0.9000
  0.40220     82.52     82.5195           0           0           0  34.0656   0.8624  1.4629 15.0000  0.0000     35964  0.9000
  0.36198    82.724     82.7237           0           0           0  34.0656   0.8514  1.0808 15.0000  0.0000     37962  0.9000
  0.32578     83.74     83.7396           0           0           0  34.0656   0.8504  1.5075 15.0000  0.0000     39960  0.9000
  0.29320    80.553     80.5527           0           0           0  34.0656   0.8433  0.8844 15.0000  0.0000     41958  0.9000
  0.26388    81.837     81.8367           0           0           0  34.0656   0.8248  1.4637 15.0000  0.0000     43956  0.9000
  0.23749    80.267     80.2674           0           0           0  34.0656   0.8023  1.3020 15.0000  0.0000     45954  0.9000
  0.21374    80.241     80.2411           0           0           0  34.0656   0.8093  1.1735 15.0000  0.0000     47952  0.9000
  0.19237    78.332     78.3316           0           0           0  34.0656   0.7828  0.5686 15.0000  0.0000     49950  0.9500
  0.18275    77.753     77.7526           0           0           0  34.0656   0.7758  0.6158 15.0000  0.0000     51948  0.9500
  0.17361    76.968     76.9678           0           0           0  34.0656   0.7778  1.0855 15.0000  0.0000     53946  0.9500
  0.16493     74.97     74.9702           0           0           0  34.0656   0.7613  0.3678 15.0000  0.0000     55944  0.9500
  0.15669    74.876     74.8761           0           0           0  34.0656   0.7568  0.5135 15.0000  0.0000     57942  0.9500
  0.14885    73.916     73.9158           0           0           0  34.0656   0.7513  0.9819 15.0000  0.0000     59940  0.9500
  0.14141    73.602     73.6018           0           0           0  34.0656   0.7332  0.6909 15.0000  0.0000     61938  0.9500
  0.13434    74.151     74.1508           0           0           0  34.0656   0.7377  0.6489 15.0000  0.0000     63936  0.9500
  0.12762    74.108     74.1078           0           0           0  34.0656   0.7192  0.6417 15.0000  0.0000     65934  0.9500
  0.12124    74.016     74.0157           0           0           0  34.0656   0.7257  0.3520 15.0000  0.0000     67932  0.9500
  0.11518    73.449     73.4491           0           0           0  34.0656   0.7047  0.5101 15.0000  0.0000     69930  0.9500
  0.10942    72.808     72.8079           0           0           0  34.0656   0.7192  0.7415 15.0000  0.0000     71928  0.9500
  0.10395    71.063     71.0625           0           0           0  34.0656   0.6907  0.7419 15.0000  0.0000     73926  0.9500
  0.09875    70.839     70.8395           0           0           0  34.0656   0.6882  0.5597 15.0000  0.0000     75924  0.9500
  0.09381    70.546     70.5459           0           0           0  34.0656   0.6622  0.4287 15.0000  0.0000     77922  0.9500
  0.08912    69.901     69.9005           0           0           0  34.0656   0.6737  0.4651 15.0000  0.0000     79920  0.9500
  0.08467    69.371      69.371           0           0           0  34.0656   0.6687  0.4208 15.0000  0.0000     81918  0.9500
  0.08043    69.326     69.3263           0           0           0  34.0656   0.6522  0.4631 15.0000  0.0000     83916  0.9500
  0.07641    68.929     68.9289           0           0           0  34.0656   0.6386  0.4471 15.0000  0.0000     85914  0.9500
  0.07259    68.406      68.406           0           0           0  34.0656   0.6221  0.5010 15.0000  0.0000     87912  0.9500
  0.06896    69.429     69.4294           0           0           0  34.0656   0.6311  0.3154 15.0000  0.0000     89910  0.9500
  0.06551    68.453     68.4531           0           0           0  34.0656   0.5931  0.5202 15.0000  0.0000     91908  0.9500
  0.06224    68.345     68.3447           0           0           0  34.0656   0.6041  0.3443 15.0000  0.0000     93906  0.9500
  0.05913    67.879     67.8791           0           0           0  34.0656   0.5861  0.7234 15.0000  0.0000     95904  0.9500
  0.05617    67.755     67.7554           0           0           0  34.0656   0.5676  0.5413 15.0000  0.0000     97902  0.9500
  0.05336    67.444     67.4441           0           0           0  34.0656   0.5571  0.3206 15.0000  0.0000     99900  0.9500
  0.05069    67.451     67.4511           0           0           0  34.0656   0.5490  0.3547 15.0000  0.0000    101898  0.9500
  0.04816    67.111     67.1106           0           0           0  34.0656   0.5220  0.3117 15.0000  0.0000    103896  0.9500
  0.04575     66.36     66.3599           0           0           0  34.0656   0.4840  0.4286 15.0000  0.0000    105894  0.9500
  0.04346     65.51       65.51           0           0           0  34.0656   0.4825  0.4244 15.0000  0.0000    107892  0.9500
  0.04129    65.559     65.5586           0           0           0  34.0656   0.4960  0.2665 15.0000  0.0000    109890  0.9500
  0.03923    65.104     65.1037           0           0           0  34.0656   0.4680  0.2528 15.0000  0.0000    111888  0.9500
  0.03726    65.318     65.3176           0           0           0  34.0656   0.4409  0.2496 15.0000  0.0000    113886  0.9500
  0.03540    65.426     65.4263           0           0           0  34.0656   0.4489  0.2252 15.0000  0.0000    115884  0.9500
  0.03363    64.684     64.6839           0           0           0  34.0656   0.4419  0.4281 15.0000  0.0000    117882  0.9500
  0.03195    64.233     64.2327           0           0           0  34.0656   0.3974  0.4470 15.0000  0.0000    119880  0.9500
  0.03035    63.313      63.313           0           0           0  34.0656   0.4049  0.2927 14.3610  0.0000    121878  0.9500
  0.02883    63.282     63.2819           0           0           0  34.0656   0.4174  0.1515 13.8570  0.0000    123876  0.9500
  0.02739    62.889     62.8891           0           0           0  34.0656   0.4164  0.3194 13.5440  0.0000    125874  0.9500
  0.02602    62.292     62.2917           0           0           0  34.0656   0.3734  0.1763 13.2246  0.0000    127872  0.9500
  0.02472    61.766     61.7656           0           0           0  34.0656   0.3864  0.1480 12.3435  0.0000    129870  0.9500
  0.02349    61.904     61.9039           0           0           0  34.0656   0.3954  0.2667 11.6817  0.0000    131868  0.9500
  0.02231    61.055     61.0549           0           0           0  34.0656   0.3519  0.3491 11.1607  0.0000    133866  0.9500
  0.02120    60.625     60.6251           0           0           0  34.0656   0.3774  0.1334 10.1769  0.0000    135864  0.9500
  0.02014    60.762     60.7623           0           0           0  34.0656   0.3979  0.1244  9.5396  0.0000    137862  0.9500
  0.01913     60.58     60.5798           0           0           0  34.0656   0.4024  0.2082  9.1379  0.0000    139860  0.9500
  0.01817    59.873     59.8728           0           0           0  34.0656   0.4019  0.2120  8.7944  0.0000    141858  0.9500
  0.01726    60.048     60.0482           0           0           0  34.0656   0.3839  0.1201  8.4593  0.0000    143856  0.9500
  0.01640    59.667     59.6669           0           0           0  34.0656   0.4064  0.2260  7.9846  0.0000    145854  0.9500
  0.01558    59.341     59.3409           0           0           0  34.0656   0.4009  0.1057  7.7164  0.0000    147852  0.9500
  0.01480    59.045      59.045           0           0           0  34.0656   0.3744  0.2069  7.4147  0.0000    149850  0.9500
  0.01406     58.63     58.6302           0           0           0  34.0656   0.4069  0.1224  6.9281  0.0000    151848  0.9500
  0.01336    58.498     58.4979           0           0           0  34.0656   0.3959  0.1198  6.6988  0.0000    153846  0.9500
  0.01269    58.302     58.3024           0           0           0  34.0656   0.3493  0.1356  6.4034  0.0000    155844  0.9500
  0.01206    57.886     57.8863           0           0           0  34.0656   0.3799  0.0992  5.8229  0.0000    157842  0.9500
  0.01145    57.866     57.8657           0           0           0  34.0656   0.3829  0.0628  5.4728  0.0000    159840  0.9500
  0.01088     58.02     58.0199           0           0           0  34.0656   0.3899  0.0832  5.1602  0.0000    161838  0.9500
  0.01034    57.734     57.7342           0           0           0  34.0656   0.4069  0.0629  4.9017  0.0000    163836  0.9500
  0.00982    57.442      57.442           0           0           0  34.0656   0.4109  0.1981  4.7394  0.0000    165834  0.9500
  0.00933    57.094     57.0944           0           0           0  34.0656   0.3524  0.0552  4.6016  0.0000    167832  0.9500
  0.00886    57.186     57.1857           0           0           0  34.0656   0.3734  0.0691  4.1983  0.0000    169830  0.9500
  0.00842    57.176     57.1755           0           0           0  34.0656   0.4334  0.1070  3.9185  0.0000    171828  0.9500
  0.00800    56.915      56.915           0           0           0  34.0656   0.4134  0.1664  3.8928  0.0000    173826  0.9500
  0.00760    56.722     56.7216           0           0           0  34.0656   0.3679  0.0765  3.7893  0.0000    175824  0.9500
  0.00722    56.668     56.6682           0           0           0  34.0656   0.3784  0.0654  3.5160  0.0000    177822  0.9500
  0.00686    56.488      56.488           0           0           0  34.0656   0.3669  0.0419  3.2993  0.0000    179820  0.9500
  0.00651    56.211     56.2112           0           0           0  34.0656   0.3413  0.0550  3.0580  0.0000    181818  0.9500
  0.00619     56.12     56.1195           0           0           0  34.0656   0.3864  0.0730  2.7563  0.0000    183816  0.9500
  0.00588     56.01     56.0095           0           0           0  34.0656   0.4019  0.0539  2.6086  0.0000    185814  0.9500
  0.00559     56.08     56.0804           0           0           0  34.0656   0.3664  0.0344  2.5092  0.0000    187812  0.9500
  0.00531    55.901     55.9006           0           0           0  34.0656   0.3564  0.0386  2.3244  0.0000    189810  0.9500
  0.00504    55.915     55.9151           0           0           0  34.0656   0.3874  0.0452  2.1300  0.0000    191808  0.9500
  0.00479    55.929     55.9285           0           0           0  34.0656   0.3894  0.0563  2.0179  0.0000    193806  0.9500
  0.00455    55.806     55.8059           0           0           0  34.0656   0.4474  0.0582  1.9158  0.0000    195804  0.9500
  0.00432    55.851     55.8508           0           0           0  34.0656   0.4530  0.0447  1.9301  0.0000    197802  0.9500
  0.00411    55.755     55.7555           0           0           0  34.0656   0.4139  0.0148  1.9551  0.0000    199800  0.9500
  0.00390    55.732     55.7322           0           0           0  34.0656   0.4294  0.0229  1.9041  0.0000    201798  0.9500
  0.00371    55.671     55.6711           0           0           0  34.0656   0.3964  0.0199  1.8839  0.0000    203796  0.9500
  0.00352     55.67     55.6696           0           0           0  34.0656   0.4034  0.0233  1.8018  0.0000    205794  0.9500
  0.00334      55.6     55.5996           0           0           0  34.0656   0.4299  0.0327  1.7359  0.0000    207792  0.9500
  0.00318      55.6     55.6005           0           0           0  34.0656   0.4139  0.0243  1.7184  0.0000    209790  0.9500
  0.00302    55.619     55.6189           0           0           0  34.0656   0.4089  0.0320  1.6735  0.0000    211788  0.9500
  0.00287    55.566     55.5659           0           0           0  34.0656   0.3879  0.0154  1.6215  0.0000    213786  0.9500
  0.00272    55.544     55.5444           0           0           0  34.0656   0.3664  0.0194  1.5370  0.0000    215784  0.9500
  0.00259    55.529      55.529           0           0           0  34.0656   0.3949  0.0189  1.4238  0.0000    217782  0.9500
  0.00246     55.49     55.4895           0           0           0  34.0656   0.3804  0.0097  1.3596  0.0000    219780  0.9500
  0.00234    55.472     55.4719           0           0           0  34.0656   0.3784  0.0082  1.2786  0.0000    221778  0.9500
  0.00222    55.486     55.4856           0           0           0  34.0656   0.3719  0.0057  1.1998  0.0000    223776  0.9500
  0.00211    55.468     55.4678           0           0           0  34.0656   0.3539  0.0067  1.1180  0.0000    225774  0.9500
  0.00200    55.476      55.476           0           0           0  34.0656   0.3599  0.0047  1.0217  0.0000    227772  0.9500
  0.00190    55.472     55.4723           0           0           0  34.0656   0.3478  0.0100  1.0000  0.0000    229770  0.9500
  0.00181    55.471      55.471           0           0           0  34.0656   0.3473  0.0057  1.0000  0.0000    231768  0.9500
  0.00172    55.455     55.4555           0           0           0  34.0656   0.3438  0.0067  1.0000  0.0000    233766  0.9500
  0.00163     55.45     55.4498           0           0           0  34.0656   0.3453  0.0049  1.0000  0.0000    235764  0.9500
  0.00155    55.451      55.451           0           0           0  34.0656   0.3569  0.0031  1.0000  0.0000    237762  0.9500
  0.00147    55.432     55.4316           0           0           0  34.0656   0.3584  0.0012  1.0000  0.0000    239760  0.9500
  0.00140    55.421     55.4209           0           0           0  34.0656   0.3443  0.0049  1.0000  0.0000    241758  0.9500
  0.00133    55.418     55.4182           0           0           0  34.0656   0.3258  0.0026  1.0000  0.0000    243756  0.9500
  0.00126    55.423     55.4228           0           0           0  34.0656   0.3594  0.0033  1.0000  0.0000    245754  0.9500
  0.00120     55.42     55.4197           0           0           0  34.0656   0.3594  0.0048  1.0000  0.0000    247752  0.9500
  0.00114    55.422      55.422           0           0           0  34.0656   0.3408  0.0068  1.0000  0.0000    249750  0.9500
  0.00108    55.416     55.4156           0           0           0  34.0656   0.3393  0.0048  1.0000  0.0000    251748  0.9500
  0.00103    55.419     55.4192           0           0           0  34.0656   0.3784  0.0048  1.0000  0.0000    253746  0.9500
  0.00098    55.424     55.4237           0           0           0  34.0656   0.3614  0.0078  1.0000  0.0000    255744  0.9500
  0.00093    55.417      55.417           0           0           0  34.0656   0.3193  0.0060  1.0000  0.0000    257742  0.9500
  0.00088    55.418     55.4185           0           0           0  34.0656   0.3268  0.0000  1.0000  0.0000    259740  0.9500
  0.00084    55.417     55.4169           0           0           0  34.0656   0.3504  0.0044  1.0000  0.0000    261738  0.9500
  0.00080    55.417      55.417           0           0           0  34.0656   0.3559  0.0000  1.0000  0.0000    263736  0.9500
  0.00076    55.416     55.4157           0           0           0  34.0656   0.3689  0.0048  1.0000  0.0000    265734  0.9500
  0.00072    55.416     55.4159           0           0           0  34.0656   0.3343  0.0072  1.0000  0.0000    267732  0.9500
  0.00068    55.417     55.4167           0           0           0  34.0656   0.3594  0.0000  1.0000  0.0000    269730  0.9500
  0.00065    55.415     55.4148           0           0           0  34.0656   0.3358  0.0075  1.0000  0.0000    271728  0.9500
  0.00062    55.414     55.4137           0           0           0  34.0656   0.3343  0.0042  1.0000  0.0000    273726  0.9500
  0.00058    55.414     55.4142           0           0           0  34.0656   0.3403  0.0000  1.0000  0.0000    275724  0.9500
  0.00056    55.416      55.416           0           0           0  34.0656   0.3323  0.0000  1.0000  0.0000    277722  0.9500
  0.00053    55.413     55.4134           0           0           0  34.0656   0.3198  0.0000  1.0000  0.0000    279720  0.9500
  0.00050    55.415     55.4151           0           0           0  34.0656   0.3443  0.0036  1.0000  0.0000    281718  0.9500
  0.00048    55.414     55.4135           0           0           0  34.0656   0.3413  0.0000  1.0000  0.0000    283716  0.9500
  0.00045    55.414      55.414           0           0           0  34.0656   0.3328  0.0048  1.0000  0.0000    285714  0.9500
  0.00043    55.413     55.4132           0           0           0  34.0656   0.3213  0.0077  1.0000  0.0000    287712  0.9500
  0.00041    55.413     55.4132           0           0           0  34.0656   0.3338  0.0000  1.0000  0.0000    289710  0.9500
  0.00039    55.412     55.4122           0           0           0  34.0656   0.3634  0.0040  1.0000  0.0000    291708  0.9500
  0.00000    55.412     55.4117           0           0           0            0.1557  0.0028  1.0000  0.0000    293706

BB estimate of min-dist (placement) wirelength: 5541
bb_cost recomputed from scratch: 55.4115

Completed placement consistency check successfully.

Swaps called: 294005
Placement cost: 55.4116, bb_cost: 55.4116, td_cost: 0, delay_cost: 0
Placement total # of swap attempts: 294005
	Swap reject rate: 0
	Swap accept rate: 0
	Swap abort rate: 0
Placement took 0.2 seconds.
The entire flow of VPR took 0.71 seconds.
