________________________________________________________________________
                       VPR - The Next Generation                        
                     Version 0.A15.0 (Linux X86/64)                     
            This is free open source code under MIT license.            
________________________________________________________________________

VPR FPGA Placement and Routing.
Version: Version 7.0
Compiled: Nov  7 2018.
University of Toronto
vpr@eecg.utoronto.ca
This is free open source code under MIT license.

Architecture file: k6_frac_N10_mem32K_40nm.xml
Circuit name: diffeq1.blif

Building complex block graph.
WARNING(1): io[0].clock[0] unconnected pin in architecture.
Loop for doall = 0, init_parse took 0 seconds.
Loop for doall = 0 took 0 seconds.
Loop for doall = 1, init_parse took 0.01 seconds.
Loop for doall = 1 took 0 seconds.
Swept away 196 nets with no fanout.
Net is a constant generator: vcc.
WARNING(2): logical_block #456 with output vcc has only 0 pin.
WARNING(3): Block contains output -- may be a constant generator.
0 unconnected blocks in input netlist.
Removed 96 LUT buffers.
Sweeped away 96 nodes.
BLIF circuit stats:
	1 LUTs of size 0
	0 LUTs of size 1
	64 LUTs of size 2
	131 LUTs of size 3
	40 LUTs of size 4
	59 LUTs of size 5
	190 LUTs of size 6
	162 of type input
	96 of type output
	193 of type latch
	485 of type names
	0 of type dual_port_ram
	0 of type single_port_ram
	5 of type multiply
Timing analysis: ON
Circuit netlist file: diffeq1.net
Circuit placement file: diffeq1.place
Circuit routing file: diffeq1.route
Circuit SDC file: diffeq1.sdc
Operation: RUN_FLOW

Packer: ENABLED
Placer: ENABLED
Router: DISABLED
PackerOpts.allow_early_exit: FALSE
PackerOpts.allow_unrelated_clustering: TRUE
PackerOpts.alpha_clustering: 0.750000
PackerOpts.aspect: 1.000000
PackerOpts.beta_clustering: 0.900000
PackerOpts.block_delay: 0.000000
PackerOpts.cluster_seed_type: TIMING
PackerOpts.connection_driven: TRUE
PackerOpts.global_clocks: TRUE
PackerOpts.hill_climbing_flag: FALSE
PackerOpts.inter_cluster_net_delay: 1.000000
PackerOpts.intra_cluster_net_delay: 0.000000
PackerOpts.recompute_timing_after: 32767
PackerOpts.sweep_hanging_nets_and_inputs: TRUE
PackerOpts.timing_driven: TRUE

PlacerOpts.place_freq: PLACE_ONCE
PlacerOpts.place_algorithm: BOUNDING_BOX_PLACE
PlacerOpts.pad_loc_type: FREE
PlacerOpts.place_cost_exp: 1.000000
PlaceOpts.seed: 2
AnnealSched.type: AUTO_SCHED
AnnealSched.inner_num: 1.000000

RoutingArch.directionality: UNI_DIRECTIONAL
RoutingArch.switch_block_type: WILTON
RoutingArch.Fs: 3

Initialize packing.
Begin packing 'diffeq1.blif'.

After removing unused inputs...
	total blocks: 941, total nets: 1004, total inputs: 162, total outputs: 96
Begin prepacking.
Finish prepacking.
Using inter-cluster delay: 1.33777e-09

SDC file 'diffeq1.sdc' blank or not found.

Defaulting to: constrain all 0 inputs and 0 outputs on the netlist clock.
Optimize this clock to run as fast as possible.
Not enough resources expand FPGA size to x = 2 y = 2.
Complex block 0: cb.n1416, type: clb
	.............
Passed route at end.
Complex block 1: cb.n1719, type: clb
	..........................................
Passed route at end.
Not enough resources expand FPGA size to x = 3 y = 3.
Complex block 2: cb.n1406, type: clb
	........................................
Passed route at end.
Complex block 3: cb.n1688, type: clb
	...............................................
Passed route at end.
Complex block 4: cb.n1660, type: clb
	.......................
Passed route at end.
Complex block 5: cb.n1621_1, type: clb
	...........................................
Passed route at end.
Not enough resources expand FPGA size to x = 4 y = 4.
Complex block 6: cb.n1602_1, type: clb
	........................
Passed route at end.
Complex block 7: cb.n1581_1, type: clb
	..........................................
Passed route at end.
Complex block 8: cb.n1672_1, type: clb
	........................................
Passed route at end.
Complex block 9: cb.n1640, type: clb
	........................................................
Passed route at end.
Not enough resources expand FPGA size to x = 5 y = 5.
Not enough resources expand FPGA size to x = 6 y = 6.
Complex block 10: cb.top^MULTIPLY~0[0], type: mult_36
	
Passed route at end.
Complex block 11: cb.n1266, type: clb
	................................................
Passed route at end.
Complex block 12: cb.n1341, type: clb
	.........................................
Passed route at end.
Not enough resources expand FPGA size to x = 7 y = 7.
Not enough resources expand FPGA size to x = 8 y = 8.
Complex block 13: cb.top^MULTIPLY~43[0], type: mult_36
	
Passed route at end.
Not enough resources expand FPGA size to x = 9 y = 9.
Not enough resources expand FPGA size to x = 10 y = 10.
Not enough resources expand FPGA size to x = 11 y = 11.
Not enough resources expand FPGA size to x = 12 y = 12.
Complex block 14: cb.top^MULTIPLY~42[0], type: mult_36
	
Passed route at end.
Complex block 15: cb.top^DXport~5, type: io
	
Passed route at end.
Complex block 16: cb.top^DXport~7, type: io
	
Passed route at end.
Complex block 17: cb.top^DXport~24, type: io
	
Passed route at end.
Complex block 18: cb.top^DXport~29, type: io
	
Passed route at end.
Complex block 19: cb.top^DXport~21, type: io
	
Passed route at end.
Complex block 20: cb.top^DXport~27, type: io
	
Passed route at end.
Complex block 21: cb.top^DXport~3, type: io
	
Passed route at end.
Complex block 22: cb.top^DXport~18, type: io
	
Passed route at end.
Complex block 23: cb.top^DXport~28, type: io
	
Passed route at end.
Complex block 24: cb.top^DXport~31, type: io
	
Passed route at end.
Complex block 25: cb.top^DXport~20, type: io
	
Passed route at end.
Complex block 26: cb.top^DXport~30, type: io
	
Passed route at end.
Complex block 27: cb.top^DXport~26, type: io
	
Passed route at end.
Complex block 28: cb.top^DXport~1, type: io
	
Passed route at end.
Complex block 29: cb.top^DXport~22, type: io
	
Passed route at end.
Complex block 30: cb.top^DXport~19, type: io
	
Passed route at end.
Complex block 31: cb.top^DXport~25, type: io
	
Passed route at end.
Complex block 32: cb.top^DXport~16, type: io
	
Passed route at end.
Complex block 33: cb.top^DXport~15, type: io
	
Passed route at end.
Complex block 34: cb.top^DXport~13, type: io
	
Passed route at end.
Complex block 35: cb.top^DXport~14, type: io
	
Passed route at end.
Complex block 36: cb.top^DXport~12, type: io
	
Passed route at end.
Complex block 37: cb.top^DXport~9, type: io
	
Passed route at end.
Complex block 38: cb.top^DXport~4, type: io
	
Passed route at end.
Complex block 39: cb.top^DXport~10, type: io
	
Passed route at end.
Complex block 40: cb.top^DXport~8, type: io
	
Passed route at end.
Complex block 41: cb.top^DXport~11, type: io
	
Passed route at end.
Complex block 42: cb.top^DXport~6, type: io
	
Passed route at end.
Complex block 43: cb.top^DXport~2, type: io
	
Passed route at end.
Complex block 44: cb.top^DXport~17, type: io
	
Passed route at end.
Complex block 45: cb.top^DXport~23, type: io
	
Passed route at end.
Complex block 46: cb.top^DXport~0, type: io
	
Passed route at end.
Complex block 47: cb.n1695, type: clb
	........................
Passed route at end.
Complex block 48: cb.n1609, type: clb
	...............................................
Passed route at end.
Complex block 49: cb.n1691_1, type: clb
	..........................................
Passed route at end.
Not enough resources expand FPGA size to x = 13 y = 13.
Not enough resources expand FPGA size to x = 14 y = 14.
Complex block 50: cb.top^MULTIPLY~46[0], type: mult_36
	
Passed route at end.
Complex block 51: cb.top^MULTIPLY~45[0], type: mult_36
	
Passed route at end.
Complex block 52: cb.n1611, type: clb
	.......................
Passed route at end.
Complex block 53: cb.n1716, type: clb
	............................................
Passed route at end.
Complex block 54: cb.n1656, type: clb
	........................................
Passed route at end.
Complex block 55: cb.n1671, type: clb
	.........................................
Passed route at end.
Complex block 56: cb.n1696, type: clb
	...........................................
Passed route at end.
Complex block 57: cb.n1741, type: clb
	.....................................
Passed route at end.
Complex block 58: cb.n1601, type: clb
	......................................
Passed route at end.
Complex block 59: cb.n1496, type: clb
	.........................
Passed route at end.
Complex block 60: cb.n1426, type: clb
	............
Passed route at end.
Complex block 61: cb.n1571, type: clb
	.............................
Passed route at end.
Complex block 62: cb.n1461, type: clb
	..............
Passed route at end.
Complex block 63: cb.n1581, type: clb
	...........................................
Passed route at end.
Complex block 64: cb.n1662_1, type: clb
	.............................................
Passed route at end.
Complex block 65: cb.n1633, type: clb
	............................................
Passed route at end.
Complex block 66: cb.n1885, type: clb
	......................
Passed route at end.
Complex block 67: cb.n1797, type: clb
	...............
Passed route at end.
Complex block 68: cb.n1751, type: clb
	...........................................
Passed route at end.
Complex block 69: cb.n1583, type: clb
	............................................
Passed route at end.
Complex block 70: cb.n1256, type: clb
	...........................................
Passed route at end.
Complex block 71: cb.n1056, type: clb
	...................
Passed route at end.
Complex block 72: cb.n796, type: clb
	............
Passed route at end.
Complex block 73: cb.top^Aport~29, type: io
	
Passed route at end.
Complex block 74: cb.top^Aport~28, type: io
	
Passed route at end.
Complex block 75: cb.top^Aport~31, type: io
	
Passed route at end.
Complex block 76: cb.top^Aport~30, type: io
	
Passed route at end.
Complex block 77: cb.top^Aport~26, type: io
	
Passed route at end.
Complex block 78: cb.top^Aport~25, type: io
	
Passed route at end.
Complex block 79: cb.top^Aport~27, type: io
	
Passed route at end.
Complex block 80: cb.top^Aport~23, type: io
	
Passed route at end.
Complex block 81: cb.top^Aport~22, type: io
	
Passed route at end.
Complex block 82: cb.top^Aport~24, type: io
	
Passed route at end.
Complex block 83: cb.top^Aport~21, type: io
	
Passed route at end.
Complex block 84: cb.top^Aport~20, type: io
	
Passed route at end.
Complex block 85: cb.top^Aport~19, type: io
	
Passed route at end.
Complex block 86: cb.top^Aport~18, type: io
	
Passed route at end.
Complex block 87: cb.top^Aport~2, type: io
	
Passed route at end.
Complex block 88: cb.top^Aport~1, type: io
	
Passed route at end.
Complex block 89: cb.top^Aport~0, type: io
	
Passed route at end.
Complex block 90: cb.top^Aport~17, type: io
	
Passed route at end.
Complex block 91: cb.top^Aport~16, type: io
	
Passed route at end.
Complex block 92: cb.top^Aport~4, type: io
	
Passed route at end.
Complex block 93: cb.top^Aport~3, type: io
	
Passed route at end.
Complex block 94: cb.top^Aport~15, type: io
	
Passed route at end.
Complex block 95: cb.top^Aport~14, type: io
	
Passed route at end.
Complex block 96: cb.top^Aport~9, type: io
	
Passed route at end.
Complex block 97: cb.top^Aport~8, type: io
	
Passed route at end.
Complex block 98: cb.top^Aport~6, type: io
	
Passed route at end.
Complex block 99: cb.top^Aport~5, type: io
	
Passed route at end.
Complex block 100: cb.top^Aport~13, type: io
	
Passed route at end.
Complex block 101: cb.top^Aport~12, type: io
	
Passed route at end.
Complex block 102: cb.top^Aport~11, type: io
	
Passed route at end.
Complex block 103: cb.top^Aport~10, type: io
	
Passed route at end.
Complex block 104: cb.top^Aport~7, type: io
	
Passed route at end.
Complex block 105: cb.top^Yinport~30, type: io
	
Passed route at end.
Complex block 106: cb.top^Yinport~29, type: io
	
Passed route at end.
Complex block 107: cb.top^Xinport~14, type: io
	
Passed route at end.
Complex block 108: cb.top^Xinport~29, type: io
	
Passed route at end.
Complex block 109: cb.top^Yinport~27, type: io
	
Passed route at end.
Complex block 110: cb.top^Yinport~25, type: io
	
Passed route at end.
Complex block 111: cb.top^Xinport~27, type: io
	
Passed route at end.
Complex block 112: cb.top^Yinport~22, type: io
	
Passed route at end.
Complex block 113: cb.top^Yinport~21, type: io
	
Passed route at end.
Complex block 114: cb.top^Xinport~12, type: io
	
Passed route at end.
Complex block 115: cb.top^Xinport~25, type: io
	
Passed route at end.
Complex block 116: cb.top^Yinport~17, type: io
	
Passed route at end.
Complex block 117: cb.top^Yinport~16, type: io
	
Passed route at end.
Complex block 118: cb.top^Xinport~11, type: io
	
Passed route at end.
Complex block 119: cb.top^Yinport~14, type: io
	
Passed route at end.
Complex block 120: cb.top^Uinport~28, type: io
	
Passed route at end.
Complex block 121: cb.top^Xinport~10, type: io
	
Passed route at end.
Complex block 122: cb.top^Xinport~22, type: io
	
Passed route at end.
Complex block 123: cb.top^Yinport~12, type: io
	
Passed route at end.
Complex block 124: cb.top^Xinport~21, type: io
	
Passed route at end.
Complex block 125: cb.top^Yinport~11, type: io
	
Passed route at end.
Complex block 126: cb.top^Uinport~22, type: io
	
Passed route at end.
Complex block 127: cb.top^Yinport~10, type: io
	
Passed route at end.
Complex block 128: cb.top^Yinport~9, type: io
	
Passed route at end.
Complex block 129: cb.top^Xinport~9, type: io
	
Passed route at end.
Complex block 130: cb.top^Uinport~9, type: io
	
Passed route at end.
Complex block 131: cb.top^Xinport~17, type: io
	
Passed route at end.
Complex block 132: cb.top^Xinport~16, type: io
	
Passed route at end.
Complex block 133: cb.top^reset, type: io
	
Passed route at end.
Complex block 134: cb.top^Xinport~30, type: io
	
Passed route at end.
Complex block 135: cb.top^Yinport~28, type: io
	
Passed route at end.
Complex block 136: cb.top^Yinport~26, type: io
	
Passed route at end.
Complex block 137: cb.top^Xinport~28, type: io
	
Passed route at end.
Complex block 138: cb.top^Yinport~24, type: io
	
Passed route at end.
Complex block 139: cb.top^Xinport~6, type: io
	
Passed route at end.
Complex block 140: cb.top^Xinport~2, type: io
	
Passed route at end.
Complex block 141: cb.top^Yinport~23, type: io
	
Passed route at end.
Complex block 142: cb.top^Yinport~20, type: io
	
Passed route at end.
Complex block 143: cb.top^Xinport~26, type: io
	
Passed route at end.
Complex block 144: cb.top^Yinport~19, type: io
	
Passed route at end.
Complex block 145: cb.top^Xinport~24, type: io
	
Passed route at end.
Complex block 146: cb.top^Xinport~23, type: io
	
Passed route at end.
Complex block 147: cb.top^Xinport~5, type: io
	
Passed route at end.
Complex block 148: cb.top^Xinport~0, type: io
	
Passed route at end.
Complex block 149: cb.top^Uinport~31, type: io
	
Passed route at end.
Complex block 150: cb.top^Yinport~15, type: io
	
Passed route at end.
Complex block 151: cb.top^Uinport~30, type: io
	
Passed route at end.
Complex block 152: cb.top^Uinport~29, type: io
	
Passed route at end.
Complex block 153: cb.top^Xinport~4, type: io
	
Passed route at end.
Complex block 154: cb.top^Uinport~26, type: io
	
Passed route at end.
Complex block 155: cb.top^Uinport~25, type: io
	
Passed route at end.
Complex block 156: cb.top^Uinport~24, type: io
	
Passed route at end.
Complex block 157: cb.top^Uinport~23, type: io
	
Passed route at end.
Complex block 158: cb.top^Uinport~21, type: io
	
Passed route at end.
Complex block 159: cb.top^Uinport~20, type: io
	
Passed route at end.
Complex block 160: cb.top^Uinport~19, type: io
	
Passed route at end.
Complex block 161: cb.top^Xinport~20, type: io
	
Passed route at end.
Complex block 162: cb.top^Yinport~8, type: io
	
Passed route at end.
Complex block 163: cb.top^Yinport~7, type: io
	
Passed route at end.
Complex block 164: cb.top^Uinport~17, type: io
	
Passed route at end.
Complex block 165: cb.top^Uinport~16, type: io
	
Passed route at end.
Complex block 166: cb.top^Xinport~19, type: io
	
Passed route at end.
Complex block 167: cb.top^Uinport~15, type: io
	
Passed route at end.
Complex block 168: cb.top^Uinport~14, type: io
	
Passed route at end.
Complex block 169: cb.top^Yinport~6, type: io
	
Passed route at end.
Complex block 170: cb.top^Xinport~8, type: io
	
Passed route at end.
Complex block 171: cb.top^Uinport~12, type: io
	
Passed route at end.
Complex block 172: cb.top^Uinport~11, type: io
	
Passed route at end.
Complex block 173: cb.top^Yinport~5, type: io
	
Passed route at end.
Complex block 174: cb.top^Yinport~4, type: io
	
Passed route at end.
Complex block 175: cb.top^Xinport~3, type: io
	
Passed route at end.
Complex block 176: cb.top^Uinport~7, type: io
	
Passed route at end.
Complex block 177: cb.top^Yinport~3, type: io
	
Passed route at end.
Complex block 178: cb.top^Uinport~6, type: io
	
Passed route at end.
Complex block 179: cb.top^Uinport~5, type: io
	
Passed route at end.
Complex block 180: cb.top^Yinport~2, type: io
	
Passed route at end.
Complex block 181: cb.top^Uinport~4, type: io
	
Passed route at end.
Complex block 182: cb.top^Uinport~3, type: io
	
Passed route at end.
Complex block 183: cb.top^Yinport~1, type: io
	
Passed route at end.
Complex block 184: cb.top^Uinport~2, type: io
	
Passed route at end.
Complex block 185: cb.top^Uinport~1, type: io
	
Passed route at end.
Complex block 186: cb.top^Yinport~0, type: io
	
Passed route at end.
Complex block 187: cb.top^Uinport~0, type: io
	
Passed route at end.
Complex block 188: cb.top^Xinport~1, type: io
	
Passed route at end.
Complex block 189: cb.top^Xinport~15, type: io
	
Passed route at end.
Complex block 190: cb.top^Xinport~7, type: io
	
Passed route at end.
Complex block 191: cb.top^Yinport~18, type: io
	
Passed route at end.
Complex block 192: cb.top^Uinport~27, type: io
	
Passed route at end.
Complex block 193: cb.top^Xinport~18, type: io
	
Passed route at end.
Complex block 194: cb.top^Xinport~13, type: io
	
Passed route at end.
Complex block 195: cb.top^Yinport~13, type: io
	
Passed route at end.
Complex block 196: cb.top^Uinport~18, type: io
	
Passed route at end.
Complex block 197: cb.top^Uinport~13, type: io
	
Passed route at end.
Complex block 198: cb.top^Uinport~10, type: io
	
Passed route at end.
Complex block 199: cb.top^Uinport~8, type: io
	
Passed route at end.
Complex block 200: cb.top^Yinport~31, type: io
	
Passed route at end.
Complex block 201: cb.top^Xinport~31, type: io
	
Passed route at end.
Complex block 202: cb.out:top^Uoutport~28, type: io
	
Passed route at end.
Complex block 203: cb.out:top^Uoutport~27, type: io
	
Passed route at end.
Complex block 204: cb.out:top^Uoutport~26, type: io
	
Passed route at end.
Complex block 205: cb.out:top^Uoutport~25, type: io
	
Passed route at end.
Complex block 206: cb.out:top^Uoutport~24, type: io
	
Passed route at end.
Complex block 207: cb.out:top^Uoutport~23, type: io
	
Passed route at end.
Complex block 208: cb.out:top^Uoutport~22, type: io
	
Passed route at end.
Complex block 209: cb.out:top^Uoutport~21, type: io
	
Passed route at end.
Complex block 210: cb.out:top^Uoutport~20, type: io
	
Passed route at end.
Complex block 211: cb.out:top^Uoutport~19, type: io
	
Passed route at end.
Complex block 212: cb.out:top^Uoutport~18, type: io
	
Passed route at end.
Complex block 213: cb.out:top^Uoutport~17, type: io
	
Passed route at end.
Complex block 214: cb.out:top^Uoutport~16, type: io
	
Passed route at end.
Complex block 215: cb.out:top^Uoutport~15, type: io
	
Passed route at end.
Complex block 216: cb.out:top^Uoutport~14, type: io
	
Passed route at end.
Complex block 217: cb.out:top^Uoutport~13, type: io
	
Passed route at end.
Complex block 218: cb.out:top^Uoutport~12, type: io
	
Passed route at end.
Complex block 219: cb.out:top^Uoutport~11, type: io
	
Passed route at end.
Complex block 220: cb.out:top^Uoutport~10, type: io
	
Passed route at end.
Complex block 221: cb.out:top^Uoutport~9, type: io
	
Passed route at end.
Complex block 222: cb.out:top^Uoutport~8, type: io
	
Passed route at end.
Complex block 223: cb.out:top^Uoutport~7, type: io
	
Passed route at end.
Complex block 224: cb.out:top^Uoutport~6, type: io
	
Passed route at end.
Complex block 225: cb.out:top^Uoutport~5, type: io
	
Passed route at end.
Complex block 226: cb.out:top^Uoutport~4, type: io
	
Passed route at end.
Complex block 227: cb.out:top^Uoutport~3, type: io
	
Passed route at end.
Complex block 228: cb.out:top^Uoutport~2, type: io
	
Passed route at end.
Complex block 229: cb.out:top^Uoutport~1, type: io
	
Passed route at end.
Complex block 230: cb.out:top^Youtport~31, type: io
	
Passed route at end.
Complex block 231: cb.out:top^Uoutport~0, type: io
	
Passed route at end.
Complex block 232: cb.out:top^Youtport~30, type: io
	
Passed route at end.
Complex block 233: cb.out:top^Youtport~29, type: io
	
Passed route at end.
Complex block 234: cb.out:top^Xoutport~29, type: io
	
Passed route at end.
Complex block 235: cb.out:top^Youtport~28, type: io
	
Passed route at end.
Complex block 236: cb.out:top^Youtport~27, type: io
	
Passed route at end.
Complex block 237: cb.out:top^Youtport~26, type: io
	
Passed route at end.
Complex block 238: cb.out:top^Youtport~25, type: io
	
Passed route at end.
Complex block 239: cb.out:top^Youtport~24, type: io
	
Passed route at end.
Complex block 240: cb.out:top^Youtport~23, type: io
	
Passed route at end.
Complex block 241: cb.out:top^Youtport~22, type: io
	
Passed route at end.
Complex block 242: cb.out:top^Youtport~21, type: io
	
Passed route at end.
Complex block 243: cb.out:top^Youtport~20, type: io
	
Passed route at end.
Complex block 244: cb.out:top^Youtport~19, type: io
	
Passed route at end.
Complex block 245: cb.out:top^Youtport~18, type: io
	
Passed route at end.
Complex block 246: cb.out:top^Youtport~17, type: io
	
Passed route at end.
Complex block 247: cb.out:top^Youtport~16, type: io
	
Passed route at end.
Complex block 248: cb.out:top^Youtport~15, type: io
	
Passed route at end.
Complex block 249: cb.out:top^Youtport~14, type: io
	
Passed route at end.
Complex block 250: cb.out:top^Youtport~13, type: io
	
Passed route at end.
Complex block 251: cb.out:top^Youtport~12, type: io
	
Passed route at end.
Complex block 252: cb.out:top^Youtport~11, type: io
	
Passed route at end.
Complex block 253: cb.out:top^Youtport~10, type: io
	
Passed route at end.
Complex block 254: cb.out:top^Youtport~9, type: io
	
Passed route at end.
Complex block 255: cb.out:top^Youtport~8, type: io
	
Passed route at end.
Complex block 256: cb.out:top^Youtport~7, type: io
	
Passed route at end.
Complex block 257: cb.out:top^Youtport~6, type: io
	
Passed route at end.
Complex block 258: cb.out:top^Youtport~5, type: io
	
Passed route at end.
Complex block 259: cb.out:top^Youtport~4, type: io
	
Passed route at end.
Complex block 260: cb.out:top^Youtport~3, type: io
	
Passed route at end.
Complex block 261: cb.out:top^Youtport~2, type: io
	
Passed route at end.
Complex block 262: cb.out:top^Youtport~1, type: io
	
Passed route at end.
Complex block 263: cb.out:top^Youtport~0, type: io
	
Passed route at end.
Complex block 264: cb.out:top^Xoutport~31, type: io
	
Passed route at end.
Complex block 265: cb.out:top^Xoutport~30, type: io
	
Passed route at end.
Complex block 266: cb.out:top^Xoutport~28, type: io
	
Passed route at end.
Complex block 267: cb.out:top^Xoutport~27, type: io
	
Passed route at end.
Complex block 268: cb.out:top^Xoutport~26, type: io
	
Passed route at end.
Complex block 269: cb.out:top^Xoutport~25, type: io
	
Passed route at end.
Complex block 270: cb.out:top^Xoutport~24, type: io
	
Passed route at end.
Complex block 271: cb.out:top^Xoutport~23, type: io
	
Passed route at end.
Complex block 272: cb.out:top^Xoutport~22, type: io
	
Passed route at end.
Complex block 273: cb.out:top^Xoutport~21, type: io
	
Passed route at end.
Complex block 274: cb.out:top^Xoutport~20, type: io
	
Passed route at end.
Complex block 275: cb.out:top^Xoutport~19, type: io
	
Passed route at end.
Complex block 276: cb.out:top^Xoutport~18, type: io
	
Passed route at end.
Complex block 277: cb.out:top^Xoutport~17, type: io
	
Passed route at end.
Complex block 278: cb.out:top^Xoutport~16, type: io
	
Passed route at end.
Complex block 279: cb.out:top^Xoutport~15, type: io
	
Passed route at end.
Complex block 280: cb.out:top^Xoutport~14, type: io
	
Passed route at end.
Complex block 281: cb.out:top^Xoutport~13, type: io
	
Passed route at end.
Complex block 282: cb.out:top^Xoutport~12, type: io
	
Passed route at end.
Complex block 283: cb.out:top^Xoutport~11, type: io
	
Passed route at end.
Complex block 284: cb.out:top^Xoutport~10, type: io
	
Passed route at end.
Complex block 285: cb.out:top^Xoutport~9, type: io
	
Passed route at end.
Complex block 286: cb.out:top^Xoutport~8, type: io
	
Passed route at end.
Complex block 287: cb.out:top^Xoutport~7, type: io
	
Passed route at end.
Complex block 288: cb.out:top^Xoutport~6, type: io
	
Passed route at end.
Complex block 289: cb.out:top^Xoutport~5, type: io
	
Passed route at end.
Complex block 290: cb.out:top^Xoutport~4, type: io
	
Passed route at end.
Complex block 291: cb.out:top^Xoutport~3, type: io
	
Passed route at end.
Complex block 292: cb.out:top^Xoutport~2, type: io
	
Passed route at end.
Complex block 293: cb.out:top^Xoutport~1, type: io
	
Passed route at end.
Complex block 294: cb.out:top^Uoutport~31, type: io
	
Passed route at end.
Complex block 295: cb.out:top^Uoutport~30, type: io
	
Passed route at end.
Complex block 296: cb.out:top^Uoutport~29, type: io
	
Passed route at end.
Complex block 297: cb.out:top^Xoutport~0, type: io
	
Passed route at end.
Complex block 298: cb.top^clk, type: io
	
Passed route at end.
	<EMPTY>: # blocks: 0, average # input + clock pins used: 0, average # output pins used: 0
	io: # blocks: 258, average # input + clock pins used: 0.372093, average # output pins used: 0.627907
	clb: # blocks: 36, average # input + clock pins used: 26.25, average # output pins used: 10.8611
	mult_36: # blocks: 5, average # input + clock pins used: 52.8, average # output pins used: 32.8
	memory: # blocks: 0, average # input + clock pins used: 0, average # output pins used: 0
Absorbed logical nets 287 out of 1004 nets, 717 nets not absorbed.

Netlist conversion complete.

Packing took 0.4 seconds.
Packing completed.
Begin parsing packed FPGA netlist file.
Finished parsing packed FPGA netlist file.
Netlist generated from file 'diffeq1.net'.
vcc is a constant generator.

Netlist num_nets: 717
Netlist num_blocks: 299
Netlist <EMPTY> blocks: 0.
Netlist clb blocks: 36.
Netlist mult_36 blocks: 5.
Netlist memory blocks: 0.
Netlist inputs pins: 162
Netlist output pins: 96

Auto-sizing FPGA at x = 17 y = 17
Auto-sizing FPGA at x = 9 y = 9
Auto-sizing FPGA at x = 13 y = 13
Auto-sizing FPGA at x = 15 y = 15
Auto-sizing FPGA at x = 14 y = 14
Auto-sizing FPGA at x = 13 y = 13
FPGA auto-sized to x = 14 y = 14
The circuit will be mapped into a 14 x 14 array of clbs.

Resource usage...
	Netlist      0	blocks of type: <EMPTY>
	Architecture 12	blocks of type: <EMPTY>
	Netlist      258	blocks of type: io
	Architecture 448	blocks of type: io
	Netlist      36	blocks of type: clb
	Architecture 140	blocks of type: clb
	Netlist      5	blocks of type: mult_36
	Architecture 6	blocks of type: mult_36
	Netlist      0	blocks of type: memory
	Architecture 4	blocks of type: memory

Initial placement cost: 114.913 bb_cost: 114.913 td_cost: 0 delay_cost: 0

--------- --------- ----------- ----------- ----------- ----------- -------- -------- ------- ------- ------- --------- -------
        T      Cost  Av BB Cost  Av TD Cost  Av Tot Del  P to P Del    d_max  Ac Rate Std Dev R limit     Exp Tot Moves   Alpha
--------- --------- ----------- ----------- ----------- ----------- -------- -------- ------- ------- ------- --------- -------
 55.24054    105.97     105.968           0           0           0  34.0656   1.0000  2.9042 15.0000  0.0000      1998  0.5000
 27.62027     104.7     104.701           0           0           0  34.0656   0.9940  3.5688 15.0000  0.0000      3996  0.5000
 13.81014    104.62     104.619           0           0           0  34.0656   0.9935  3.1309 15.0000  0.0000      5994  0.5000
  6.90507    102.71      102.71           0           0           0  34.0656   0.9865  4.5593 15.0000  0.0000      7992  0.5000
  3.45253    102.74     102.741           0           0           0  34.0656   0.9770  3.4073 15.0000  0.0000      9990  0.5000
  1.72627    102.57      102.57           0           0           0  34.0656   0.9510  3.8603 15.0000  0.0000     11988  0.9000
  1.55364    100.54     100.539           0           0           0  34.0656   0.9520  2.9959 15.0000  0.0000     13986  0.9000
  1.39828    97.399     97.3993           0           0           0  34.0656   0.9459  1.6267 15.0000  0.0000     15984  0.9000
  1.25845    100.06      100.06           0           0           0  34.0656   0.9479  3.4838 15.0000  0.0000     17982  0.9000
  1.13260    93.254     93.2536           0           0           0  34.0656   0.9259  1.8668 15.0000  0.0000     19980  0.9000
  1.01934    92.465     92.4654           0           0           0  34.0656   0.9284  2.1391 15.0000  0.0000     21978  0.9000
  0.91741    93.669     93.6688           0           0           0  34.0656   0.9139  1.4773 15.0000  0.0000     23976  0.9000
  0.82567    93.614      93.614           0           0           0  34.0656   0.9054  2.5503 15.0000  0.0000     25974  0.9000
  0.74310    93.242     93.2417           0           0           0  34.0656   0.9064  1.5677 15.0000  0.0000     27972  0.9000
  0.66879    92.238     92.2376           0           0           0  34.0656   0.9039  1.8716 15.0000  0.0000     29970  0.9000
  0.60191    88.274     88.2742           0           0           0  34.0656   0.8879  1.7987 15.0000  0.0000     31968  0.9000
  0.54172    89.791     89.7912           0           0           0  34.0656   0.8869  2.4286 15.0000  0.0000     33966  0.9000
  0.48755    87.281     87.2807           0           0           0  34.0656   0.8659  1.4326 15.0000  0.0000     35964  0.9000
  0.43879     84.92     84.9197           0           0           0  34.0656   0.8639  1.4778 15.0000  0.0000     37962  0.9000
  0.39491    85.044     85.0437           0           0           0  34.0656   0.8498  1.5079 15.0000  0.0000     39960  0.9000
  0.35542     88.77     88.7696           0           0           0  34.0656   0.8549  1.1627 15.0000  0.0000     41958  0.9000
  0.31988    83.102      83.102           0           0           0  34.0656   0.8448  1.7222 15.0000  0.0000     43956  0.9000
  0.28789    79.552      79.552           0           0           0  34.0656   0.8168  0.7032 15.0000  0.0000     45954  0.9000
  0.25910    77.731     77.7313           0           0           0  34.0656   0.8223  0.8797 15.0000  0.0000     47952  0.9000
  0.23319    76.922     76.9219           0           0           0  34.0656   0.7943  0.5216 15.0000  0.0000     49950  0.9500
  0.22153    76.334     76.3344           0           0           0  34.0656   0.7938  1.0023 15.0000  0.0000     51948  0.9500
  0.21046    77.513     77.5128           0           0           0  34.0656   0.8063  0.7074 15.0000  0.0000     53946  0.9000
  0.18941    76.259     76.2588           0           0           0  34.0656   0.7913  0.7317 15.0000  0.0000     55944  0.9500
  0.17994    74.643     74.6435           0           0           0  34.0656   0.7743  0.7256 15.0000  0.0000     57942  0.9500
  0.17094    74.849     74.8491           0           0           0  34.0656   0.7788  0.6779 15.0000  0.0000     59940  0.9500
  0.16240    74.602      74.602           0           0           0  34.0656   0.7868  0.7629 15.0000  0.0000     61938  0.9500
  0.15428    74.413     74.4127           0           0           0  34.0656   0.7698  0.3708 15.0000  0.0000     63936  0.9500
  0.14656    73.801     73.8012           0           0           0  34.0656   0.7563  1.0883 15.0000  0.0000     65934  0.9500
  0.13923     73.16     73.1599           0           0           0  34.0656   0.7638  0.4976 15.0000  0.0000     67932  0.9500
  0.13227    71.674     71.6744           0           0           0  34.0656   0.7392  0.3771 15.0000  0.0000     69930  0.9500
  0.12566    71.053     71.0531           0           0           0  34.0656   0.7342  0.5228 15.0000  0.0000     71928  0.9500
  0.11938    71.115     71.1146           0           0           0  34.0656   0.7287  0.5187 15.0000  0.0000     73926  0.9500
  0.11341    70.407     70.4068           0           0           0  34.0656   0.7112  0.4808 15.0000  0.0000     75924  0.9500
  0.10774    70.449     70.4492           0           0           0  34.0656   0.6992  0.3467 15.0000  0.0000     77922  0.9500
  0.10235    71.227     71.2266           0           0           0  34.0656   0.7177  0.5649 15.0000  0.0000     79920  0.9500
  0.09723     70.64     70.6399           0           0           0  34.0656   0.6767  0.3968 15.0000  0.0000     81918  0.9500
  0.09237    71.646     71.6464           0           0           0  34.0656   0.6872  0.6928 15.0000  0.0000     83916  0.9500
  0.08775    71.066     71.0659           0           0           0  34.0656   0.6862  0.6941 15.0000  0.0000     85914  0.9500
  0.08336    70.178     70.1778           0           0           0  34.0656   0.6782  0.3994 15.0000  0.0000     87912  0.9500
  0.07920    69.687     69.6867           0           0           0  34.0656   0.6762  0.4668 15.0000  0.0000     89910  0.9500
  0.07524    69.697     69.6968           0           0           0  34.0656   0.6587  0.4979 15.0000  0.0000     91908  0.9500
  0.07147    69.705     69.7053           0           0           0  34.0656   0.6311  0.3731 15.0000  0.0000     93906  0.9500
  0.06790    68.962     68.9623           0           0           0  34.0656   0.6376  0.4584 15.0000  0.0000     95904  0.9500
  0.06451    68.705     68.7054           0           0           0  34.0656   0.6136  0.2631 15.0000  0.0000     97902  0.9500
  0.06128    68.388     68.3879           0           0           0  34.0656   0.6216  0.3151 15.0000  0.0000     99900  0.9500
  0.05822     67.45     67.4504           0           0           0  34.0656   0.6046  0.4778 15.0000  0.0000    101898  0.9500
  0.05531    67.173     67.1733           0           0           0  34.0656   0.5726  0.2273 15.0000  0.0000    103896  0.9500
  0.05254    66.965      66.965           0           0           0  34.0656   0.5646  0.3369 15.0000  0.0000    105894  0.9500
  0.04991    66.483     66.4826           0           0           0  34.0656   0.5405  0.2104 15.0000  0.0000    107892  0.9500
  0.04742    66.914     66.9136           0           0           0  34.0656   0.5365  0.3073 15.0000  0.0000    109890  0.9500
  0.04505    66.125     66.1248           0           0           0  34.0656   0.5110  0.2555 15.0000  0.0000    111888  0.9500
  0.04279    65.876     65.8756           0           0           0  34.0656   0.5140  0.3590 15.0000  0.0000    113886  0.9500
  0.04065    65.533     65.5326           0           0           0  34.0656   0.5030  0.3928 15.0000  0.0000    115884  0.9500
  0.03862    64.983     64.9826           0           0           0  34.0656   0.4860  0.4145 15.0000  0.0000    117882  0.9500
  0.03669    65.052     65.0519           0           0           0  34.0656   0.5065  0.3013 15.0000  0.0000    119880  0.9500
  0.03486    64.494     64.4943           0           0           0  34.0656   0.4505  0.2063 15.0000  0.0000    121878  0.9500
  0.03311     64.36     64.3598           0           0           0  34.0656   0.4494  0.3502 15.0000  0.0000    123876  0.9500
  0.03146    64.403     64.4028           0           0           0  34.0656   0.4069  0.2110 15.0000  0.0000    125874  0.9500
  0.02989    63.956     63.9564           0           0           0  34.0656   0.4449  0.2178 14.5036  0.0000    127872  0.9500
  0.02839    63.592     63.5922           0           0           0  34.0656   0.4314  0.2509 14.5753  0.0000    129870  0.9500
  0.02697    63.543     63.5426           0           0           0  34.0656   0.4369  0.2355 14.4504  0.0000    131868  0.9500
  0.02562    62.858     62.8579           0           0           0  34.0656   0.3989  0.3588 14.4062  0.0000    133866  0.9500
  0.02434    62.493     62.4926           0           0           0  34.0656   0.4039  0.2676 13.8141  0.0000    135864  0.9500
  0.02312    62.472     62.4724           0           0           0  34.0656   0.3784  0.1764 13.3154  0.0000    137862  0.9500
  0.02197     62.07       62.07           0           0           0  34.0656   0.3989  0.3110 12.4949  0.0000    139860  0.9500
  0.02087    61.641     61.6408           0           0           0  34.0656   0.3789  0.2882 11.9814  0.0000    141858  0.9500
  0.01983    61.031     61.0313           0           0           0  34.0656   0.3488  0.1135 11.2490  0.0000    143856  0.9500
  0.01884    61.289     61.2894           0           0           0  34.0656   0.3964  0.1303 10.2237  0.0000    145854  0.9500
  0.01789    60.998     60.9978           0           0           0  34.0656   0.4064  0.2338  9.7779  0.0000    147852  0.9500
  0.01700    60.916     60.9163           0           0           0  34.0656   0.4014  0.1765  9.4494  0.0000    149850  0.9500
  0.01615    60.748     60.7483           0           0           0  34.0656   0.3839  0.2347  9.0847  0.0000    151848  0.9500
  0.01534    60.573     60.5735           0           0           0  34.0656   0.4004  0.1098  8.5749  0.0000    153846  0.9500
  0.01457    60.314     60.3139           0           0           0  34.0656   0.3609  0.1621  8.2353  0.0000    155844  0.9500
  0.01385    59.779     59.7795           0           0           0  34.0656   0.3694  0.2432  7.5836  0.0000    157842  0.9500
  0.01315    59.512     59.5116           0           0           0  34.0656   0.3674  0.1216  7.0480  0.0000    159840  0.9500
  0.01250    59.521     59.5213           0           0           0  34.0656   0.4044  0.1529  6.5360  0.0000    161838  0.9500
  0.01187    59.254      59.254           0           0           0  34.0656   0.3909  0.0582  6.3034  0.0000    163836  0.9500
  0.01128    59.092     59.0923           0           0           0  34.0656   0.3929  0.1061  5.9938  0.0000    165834  0.9500
  0.01071    58.904     58.9043           0           0           0  34.0656   0.3488  0.0881  5.7115  0.0000    167832  0.9500
  0.01018    58.874     58.8741           0           0           0  34.0656   0.3574  0.0660  5.1909  0.0000    169830  0.9500
  0.00967    58.661     58.6614           0           0           0  34.0656   0.3944  0.1446  4.7619  0.0000    171828  0.9500
  0.00919    58.275      58.275           0           0           0  34.0656   0.3293  0.0694  4.5447  0.0000    173826  0.9500
  0.00873     58.17     58.1696           0           0           0  34.0656   0.3358  0.0548  4.0417  0.0000    175824  0.9500
  0.00829    58.091     58.0915           0           0           0  34.0656   0.4059  0.0569  3.6207  0.0000    177822  0.9500
  0.00788    58.028     58.0278           0           0           0  34.0656   0.3639  0.1129  3.4973  0.0000    179820  0.9500
  0.00748    57.843     57.8428           0           0           0  34.0656   0.3774  0.0619  3.2310  0.0000    181818  0.9500
  0.00711     57.75     57.7496           0           0           0  34.0656   0.3589  0.0797  3.0287  0.0000    183816  0.9500
  0.00675    57.579     57.5788           0           0           0  34.0656   0.4004  0.0506  2.7829  0.0000    185814  0.9500
  0.00641    57.365     57.3654           0           0           0  34.0656   0.3844  0.0438  2.6727  0.0000    187812  0.9500
  0.00609    57.297     57.2969           0           0           0  34.0656   0.3534  0.0516  2.5241  0.0000    189810  0.9500
  0.00579    57.387     57.3867           0           0           0  34.0656   0.3734  0.0392  2.3054  0.0000    191808  0.9500
  0.00550    57.223     57.2234           0           0           0  34.0656   0.3774  0.0563  2.1518  0.0000    193806  0.9500
  0.00522    57.046     57.0461           0           0           0  34.0656   0.3333  0.0760  2.0170  0.0000    195804  0.9500
  0.00496    57.057     57.0574           0           0           0  34.0656   0.4164  0.0326  1.8019  0.0000    197802  0.9500
  0.00472    56.989     56.9891           0           0           0  34.0656   0.4209  0.0768  1.7594  0.0000    199800  0.9500
  0.00448    56.911     56.9106           0           0           0  34.0656   0.4034  0.0654  1.7258  0.0000    201798  0.9500
  0.00426    56.795     56.7945           0           0           0  34.0656   0.3929  0.0608  1.6627  0.0000    203796  0.9500
  0.00404    56.694     56.6943           0           0           0  34.0656   0.3864  0.0385  1.5843  0.0000    205794  0.9500
  0.00384    56.671     56.6707           0           0           0  34.0656   0.3689  0.0268  1.4994  0.0000    207792  0.9500
  0.00365    56.661     56.6614           0           0           0  34.0656   0.3754  0.0162  1.3927  0.0000    209790  0.9500
  0.00347    56.632     56.6318           0           0           0  34.0656   0.3744  0.0194  1.3027  0.0000    211788  0.9500
  0.00329    56.605     56.6047           0           0           0  34.0656   0.3829  0.0216  1.2172  0.0000    213786  0.9500
  0.00313    56.568     56.5682           0           0           0  34.0656   0.3549  0.0207  1.1477  0.0000    215784  0.9500
  0.00297    56.555     56.5553           0           0           0  34.0656   0.3448  0.0128  1.0500  0.0000    217782  0.9500
  0.00282    56.521     56.5212           0           0           0  34.0656   0.3574  0.0144  1.0000  0.0000    219780  0.9500
  0.00268    56.493     56.4927           0           0           0  34.0656   0.3298  0.0212  1.0000  0.0000    221778  0.9500
  0.00255    56.488     56.4884           0           0           0  34.0656   0.3579  0.0113  1.0000  0.0000    223776  0.9500
  0.00242    56.501     56.5007           0           0           0  34.0656   0.3338  0.0091  1.0000  0.0000    225774  0.9500
  0.00230    56.478     56.4785           0           0           0  34.0656   0.3253  0.0192  1.0000  0.0000    227772  0.9500
  0.00218    56.471      56.471           0           0           0  34.0656   0.3338  0.0071  1.0000  0.0000    229770  0.9500
  0.00208    56.451     56.4515           0           0           0  34.0656   0.3534  0.0097  1.0000  0.0000    231768  0.9500
  0.00197    56.455     56.4553           0           0           0  34.0656   0.3298  0.0058  1.0000  0.0000    233766  0.9500
  0.00187    56.467     56.4669           0           0           0  34.0656   0.3463  0.0094  1.0000  0.0000    235764  0.9500
  0.00178     56.43     56.4298           0           0           0  34.0656   0.3343  0.0055  1.0000  0.0000    237762  0.9500
  0.00169    56.426     56.4259           0           0           0  34.0656   0.3243  0.0045  1.0000  0.0000    239760  0.9500
  0.00161    56.418     56.4178           0           0           0  34.0656   0.3048  0.0018  1.0000  0.0000    241758  0.9500
  0.00153    56.423      56.423           0           0           0  34.0656   0.3213  0.0006  1.0000  0.0000    243756  0.9500
  0.00145     56.42     56.4195           0           0           0  34.0656   0.3048  0.0068  1.0000  0.0000    245754  0.9500
  0.00138    56.427     56.4266           0           0           0  34.0656   0.3133  0.0061  1.0000  0.0000    247752  0.9500
  0.00131    56.416      56.416           0           0           0  34.0656   0.3033  0.0021  1.0000  0.0000    249750  0.9500
  0.00124    56.409     56.4086           0           0           0  34.0656   0.2938  0.0045  1.0000  0.0000    251748  0.9500
  0.00118    56.407     56.4071           0           0           0  34.0656   0.3083  0.0000  1.0000  0.0000    253746  0.9500
  0.00112    56.405     56.4049           0           0           0  34.0656   0.3258  0.0050  1.0000  0.0000    255744  0.9500
  0.00107    56.404     56.4037           0           0           0  34.0656   0.3108  0.0000  1.0000  0.0000    257742  0.9500
  0.00101    56.405     56.4049           0           0           0  34.0656   0.3158  0.0000  1.0000  0.0000    259740  0.9500
  0.00096    56.402     56.4022           0           0           0  34.0656   0.2848  0.0045  1.0000  0.0000    261738  0.9500
  0.00091    56.401      56.401           0           0           0  34.0656   0.2828  0.0000  1.0000  0.0000    263736  0.9500
  0.00087    56.402     56.4025           0           0           0  34.0656   0.3013  0.0000  1.0000  0.0000    265734  0.9500
  0.00082    56.402      56.402           0           0           0  34.0656   0.2888  0.0043  1.0000  0.0000    267732  0.9500
  0.00078    56.402     56.4021           0           0           0  34.0656   0.3263  0.0000  1.0000  0.0000    269730  0.9500
  0.00074    56.403     56.4027           0           0           0  34.0656   0.3123  0.0000  1.0000  0.0000    271728  0.9500
  0.00071    56.402     56.4016           0           0           0  34.0656   0.3223  0.0000  1.0000  0.0000    273726  0.9500
  0.00067      56.4     56.4001           0           0           0  34.0656   0.2883  0.0036  1.0000  0.0000    275724  0.9500
  0.00064    56.401     56.4009           0           0           0  34.0656   0.2913  0.0000  1.0000  0.0000    277722  0.9500
  0.00061    56.401     56.4011           0           0           0  34.0656   0.2863  0.0000  1.0000  0.0000    279720  0.9500
  0.00058    56.401     56.4013           0           0           0  34.0656   0.2863  0.0033  1.0000  0.0000    281718  0.9500
  0.00055    56.402     56.4022           0           0           0  34.0656   0.3063  0.0055  1.0000  0.0000    283716  0.9500
  0.00052    56.403     56.4034           0           0           0  34.0656   0.2993  0.0013  1.0000  0.0000    285714  0.9500
  0.00049    56.399     56.3994           0           0           0  34.0656   0.2903  0.0000  1.0000  0.0000    287712  0.9500
  0.00047      56.4     56.3999           0           0           0  34.0656   0.2863  0.0000  1.0000  0.0000    289710  0.9500
  0.00045      56.4     56.4003           0           0           0  34.0656   0.2973  0.0000  1.0000  0.0000    291708  0.9500
  0.00042    56.402     56.4022           0           0           0  34.0656   0.2888  0.0000  1.0000  0.0000    293706  0.9500
  0.00040      56.4     56.3999           0           0           0  34.0656   0.3088  0.0032  1.0000  0.0000    295704  0.9500
  0.00000    56.399     56.3989           0           0           0            0.1617  0.0000  1.0000  0.0000    297702

BB estimate of min-dist (placement) wirelength: 5640
bb_cost recomputed from scratch: 56.3984

Completed placement consistency check successfully.

Swaps called: 298001
Placement cost: 56.3984, bb_cost: 56.3984, td_cost: 0, delay_cost: 0
Placement total # of swap attempts: 298001
	Swap reject rate: 0
	Swap accept rate: 0
	Swap abort rate: 0
Placement took 0.2 seconds.
The entire flow of VPR took 0.69 seconds.
