生成启动时间为 2018/10/10 6:18:40。
     1>项目“C:\Users\ThinkPad\Desktop\project\easygl.vcxproj”在节点 2 上(Build 个目标)。
     1>ClCompile:
         C:\Program Files (x86)\Microsoft Visual Studio 12.0\VC\bin\CL.exe /c /ZI /nologo /W3 /WX- /Od /Oy- /D _MBCS /D _MBCS /D WIN32 /D _CRT_SECURE_NO_WARNINGS /Gm /EHsc /RTC1 /MDd /GS /fp:precise /Zc:wchar_t /Zc:forScope /Fo"Debug\\" /Fd"Debug\vc120.pdb" /Gd /TP /analyze- /errorReport:prompt a_project.cpp example.cpp
         example.cpp
     1>c:\users\thinkpad\desktop\project\example.cpp(28): warning C4244: “初始化”: 从“double”转换到“int”，可能丢失数据
     1>c:\users\thinkpad\desktop\project\example.cpp(29): warning C4244: “初始化”: 从“double”转换到“int”，可能丢失数据
     1>c:\users\thinkpad\desktop\project\example.cpp(34): warning C4244: “初始化”: 从“double”转换到“int”，可能丢失数据
     1>c:\users\thinkpad\desktop\project\example.cpp(107): warning C4244: “参数”: 从“double”转换到“float”，可能丢失数据
     1>c:\users\thinkpad\desktop\project\example.cpp(117): warning C4244: “参数”: 从“double”转换到“float”，可能丢失数据
     1>c:\users\thinkpad\desktop\project\example.cpp(125): warning C4244: “参数”: 从“double”转换到“float”，可能丢失数据
         a_project.cpp
         正在生成代码...
       Link:
         C:\Program Files (x86)\Microsoft Visual Studio 12.0\VC\bin\link.exe /ERRORREPORT:PROMPT /OUT:"C:\Users\ThinkPad\Desktop\project\Debug\easygl.exe" /INCREMENTAL /NOLOGO kernel32.lib user32.lib gdi32.lib winspool.lib comdlg32.lib advapi32.lib shell32.lib ole32.lib oleaut32.lib uuid.lib odbc32.lib odbccp32.lib comctl32.lib kernel32.lib user32.lib gdi32.lib winspool.lib comdlg32.lib advapi32.lib shell32.lib ole32.lib oleaut32.lib uuid.lib odbc32.lib odbccp32.lib /MANIFEST /MANIFESTUAC:"level='asInvoker' uiAccess='false'" /manifest:embed /DEBUG /PDB:"C:\Users\ThinkPad\Desktop\project\Debug\easygl.pdb" /TLBID:1 /DYNAMICBASE /NXCOMPAT /IMPLIB:"C:\Users\ThinkPad\Desktop\project\Debug\easygl.lib" /MACHINE:X86 Debug\a_project.obj
         Debug\a_test.obj
         Debug\example.obj
         Debug\graphics.obj
         Debug\router.obj
         easygl.vcxproj -> C:\Users\ThinkPad\Desktop\project\Debug\easygl.exe
     1>已完成生成项目“C:\Users\ThinkPad\Desktop\project\easygl.vcxproj”(Build 个目标)的操作。

生成成功。

已用时间 00:00:02.51
