________________________________________________________________________
                       VPR - The Next Generation                        
                     Version 0.A15.0 (Linux X86/64)                     
            This is free open source code under MIT license.            
________________________________________________________________________

VPR FPGA Placement and Routing.
Version: Version 7.0
Compiled: Nov  7 2018.
University of Toronto
vpr@eecg.utoronto.ca
This is free open source code under MIT license.

Architecture file: k6_frac_N10_mem32K_40nm.xml
Circuit name: sha.blif

Building complex block graph.
WARNING(1): io[0].clock[0] unconnected pin in architecture.
Loop for doall = 0, init_parse took 0 seconds.
Loop for doall = 0 took 0 seconds.
Loop for doall = 1, init_parse took 0.01 seconds.
Loop for doall = 1 took 0.01 seconds.
Swept away 0 nets with no fanout.
Net is a constant generator: n4589.
WARNING(2): logical_block #3280 with output n4589 has only 0 pin.
WARNING(3): Block contains output -- may be a constant generator.
0 unconnected blocks in input netlist.
Removed 36 LUT buffers.
Sweeped away 36 nodes.
BLIF circuit stats:
	1 LUTs of size 0
	3 LUTs of size 1
	80 LUTs of size 2
	169 LUTs of size 3
	606 LUTs of size 4
	663 LUTs of size 5
	755 LUTs of size 6
	38 of type input
	36 of type output
	911 of type latch
	2277 of type names
	0 of type dual_port_ram
	0 of type single_port_ram
	0 of type multiply
Timing analysis: ON
Circuit netlist file: sha.net
Circuit placement file: sha.place
Circuit routing file: sha.route
Circuit SDC file: sha.sdc
Operation: RUN_FLOW

Packer: ENABLED
Placer: ENABLED
Router: DISABLED
PackerOpts.allow_early_exit: FALSE
PackerOpts.allow_unrelated_clustering: TRUE
PackerOpts.alpha_clustering: 0.750000
PackerOpts.aspect: 1.000000
PackerOpts.beta_clustering: 0.900000
PackerOpts.block_delay: 0.000000
PackerOpts.cluster_seed_type: TIMING
PackerOpts.connection_driven: TRUE
PackerOpts.global_clocks: TRUE
PackerOpts.hill_climbing_flag: FALSE
PackerOpts.inter_cluster_net_delay: 1.000000
PackerOpts.intra_cluster_net_delay: 0.000000
PackerOpts.recompute_timing_after: 32767
PackerOpts.sweep_hanging_nets_and_inputs: TRUE
PackerOpts.timing_driven: TRUE

PlacerOpts.place_freq: PLACE_ONCE
PlacerOpts.place_algorithm: BOUNDING_BOX_PLACE
PlacerOpts.pad_loc_type: FREE
PlacerOpts.place_cost_exp: 1.000000
PlaceOpts.seed: 1
AnnealSched.type: AUTO_SCHED
AnnealSched.inner_num: 1.000000

RoutingArch.directionality: UNI_DIRECTIONAL
RoutingArch.switch_block_type: WILTON
RoutingArch.Fs: 3

Initialize packing.
Begin packing 'sha.blif'.

After removing unused inputs...
	total blocks: 3262, total nets: 3226, total inputs: 38, total outputs: 36
Begin prepacking.
Finish prepacking.
Using inter-cluster delay: 1.33777e-09

SDC file 'sha.sdc' blank or not found.

Defaulting to: constrain all 0 inputs and 0 outputs on the netlist clock.
Optimize this clock to run as fast as possible.
Not enough resources expand FPGA size to x = 2 y = 2.
Complex block 0: cb.n429, type: clb
	......................................
Passed route at end.
Complex block 1: cb.n2913, type: clb
	..........................................................
Passed route at end.
Not enough resources expand FPGA size to x = 3 y = 3.
Complex block 2: cb.n489, type: clb
	.......................................................
Passed route at end.
Complex block 3: cb.n364, type: clb
	...................................................
Passed route at end.
Complex block 4: cb.n3149_1, type: clb
	..................................................................
Passed route at end.
Complex block 5: cb.n3153, type: clb
	.............................................................
Passed route at end.
Not enough resources expand FPGA size to x = 4 y = 4.
Complex block 6: cb.n3156, type: clb
	.................................................................
Passed route at end.
Complex block 7: cb.n3092, type: clb
	..................................................
Passed route at end.
Complex block 8: cb.n3248, type: clb
	..................................................................................
Passed route at end.
Complex block 9: cb.n3256, type: clb
	.........................................
Passed route at end.
Complex block 10: cb.n3196, type: clb
	........................................
Passed route at end.
Complex block 11: cb.n3202, type: clb
	...........................
Passed route at end.
Not enough resources expand FPGA size to x = 5 y = 5.
Complex block 12: cb.n2994_1, type: clb
	..............................................
Passed route at end.
Complex block 13: cb.n3257, type: clb
	...........................................................
Passed route at end.
Complex block 14: cb.n2951, type: clb
	.....................................................................................
Passed route at end.
Complex block 15: cb.n3188, type: clb
	...............................................................................
Passed route at end.
Complex block 16: cb.n3197, type: clb
	........................
Passed route at end.
Complex block 17: cb.n3123, type: clb
	..........................................................
Passed route at end.
Complex block 18: cb.n3260, type: clb
	................................................................................
Passed route at end.
Complex block 19: cb.n3051, type: clb
	................................................................................................................
Passed route at end.
Not enough resources expand FPGA size to x = 6 y = 6.
Complex block 20: cb.n3274_1, type: clb
	..............................................................
Passed route at end.
Complex block 21: cb.n459, type: clb
	..............................................................................
Passed route at end.
Complex block 22: cb.n3145, type: clb
	..................................................
Passed route at end.
Complex block 23: cb.n3304_1, type: clb
	.............................................
Passed route at end.
Not enough resources expand FPGA size to x = 7 y = 7.
Complex block 24: cb.n3006, type: clb
	..........................................................
Passed route at end.
Complex block 25: cb.n2953, type: clb
	..................................................................................
Passed route at end.
Complex block 26: cb.n3277, type: clb
	........................................................
Passed route at end.
Complex block 27: cb.n3028, type: clb
	.............................................................
Passed route at end.
Complex block 28: cb.n3120, type: clb
	...............................................................................................................
Passed route at end.
Complex block 29: cb.n3117, type: clb
	................................................
Passed route at end.
Complex block 30: cb.n3143, type: clb
	..............................................
Passed route at end.
Complex block 31: cb.n2961, type: clb
	.................................................................
Passed route at end.
Complex block 32: cb.n2948, type: clb
	...........................................................................................................................................
Passed route at end.
Complex block 33: cb.n3012, type: clb
	...............................................................................
Passed route at end.
Complex block 34: cb.n589, type: clb
	...................................................
Passed route at end.
Not enough resources expand FPGA size to x = 8 y = 8.
Complex block 35: cb.n579, type: clb
	.........................................................
Passed route at end.
Complex block 36: cb.n569, type: clb
	................................................
Passed route at end.
Complex block 37: cb.n3430, type: clb
	......................................................................
Passed route at end.
Complex block 38: cb.n3464_1, type: clb
	...............................................................................................
Passed route at end.
Complex block 39: cb.n3491, type: clb
	.........................................................................................
Passed route at end.
Complex block 40: cb.n3433, type: clb
	..............................................................
Passed route at end.
Complex block 41: cb.n3475, type: clb
	..........................................................................................................................................
Passed route at end.
Complex block 42: cb.n3445, type: clb
	...........................
Passed route at end.
Complex block 43: cb.n3506, type: clb
	................................................
Passed route at end.
Complex block 44: cb.n1739, type: clb
	.................................................
Passed route at end.
Complex block 45: cb.n629, type: clb
	.........................................................................
Passed route at end.
Complex block 46: cb.n539, type: clb
	.................
Passed route at end.
Complex block 47: cb.n3374_1, type: clb
	.................................................
Passed route at end.
Not enough resources expand FPGA size to x = 9 y = 9.
Complex block 48: cb.n3378, type: clb
	............................................................................
Passed route at end.
Complex block 49: cb.n1589, type: clb
	..................................................................
Passed route at end.
Complex block 50: cb.n3259_1, type: clb
	............
Passed route at end.
Complex block 51: cb.n3137, type: clb
	................................................
Passed route at end.
Complex block 52: cb.n3059_1, type: clb
	................................................
Passed route at end.
Complex block 53: cb.n2946, type: clb
	................................................
Passed route at end.
Complex block 54: cb.n3159_1, type: clb
	..............................................................................
Passed route at end.
Complex block 55: cb.n2997, type: clb
	................................................
Passed route at end.
Complex block 56: cb.n659, type: clb
	.......................................................
Passed route at end.
Complex block 57: cb.n1689, type: clb
	................................................
Passed route at end.
Complex block 58: cb.n1659, type: clb
	................................................
Passed route at end.
Complex block 59: cb.n1609, type: clb
	.........
Passed route at end.
Complex block 60: cb.n719, type: clb
	................................................
Passed route at end.
Complex block 61: cb.n499, type: clb
	..................................................
Passed route at end.
Complex block 62: cb.n2996, type: clb
	................................................
Passed route at end.
Not enough resources expand FPGA size to x = 10 y = 10.
Complex block 63: cb.n3343, type: clb
	................................................
Passed route at end.
Complex block 64: cb.n389, type: clb
	..................................................
Passed route at end.
Complex block 65: cb.n1574, type: clb
	....................................................
Passed route at end.
Complex block 66: cb.n1544, type: clb
	..................................................
Passed route at end.
Complex block 67: cb.n739, type: clb
	.................................................
Passed route at end.
Complex block 68: cb.n824, type: clb
	..........................................................
Passed route at end.
Complex block 69: cb.n1469, type: clb
	................................................
Passed route at end.
Not enough resources expand FPGA size to x = 11 y = 11.
Complex block 70: cb.n419, type: clb
	................................................
Passed route at end.
Complex block 71: cb.n4544, type: clb
	.........
Passed route at end.
Complex block 72: cb.n2404, type: clb
	................................................
Passed route at end.
Complex block 73: cb.n1504, type: clb
	................................................
Passed route at end.
Complex block 74: cb.n749, type: clb
	.........
Passed route at end.
Complex block 75: cb.n4599, type: clb
	............................
Passed route at end.
Complex block 76: cb.n3043, type: clb
	................................................
Passed route at end.
Complex block 77: cb.n1429, type: clb
	................................................
Passed route at end.
Complex block 78: cb.n1939, type: clb
	................................................
Passed route at end.
Complex block 79: cb.n1474, type: clb
	................................................
Passed route at end.
Complex block 80: cb.n894, type: clb
	................................................
Passed route at end.
Complex block 81: cb.n3341, type: clb
	.........
Passed route at end.
Complex block 82: cb.n3044_1, type: clb
	................................................
Passed route at end.
Complex block 83: cb.n1254, type: clb
	................................................
Passed route at end.
Complex block 84: cb.n1294, type: clb
	................................................
Passed route at end.
Complex block 85: cb.n1579, type: clb
	................................................
Passed route at end.
Complex block 86: cb.n349, type: clb
	.............
Passed route at end.
Complex block 87: cb.n1984, type: clb
	................................................
Passed route at end.
Not enough resources expand FPGA size to x = 12 y = 12.
Complex block 88: cb.n1999, type: clb
	................................................
Passed route at end.
Complex block 89: cb.n1369, type: clb
	...............................................
Passed route at end.
Complex block 90: cb.n1414, type: clb
	.....................................................
Passed route at end.
Complex block 91: cb.n944, type: clb
	................................................
Passed route at end.
Complex block 92: cb.n1039, type: clb
	...........
Passed route at end.
Complex block 93: cb.n1334, type: clb
	...............................
Passed route at end.
Complex block 94: cb.n2014, type: clb
	................................................
Passed route at end.
Complex block 95: cb.n2029, type: clb
	....................................................................................
Passed route at end.
Complex block 96: cb.n1069, type: clb
	............................................
Passed route at end.
Complex block 97: cb.n1159, type: clb
	................................................
Passed route at end.
Complex block 98: cb.n474, type: clb
	.............................
Passed route at end.
Complex block 99: cb.n2044, type: clb
	................................................
Passed route at end.
Complex block 100: cb.n3167, type: clb
	...........
Passed route at end.
Complex block 101: cb.n2059, type: clb
	..................................................................................
Passed route at end.
Complex block 102: cb.n2074, type: clb
	.......................................................
Passed route at end.
Complex block 103: cb.n2089, type: clb
	.......................................................
Passed route at end.
Complex block 104: cb.n4574, type: clb
	................................................
Passed route at end.
Complex block 105: cb.n2104, type: clb
	.......................................................
Passed route at end.
Complex block 106: cb.n3230, type: clb
	.............................
Passed route at end.
Complex block 107: cb.n2134, type: clb
	........................................................
Passed route at end.
Not enough resources expand FPGA size to x = 13 y = 13.
Complex block 108: cb.n3228, type: clb
	.......................
Passed route at end.
Complex block 109: cb.n3310, type: clb
	...................................................
Passed route at end.
Complex block 110: cb.n1114, type: clb
	...............................................
Passed route at end.
Complex block 111: cb.n2179, type: clb
	..............................................................
Passed route at end.
Complex block 112: cb.n3398, type: clb
	................................................
Passed route at end.
Complex block 113: cb.n3849_1, type: clb
	.................................
Passed route at end.
Complex block 114: cb.n3698, type: clb
	.........
Passed route at end.
Complex block 115: cb.n3667, type: clb
	................................................
Passed route at end.
Complex block 116: cb.n2194, type: clb
	.......................................................
Passed route at end.
Complex block 117: cb.n2224, type: clb
	..............................................................
Passed route at end.
Complex block 118: cb.n2239, type: clb
	.......................................................
Passed route at end.
Complex block 119: cb.n4639, type: clb
	.................................................
Passed route at end.
Complex block 120: cb.n2254, type: clb
	.......................................................
Passed route at end.
Complex block 121: cb.n4200, type: clb
	................................................
Passed route at end.
Complex block 122: cb.n4196, type: clb
	................................................
Passed route at end.
Complex block 123: cb.n4190, type: clb
	................................................
Passed route at end.
Complex block 124: cb.n4203, type: clb
	................................................
Passed route at end.
Complex block 125: cb.n3634, type: clb
	................................................
Passed route at end.
Complex block 126: cb.n3374, type: clb
	................................................
Passed route at end.
Complex block 127: cb.n3444, type: clb
	................................................
Passed route at end.
Complex block 128: cb.n3809, type: clb
	................................................
Passed route at end.
Complex block 129: cb.n3554, type: clb
	................................................
Passed route at end.
Not enough resources expand FPGA size to x = 14 y = 14.
Complex block 130: cb.n3434, type: clb
	................................................
Passed route at end.
Complex block 131: cb.n4484, type: clb
	................................................
Passed route at end.
Complex block 132: cb.n4419, type: clb
	................................................
Passed route at end.
Complex block 133: cb.n4394, type: clb
	................................................
Passed route at end.
Complex block 134: cb.n4354, type: clb
	................................................
Passed route at end.
Complex block 135: cb.n3739, type: clb
	................................................
Passed route at end.
Complex block 136: cb.n4319, type: clb
	................................................
Passed route at end.
Complex block 137: cb.n4254, type: clb
	................................................
Passed route at end.
Complex block 138: cb.n4189, type: clb
	................................................
Passed route at end.
Complex block 139: cb.n4159, type: clb
	................................................
Passed route at end.
Not enough resources expand FPGA size to x = 15 y = 15.
Complex block 140: cb.n4134, type: clb
	................................................
Passed route at end.
Complex block 141: cb.n2509, type: clb
	................................................
Passed route at end.
Complex block 142: cb.n4024, type: clb
	................................................
Passed route at end.
Complex block 143: cb.n3899, type: clb
	................................................
Passed route at end.
Complex block 144: cb.n3884, type: clb
	................................................
Passed route at end.
Complex block 145: cb.n3639, type: clb
	................................................
Passed route at end.
Complex block 146: cb.n3764, type: clb
	................................................
Passed route at end.
Complex block 147: cb.n3744, type: clb
	................................................
Passed route at end.
Complex block 148: cb.n3489, type: clb
	................................................
Passed route at end.
Complex block 149: cb.n3249, type: clb
	................................................
Passed route at end.
Complex block 150: cb.n3694, type: clb
	................................................
Passed route at end.
Complex block 151: cb.n3564, type: clb
	................................................
Passed route at end.
Complex block 152: cb.n2439, type: clb
	................................................
Passed route at end.
Complex block 153: cb.n3184, type: clb
	................................................
Passed route at end.
Complex block 154: cb.n3379, type: clb
	................................................
Passed route at end.
Complex block 155: cb.n3314, type: clb
	................................................
Passed route at end.
Complex block 156: cb.n3299, type: clb
	................................................
Passed route at end.
Complex block 157: cb.n3154, type: clb
	................................................
Passed route at end.
Complex block 158: cb.n3224, type: clb
	................................................
Passed route at end.
Complex block 159: cb.n2664, type: clb
	................................................
Passed route at end.
Complex block 160: cb.n3119, type: clb
	...................................................
Passed route at end.
Complex block 161: cb.n3099, type: clb
	................................................
Passed route at end.
Complex block 162: cb.n3509, type: clb
	................................................
Passed route at end.
Complex block 163: cb.n3054, type: clb
	................................................
Passed route at end.
Complex block 164: cb.n3039, type: clb
	................................................
Passed route at end.
Not enough resources expand FPGA size to x = 16 y = 16.
Complex block 165: cb.n2649, type: clb
	................................................
Passed route at end.
Complex block 166: cb.n2989, type: clb
	....................................................
Passed route at end.
Complex block 167: cb.n2954, type: clb
	................................................
Passed route at end.
Complex block 168: cb.n2924, type: clb
	................................................
Passed route at end.
Complex block 169: cb.n2894, type: clb
	................................................
Passed route at end.
Complex block 170: cb.n2899, type: clb
	................................................
Passed route at end.
Complex block 171: cb.n2859, type: clb
	....................................................
Passed route at end.
Complex block 172: cb.n2839, type: clb
	................................................
Passed route at end.
Complex block 173: cb.n2709, type: clb
	................................................
Passed route at end.
Complex block 174: cb.n2794, type: clb
	................................................
Passed route at end.
Complex block 175: cb.n2729, type: clb
	................................................
Passed route at end.
Complex block 176: cb.n2589, type: clb
	................................................
Passed route at end.
Complex block 177: cb.n2564, type: clb
	................................................
Passed route at end.
Complex block 178: cb.n2524, type: clb
	................................................
Passed route at end.
Complex block 179: cb.n2459, type: clb
	................................................
Passed route at end.
Complex block 180: cb.n3917, type: clb
	....................
Passed route at end.
Complex block 181: cb.n2309, type: clb
	................................................
Passed route at end.
Complex block 182: cb.n2294, type: clb
	................................................
Passed route at end.
Complex block 183: cb.n3719, type: clb
	................................................
Passed route at end.
Complex block 184: cb.n2264, type: clb
	................................................
Passed route at end.
Complex block 185: cb.n2109, type: clb
	................................................
Passed route at end.
Complex block 186: cb.n3844, type: clb
	................................................
Passed route at end.
Complex block 187: cb.n4364, type: clb
	................................................
Passed route at end.
Complex block 188: cb.n1974, type: clb
	................................................
Passed route at end.
Complex block 189: cb.n4044, type: clb
	................................................
Passed route at end.
Complex block 190: cb.n3974, type: clb
	................................................
Passed route at end.
Complex block 191: cb.n3784, type: clb
	................................................
Passed route at end.
Not enough resources expand FPGA size to x = 17 y = 17.
Complex block 192: cb.n3649, type: clb
	................................................
Passed route at end.
Complex block 193: cb.n3524, type: clb
	................................................
Passed route at end.
Complex block 194: cb.n3394, type: clb
	................................................
Passed route at end.
Complex block 195: cb.n3329, type: clb
	................................................
Passed route at end.
Complex block 196: cb.n3194, type: clb
	................................................
Passed route at end.
Complex block 197: cb.n3129, type: clb
	................................................
Passed route at end.
Complex block 198: cb.n3004, type: clb
	................................................
Passed route at end.
Complex block 199: cb.n2744, type: clb
	................................................
Passed route at end.
Complex block 200: cb.n2679, type: clb
	...........................................
Passed route at end.
Complex block 201: cb.n2614, type: clb
	.................................
Passed route at end.
Complex block 202: cb.n3469, type: clb
	...........
Passed route at end.
Complex block 203: cb.n2734, type: clb
	..............
Passed route at end.
Complex block 204: cb.n3392, type: clb
	...........
Passed route at end.
Complex block 205: cb.n5009, type: clb
	...............................
Passed route at end.
Complex block 206: cb.n4927, type: clb
	....................
Passed route at end.
Complex block 207: cb.n4797, type: clb
	..........
Passed route at end.
Complex block 208: cb.n4161, type: clb
	..
Passed route at end.
Complex block 209: cb.top^text_i~1, type: io
	
Passed route at end.
Complex block 210: cb.top^rst_i, type: io
	
Passed route at end.
Complex block 211: cb.top^text_i~28, type: io
	
Passed route at end.
Complex block 212: cb.top^text_i~12, type: io
	
Passed route at end.
Complex block 213: cb.top^text_i~27, type: io
	
Passed route at end.
Complex block 214: cb.top^text_i~26, type: io
	
Passed route at end.
Complex block 215: cb.top^text_i~11, type: io
	
Passed route at end.
Complex block 216: cb.top^text_i~25, type: io
	
Passed route at end.
Complex block 217: cb.top^text_i~4, type: io
	
Passed route at end.
Complex block 218: cb.top^text_i~24, type: io
	
Passed route at end.
Complex block 219: cb.top^text_i~10, type: io
	
Passed route at end.
Complex block 220: cb.top^text_i~23, type: io
	
Passed route at end.
Complex block 221: cb.top^text_i~0, type: io
	
Passed route at end.
Complex block 222: cb.top^text_i~22, type: io
	
Passed route at end.
Complex block 223: cb.top^text_i~9, type: io
	
Passed route at end.
Complex block 224: cb.top^text_i~21, type: io
	
Passed route at end.
Complex block 225: cb.top^text_i~3, type: io
	
Passed route at end.
Complex block 226: cb.top^text_i~20, type: io
	
Passed route at end.
Complex block 227: cb.top^text_i~8, type: io
	
Passed route at end.
Complex block 228: cb.top^text_i~19, type: io
	
Passed route at end.
Complex block 229: cb.top^text_i~18, type: io
	
Passed route at end.
Complex block 230: cb.top^text_i~17, type: io
	
Passed route at end.
Complex block 231: cb.top^text_i~7, type: io
	
Passed route at end.
Complex block 232: cb.top^text_i~16, type: io
	
Passed route at end.
Complex block 233: cb.top^text_i~6, type: io
	
Passed route at end.
Complex block 234: cb.top^text_i~2, type: io
	
Passed route at end.
Complex block 235: cb.top^text_i~15, type: io
	
Passed route at end.
Complex block 236: cb.top^text_i~14, type: io
	
Passed route at end.
Complex block 237: cb.top^text_i~13, type: io
	
Passed route at end.
Complex block 238: cb.top^text_i~31, type: io
	
Passed route at end.
Complex block 239: cb.top^text_i~30, type: io
	
Passed route at end.
Complex block 240: cb.top^text_i~29, type: io
	
Passed route at end.
Complex block 241: cb.top^text_i~5, type: io
	
Passed route at end.
Complex block 242: cb.top^cmd_w_i, type: io
	
Passed route at end.
Complex block 243: cb.top^cmd_i~2, type: io
	
Passed route at end.
Complex block 244: cb.top^cmd_i~1, type: io
	
Passed route at end.
Complex block 245: cb.top^cmd_i~0, type: io
	
Passed route at end.
Complex block 246: cb.out:top^text_o~24, type: io
	
Passed route at end.
Complex block 247: cb.out:top^text_o~23, type: io
	
Passed route at end.
Complex block 248: cb.out:top^text_o~22, type: io
	
Passed route at end.
Complex block 249: cb.out:top^text_o~21, type: io
	
Passed route at end.
Complex block 250: cb.out:top^text_o~20, type: io
	
Passed route at end.
Complex block 251: cb.out:top^text_o~19, type: io
	
Passed route at end.
Complex block 252: cb.out:top^text_o~18, type: io
	
Passed route at end.
Complex block 253: cb.out:top^text_o~17, type: io
	
Passed route at end.
Complex block 254: cb.out:top^text_o~16, type: io
	
Passed route at end.
Complex block 255: cb.out:top^text_o~15, type: io
	
Passed route at end.
Complex block 256: cb.out:top^text_o~14, type: io
	
Passed route at end.
Complex block 257: cb.out:top^text_o~13, type: io
	
Passed route at end.
Complex block 258: cb.out:top^text_o~12, type: io
	
Passed route at end.
Complex block 259: cb.out:top^text_o~11, type: io
	
Passed route at end.
Complex block 260: cb.out:top^text_o~10, type: io
	
Passed route at end.
Complex block 261: cb.out:top^text_o~9, type: io
	
Passed route at end.
Complex block 262: cb.out:top^text_o~8, type: io
	
Passed route at end.
Complex block 263: cb.out:top^text_o~7, type: io
	
Passed route at end.
Complex block 264: cb.out:top^text_o~6, type: io
	
Passed route at end.
Complex block 265: cb.out:top^text_o~5, type: io
	
Passed route at end.
Complex block 266: cb.out:top^text_o~4, type: io
	
Passed route at end.
Complex block 267: cb.out:top^text_o~3, type: io
	
Passed route at end.
Complex block 268: cb.out:top^text_o~2, type: io
	
Passed route at end.
Complex block 269: cb.out:top^text_o~1, type: io
	
Passed route at end.
Complex block 270: cb.out:top^cmd_o~3, type: io
	
Passed route at end.
Complex block 271: cb.out:top^cmd_o~2, type: io
	
Passed route at end.
Complex block 272: cb.out:top^cmd_o~1, type: io
	
Passed route at end.
Complex block 273: cb.out:top^cmd_o~0, type: io
	
Passed route at end.
Complex block 274: cb.out:top^text_o~31, type: io
	
Passed route at end.
Complex block 275: cb.out:top^text_o~30, type: io
	
Passed route at end.
Complex block 276: cb.out:top^text_o~29, type: io
	
Passed route at end.
Complex block 277: cb.out:top^text_o~28, type: io
	
Passed route at end.
Complex block 278: cb.out:top^text_o~27, type: io
	
Passed route at end.
Complex block 279: cb.out:top^text_o~26, type: io
	
Passed route at end.
Complex block 280: cb.out:top^text_o~25, type: io
	
Passed route at end.
Complex block 281: cb.out:top^text_o~0, type: io
	
Passed route at end.
Complex block 282: cb.top^clk_i, type: io
	
Passed route at end.
	<EMPTY>: # blocks: 0, average # input + clock pins used: 0, average # output pins used: 0
	io: # blocks: 74, average # input + clock pins used: 0.486486, average # output pins used: 0.513514
	clb: # blocks: 209, average # input + clock pins used: 21.3445, average # output pins used: 6.05742
	mult_36: # blocks: 0, average # input + clock pins used: 0, average # output pins used: 0
	memory: # blocks: 0, average # input + clock pins used: 0, average # output pins used: 0
Absorbed logical nets 1922 out of 3226 nets, 1304 nets not absorbed.

Netlist conversion complete.

Packing took 5.06 seconds.
Packing completed.
Begin parsing packed FPGA netlist file.
Finished parsing packed FPGA netlist file.
Netlist generated from file 'sha.net'.
n4589 is a constant generator.

Netlist num_nets: 1304
Netlist num_blocks: 283
Netlist <EMPTY> blocks: 0.
Netlist clb blocks: 209.
Netlist mult_36 blocks: 0.
Netlist memory blocks: 0.
Netlist inputs pins: 38
Netlist output pins: 36

Auto-sizing FPGA at x = 17 y = 17
Auto-sizing FPGA at x = 9 y = 9
Auto-sizing FPGA at x = 13 y = 13
Auto-sizing FPGA at x = 15 y = 15
Auto-sizing FPGA at x = 16 y = 16
Auto-sizing FPGA at x = 16 y = 16
FPGA auto-sized to x = 17 y = 17
The circuit will be mapped into a 17 x 17 array of clbs.

Resource usage...
	Netlist      0	blocks of type: <EMPTY>
	Architecture 16	blocks of type: <EMPTY>
	Netlist      74	blocks of type: io
	Architecture 544	blocks of type: io
	Netlist      209	blocks of type: clb
	Architecture 221	blocks of type: clb
	Netlist      0	blocks of type: mult_36
	Architecture 8	blocks of type: mult_36
	Netlist      0	blocks of type: memory
	Architecture 4	blocks of type: memory

Initial placement cost: 263.953 bb_cost: 263.953 td_cost: 0 delay_cost: 0

--------- --------- ----------- ----------- ----------- ----------- -------- -------- ------- ------- ------- --------- -------
        T      Cost  Av BB Cost  Av TD Cost  Av Tot Del  P to P Del    d_max  Ac Rate Std Dev R limit     Exp Tot Moves   Alpha
--------- --------- ----------- ----------- ----------- ----------- -------- -------- ------- ------- ------- --------- -------
 55.75562    265.71     265.714           0           0           0  35.0499   0.9984  2.6308 18.0000  0.0000      1857  0.5000
 27.87781     265.3     265.301           0           0           0  35.0499   0.9968  3.4098 18.0000  0.0000      3714  0.5000
 13.93890    264.36     264.357           0           0           0  35.0499   0.9882  3.9360 18.0000  0.0000      5571  0.5000
  6.96945    262.03     262.026           0           0           0  35.0499   0.9698  3.4346 18.0000  0.0000      7428  0.5000
  3.48473    258.65     258.648           0           0           0  35.0499   0.9553  3.8583 18.0000  0.0000      9285  0.9000
  3.13625    263.34     263.339           0           0           0  35.0499   0.9429  3.7288 18.0000  0.0000     11142  0.9000
  2.82263    260.12     260.119           0           0           0  35.0499   0.9478  2.9494 18.0000  0.0000     12999  0.9000
  2.54037       261     261.002           0           0           0  35.0499   0.9338  2.5474 18.0000  0.0000     14856  0.9000
  2.28633    256.14      256.14           0           0           0  35.0499   0.9198  2.4946 18.0000  0.0000     16713  0.9000
  2.05770    256.11     256.106           0           0           0  35.0499   0.8993  3.2571 18.0000  0.0000     18570  0.9000
  1.85193    259.29     259.288           0           0           0  35.0499   0.9058  3.8526 18.0000  0.0000     20427  0.9000
  1.66673    256.02     256.022           0           0           0  35.0499   0.8767  3.5848 18.0000  0.0000     22284  0.9000
  1.50006    255.37      255.37           0           0           0  35.0499   0.8745  4.2616 18.0000  0.0000     24141  0.9000
  1.35005    253.02     253.015           0           0           0  35.0499   0.8632  3.3029 18.0000  0.0000     25998  0.9000
  1.21505    250.89     250.887           0           0           0  35.0499   0.8530  3.8325 18.0000  0.0000     27855  0.9000
  1.09354    252.79     252.786           0           0           0  35.0499   0.8309  3.8830 18.0000  0.0000     29712  0.9000
  0.98419    252.48     252.484           0           0           0  35.0499   0.8331  3.0119 18.0000  0.0000     31569  0.9000
  0.88577    248.79     248.792           0           0           0  35.0499   0.8018  4.0405 18.0000  0.0000     33426  0.9000
  0.79719    249.44     249.436           0           0           0  35.0499   0.7814  2.9743 18.0000  0.0000     35283  0.9500
  0.75733    246.82     246.818           0           0           0  35.0499   0.7722  2.6585 18.0000  0.0000     37140  0.9500
  0.71947    245.22     245.221           0           0           0  35.0499   0.7706  4.1922 18.0000  0.0000     38997  0.9500
  0.68349    242.26     242.264           0           0           0  35.0499   0.7507  2.3303 18.0000  0.0000     40854  0.9500
  0.64932    241.38     241.384           0           0           0  35.0499   0.7372  3.4721 18.0000  0.0000     42711  0.9500
  0.61685    243.68     243.682           0           0           0  35.0499   0.7216  3.6517 18.0000  0.0000     44568  0.9500
  0.58601    236.48     236.481           0           0           0  35.0499   0.7114  5.3462 18.0000  0.0000     46425  0.9500
  0.55671    239.36     239.363           0           0           0  35.0499   0.7097  3.1572 18.0000  0.0000     48282  0.9500
  0.52887    233.37     233.365           0           0           0  35.0499   0.6618  3.5391 18.0000  0.0000     50139  0.9500
  0.50243    236.67     236.672           0           0           0  35.0499   0.6742  2.6222 18.0000  0.0000     51996  0.9500
  0.47731    236.63     236.631           0           0           0  35.0499   0.6586  3.8900 18.0000  0.0000     53853  0.9500
  0.45344     231.7     231.703           0           0           0  35.0499   0.6198  3.9162 18.0000  0.0000     55710  0.9500
  0.43077    227.42     227.419           0           0           0  35.0499   0.6134  1.9608 18.0000  0.0000     57567  0.9500
  0.40923    224.07     224.073           0           0           0  35.0499   0.6015  5.9973 18.0000  0.0000     59424  0.9500
  0.38877    213.51     213.507           0           0           0  35.0499   0.5390  3.0159 18.0000  0.0000     61281  0.9500
  0.36933    213.74     213.741           0           0           0  35.0499   0.5261  2.3421 18.0000  0.0000     63138  0.9500
  0.35087     212.1     212.104           0           0           0  35.0499   0.5127  1.5490 18.0000  0.0000     64995  0.9500
  0.33332     211.8     211.801           0           0           0  35.0499   0.4911  2.6363 18.0000  0.0000     66852  0.9500
  0.31666    205.49      205.49           0           0           0  35.0499   0.4750  2.6124 18.0000  0.0000     68709  0.9500
  0.30082    201.83     201.827           0           0           0  35.0499   0.4680  2.4006 18.0000  0.0000     70566  0.9500
  0.28578    204.45     204.452           0           0           0  35.0499   0.4470  2.2094 18.0000  0.0000     72423  0.9500
  0.27149    199.48     199.476           0           0           0  35.0499   0.4545  2.2238 18.0000  0.0000     74280  0.9500
  0.25792    200.12     200.118           0           0           0  35.0499   0.4276  2.9074 18.0000  0.0000     76137  0.9500
  0.24502    198.91     198.913           0           0           0  35.0499   0.4066  1.9878 17.7763  0.0000     77994  0.9500
  0.23277    195.32     195.324           0           0           0  35.0499   0.4346  2.4245 17.1820  0.0000     79851  0.9500
  0.22113    191.22     191.222           0           0           0  35.0499   0.4060  3.1429 17.0888  0.0000     81708  0.9500
  0.21008    189.82      189.82           0           0           0  35.0499   0.3942  1.2087 16.5083  0.0000     83565  0.9500
  0.19957    182.25     182.255           0           0           0  35.0499   0.3802  2.4513 15.7519  0.0000     85422  0.9500
  0.18959    175.83     175.833           0           0           0  35.0499   0.3630  2.3897 14.8097  0.0000     87279  0.9500
  0.18011    168.74     168.741           0           0           0  35.0499   0.3500  1.2903 13.6686  0.0000     89136  0.9500
  0.17111    166.81     166.808           0           0           0  35.0499   0.3522  1.3766 12.4388  0.0000     90993  0.9500
  0.16255    167.19     167.186           0           0           0  35.0499   0.3673  0.5983 11.3465  0.0000     92850  0.9500
  0.15443    166.06      166.06           0           0           0  35.0499   0.3506  1.5040 10.5211  0.0000     94707  0.9500
  0.14670     163.6     163.602           0           0           0  35.0499   0.3667  1.3536  9.5802  0.0000     96564  0.9500
  0.13937    161.05     161.052           0           0           0  35.0499   0.3866  0.8361  8.8781  0.0000     98421  0.9500
  0.13240    157.92     157.923           0           0           0  35.0499   0.3753  1.2623  8.4044  0.0000    100278  0.9500
  0.12578    156.58     156.581           0           0           0  35.0499   0.3726  1.0450  7.8610  0.0000    102135  0.9500
  0.11949    155.16     155.163           0           0           0  35.0499   0.3829  2.1780  7.3315  0.0000    103992  0.9500
  0.11352    152.91     152.906           0           0           0  35.0499   0.3904  0.6858  6.9127  0.0000    105849  0.9500
  0.10784    150.62     150.617           0           0           0  35.0499   0.3953  0.9433  6.5699  0.0000    107706  0.9500
  0.10245    150.26     150.261           0           0           0  35.0499   0.3926  0.4639  6.2760  0.0000    109563  0.9500
  0.09733    150.55     150.552           0           0           0  35.0499   0.3953  0.7302  5.9783  0.0000    111420  0.9500
  0.09246    147.45     147.447           0           0           0  35.0499   0.3780  0.6354  5.7108  0.0000    113277  0.9500
  0.08784    145.16     145.157           0           0           0  35.0499   0.3726  1.0249  5.3569  0.0000    115134  0.9500
  0.08345    143.67     143.672           0           0           0  35.0499   0.3780  0.5412  4.9961  0.0000    116991  0.9500
  0.07927    142.71      142.71           0           0           0  35.0499   0.3813  0.4309  4.6865  0.0000    118848  0.9500
  0.07531    141.57     141.566           0           0           0  35.0499   0.3796  1.0881  4.4112  0.0000    120705  0.9500
  0.07154    139.36     139.357           0           0           0  35.0499   0.3667  0.6802  4.1450  0.0000    122562  0.9500
  0.06797    137.68     137.682           0           0           0  35.0499   0.4179  1.1633  3.8412  0.0000    124419  0.9500
  0.06457    136.78     136.781           0           0           0  35.0499   0.4066  0.4430  3.7563  0.0000    126276  0.9500
  0.06134    137.17     137.171           0           0           0  35.0499   0.3823  0.4895  3.6307  0.0000    128133  0.9500
  0.05827    135.62     135.625           0           0           0  35.0499   0.3700  1.0106  3.4213  0.0000    129990  0.9500
  0.05536    134.62     134.623           0           0           0  35.0499   0.3726  0.3754  3.1817  0.0000    131847  0.9500
  0.05259    134.14     134.136           0           0           0  35.0499   0.4389  0.2404  2.9674  0.0000    133704  0.9500
  0.04996    133.97     133.966           0           0           0  35.0499   0.4184  0.4253  2.9640  0.0000    135561  0.9500
  0.04746    133.14     133.135           0           0           0  35.0499   0.4216  0.4425  2.9001  0.0000    137418  0.9500
  0.04509    131.45     131.448           0           0           0  35.0499   0.3780  0.4354  2.8468  0.0000    139275  0.9500
  0.04284    130.84     130.843           0           0           0  35.0499   0.3683  0.5616  2.6704  0.0000    141132  0.9500
  0.04069    130.09     130.093           0           0           0  35.0499   0.3689  0.3466  2.4791  0.0000    142989  0.9500
  0.03866    129.59      129.59           0           0           0  35.0499   0.3549  0.2503  2.3027  0.0000    144846  0.9500
  0.03673    129.84     129.841           0           0           0  35.0499   0.3802  0.1924  2.1067  0.0000    146703  0.9500
  0.03489    129.02     129.016           0           0           0  35.0499   0.4410  0.3718  1.9807  0.0000    148560  0.9500
  0.03315     128.5     128.495           0           0           0  35.0499   0.4383  0.1584  1.9827  0.0000    150417  0.9500
  0.03149    128.04     128.035           0           0           0  35.0499   0.4200  0.1540  1.9794  0.0000    152274  0.9500
  0.02991    127.79     127.794           0           0           0  35.0499   0.4190  0.1323  1.9399  0.0000    154131  0.9500
  0.02842    128.09     128.093           0           0           0  35.0499   0.4286  0.3174  1.8991  0.0000    155988  0.9500
  0.02700    127.41     127.412           0           0           0  35.0499   0.4050  0.1811  1.8775  0.0000    157845  0.9500
  0.02565    127.42     127.424           0           0           0  35.0499   0.4109  0.1251  1.8117  0.0000    159702  0.9500
  0.02437    127.45     127.453           0           0           0  35.0499   0.3737  0.1360  1.7590  0.0000    161559  0.9500
  0.02315    127.26      127.26           0           0           0  35.0499   0.3947  0.1187  1.6424  0.0000    163416  0.9500
  0.02199    126.82     126.821           0           0           0  35.0499   0.3516  0.3802  1.5680  0.0000    165273  0.9500
  0.02089    126.17     126.169           0           0           0  35.0499   0.3317  0.2238  1.4295  0.0000    167130  0.9500
  0.01985    125.52      125.52           0           0           0  35.0499   0.3538  0.0662  1.2747  0.0000    168987  0.9500
  0.01885    125.15     125.148           0           0           0  35.0499   0.3263  0.1645  1.1648  0.0000    170844  0.9500
  0.01791    125.17     125.165           0           0           0  35.0499   0.3059  0.1068  1.0324  0.0000    172701  0.9500
  0.01702    124.97     124.972           0           0           0  35.0499   0.2994  0.1472  1.0000  0.0000    174558  0.9500
  0.01616    124.34     124.344           0           0           0  35.0499   0.2757  0.2293  1.0000  0.0000    176415  0.9500
  0.01536    124.45     124.454           0           0           0  35.0499   0.2897  0.0802  1.0000  0.0000    178272  0.9500
  0.01459    124.23     124.233           0           0           0  35.0499   0.2784  0.0579  1.0000  0.0000    180129  0.9500
  0.01386    124.23     124.228           0           0           0  35.0499   0.2779  0.0583  1.0000  0.0000    181986  0.9500
  0.01317       124     123.996           0           0           0  35.0499   0.2531  0.0758  1.0000  0.0000    183843  0.9500
  0.01251    124.07     124.072           0           0           0  35.0499   0.2526  0.0722  1.0000  0.0000    185700  0.9500
  0.01188    123.96     123.956           0           0           0  35.0499   0.2574  0.0465  1.0000  0.0000    187557  0.9500
  0.01129    123.93     123.933           0           0           0  35.0499   0.2461  0.0588  1.0000  0.0000    189414  0.9500
  0.01072    123.84     123.838           0           0           0  35.0499   0.2332  0.1008  1.0000  0.0000    191271  0.9500
  0.01019    123.72     123.716           0           0           0  35.0499   0.2278  0.0580  1.0000  0.0000    193128  0.9500
  0.00968    123.79     123.787           0           0           0  35.0499   0.2434  0.1199  1.0000  0.0000    194985  0.9500
  0.00919    123.57      123.57           0           0           0  35.0499   0.2149  0.0607  1.0000  0.0000    196842  0.9500
  0.00873    123.45     123.451           0           0           0  35.0499   0.2073  0.0509  1.0000  0.0000    198699  0.9500
  0.00830    123.36     123.363           0           0           0  35.0499   0.2132  0.0626  1.0000  0.0000    200556  0.9500
  0.00788    123.35     123.345           0           0           0  35.0499   0.2036  0.0315  1.0000  0.0000    202413  0.9500
  0.00749    123.21     123.214           0           0           0  35.0499   0.1901  0.0536  1.0000  0.0000    204270  0.9500
  0.00711    123.25     123.252           0           0           0  35.0499   0.1831  0.0556  1.0000  0.0000    206127  0.9500
  0.00676    123.16     123.159           0           0           0  35.0499   0.1712  0.0388  1.0000  0.0000    207984  0.9500
  0.00642    123.15     123.146           0           0           0  35.0499   0.1831  0.0384  1.0000  0.0000    209841  0.9500
  0.00610     123.1     123.104           0           0           0  35.0499   0.1842  0.0451  1.0000  0.0000    211698  0.9500
  0.00579    123.07     123.073           0           0           0  35.0499   0.1583  0.0432  1.0000  0.0000    213555  0.9500
  0.00550    122.99     122.986           0           0           0  35.0499   0.1529  0.0324  1.0000  0.0000    215412  0.9500
  0.00523    123.09     123.091           0           0           0  35.0499   0.1470  0.0290  1.0000  0.0000    217269  0.8000
  0.00418    123.06     123.056           0           0           0  35.0499   0.1519  0.0332  1.0000  0.0000    219126  0.9500
  0.00397    123.01     123.015           0           0           0  35.0499   0.1292  0.0153  1.0000  0.0000    220983  0.8000
  0.00318    122.96     122.959           0           0           0  35.0499   0.1341  0.0191  1.0000  0.0000    222840  0.8000
  0.00254    122.93     122.926           0           0           0  35.0499   0.1292  0.0182  1.0000  0.0000    224697  0.8000
  0.00203     122.9     122.902           0           0           0  35.0499   0.1055  0.0118  1.0000  0.0000    226554  0.8000
  0.00163    122.88     122.883           0           0           0  35.0499   0.1147  0.0000  1.0000  0.0000    228411  0.8000
  0.00130    122.88      122.88           0           0           0  35.0499   0.1185  0.0038  1.0000  0.0000    230268  0.8000
  0.00104    122.88     122.879           0           0           0  35.0499   0.1163  0.0000  1.0000  0.0000    232125  0.8000
  0.00083    122.88     122.878           0           0           0  35.0499   0.0996  0.0000  1.0000  0.0000    233982  0.8000
  0.00067    122.88     122.878           0           0           0  35.0499   0.1012  0.0000  1.0000  0.0000    235839  0.8000
  0.00053    122.88     122.878           0           0           0  35.0499   0.1066  0.0000  1.0000  0.0000    237696  0.8000
  0.00000    122.88     122.878           0           0           0            0.0942  0.0000  1.0000  0.0000    239553

BB estimate of min-dist (placement) wirelength: 12220
bb_cost recomputed from scratch: 122.878

Completed placement consistency check successfully.

Swaps called: 239836
Placement cost: 122.878, bb_cost: 122.878, td_cost: 0, delay_cost: 0
Placement total # of swap attempts: 239836
	Swap reject rate: 0
	Swap accept rate: 0
	Swap abort rate: 0
Placement took 0.56 seconds.
The entire flow of VPR took 5.88 seconds.
