Node: 5230  TN_INPAD_SOURCE Block #30 (top^DXport~19)
Pin: inpad.inpad[0] pb (top^DXport~19)T_arr: 0  T_req: -2.3241e-08  Tdel: 0
Internal Net: #147 (top^DXport~19).  Pins on net: 5.

Node: 5229  TN_INPAD_OPIN Block #30 (top^DXport~19)
Pin: inpad.inpad[0] pb (top^DXport~19)
T_arr: 0  T_req: -2.3241e-08  Tdel: 4.243e-11
Internal Net: #147 (top^DXport~19).  Pins on net: 5.

Node: 5228  TN_CB_OPIN Block #30 (top^DXport~19)
Pin: io.inpad[0] pb (top^DXport~19)
T_arr: 4.243e-11  T_req: -2.31985e-08  Tdel: 1.47226e-09
External-to-Block Net: #252 (top^DXport~19).  Pins on net: 5.

Node: 3741  TN_CB_IPIN Block #10 (top^MULTIPLY~0[0])
Pin: mult_36.b[19] pb (top^MULTIPLY~0[0])
T_arr: 1.51469e-09  T_req: -2.17263e-08  Tdel: 1.34e-10
Internal Net: #147 (top^DXport~19).  Pins on net: 5.

Node: 3837  TN_INTERMEDIATE_NODE Block #10 (top^MULTIPLY~0[0])
Pin: mult_36x36_slice.B_cfg[19] pb (top^MULTIPLY~0[0])
T_arr: 1.64869e-09  T_req: -2.15923e-08  Tdel: 0
Internal Net: #147 (top^DXport~19).  Pins on net: 5.

Node: 3933  TN_PRIMITIVE_IPIN Block #10 (top^MULTIPLY~0[0])
Pin: mult_36x36.b[19] pb (top^MULTIPLY~0[0])
T_arr: 1.64869e-09  T_req: -2.15923e-08  Tdel: 1.523e-09
Internal Net: #147 (top^DXport~19).  Pins on net: 5.

Node: 3962  TN_PRIMITIVE_OPIN Block #10 (top^MULTIPLY~0[0])
Pin: mult_36x36.out[16] pb (top^MULTIPLY~0[0])
T_arr: 3.17169e-09  T_req: -2.00693e-08  Tdel: 0
Internal Net: #564 (top^MULTIPLY~0[16]).  Pins on net: 5.

Node: 3866  TN_INTERMEDIATE_NODE Block #10 (top^MULTIPLY~0[0])
Pin: mult_36x36_slice.OUT_cfg[16] pb (top^MULTIPLY~0[0])
T_arr: 3.17169e-09  T_req: -2.00693e-08  Tdel: 1.93e-09
Internal Net: #564 (top^MULTIPLY~0[16]).  Pins on net: 5.

Node: 3770  TN_CB_OPIN Block #10 (top^MULTIPLY~0[0])
Pin: mult_36.out[16] pb (top^MULTIPLY~0[0])
T_arr: 5.10169e-09  T_req: -1.81393e-08  Tdel: 1.3592e-09
External-to-Block Net: #281 (top^MULTIPLY~0[16]).  Pins on net: 3.

Node: 4995  TN_CB_IPIN Block #14 (top^MULTIPLY~42[0])
Pin: mult_36.a[16] pb (top^MULTIPLY~42[0])
T_arr: 6.46089e-09  T_req: -1.67801e-08  Tdel: 1.34e-10
Internal Net: #564 (top^MULTIPLY~0[16]).  Pins on net: 5.

Node: 5063  TN_INTERMEDIATE_NODE Block #14 (top^MULTIPLY~42[0])
Pin: mult_36x36_slice.A_cfg[16] pb (top^MULTIPLY~42[0])
T_arr: 6.59489e-09  T_req: -1.66461e-08  Tdel: 0
Internal Net: #564 (top^MULTIPLY~0[16]).  Pins on net: 5.

Node: 5131  TN_PRIMITIVE_IPIN Block #14 (top^MULTIPLY~42[0])
Pin: mult_36x36.a[16] pb (top^MULTIPLY~42[0])
T_arr: 6.59489e-09  T_req: -1.66461e-08  Tdel: 1.523e-09
Internal Net: #564 (top^MULTIPLY~0[16]).  Pins on net: 5.

Node: 5169  TN_PRIMITIVE_OPIN Block #14 (top^MULTIPLY~42[0])
Pin: mult_36x36.out[20] pb (top^MULTIPLY~42[0])
T_arr: 8.11789e-09  T_req: -1.51231e-08  Tdel: 0
Internal Net: #601 (top^MULTIPLY~42[20]).  Pins on net: 2.

Node: 5101  TN_INTERMEDIATE_NODE Block #14 (top^MULTIPLY~42[0])
Pin: mult_36x36_slice.OUT_cfg[20] pb (top^MULTIPLY~42[0])
T_arr: 8.11789e-09  T_req: -1.51231e-08  Tdel: 1.93e-09
Internal Net: #601 (top^MULTIPLY~42[20]).  Pins on net: 2.

Node: 5033  TN_CB_OPIN Block #14 (top^MULTIPLY~42[0])
Pin: mult_36.out[20] pb (top^MULTIPLY~42[0])
T_arr: 1.00479e-08  T_req: -1.31931e-08  Tdel: 1.13088e-09
External-to-Block Net: #331 (top^MULTIPLY~42[20]).  Pins on net: 2.

Node: 4705  TN_CB_IPIN Block #13 (top^MULTIPLY~43[0])
Pin: mult_36.a[20] pb (top^MULTIPLY~43[0])
T_arr: 1.11788e-08  T_req: -1.20622e-08  Tdel: 1.34e-10
Internal Net: #601 (top^MULTIPLY~42[20]).  Pins on net: 2.

Node: 4803  TN_INTERMEDIATE_NODE Block #13 (top^MULTIPLY~43[0])
Pin: mult_36x36_slice.A_cfg[20] pb (top^MULTIPLY~43[0])
T_arr: 1.13128e-08  T_req: -1.19282e-08  Tdel: 0
Internal Net: #601 (top^MULTIPLY~42[20]).  Pins on net: 2.

Node: 4901  TN_PRIMITIVE_IPIN Block #13 (top^MULTIPLY~43[0])
Pin: mult_36x36.a[20] pb (top^MULTIPLY~43[0])
T_arr: 1.13128e-08  T_req: -1.19282e-08  Tdel: 1.523e-09
Internal Net: #601 (top^MULTIPLY~42[20]).  Pins on net: 2.

Node: 4947  TN_PRIMITIVE_OPIN Block #13 (top^MULTIPLY~43[0])
Pin: mult_36x36.out[0] pb (top^MULTIPLY~43[0])
T_arr: 1.28358e-08  T_req: -1.04052e-08  Tdel: 0
Internal Net: #615 (top^MULTIPLY~43[0]).  Pins on net: 6.

Node: 4849  TN_INTERMEDIATE_NODE Block #13 (top^MULTIPLY~43[0])
Pin: mult_36x36_slice.OUT_cfg[0] pb (top^MULTIPLY~43[0])
T_arr: 1.28358e-08  T_req: -1.04052e-08  Tdel: 1.93e-09
Internal Net: #615 (top^MULTIPLY~43[0]).  Pins on net: 6.

Node: 4751  TN_CB_OPIN Block #13 (top^MULTIPLY~43[0])
Pin: mult_36.out[0] pb (top^MULTIPLY~43[0])
T_arr: 1.47658e-08  T_req: -8.4752e-09  Tdel: 2.07998e-10
External-to-Block Net: #196 (top^MULTIPLY~43[0]).  Pins on net: 3.

Node: 2637  TN_CB_IPIN Block #7 (n1581_1)
Pin: clb.I[36] pb (n1581_1)
T_arr: 1.49738e-08  T_req: -8.2672e-09  Tdel: 9.49996e-11
Internal Net: #615 (top^MULTIPLY~43[0]).  Pins on net: 6.

Node: 2722  TN_INTERMEDIATE_NODE Block #7 (n1581_1)
Pin: fle.in[0] pb (n1567_1)
T_arr: 1.50688e-08  T_req: -8.1722e-09  Tdel: 0
Internal Net: #615 (top^MULTIPLY~43[0]).  Pins on net: 6.

Node: 2729  TN_INTERMEDIATE_NODE Block #7 (n1581_1)
Pin: ble6.in[0] pb (n1567_1)
T_arr: 1.50688e-08  T_req: -8.1722e-09  Tdel: 0
Internal Net: #615 (top^MULTIPLY~43[0]).  Pins on net: 6.

Node: 2736  TN_INTERMEDIATE_NODE Block #7 (n1581_1)
Pin: lut6.in[0] pb (n1567_1)
T_arr: 1.50688e-08  T_req: -8.1722e-09  Tdel: 0
Internal Net: #615 (top^MULTIPLY~43[0]).  Pins on net: 6.

Node: 2743  TN_PRIMITIVE_IPIN Block #7 (n1581_1)
Pin: lut.in[0] pb (n1567_1)
T_arr: 1.50688e-08  T_req: -8.1722e-09  Tdel: 2.61e-10
Internal Net: #615 (top^MULTIPLY~43[0]).  Pins on net: 6.

Node: 2749  TN_PRIMITIVE_OPIN Block #7 (n1581_1)
Pin: lut.out[0] pb (n1567_1)
T_arr: 1.53298e-08  T_req: -7.9112e-09  Tdel: 0
Internal Net: #751 (n1567_1).  Pins on net: 6.

Node: 2742  TN_INTERMEDIATE_NODE Block #7 (n1581_1)
Pin: lut6.out[0] pb (n1567_1)
T_arr: 1.53298e-08  T_req: -7.9112e-09  Tdel: 2.50004e-11
Internal Net: #751 (n1567_1).  Pins on net: 6.

Node: 2735  TN_INTERMEDIATE_NODE Block #7 (n1581_1)
Pin: ble6.out[0] pb (n1567_1)
T_arr: 1.53548e-08  T_req: -7.8862e-09  Tdel: 0
Internal Net: #751 (n1567_1).  Pins on net: 6.

Node: 2728  TN_INTERMEDIATE_NODE Block #7 (n1581_1)
Pin: fle.out[0] pb (n1567_1)
T_arr: 1.53548e-08  T_req: -7.8862e-09  Tdel: 0
Internal Net: #751 (n1567_1).  Pins on net: 6.

Node: 2643  TN_CB_OPIN Block #7 (n1581_1)
Pin: clb.O[2] pb (n1581_1)
T_arr: 1.53548e-08  T_req: -7.8862e-09  Tdel: 3.42421e-10
External-to-Block Net: #162 (n1567_1).  Pins on net: 3.

Node: 2243  TN_CB_IPIN Block #6 (n1602_1)
Pin: clb.I[13] pb (n1602_1)
T_arr: 1.56972e-08  T_req: -7.54378e-09  Tdel: 9.49996e-11
Internal Net: #751 (n1567_1).  Pins on net: 6.

Node: 2302  TN_INTERMEDIATE_NODE Block #6 (n1602_1)
Pin: fle.in[3] pb (n1579)
T_arr: 1.57922e-08  T_req: -7.44878e-09  Tdel: 0
Internal Net: #751 (n1567_1).  Pins on net: 6.

Node: 2309  TN_INTERMEDIATE_NODE Block #6 (n1602_1)
Pin: ble6.in[3] pb (n1579)
T_arr: 1.57922e-08  T_req: -7.44878e-09  Tdel: 0
Internal Net: #751 (n1567_1).  Pins on net: 6.

Node: 2316  TN_INTERMEDIATE_NODE Block #6 (n1602_1)
Pin: lut6.in[3] pb (n1579)
T_arr: 1.57922e-08  T_req: -7.44878e-09  Tdel: 0
Internal Net: #751 (n1567_1).  Pins on net: 6.

Node: 2323  TN_PRIMITIVE_IPIN Block #6 (n1602_1)
Pin: lut.in[3] pb (n1579)
T_arr: 1.57922e-08  T_req: -7.44878e-09  Tdel: 2.61e-10
Internal Net: #751 (n1567_1).  Pins on net: 6.

Node: 2326  TN_PRIMITIVE_OPIN Block #6 (n1602_1)
Pin: lut.out[0] pb (n1579)
T_arr: 1.60532e-08  T_req: -7.18778e-09  Tdel: 0
Internal Net: #761 (n1579).  Pins on net: 4.

Node: 2319  TN_INTERMEDIATE_NODE Block #6 (n1602_1)
Pin: lut6.out[0] pb (n1579)
T_arr: 1.60532e-08  T_req: -7.18778e-09  Tdel: 2.50004e-11
Internal Net: #761 (n1579).  Pins on net: 4.

Node: 2312  TN_INTERMEDIATE_NODE Block #6 (n1602_1)
Pin: ble6.out[0] pb (n1579)
T_arr: 1.60782e-08  T_req: -7.16278e-09  Tdel: 0
Internal Net: #761 (n1579).  Pins on net: 4.

Node: 2305  TN_INTERMEDIATE_NODE Block #6 (n1602_1)
Pin: fle.out[0] pb (n1579)
T_arr: 1.60782e-08  T_req: -7.16278e-09  Tdel: 7.49996e-11
Internal Net: #761 (n1579).  Pins on net: 4.

Node: 2364  TN_INTERMEDIATE_NODE Block #6 (n1602_1)
Pin: fle.in[2] pb (n1590)
T_arr: 1.61532e-08  T_req: -7.08778e-09  Tdel: 0
Internal Net: #761 (n1579).  Pins on net: 4.

Node: 2371  TN_INTERMEDIATE_NODE Block #6 (n1602_1)
Pin: ble6.in[2] pb (n1590)
T_arr: 1.61532e-08  T_req: -7.08778e-09  Tdel: 0
Internal Net: #761 (n1579).  Pins on net: 4.

Node: 2378  TN_INTERMEDIATE_NODE Block #6 (n1602_1)
Pin: lut6.in[2] pb (n1590)
T_arr: 1.61532e-08  T_req: -7.08778e-09  Tdel: 0
Internal Net: #761 (n1579).  Pins on net: 4.

Node: 2385  TN_PRIMITIVE_IPIN Block #6 (n1602_1)
Pin: lut.in[2] pb (n1590)
T_arr: 1.61532e-08  T_req: -7.08778e-09  Tdel: 2.61e-10
Internal Net: #761 (n1579).  Pins on net: 4.

Node: 2389  TN_PRIMITIVE_OPIN Block #6 (n1602_1)
Pin: lut.out[0] pb (n1590)
T_arr: 1.64142e-08  T_req: -6.82678e-09  Tdel: 0
Internal Net: #770 (n1590).  Pins on net: 5.

Node: 2382  TN_INTERMEDIATE_NODE Block #6 (n1602_1)
Pin: lut6.out[0] pb (n1590)
T_arr: 1.64142e-08  T_req: -6.82678e-09  Tdel: 2.50004e-11
Internal Net: #770 (n1590).  Pins on net: 5.

Node: 2375  TN_INTERMEDIATE_NODE Block #6 (n1602_1)
Pin: ble6.out[0] pb (n1590)
T_arr: 1.64392e-08  T_req: -6.80178e-09  Tdel: 0
Internal Net: #770 (n1590).  Pins on net: 5.

Node: 2368  TN_INTERMEDIATE_NODE Block #6 (n1602_1)
Pin: fle.out[0] pb (n1590)
T_arr: 1.64392e-08  T_req: -6.80178e-09  Tdel: 0
Internal Net: #770 (n1590).  Pins on net: 5.

Node: 2259  TN_CB_OPIN Block #6 (n1602_1)
Pin: clb.O[3] pb (n1602_1)
T_arr: 1.64392e-08  T_req: -6.80178e-09  Tdel: 3.42421e-10
External-to-Block Net: #132 (n1590).  Pins on net: 2.

Node: 1840  TN_CB_IPIN Block #5 (n1621_1)
Pin: clb.I[22] pb (n1621_1)
T_arr: 1.67816e-08  T_req: -6.45936e-09  Tdel: 9.49996e-11
Internal Net: #770 (n1590).  Pins on net: 5.

Node: 1893  TN_INTERMEDIATE_NODE Block #5 (n1621_1)
Pin: fle.in[3] pb (n1611_1)
T_arr: 1.68766e-08  T_req: -6.36436e-09  Tdel: 0
Internal Net: #770 (n1590).  Pins on net: 5.

Node: 1900  TN_INTERMEDIATE_NODE Block #5 (n1621_1)
Pin: ble6.in[3] pb (n1611_1)
T_arr: 1.68766e-08  T_req: -6.36436e-09  Tdel: 0
Internal Net: #770 (n1590).  Pins on net: 5.

Node: 1907  TN_INTERMEDIATE_NODE Block #5 (n1621_1)
Pin: lut6.in[3] pb (n1611_1)
T_arr: 1.68766e-08  T_req: -6.36436e-09  Tdel: 0
Internal Net: #770 (n1590).  Pins on net: 5.

Node: 1914  TN_PRIMITIVE_IPIN Block #5 (n1621_1)
Pin: lut.in[3] pb (n1611_1)
T_arr: 1.68766e-08  T_req: -6.36436e-09  Tdel: 2.61e-10
Internal Net: #770 (n1590).  Pins on net: 5.

Node: 1917  TN_PRIMITIVE_OPIN Block #5 (n1621_1)
Pin: lut.out[0] pb (n1611_1)
T_arr: 1.71376e-08  T_req: -6.10336e-09  Tdel: 0
Internal Net: #787 (n1611_1).  Pins on net: 4.

Node: 1910  TN_INTERMEDIATE_NODE Block #5 (n1621_1)
Pin: lut6.out[0] pb (n1611_1)
T_arr: 1.71376e-08  T_req: -6.10336e-09  Tdel: 2.50004e-11
Internal Net: #787 (n1611_1).  Pins on net: 4.

Node: 1903  TN_INTERMEDIATE_NODE Block #5 (n1621_1)
Pin: ble6.out[0] pb (n1611_1)
T_arr: 1.71626e-08  T_req: -6.07836e-09  Tdel: 0
Internal Net: #787 (n1611_1).  Pins on net: 4.

Node: 1896  TN_INTERMEDIATE_NODE Block #5 (n1621_1)
Pin: fle.out[0] pb (n1611_1)
T_arr: 1.71626e-08  T_req: -6.07836e-09  Tdel: 0
Internal Net: #787 (n1611_1).  Pins on net: 4.

Node: 1851  TN_CB_OPIN Block #5 (n1621_1)
Pin: clb.O[1] pb (n1621_1)
T_arr: 1.71626e-08  T_req: -6.07836e-09  Tdel: 3.43528e-10
External-to-Block Net: #143 (n1611_1).  Pins on net: 3.

Node: 3315  TN_CB_IPIN Block #9 (n1640)
Pin: clb.I[12] pb (n1640)
T_arr: 1.75061e-08  T_req: -5.73483e-09  Tdel: 9.49996e-11
Internal Net: #787 (n1611_1).  Pins on net: 4.

Node: 3551  TN_INTERMEDIATE_NODE Block #9 (n1640)
Pin: fle.in[4] pb (n1618)
T_arr: 1.76011e-08  T_req: -5.63983e-09  Tdel: 0
Internal Net: #787 (n1611_1).  Pins on net: 4.

Node: 3558  TN_INTERMEDIATE_NODE Block #9 (n1640)
Pin: ble6.in[4] pb (n1618)
T_arr: 1.76011e-08  T_req: -5.63983e-09  Tdel: 0
Internal Net: #787 (n1611_1).  Pins on net: 4.

Node: 3565  TN_INTERMEDIATE_NODE Block #9 (n1640)
Pin: lut6.in[4] pb (n1618)
T_arr: 1.76011e-08  T_req: -5.63983e-09  Tdel: 0
Internal Net: #787 (n1611_1).  Pins on net: 4.

Node: 3572  TN_PRIMITIVE_IPIN Block #9 (n1640)
Pin: lut.in[4] pb (n1618)
T_arr: 1.76011e-08  T_req: -5.63983e-09  Tdel: 2.61e-10
Internal Net: #787 (n1611_1).  Pins on net: 4.

Node: 3574  TN_PRIMITIVE_OPIN Block #9 (n1640)
Pin: lut.out[0] pb (n1618)
T_arr: 1.78621e-08  T_req: -5.37883e-09  Tdel: 0
Internal Net: #794 (n1618).  Pins on net: 7.

Node: 3567  TN_INTERMEDIATE_NODE Block #9 (n1640)
Pin: lut6.out[0] pb (n1618)
T_arr: 1.78621e-08  T_req: -5.37883e-09  Tdel: 2.50004e-11
Internal Net: #794 (n1618).  Pins on net: 7.

Node: 3560  TN_INTERMEDIATE_NODE Block #9 (n1640)
Pin: ble6.out[0] pb (n1618)
T_arr: 1.78871e-08  T_req: -5.35383e-09  Tdel: 0
Internal Net: #794 (n1618).  Pins on net: 7.

Node: 3553  TN_INTERMEDIATE_NODE Block #9 (n1640)
Pin: fle.out[0] pb (n1618)
T_arr: 1.78871e-08  T_req: -5.35383e-09  Tdel: 7.49996e-11
Internal Net: #794 (n1618).  Pins on net: 7.

Node: 3665  TN_INTERMEDIATE_NODE Block #9 (n1640)
Pin: fle.in[3] pb (n1640)
T_arr: 1.79621e-08  T_req: -5.27883e-09  Tdel: 0
Internal Net: #794 (n1618).  Pins on net: 7.

Node: 3672  TN_INTERMEDIATE_NODE Block #9 (n1640)
Pin: ble6.in[3] pb (n1640)
T_arr: 1.79621e-08  T_req: -5.27883e-09  Tdel: 0
Internal Net: #794 (n1618).  Pins on net: 7.

Node: 3679  TN_INTERMEDIATE_NODE Block #9 (n1640)
Pin: lut6.in[3] pb (n1640)
T_arr: 1.79621e-08  T_req: -5.27883e-09  Tdel: 0
Internal Net: #794 (n1618).  Pins on net: 7.

Node: 3686  TN_PRIMITIVE_IPIN Block #9 (n1640)
Pin: lut.in[3] pb (n1640)
T_arr: 1.79621e-08  T_req: -5.27883e-09  Tdel: 2.61e-10
Internal Net: #794 (n1618).  Pins on net: 7.

Node: 3689  TN_PRIMITIVE_OPIN Block #9 (n1640)
Pin: lut.out[0] pb (n1640)
T_arr: 1.82231e-08  T_req: -5.01783e-09  Tdel: 0
Internal Net: #811 (n1640).  Pins on net: 4.

Node: 3682  TN_INTERMEDIATE_NODE Block #9 (n1640)
Pin: lut6.out[0] pb (n1640)
T_arr: 1.82231e-08  T_req: -5.01783e-09  Tdel: 2.50004e-11
Internal Net: #811 (n1640).  Pins on net: 4.

Node: 3675  TN_INTERMEDIATE_NODE Block #9 (n1640)
Pin: ble6.out[0] pb (n1640)
T_arr: 1.82481e-08  T_req: -4.99283e-09  Tdel: 0
Internal Net: #811 (n1640).  Pins on net: 4.

Node: 3668  TN_INTERMEDIATE_NODE Block #9 (n1640)
Pin: fle.out[0] pb (n1640)
T_arr: 1.82481e-08  T_req: -4.99283e-09  Tdel: 0
Internal Net: #811 (n1640).  Pins on net: 4.

Node: 3336  TN_CB_OPIN Block #9 (n1640)
Pin: clb.O[9] pb (n1640)
T_arr: 1.82481e-08  T_req: -4.99283e-09  Tdel: 2.07999e-10
External-to-Block Net: #106 (n1640).  Pins on net: 3.

Node: 1467  TN_CB_IPIN Block #4 (n1660)
Pin: clb.I[22] pb (n1660)
T_arr: 1.84561e-08  T_req: -4.78483e-09  Tdel: 9.49996e-11
Internal Net: #811 (n1640).  Pins on net: 4.

Node: 1495  TN_INTERMEDIATE_NODE Block #4 (n1660)
Pin: fle.in[5] pb (n1647_1)
T_arr: 1.85511e-08  T_req: -4.68983e-09  Tdel: 0
Internal Net: #811 (n1640).  Pins on net: 4.

Node: 1502  TN_INTERMEDIATE_NODE Block #4 (n1660)
Pin: ble6.in[5] pb (n1647_1)
T_arr: 1.85511e-08  T_req: -4.68983e-09  Tdel: 0
Internal Net: #811 (n1640).  Pins on net: 4.

Node: 1509  TN_INTERMEDIATE_NODE Block #4 (n1660)
Pin: lut6.in[5] pb (n1647_1)
T_arr: 1.85511e-08  T_req: -4.68983e-09  Tdel: 0
Internal Net: #811 (n1640).  Pins on net: 4.

Node: 1516  TN_PRIMITIVE_IPIN Block #4 (n1660)
Pin: lut.in[5] pb (n1647_1)
T_arr: 1.85511e-08  T_req: -4.68983e-09  Tdel: 2.61e-10
Internal Net: #811 (n1640).  Pins on net: 4.

Node: 1517  TN_PRIMITIVE_OPIN Block #4 (n1660)
Pin: lut.out[0] pb (n1647_1)
T_arr: 1.88121e-08  T_req: -4.42883e-09  Tdel: 0
Internal Net: #818 (n1647_1).  Pins on net: 7.

Node: 1510  TN_INTERMEDIATE_NODE Block #4 (n1660)
Pin: lut6.out[0] pb (n1647_1)
T_arr: 1.88121e-08  T_req: -4.42883e-09  Tdel: 2.50004e-11
Internal Net: #818 (n1647_1).  Pins on net: 7.

Node: 1503  TN_INTERMEDIATE_NODE Block #4 (n1660)
Pin: ble6.out[0] pb (n1647_1)
T_arr: 1.88371e-08  T_req: -4.40383e-09  Tdel: 0
Internal Net: #818 (n1647_1).  Pins on net: 7.

Node: 1496  TN_INTERMEDIATE_NODE Block #4 (n1660)
Pin: fle.out[0] pb (n1647_1)
T_arr: 1.88371e-08  T_req: -4.40383e-09  Tdel: 0
Internal Net: #818 (n1647_1).  Pins on net: 7.

Node: 1477  TN_CB_OPIN Block #4 (n1660)
Pin: clb.O[0] pb (n1660)
T_arr: 1.88371e-08  T_req: -4.40383e-09  Tdel: 2.07999e-10
External-to-Block Net: #73 (n1647_1).  Pins on net: 3.

Node: 2997  TN_CB_IPIN Block #8 (n1672_1)
Pin: clb.I[21] pb (n1672_1)
T_arr: 1.90451e-08  T_req: -4.19583e-09  Tdel: 9.49996e-11
Internal Net: #818 (n1647_1).  Pins on net: 7.

Node: 3253  TN_INTERMEDIATE_NODE Block #8 (n1672_1)
Pin: fle.in[3] pb (n1669)
T_arr: 1.91401e-08  T_req: -4.10083e-09  Tdel: 0
Internal Net: #818 (n1647_1).  Pins on net: 7.

Node: 3260  TN_INTERMEDIATE_NODE Block #8 (n1672_1)
Pin: ble6.in[3] pb (n1669)
T_arr: 1.91401e-08  T_req: -4.10083e-09  Tdel: 0
Internal Net: #818 (n1647_1).  Pins on net: 7.

Node: 3267  TN_INTERMEDIATE_NODE Block #8 (n1672_1)
Pin: lut6.in[3] pb (n1669)
T_arr: 1.91401e-08  T_req: -4.10083e-09  Tdel: 0
Internal Net: #818 (n1647_1).  Pins on net: 7.

Node: 3274  TN_PRIMITIVE_IPIN Block #8 (n1672_1)
Pin: lut.in[3] pb (n1669)
T_arr: 1.91401e-08  T_req: -4.10083e-09  Tdel: 2.61e-10
Internal Net: #818 (n1647_1).  Pins on net: 7.

Node: 3277  TN_PRIMITIVE_OPIN Block #8 (n1672_1)
Pin: lut.out[0] pb (n1669)
T_arr: 1.94011e-08  T_req: -3.83983e-09  Tdel: 0
Internal Net: #836 (n1669).  Pins on net: 4.

Node: 3270  TN_INTERMEDIATE_NODE Block #8 (n1672_1)
Pin: lut6.out[0] pb (n1669)
T_arr: 1.94011e-08  T_req: -3.83983e-09  Tdel: 2.50004e-11
Internal Net: #836 (n1669).  Pins on net: 4.

Node: 3263  TN_INTERMEDIATE_NODE Block #8 (n1672_1)
Pin: ble6.out[0] pb (n1669)
T_arr: 1.94261e-08  T_req: -3.81483e-09  Tdel: 0
Internal Net: #836 (n1669).  Pins on net: 4.

Node: 3256  TN_INTERMEDIATE_NODE Block #8 (n1672_1)
Pin: fle.out[0] pb (n1669)
T_arr: 1.94261e-08  T_req: -3.81483e-09  Tdel: 0
Internal Net: #836 (n1669).  Pins on net: 4.

Node: 3014  TN_CB_OPIN Block #8 (n1672_1)
Pin: clb.O[8] pb (n1672_1)
T_arr: 1.94261e-08  T_req: -3.81483e-09  Tdel: 2.06892e-10
External-to-Block Net: #62 (n1669).  Pins on net: 2.

Node: 748  TN_CB_IPIN Block #2 (n1406)
Pin: clb.I[25] pb (n1406)
T_arr: 1.9633e-08  T_req: -3.60794e-09  Tdel: 9.49996e-11
Internal Net: #836 (n1669).  Pins on net: 4.

Node: 770  TN_INTERMEDIATE_NODE Block #2 (n1406)
Pin: fle.in[4] pb (n1677_1)
T_arr: 1.9728e-08  T_req: -3.51294e-09  Tdel: 0
Internal Net: #836 (n1669).  Pins on net: 4.

Node: 777  TN_INTERMEDIATE_NODE Block #2 (n1406)
Pin: ble6.in[4] pb (n1677_1)
T_arr: 1.9728e-08  T_req: -3.51294e-09  Tdel: 0
Internal Net: #836 (n1669).  Pins on net: 4.

Node: 784  TN_INTERMEDIATE_NODE Block #2 (n1406)
Pin: lut6.in[4] pb (n1677_1)
T_arr: 1.9728e-08  T_req: -3.51294e-09  Tdel: 0
Internal Net: #836 (n1669).  Pins on net: 4.

Node: 791  TN_PRIMITIVE_IPIN Block #2 (n1406)
Pin: lut.in[4] pb (n1677_1)
T_arr: 1.9728e-08  T_req: -3.51294e-09  Tdel: 2.61e-10
Internal Net: #836 (n1669).  Pins on net: 4.

Node: 793  TN_PRIMITIVE_OPIN Block #2 (n1406)
Pin: lut.out[0] pb (n1677_1)
T_arr: 1.9989e-08  T_req: -3.25194e-09  Tdel: 0
Internal Net: #842 (n1677_1).  Pins on net: 7.

Node: 786  TN_INTERMEDIATE_NODE Block #2 (n1406)
Pin: lut6.out[0] pb (n1677_1)
T_arr: 1.9989e-08  T_req: -3.25194e-09  Tdel: 2.50004e-11
Internal Net: #842 (n1677_1).  Pins on net: 7.

Node: 779  TN_INTERMEDIATE_NODE Block #2 (n1406)
Pin: ble6.out[0] pb (n1677_1)
T_arr: 2.0014e-08  T_req: -3.22694e-09  Tdel: 0
Internal Net: #842 (n1677_1).  Pins on net: 7.

Node: 772  TN_INTERMEDIATE_NODE Block #2 (n1406)
Pin: fle.out[0] pb (n1677_1)
T_arr: 2.0014e-08  T_req: -3.22694e-09  Tdel: 0
Internal Net: #842 (n1677_1).  Pins on net: 7.

Node: 756  TN_CB_OPIN Block #2 (n1406)
Pin: clb.O[0] pb (n1406)
T_arr: 2.0014e-08  T_req: -3.22694e-09  Tdel: 3.42421e-10
External-to-Block Net: #40 (n1677_1).  Pins on net: 3.

Node: 1093  TN_CB_IPIN Block #3 (n1688)
Pin: clb.I[22] pb (n1688)
T_arr: 2.03564e-08  T_req: -2.88452e-09  Tdel: 9.49996e-11
Internal Net: #842 (n1677_1).  Pins on net: 7.

Node: 1344  TN_INTERMEDIATE_NODE Block #3 (n1688)
Pin: fle.in[4] pb (n1681_1)
T_arr: 2.04514e-08  T_req: -2.78952e-09  Tdel: 0
Internal Net: #842 (n1677_1).  Pins on net: 7.

Node: 1351  TN_INTERMEDIATE_NODE Block #3 (n1688)
Pin: ble6.in[4] pb (n1681_1)
T_arr: 2.04514e-08  T_req: -2.78952e-09  Tdel: 0
Internal Net: #842 (n1677_1).  Pins on net: 7.

Node: 1358  TN_INTERMEDIATE_NODE Block #3 (n1688)
Pin: lut6.in[4] pb (n1681_1)
T_arr: 2.04514e-08  T_req: -2.78952e-09  Tdel: 0
Internal Net: #842 (n1677_1).  Pins on net: 7.

Node: 1365  TN_PRIMITIVE_IPIN Block #3 (n1688)
Pin: lut.in[4] pb (n1681_1)
T_arr: 2.04514e-08  T_req: -2.78952e-09  Tdel: 2.61e-10
Internal Net: #842 (n1677_1).  Pins on net: 7.

Node: 1367  TN_PRIMITIVE_OPIN Block #3 (n1688)
Pin: lut.out[0] pb (n1681_1)
T_arr: 2.07124e-08  T_req: -2.52852e-09  Tdel: 0
Internal Net: #844 (n1681_1).  Pins on net: 3.

Node: 1360  TN_INTERMEDIATE_NODE Block #3 (n1688)
Pin: lut6.out[0] pb (n1681_1)
T_arr: 2.07124e-08  T_req: -2.52852e-09  Tdel: 2.50004e-11
Internal Net: #844 (n1681_1).  Pins on net: 3.

Node: 1353  TN_INTERMEDIATE_NODE Block #3 (n1688)
Pin: ble6.out[0] pb (n1681_1)
T_arr: 2.07374e-08  T_req: -2.50352e-09  Tdel: 0
Internal Net: #844 (n1681_1).  Pins on net: 3.

Node: 1346  TN_INTERMEDIATE_NODE Block #3 (n1688)
Pin: fle.out[0] pb (n1681_1)
T_arr: 2.07374e-08  T_req: -2.50352e-09  Tdel: 7.49996e-11
Internal Net: #844 (n1681_1).  Pins on net: 3.

Node: 1427  TN_INTERMEDIATE_NODE Block #3 (n1688)
Pin: fle.in[3] pb (n1688)
T_arr: 2.08124e-08  T_req: -2.42852e-09  Tdel: 0
Internal Net: #844 (n1681_1).  Pins on net: 3.

Node: 1434  TN_INTERMEDIATE_NODE Block #3 (n1688)
Pin: ble6.in[3] pb (n1688)
T_arr: 2.08124e-08  T_req: -2.42852e-09  Tdel: 0
Internal Net: #844 (n1681_1).  Pins on net: 3.

Node: 1441  TN_INTERMEDIATE_NODE Block #3 (n1688)
Pin: lut6.in[3] pb (n1688)
T_arr: 2.08124e-08  T_req: -2.42852e-09  Tdel: 0
Internal Net: #844 (n1681_1).  Pins on net: 3.

Node: 1448  TN_PRIMITIVE_IPIN Block #3 (n1688)
Pin: lut.in[3] pb (n1688)
T_arr: 2.08124e-08  T_req: -2.42852e-09  Tdel: 2.61e-10
Internal Net: #844 (n1681_1).  Pins on net: 3.

Node: 1451  TN_PRIMITIVE_OPIN Block #3 (n1688)
Pin: lut.out[0] pb (n1688)
T_arr: 2.10734e-08  T_req: -2.16752e-09  Tdel: 0
Internal Net: #849 (n1688).  Pins on net: 5.

Node: 1444  TN_INTERMEDIATE_NODE Block #3 (n1688)
Pin: lut6.out[0] pb (n1688)
T_arr: 2.10734e-08  T_req: -2.16752e-09  Tdel: 2.50004e-11
Internal Net: #849 (n1688).  Pins on net: 5.

Node: 1437  TN_INTERMEDIATE_NODE Block #3 (n1688)
Pin: ble6.out[0] pb (n1688)
T_arr: 2.10984e-08  T_req: -2.14252e-09  Tdel: 0
Internal Net: #849 (n1688).  Pins on net: 5.

Node: 1430  TN_INTERMEDIATE_NODE Block #3 (n1688)
Pin: fle.out[0] pb (n1688)
T_arr: 2.10984e-08  T_req: -2.14252e-09  Tdel: 0
Internal Net: #849 (n1688).  Pins on net: 5.

Node: 1110  TN_CB_OPIN Block #3 (n1688)
Pin: clb.O[9] pb (n1688)
T_arr: 2.10984e-08  T_req: -2.14252e-09  Tdel: 3.42421e-10
External-to-Block Net: #39 (n1688).  Pins on net: 3.

Node: 373  TN_CB_IPIN Block #1 (n1719)
Pin: clb.I[32] pb (n1719)
T_arr: 2.14409e-08  T_req: -1.8001e-09  Tdel: 9.49996e-11
Internal Net: #849 (n1688).  Pins on net: 5.

Node: 703  TN_INTERMEDIATE_NODE Block #1 (n1719)
Pin: fle.in[5] pb (n1719)
T_arr: 2.15359e-08  T_req: -1.7051e-09  Tdel: 0
Internal Net: #849 (n1688).  Pins on net: 5.

Node: 710  TN_INTERMEDIATE_NODE Block #1 (n1719)
Pin: ble6.in[5] pb (n1719)
T_arr: 2.15359e-08  T_req: -1.7051e-09  Tdel: 0
Internal Net: #849 (n1688).  Pins on net: 5.

Node: 717  TN_INTERMEDIATE_NODE Block #1 (n1719)
Pin: lut6.in[5] pb (n1719)
T_arr: 2.15359e-08  T_req: -1.7051e-09  Tdel: 0
Internal Net: #849 (n1688).  Pins on net: 5.

Node: 724  TN_PRIMITIVE_IPIN Block #1 (n1719)
Pin: lut.in[5] pb (n1719)
T_arr: 2.15359e-08  T_req: -1.7051e-09  Tdel: 2.61e-10
Internal Net: #849 (n1688).  Pins on net: 5.

Node: 725  TN_PRIMITIVE_OPIN Block #1 (n1719)
Pin: lut.out[0] pb (n1719)
T_arr: 2.17969e-08  T_req: -1.4441e-09  Tdel: 0
Internal Net: #876 (n1719).  Pins on net: 2.

Node: 718  TN_INTERMEDIATE_NODE Block #1 (n1719)
Pin: lut6.out[0] pb (n1719)
T_arr: 2.17969e-08  T_req: -1.4441e-09  Tdel: 2.50004e-11
Internal Net: #876 (n1719).  Pins on net: 2.

Node: 711  TN_INTERMEDIATE_NODE Block #1 (n1719)
Pin: ble6.out[0] pb (n1719)
T_arr: 2.18219e-08  T_req: -1.4191e-09  Tdel: 0
Internal Net: #876 (n1719).  Pins on net: 2.

Node: 704  TN_INTERMEDIATE_NODE Block #1 (n1719)
Pin: fle.out[0] pb (n1719)
T_arr: 2.18219e-08  T_req: -1.4191e-09  Tdel: 0
Internal Net: #876 (n1719).  Pins on net: 2.

Node: 386  TN_CB_OPIN Block #1 (n1719)
Pin: clb.O[9] pb (n1719)
T_arr: 2.18219e-08  T_req: -1.4191e-09  Tdel: 3.43528e-10
External-to-Block Net: #19 (n1719).  Pins on net: 2.

Node: 19  TN_CB_IPIN Block #0 (n1416)
Pin: clb.I[39] pb (n1416)
T_arr: 2.21654e-08  T_req: -1.07557e-09  Tdel: 9.49996e-11
Internal Net: #876 (n1719).  Pins on net: 2.

Node: 29  TN_INTERMEDIATE_NODE Block #0 (n1416)
Pin: fle.in[4] pb (n1718)
T_arr: 2.22604e-08  T_req: -9.8057e-10  Tdel: 0
Internal Net: #876 (n1719).  Pins on net: 2.

Node: 36  TN_INTERMEDIATE_NODE Block #0 (n1416)
Pin: ble6.in[4] pb (n1718)
T_arr: 2.22604e-08  T_req: -9.8057e-10  Tdel: 0
Internal Net: #876 (n1719).  Pins on net: 2.

Node: 43  TN_INTERMEDIATE_NODE Block #0 (n1416)
Pin: lut6.in[4] pb (n1718)
T_arr: 2.22604e-08  T_req: -9.8057e-10  Tdel: 0
Internal Net: #876 (n1719).  Pins on net: 2.

Node: 50  TN_PRIMITIVE_IPIN Block #0 (n1416)
Pin: lut.in[4] pb (n1718)
T_arr: 2.22604e-08  T_req: -9.8057e-10  Tdel: 2.61e-10
Internal Net: #876 (n1719).  Pins on net: 2.

Node: 52  TN_PRIMITIVE_OPIN Block #0 (n1416)
Pin: lut.out[0] pb (n1718)
T_arr: 2.25214e-08  T_req: -7.1957e-10  Tdel: 0
Internal Net: #874 (n1718).  Pins on net: 3.

Node: 45  TN_INTERMEDIATE_NODE Block #0 (n1416)
Pin: lut6.out[0] pb (n1718)
T_arr: 2.25214e-08  T_req: -7.1957e-10  Tdel: 2.50004e-11
Internal Net: #874 (n1718).  Pins on net: 3.

Node: 38  TN_INTERMEDIATE_NODE Block #0 (n1416)
Pin: ble6.out[0] pb (n1718)
T_arr: 2.25464e-08  T_req: -6.9457e-10  Tdel: 0
Internal Net: #874 (n1718).  Pins on net: 3.

Node: 31  TN_INTERMEDIATE_NODE Block #0 (n1416)
Pin: fle.out[0] pb (n1718)
T_arr: 2.25464e-08  T_req: -6.9457e-10  Tdel: 7.49996e-11
Internal Net: #874 (n1718).  Pins on net: 3.

Node: 277  TN_INTERMEDIATE_NODE Block #0 (n1416)
Pin: fle.in[3] pb (n1714)
T_arr: 2.26214e-08  T_req: -6.1957e-10  Tdel: 0
Internal Net: #874 (n1718).  Pins on net: 3.

Node: 284  TN_INTERMEDIATE_NODE Block #0 (n1416)
Pin: lut5inter.in[3] pb (n1714)
T_arr: 2.26214e-08  T_req: -6.1957e-10  Tdel: 0
Internal Net: #874 (n1718).  Pins on net: 3.

Node: 291  TN_INTERMEDIATE_NODE Block #0 (n1416)
Pin: ble5.in[3] pb (n1721_1)
T_arr: 2.26214e-08  T_req: -6.1957e-10  Tdel: 0
Internal Net: #874 (n1718).  Pins on net: 3.

Node: 297  TN_INTERMEDIATE_NODE Block #0 (n1416)
Pin: lut5.in[3] pb (n1721_1)
T_arr: 2.26214e-08  T_req: -6.1957e-10  Tdel: 0
Internal Net: #874 (n1718).  Pins on net: 3.

Node: 303  TN_PRIMITIVE_IPIN Block #0 (n1416)
Pin: lut.in[3] pb (n1721_1)
T_arr: 2.26214e-08  T_req: -6.1957e-10  Tdel: 2.35e-10
Internal Net: #874 (n1718).  Pins on net: 3.

Node: 305  TN_PRIMITIVE_OPIN Block #0 (n1416)
Pin: lut.out[0] pb (n1721_1)
T_arr: 2.28564e-08  T_req: -3.8457e-10  Tdel: 0
Internal Net: #877 (n1721_1).  Pins on net: 2.

Node: 299  TN_INTERMEDIATE_NODE Block #0 (n1416)
Pin: lut5.out[0] pb (n1721_1)
T_arr: 2.28564e-08  T_req: -3.8457e-10  Tdel: 2.50004e-11
Internal Net: #877 (n1721_1).  Pins on net: 2.

Node: 293  TN_INTERMEDIATE_NODE Block #0 (n1416)
Pin: ble5.out[0] pb (n1721_1)
T_arr: 2.28814e-08  T_req: -3.5957e-10  Tdel: 0
Internal Net: #877 (n1721_1).  Pins on net: 2.

Node: 286  TN_INTERMEDIATE_NODE Block #0 (n1416)
Pin: lut5inter.out[0] pb (n1714)
T_arr: 2.28814e-08  T_req: -3.5957e-10  Tdel: 0
Internal Net: #877 (n1721_1).  Pins on net: 2.

Node: 279  TN_INTERMEDIATE_NODE Block #0 (n1416)
Pin: fle.out[0] pb (n1714)
T_arr: 2.28814e-08  T_req: -3.5957e-10  Tdel: 7.49996e-11
Internal Net: #877 (n1721_1).  Pins on net: 2.

Node: 188  TN_INTERMEDIATE_NODE Block #0 (n1416)
Pin: fle.in[5] pb (n1421)
T_arr: 2.29564e-08  T_req: -2.8457e-10  Tdel: 0
Internal Net: #877 (n1721_1).  Pins on net: 2.

Node: 196  TN_INTERMEDIATE_NODE Block #0 (n1416)
Pin: ble6.in[5] pb (n1421)
T_arr: 2.29564e-08  T_req: -2.8457e-10  Tdel: 0
Internal Net: #877 (n1721_1).  Pins on net: 2.

Node: 204  TN_INTERMEDIATE_NODE Block #0 (n1416)
Pin: lut6.in[5] pb (n1421)
T_arr: 2.29564e-08  T_req: -2.8457e-10  Tdel: 0
Internal Net: #877 (n1721_1).  Pins on net: 2.

Node: 211  TN_PRIMITIVE_IPIN Block #0 (n1416)
Pin: lut.in[5] pb (n1421)
T_arr: 2.29564e-08  T_req: -2.8457e-10  Tdel: 2.61e-10
Internal Net: #877 (n1721_1).  Pins on net: 2.

Node: 212  TN_PRIMITIVE_OPIN Block #0 (n1416)
Pin: lut.out[0] pb (n1421)
T_arr: 2.32174e-08  T_req: -2.357e-11  Tdel: 0
Internal Net: #418 (n1421).  Pins on net: 2.

Node: 205  TN_INTERMEDIATE_NODE Block #0 (n1416)
Pin: lut6.out[0] pb (n1421)
T_arr: 2.32174e-08  T_req: -2.357e-11  Tdel: 0
Internal Net: #418 (n1421).  Pins on net: 2.

Node: 213  TN_FF_IPIN Block #0 (n1416)
Pin: ff.D[0] pb (top^FF_NODE~172)
T_arr: 2.32174e-08  T_req: -2.357e-11  Tdel: 6.60005e-11
Internal Net: #418 (n1421).  Pins on net: 2.

Node: 214  TN_FF_SINK Block #0 (n1416)
Pin: ff.D[0] pb (top^FF_NODE~172)
T_arr: 2.32834e-08  T_req: 4.243e-11  
Internal Net: #418 (n1421).  Pins on net: 2.


Tnodes on critical path: 162  Non-global nets on critical path: 13.
Global nets on critical path: 0.
Total logic delay: 1.64334e-08 (s)  Total net delay: 6.84996e-09 (s)
