The following slacks have been normalized to be non-negative by relaxing the required times to the maximum arrival time.

Largest slack in design: -5.67791e-10
Smallest slack in design: -2.3241e-08
Total slack in design: -1.25923e-05
Total negative slack: 1.25923e-05


Range		-2.3e-08 to -1.9e-08	-1.9e-08 to -1.4e-08	-1.4e-08 to -9.6e-09	-9.6e-09 to -5.1e-09	-5.1e-09 to -5.7e-10	Not analysed
Slacks in range		280			126			135			246			480			38

Net #	Driver_tnode	to_node	Slack

    0	15613		    0	-8.77445e-10
    1	 4779		    1	-1.68563e-08
			  726	-1.70167e-08
    2	  387		    2	-2.32139e-08
			  750	-2.31879e-08
    3	 6523		    3	-1.14152e-08
			  755	-1.15768e-08
    4	 3016		    4	-7.52237e-09
			  360	-7.02584e-09
			  739	-7.76632e-09
			 1089	-7.02584e-09
			 1471	-7.02584e-09
			 1830	-8.91591e-09
			 2234	-7.56796e-09
			 2628	-7.29579e-09
			 3308	-7.43243e-09
			 3986	-7.6579e-09
			 4353	-7.75037e-09
			 5293	-7.43132e-09
			 5731	-7.8859e-09
			 6078	-7.75037e-09
			 6929	-7.27543e-09
			 7371	-7.99432e-09
			 7749	-7.63079e-09
			 8111	-7.99321e-09
			 8475	-7.99432e-09
			 8818	-7.74926e-09
			 9187	-7.298e-09
			 9514	-7.36195e-09
			 9965	-7.16248e-09
			10345	-7.8339e-09
			10691	-7.88479e-09
			11081	-7.99432e-09
			11468	-7.75037e-09
			11953	-8.12874e-09
			12419	-8.12874e-09
			12716	-8.3998e-09
			13070	-7.8599e-09
			13510	-7.85879e-09
    5	  764		    5	-2.03089e-09
			 3718	-2.26631e-08
			14474	-7.72999e-10
    6	  761		    6	-2.25544e-08
    7	15072		    7	-1.70178e-08
    8	15565		    8	-1.51132e-09
			  372	-1.51132e-09
			  753	-1.8908e-09
			 1082	-1.55288e-09
			 1470	-1.55288e-09
			 1825	-3.30742e-09
			 2245	-1.55398e-09
			 2635	-1.9168e-09
			 3306	-1.55288e-09
			 3992	-1.51132e-09
			 4360	-1.82393e-09
			 5286	-1.68951e-09
			 5718	-1.82283e-09
			 6058	-1.41845e-09
			 6947	-1.64574e-09
			 7372	-1.55398e-09
			 7739	-1.28292e-09
			 8133	-1.48422e-09
			 8467	-1.37579e-09
			 8847	-1.55398e-09
			 9198	-1.51022e-09
			 9517	-1.41845e-09
			 9953	-1.41845e-09
			10350	-1.28292e-09
			10700	-1.95836e-09
			11093	-1.93236e-09
    9	 1482		    9	-1.60885e-09
			  374	-7.98999e-10
			  749	-1.134e-09
			 1088	-7.98999e-10
			 1827	-2.55354e-09
			 2253	-1.33779e-09
			 2622	-1.60885e-09
			 2983	-1.63195e-09
			 3307	-1.06895e-09
			 3993	-7.98999e-10
			 4361	-1.36089e-09
			 5292	-9.33421e-10
			 5722	-1.49642e-09
			 6081	-1.06895e-09
			 6927	-9.33421e-10
			 7380	-2.30627e-09
			 7740	-2.2138e-09
			 8110	-2.44069e-09
			 8468	-2.17185e-09
			 8822	-2.01433e-09
			 9199	-1.8777e-09
			 9524	-1.40395e-09
			 9966	-2.28428e-09
			10343	-2.61928e-09
			10695	-1.40395e-09
			11097	-1.63084e-09
			11955	-2.30517e-09
			12417	-2.84617e-09
			12742	-1.76637e-09
			13091	-1.49642e-09
   10	 4780		   10	-1.60493e-08
			  732	-1.67728e-08
   11	 4781		   11	-1.63193e-08
   12	  763		   12	-2.2489e-08
   13	 5311		   13	-2.2382e-08
			  361	-2.27444e-08
			  751	-2.2021e-08
   14	15622		   14	-1.01297e-09
   15	  759		   15	-2.23806e-08
   16	  758		   16	-2.23806e-08
   17	15619		   17	-8.77445e-10
   18	 6525		   18	-1.08793e-08
   19	  386		   19	-2.3241e-08
   20	   20		  729	-2.25544e-08
   21	   21		  747	-2.6239e-09
			 3719	-2.26856e-08
			14479	-7.72999e-10
   22	   22		 3721	-2.26856e-08
			11951	-9.07421e-10
			15059	-2.46348e-09
   23	   23		 3720	-2.25512e-08
			11937	-1.44732e-09
   24	16060		   24	--
			  390	--
			  765	--
			 1114	--
			 1489	--
			 1863	--
			 2268	--
			 2651	--
			 3341	--
			 4009	--
			 4377	--
			 5316	--
			 5745	--
			 6095	--
			 6963	--
			 7394	--
			 7765	--
			 8143	--
			 8489	--
			 8853	--
			 9213	--
			 9543	--
			 9981	--
			10366	--
			10712	--
			11110	--
			11501	--
			11976	--
			12765	--
			13107	--
			13538	--
			13987	--
			14505	--
			15078	--
   25	 4776		  356	-1.78694e-08
			11482	-1.86915e-08
   26	15628		  357	-1.03437e-09
   27	 4777		  358	-1.72693e-08
			  735	-1.73075e-08
			 5300	-1.72696e-08
   28	 3010		  359	-2.18869e-08
   29	 6521		  362	-1.18738e-08
			 6083	-1.13111e-08
   30	 6092		  363	-2.2545e-08
   31	15634		  364	-1.14843e-09
   32	15631		  365	-1.0129e-09
   33	 6522		  366	-1.20993e-08
			 5291	-1.20996e-08
   34	 4774		  367	-1.75794e-08
			  734	-1.77242e-08
			 1090	-1.79938e-08
   35	 4775		  368	-1.75783e-08
			  742	-1.78586e-08
			 1091	-1.79927e-08
   36	 3011		  369	-2.20484e-08
   37	  757		  370	-2.27441e-08
			 5298	-2.27444e-08
   38	 5315		  371	-1.81033e-08
   39	 1110		  373	-2.3241e-08
			 6066	-2.2545e-08
   40	  756		  375	-2.28265e-08
			 1093	-2.3241e-08
   41	 6520		  376	-1.18738e-08
			 6082	-1.13122e-08
   42	15637		  377	-1.0129e-09
   43	 6094		  378	-2.2519e-08
   44	  379		  752	-2.18855e-08
   45	  380		  743	-3.16984e-09
			 1102	-3.30395e-09
			 3713	-2.25085e-08
			11470	-1.04295e-09
   46	  381		  730	-3.30426e-09
			 1092	-3.43948e-09
			 3714	-2.25523e-08
			11479	-9.08528e-10
   47	  382		  740	-1.78694e-08
			 5299	-1.78315e-08
   48	  383		  745	-2.75431e-09
			 3716	-2.25512e-08
			 5301	-2.71637e-09
   49	  384		 3715	-2.25523e-08
			11480	-4.13943e-09
   50	  385		 6064	-2.24919e-08
   51	  388		  741	-2.27184e-08
   52	  389		 6079	-2.23574e-08
   53	 6524		  727	-1.21427e-08
   54	15742		  728	-9.50344e-10
   55	11492		  731	-1.86915e-08
   56	 3012		  733	-2.15415e-08
   57	 4772		  736	-1.87161e-08
			 1077	-1.84632e-08
			 3006	-1.85817e-08
   58	 4773		  737	-1.88517e-08
			 3005	-1.90522e-08
   59	 1104		  738	-4.16179e-09
			 2984	-4.29732e-09
			 3711	-2.25076e-08
			11476	-1.17737e-09
   60	 4778		  744	-1.73086e-08
			 5287	-1.81033e-08
   61	 3009		  746	-1.94147e-08
   62	 3014		  748	-2.3241e-08
   63	15526		  754	-1.37048e-09
   64	  760		 2987	-4.36237e-09
			 3712	-2.30449e-08
			11469	-9.07421e-10
   65	  762		 3717	-2.26856e-08
			 5302	-3.5479e-09
   66	 6518		 1078	-1.27978e-08
   67	 1486		 1079	-2.3013e-08
			 2986	-2.1767e-08
			11471	-2.13659e-08
   68	 4770		 1080	-1.87982e-08
			 1455	-1.90782e-08
			 2996	-1.9304e-08
   69	 1488		 1081	-4.2439e-09
			 3008	-5.01963e-09
			 3708	-2.25276e-08
			 4346	-1.36089e-09
			11464	-1.04295e-09
   70	 6515		 1083	-1.31577e-08
   71	 6519		 1084	-1.29582e-08
   72	 1483		 1085	-3.97284e-09
			 2988	-5.01963e-09
			 3709	-2.2392e-08
			11461	-1.15487e-09
   73	 1477		 1086	-2.25997e-08
			 2997	-2.3241e-08
   74	 3015		 1087	-2.28797e-08
   75	15643		 1094	-9.92819e-10
   76	11491		 1095	-2.13659e-08
   77	 4769		 1096	-1.87993e-08
			 1475	-1.90793e-08
			 2995	-1.94407e-08
   78	 4771		 1097	-1.9867e-08
			 2989	-1.94147e-08
   79	11500		 1098	-2.12054e-08
   80	15640		 1099	-8.78477e-10
   81	 3013		 1100	-2.25187e-08
   82	 6516		 1101	-1.28238e-08
			 2980	-1.15779e-08
			11481	-1.11767e-08
   83	 1103		 2982	-2.15817e-08
			11478	-2.11805e-08
   84	 1105		 2990	-4.72479e-09
			 3710	-2.25512e-08
			11467	-1.04295e-09
   85	 1106		 2998	-1.9867e-08
   86	 1107		 2994	-2.1888e-08
   87	 1108		 2993	-2.20484e-08
   88	 1109		 3003	-2.1914e-08
   89	 1111		 2985	-2.15817e-08
			11465	-2.11817e-08
   90	 1112		 3002	-2.17161e-08
			11477	-2.11805e-08
   91	 1113		 3004	-2.1888e-08
   92	 6513		 1452	-1.37478e-08
   93	15754		 1453	-9.86899e-10
   94	 4369		 1454	-2.10439e-08
   95	15661		 1456	-8.78477e-10
   96	11975		 1457	-2.08173e-08
   97	 4375		 1458	-2.2961e-08
			11958	-2.02045e-08
   98	 4767		 1459	-2.00285e-08
			 4352	-1.97757e-08
   99	 4768		 1460	-2.00285e-08
			 4350	-2.00022e-08
  100	 4367		 1461	-5.33868e-09
			 3707	-2.25276e-08
			11463	-9.07421e-10
  101	 6511		 1462	-1.37727e-08
			 4357	-1.08143e-08
			11957	-1.08808e-08
  102	 3337		 1463	-2.27341e-08
			 4365	-2.04029e-08
  103	 6514		 1464	-1.39082e-08
  104	 6512		 1465	-1.41337e-08
			 4349	-1.41362e-08
  105	 4372		 1466	-2.05915e-08
  106	 3336		 1467	-2.3241e-08
			 4354	-2.26531e-08
  107	 4370		 1468	-2.00022e-08
  108	15646		 1469	-1.14732e-09
  109	 3329		 1472	-2.25985e-08
			 4347	-2.04029e-08
  110	 1858		 1473	-2.3013e-08
			 4356	-2.08173e-08
  111	 4371		 1474	-2.26531e-08
  112	 4368		 1476	-2.1071e-08
  113	 1478		 3706	-2.25087e-08
			 4358	-4.95137e-09
			11474	-9.08528e-10
  114	 1479		 4345	-1.97846e-08
  115	 1480		 4344	-2.1071e-08
  116	 1481		 4359	-2.04831e-08
  117	 1484		 4355	-2.03747e-08
  118	 1485		 4351	-2.05091e-08
  119	 1487		 4363	-2.03476e-08
  120	15760		 1826	-8.32397e-10
  121	 5742		 1828	-2.2382e-08
  122	15682		 1829	-1.0129e-09
  123	 5743		 1831	-1.93185e-08
  124	 4761		 1832	-2.20381e-08
  125	15763		 1833	-8.14815e-10
  126	 6507		 1834	-1.57602e-08
			 5720	-1.54917e-08
  127	 6506		 1835	-1.47216e-08
			 5708	-1.10423e-08
  128	 5737		 1836	-1.91179e-08
  129	 3330		 1837	-2.2987e-08
			 5717	-1.96675e-08
  130	 3331		 1838	-2.28774e-08
			 5726	-1.9558e-08
  131	 4760		 1839	-2.15675e-08
  132	 2259		 1840	-2.3241e-08
  133	 5744		 1841	-2.12211e-08
  134	11962		 1842	-1.8826e-08
  135	 3338		 1843	-2.2987e-08
			 5714	-1.96675e-08
  136	13098		 1844	-1.88674e-08
  137	 2267		 1845	-2.28243e-08
			 5712	-1.948e-08
  138	 4762		 1846	-2.03881e-08
			 3310	-2.08441e-08
			 5732	-2.02551e-08
  139	 6505		 1847	-1.495e-08
			 5723	-1.15128e-08
  140	 4759		 1848	-2.17042e-08
			 2255	-2.11951e-08
  141	 3332		 1849	-2.3013e-08
			 5709	-1.96935e-08
  142	 1850		 3318	-2.15404e-08
			 5730	-2.09525e-08
  143	 1851		 3315	-2.3241e-08
			 5715	-2.2382e-08
  144	 1852		 5711	-1.88357e-08
  145	 1853		 5288	-7.69837e-09
			10696	-7.92581e-09
			11094	-7.96943e-09
			11462	-7.96943e-09
			11954	-7.83279e-09
			12731	-7.8339e-09
			13085	-7.96943e-09
			13518	-7.96832e-09
			13958	-8.23938e-09
			14480	-8.10385e-09
			15063	-8.91591e-09
  146	 1854		 2236	-2.28243e-08
			13066	-1.862e-08
  147	 1855		 3314	-6.42421e-09
			 3701	-2.26204e-08
			 5733	-5.43084e-09
			14478	-1.04295e-09
  148	 1856		 3699	-2.2373e-08
			 5295	-9.07421e-10
			13083	-1.35978e-09
  149	 1857		 5710	-1.87837e-08
  150	 1859		 5716	-2.00679e-08
  151	 1860		 2235	-6.36968e-09
			 3698	-2.24157e-08
			11946	-2.17074e-09
  152	 1861		 3700	-2.24157e-08
			 5729	-2.30627e-09
			15062	-1.17737e-09
  153	 1862		 5725	-1.91187e-08
  154	15703		 2232	-1.0129e-09
  155	15700		 2233	-9.92819e-10
  156	 4755		 2237	-2.2652e-08
			 2619	-2.18751e-08
  157	13529		 2238	-1.7967e-08
  158	 4758		 2239	-2.24265e-08
  159	15694		 2240	-8.7737e-10
  160	 2645		 2241	-8.09763e-09
			 3693	-2.25501e-08
			11950	-1.31179e-09
  161	 2646		 2242	-7.96321e-09
			 3694	-2.26641e-08
			11936	-1.04295e-09
  162	 2643		 2243	-2.3241e-08
			 3991	-1.65291e-08
  163	 6504		 2244	-1.52846e-08
			13064	-1.14846e-08
  164	 6501		 2246	-1.578e-08
			13507	-1.12158e-08
  165	 6502		 2247	-1.578e-08
			13521	-1.08808e-08
  166	13537		 2248	-1.8302e-08
  167	 4754		 2249	-2.26531e-08
			 2639	-2.20746e-08
  168	15074		 2250	-1.7632e-08
  169	 4757		 2251	-2.24265e-08
  170	 4756		 2252	-2.2987e-08
			 2630	-2.2209e-08
  171	 6503		 2254	-1.58245e-08
			11947	-1.12862e-08
  172	 2650		 2256	-2.25974e-08
			13514	-1.8302e-08
  173	 2257		13522	-1.68826e-08
  174	 2258		 3697	-2.26845e-08
			11952	-7.71892e-10
  175	 2260		 2631	-7.65468e-09
			 3695	-2.24909e-08
			11938	-7.71892e-10
  176	 2261		 3696	-2.25276e-08
			11935	-1.04295e-09
  177	 2262		13523	-1.81676e-08
  178	 2263		11941	-1.8826e-08
  179	 2264		13076	-1.88674e-08
  180	 2265		13520	-1.76971e-08
  181	 2266		11956	-1.8328e-08
  182	15712		 2617	-8.76338e-10
  183	15709		 2618	-1.01401e-09
  184	15721		 2620	-9.93926e-10
  185	 4000		 2621	-1.60768e-08
  186	 4752		 2623	-2.3241e-08
			 3988	-2.2463e-08
  187	 4753		 2624	-2.3241e-08
			 3989	-2.25974e-08
  188	 4001		 2625	-1.67753e-08
  189	 6497		 2626	-1.65696e-08
			 3979	-1.10412e-08
  190	 6500		 2627	-1.6343e-08
			15055	-1.14196e-08
  191	 4005		 2629	-2.25974e-08
  192	 4006		 2632	-8.82105e-09
			 3690	-2.25286e-08
  193	15718		 2633	-1.03659e-09
  194	 6498		 2634	-1.68407e-08
			 3978	-1.11778e-08
  195	 4004		 2636	-2.2463e-08
  196	 4751		 2637	-2.3241e-08
			 3982	-2.2463e-08
  197	 6499		 2638	-1.64785e-08
			15054	-1.12851e-08
  198	 4008		 2640	-1.65473e-08
  199	 2641		 3691	-2.25501e-08
			 3994	-7.77315e-09
			15037	-1.31179e-09
  200	 2642		 3692	-2.25287e-08
			 3984	-7.77315e-09
			11475	-9.08528e-10
  201	 2644		15032	-1.7632e-08
  202	 2647		 3981	-1.67753e-08
  203	 2648		15039	-1.71081e-08
  204	 2649		15047	-1.69736e-08
  205	15544		 2981	-1.73401e-09
  206	15394		 2991	-3.59825e-09
			 8839	-8.05683e-09
			15031	-7.86688e-09
  207	15391		 2992	-3.73482e-09
			 8831	-8.57204e-09
			15033	-7.84894e-09
  208	 8850		 2999	-3.79087e-09
			 4749	-1.27516e-08
			 9206	-1.3389e-09
			15041	-8.05949e-09
  209	 8852		 3000	-3.65534e-09
			 4750	-1.27516e-08
			13956	-1.3129e-09
			15042	-7.92507e-09
  210	 9211		 3001	-8.91591e-09
			 8819	-6.7339e-09
  211	 6517		 3007	-1.34128e-08
  212	 4763		 3309	-2.08441e-08
			 5734	-2.12211e-08
  213	15679		 3311	-9.01057e-10
  214	 5739		 3312	-1.948e-08
  215	15757		 3313	-8.75057e-10
  216	 4764		 3316	-2.04831e-08
  217	 6510		 3317	-1.44701e-08
  218	 4766		 3319	-1.99101e-08
			 4362	-2.1315e-08
  219	 5741		 3320	-2.00679e-08
  220	 5740		 3321	-2.00419e-08
  221	 4376		 3322	-2.1315e-08
  222	 8483		 3323	-7.99432e-09
  223	 4374		 3324	-5.22132e-09
			 3705	-2.2373e-08
			14475	-1.44732e-09
  224	 6509		 3325	-1.50851e-08
  225	 6508		 3326	-1.49236e-08
  226	 4765		 3327	-2.0482e-08
  227	15670		 3328	-8.58397e-10
  228	 3333		 3702	-2.2663e-08
			 5724	-6.39568e-09
			14470	-1.17737e-09
  229	 3334		 4740	-1.27516e-08
			 8470	-7.22654e-09
			12414	-6.50423e-09
			14476	-1.17737e-09
  230	 3335		 3704	-2.32123e-08
			14481	-1.04295e-09
  231	 3339		 4348	-2.2961e-08
  232	 3340		 3703	-2.25276e-08
			 5721	-1.63084e-09
			14482	-1.17737e-09
  233	 5276		 3722	-2.21877e-08
			 5279	-8.07656e-09
			 6723	-1.63692e-08
			15027	-2.12187e-09
  234	 5222		 3723	-2.21866e-08
			 5281	-8.17347e-09
			 6724	-1.63079e-08
			15029	-2.33165e-09
  235	 5267		 3724	-2.22041e-08
			 5285	-8.05766e-09
			 6725	-1.63455e-08
			15034	-1.75669e-09
  236	 5201		 3725	-2.241e-08
			 5283	-7.94138e-09
			 6726	-1.65735e-08
			15060	-2.61165e-09
  237	 5252		 3726	-2.2318e-08
			 5284	-7.58106e-09
			 6727	-1.63902e-08
  238	 5183		 3727	-2.31195e-08
			 6728	-1.64281e-08
			 6948	-7.11505e-09
			15040	-3.02374e-09
  239	 5264		 3728	-2.24727e-08
			 6729	-1.66316e-08
			 6938	-7.11704e-09
			15048	-3.15309e-09
  240	 5186		 3729	-2.21122e-08
			 6730	-1.63261e-08
			 6931	-6.30016e-09
			13077	-1.30491e-09
  241	 5258		 3730	-2.24511e-08
			 6731	-1.6751e-08
			 6934	-6.61694e-09
			13078	-1.53228e-09
  242	 5249		 3731	-2.22619e-08
			 6732	-1.65047e-08
			 6941	-6.32813e-09
			12718	-1.93783e-09
  243	 5255		 3732	-2.21866e-08
			 6733	-1.65472e-08
			 6942	-6.37064e-09
			12721	-1.55236e-09
  244	 5261		 3733	-2.24626e-08
			 6734	-1.62852e-08
			 6944	-5.70053e-09
			12735	-3.01919e-09
  245	 5246		 3734	-2.22754e-08
			 6735	-1.64218e-08
			 6945	-5.92885e-09
			 7735	-2.00306e-09
			12404	-2.34206e-09
  246	 5240		 3735	-2.25681e-08
			 6736	-1.63526e-08
			 7750	-5.16018e-09
  247	 5243		 3736	-2.22994e-08
			 6737	-1.64128e-08
			 7748	-5.60707e-09
  248	 5237		 3737	-2.23899e-08
			 6738	-1.62863e-08
			 7732	-5.00485e-09
			 8116	-3.03548e-09
			11472	-1.93658e-09
  249	 5234		 3738	-2.19767e-08
			 6739	-1.64432e-08
			 7734	-4.84169e-09
			 8113	-2.67285e-09
  250	 5270		 3739	-2.19767e-08
			 6740	-1.68489e-08
			 8114	-5.63324e-09
  251	 5204		 3740	-2.21122e-08
			 6741	-1.64595e-08
			 7752	-4.32266e-09
			 8126	-2.17982e-09
			12411	-1.57376e-09
  252	 5228		 3741	-2.3241e-08
			 6742	-1.7293e-08
			 7754	-4.90122e-09
			 8128	-1.73179e-09
  253	 5213		 3742	-2.22051e-08
			 6743	-1.68864e-08
			 8461	-3.28019e-09
			12423	-4.27467e-09
  254	 5195		 3743	-2.21866e-08
			 6744	-1.62852e-08
			 8476	-2.63772e-09
			12400	-3.9672e-09
  255	 5225		 3744	-2.24316e-08
			 6745	-1.63254e-08
			 8480	-4.5466e-09
			12425	-1.73529e-09
  256	 5273		 3745	-2.27662e-08
			 6746	-1.65235e-08
			 7376	-3.64515e-09
			 8463	-2.52359e-09
			12390	-2.54396e-09
  257	 5189		 3746	-2.22794e-08
			 6747	-1.64128e-08
			 7377	-3.44044e-09
			 8472	-2.2988e-09
  258	 5231		 3747	-2.26189e-08
			 6748	-1.69355e-08
			 7368	-3.601e-09
			 8821	-3.26697e-09
			12406	-3.20095e-09
  259	 5219		 3748	-2.21122e-08
			 6749	-1.63832e-08
			 7383	-2.67174e-09
			 8824	-2.22579e-09
  260	 5198		 3749	-2.23498e-08
			 6750	-1.63792e-08
			 7373	-3.02731e-09
			 8820	-1.99631e-09
			11940	-2.53189e-09
  261	 5207		 3750	-2.31044e-08
			 6751	-1.65148e-08
			 7381	-2.58419e-09
			 8838	-2.22526e-09
  262	 5192		 3751	-2.23596e-08
			 6752	-1.64445e-08
			 7369	-2.44118e-09
			 8823	-2.30423e-09
  263	 5216		 3752	-2.21875e-08
			 6753	-1.63692e-08
			 8836	-1.73345e-09
  264	 5210		 3753	-2.22041e-08
			 6754	-1.64007e-08
			 8837	-1.93252e-09
  265	 3754		 4979	-2.25054e-08
			 9968	-1.22446e-08
			15030	-6.79558e-09
  266	 3755		 4980	-2.25646e-08
			 9970	-1.23791e-08
			15044	-7.20113e-09
  267	 3756		 4981	-2.20898e-08
			 9961	-1.23591e-08
			15036	-6.81705e-09
  268	 3757		 4982	-2.31944e-08
			 9951	-1.19814e-08
			13968	-6.46197e-09
  269	 3758		 4983	-2.26308e-08
			 9952	-1.20406e-08
			13952	-6.5211e-09
  270	 3759		 4984	-2.21651e-08
			 9959	-1.157e-08
			13948	-6.25115e-09
  271	 3760		 4985	-2.25281e-08
			 9955	-1.157e-08
			13949	-6.25115e-09
  272	 3761		 4986	-2.20898e-08
			 9515	-1.11426e-08
			10688	-6.02426e-09
  273	 3762		 4987	-2.27964e-08
			 9519	-1.0949e-08
  274	 3763		 4988	-2.24537e-08
			 9525	-1.06306e-08
			13065	-6.4797e-09
  275	 3764		 4989	-2.24526e-08
			 9516	-1.06517e-08
			13092	-6.59007e-09
  276	 3765		 4990	-2.20898e-08
			 9513	-1.07211e-08
			13090	-7.0396e-09
  277	 3766		 4991	-2.25471e-08
			 9510	-1.02956e-08
			12733	-6.74715e-09
  278	 3767		 4992	-2.25456e-08
			 9508	-9.82607e-09
			12741	-6.72699e-09
  279	 3768		 4993	-2.25881e-08
			 9527	-1.00032e-08
  280	 3769		 4994	-2.21651e-08
			 5719	-8.51757e-09
			11082	-9.1431e-09
  281	 3770		 4995	-2.3241e-08
			11080	-9.1431e-09
  282	 3771		 4996	-2.20898e-08
			11091	-9.4781e-09
			12728	-7.57943e-09
  283	 3772		 4997	-2.262e-08
			 6061	-8.87552e-09
			11089	-7.67215e-09
  284	 3773		 4998	-2.24738e-08
			 6062	-8.66926e-09
			11948	-6.904e-09
  285	 3774		 4999	-2.2435e-08
			 6065	-8.32974e-09
  286	 3775		 5000	-2.20898e-08
			 6072	-8.30723e-09
			10687	-7.1946e-09
			12744	-6.52221e-09
  287	 3776		 5001	-2.2528e-08
			10685	-8.98575e-09
  288	 3777		 5002	-2.26786e-08
			 6063	-7.81174e-09
			10689	-6.50202e-09
  289	 3778		 5003	-2.24361e-08
			 6068	-7.96874e-09
			10698	-6.5471e-09
  290	 3779		 3996	-6.3191e-09
			 5004	-2.21651e-08
			10357	-7.24421e-09
			12751	-6.65774e-09
  291	 3780		 3987	-6.77759e-09
			 5005	-2.25096e-08
			10358	-7.56606e-09
  292	 3781		 5006	-2.20898e-08
			10347	-7.71474e-09
			15057	-7.71616e-09
  293	 3782		 5007	-2.22253e-08
			10346	-6.74879e-09
  294	 3783		 5008	-2.26811e-08
			10356	-7.24618e-09
  295	 3784		 5009	-2.23182e-08
			10353	-6.4951e-09
			11087	-6.38612e-09
  296	 3785		 5010	-2.20898e-08
			10354	-6.63063e-09
  297	 6496		 3980	-1.7293e-08
  298	 7385		 3983	-8.17347e-09
  299	12763		 3985	-1.17915e-08
  300	 6495		 3990	-1.7293e-08
  301	15574		 3995	-9.75237e-10
  302	15727		 3997	-1.03659e-09
  303	 6086		 3998	-1.1454e-08
			10348	-1.23791e-08
			12734	-1.17915e-08
  304	 3999		 6489	-1.23802e-08
			10360	-2.49058e-09
			13503	-1.44843e-09
  305	 4002		 4748	-1.32915e-08
			 7374	-2.30627e-09
			 8825	-8.91591e-09
			14483	-1.31179e-09
			15038	-7.65512e-09
  306	 4003		 6488	-1.26265e-08
			10352	-2.21842e-09
			12746	-2.4204e-09
			13519	-2.10017e-09
  307	 4007		15859	-7.78607e-10
  308	15667		 4364	-1.01187e-09
  309	15658		 4366	-1.0129e-09
  310	 4373		11939	-2.08173e-08
  311	 5013		 4685	-2.27929e-08
  312	 5014		 4686	-2.28175e-08
  313	 5015		 4687	-2.28144e-08
  314	 5016		 4688	-2.2701e-08
  315	 5017		 4689	-2.27236e-08
  316	 5018		 4690	-2.27247e-08
  317	 5019		 4691	-2.27225e-08
  318	 5020		 4692	-2.27225e-08
  319	 5021		 4693	-2.28326e-08
  320	 5022		 4694	-2.28365e-08
  321	 5023		 4695	-2.28164e-08
  322	 5024		 4696	-2.27225e-08
  323	 5025		 4697	-2.28344e-08
  324	 5026		 4698	-2.2588e-08
  325	 5027		 4699	-2.26999e-08
  326	 5028		 4700	-2.27236e-08
  327	 5029		 4701	-2.27247e-08
  328	 5030		 4702	-2.27225e-08
  329	 5031		 4703	-2.27021e-08
  330	 5032		 4704	-2.28365e-08
  331	 5033		 4705	-2.3241e-08
  332	 5034		 4706	-2.27225e-08
  333	 5035		 4707	-2.30223e-08
  334	 5036		 4708	-2.26809e-08
  335	 5037		 4709	-2.28365e-08
  336	 5038		 4710	-2.2858e-08
  337	 5039		 4711	-2.27225e-08
  338	 5040		 4712	-2.31043e-08
  339	 5041		 4713	-2.27247e-08
  340	 5042		 4714	-2.28365e-08
  341	 5043		 4715	-2.28164e-08
  342	 5044		 4716	-2.31377e-08
  343	 5045		 4717	-2.28144e-08
  344	 5046		 4718	-2.2858e-08
  345	 5305		 4719	-1.3156e-08
			 9186	-5.50081e-09
			13954	-1.29143e-09
			15035	-1.388e-09
  346	 5307		 4720	-1.28656e-08
			 9195	-5.50081e-09
			15053	-2.04196e-09
  347	 5304		 4721	-1.26161e-08
			 9196	-5.50081e-09
			15043	-2.19674e-09
  348	 9212		 4722	-1.28634e-08
			 5289	-7.50158e-09
			13953	-1.3129e-09
			15061	-1.76637e-09
  349	 5303		 4723	-1.27527e-08
			 9191	-5.27534e-09
			11945	-1.04295e-09
  350	 6956		 4724	-1.30215e-08
			 9192	-4.80481e-09
			13967	-7.72999e-10
			15049	-2.42033e-09
  351	 6955		 4725	-1.34045e-08
			 9193	-4.67039e-09
			13086	-7.72999e-10
			15050	-2.30627e-09
  352	 6953		 4726	-1.2999e-08
			 9194	-4.71829e-09
			13088	-1.60937e-09
  353	 6954		 4727	-1.32396e-08
			 9188	-4.80481e-09
			13089	-1.362e-09
  354	 6951		 4728	-1.30215e-08
			 9200	-5.34471e-09
			12726	-4.67419e-09
			13074	-8.84916e-10
  355	 6959		 4729	-1.2886e-08
			 9204	-4.44381e-09
			12720	-5.37213e-09
			14473	-1.04184e-09
  356	 6957		 4730	-1.32904e-08
			 9205	-4.57823e-09
			12719	-4.6967e-09
  357	 6949		 4731	-1.34259e-08
			 7744	-1.73784e-09
			 8119	-4.83112e-09
			 9180	-4.57823e-09
			12418	-2.49451e-09
			14472	-1.31179e-09
  358	 7762		 4732	-1.27516e-08
			 8122	-4.56228e-09
			 9182	-4.44381e-09
			14464	-9.07421e-10
  359	 7764		 4733	-1.28871e-08
			 8118	-5.0577e-09
			14466	-9.07421e-10
  360	 7759		 4734	-1.32915e-08
			 8131	-4.92328e-09
			11466	-1.63195e-09
  361	 7763		 4735	-1.30204e-08
			 8112	-5.25717e-09
			12403	-5.91554e-09
			14465	-7.71892e-10
  362	 8142		 4736	-1.27516e-08
			12410	-5.51117e-09
			14469	-1.04295e-09
  363	 7758		 4737	-1.26161e-08
			 8125	-1.96584e-09
			12422	-5.87106e-09
			14471	-9.07421e-10
  364	 7756		 4738	-1.30215e-08
			 8123	-1.49531e-09
			11473	-9.07421e-10
			12394	-6.00659e-09
  365	 8484		 4739	-1.2886e-08
			12413	-6.23206e-09
			14477	-7.71892e-10
  366	 8488		 4741	-1.29811e-08
			12396	-8.05949e-09
			14468	-7.72999e-10
  367	 7387		 4742	-1.26161e-08
			 8469	-7.15606e-09
			12405	-7.65401e-09
			14467	-7.71892e-10
  368	 7388		 4743	-1.28645e-08
			 8464	-6.95659e-09
			12391	-7.78954e-09
			14484	-9.07421e-10
  369	 7393		 4744	-1.30215e-08
			 8826	-2.26037e-09
			12399	-1.76637e-09
			13502	-8.51407e-09
  370	 7391		 4745	-1.27516e-08
			 8833	-2.12595e-09
			13504	-8.51407e-09
  371	 7390		 4746	-1.29624e-08
			 8828	-7.68112e-09
			11943	-2.19353e-09
			13505	-7.99012e-09
  372	 7384		 4747	-1.26161e-08
			 8845	-8.51154e-09
			13501	-7.76354e-09
  373	 4782		15052	-1.70178e-08
  374	15069		 5011	--
			 5012	--
			 6755	--
			 6756	--
  375	15730		 5280	-1.37961e-09
  376	15075		 5282	-2.30454e-09
  377	15625		 5290	-1.32158e-09
  378	15610		 5294	-8.78477e-10
  379	15586		 5296	-1.14843e-09
  380	15066		 5297	-2.33165e-09
  381	 5306		15056	-2.52962e-09
  382	 5308		16042	-1.3888e-09
  383	 5309		15829	-8.37742e-10
  384	 5310		15775	-1.24211e-09
  385	 5312		 6933	-8.17347e-09
			15051	-3.2712e-09
  386	 5313		16045	-9.31718e-10
  387	 5314		15778	-7.77723e-10
  388	15616		 5713	-8.40815e-10
  389	 9532		 5727	-1.14847e-08
			11085	-1.23791e-08
  390	12756		 5728	-1.10175e-08
  391	 5735		11084	-1.14847e-08
  392	 5736		 6478	-1.22009e-08
			11086	-4.38837e-09
			13961	-1.04406e-09
  393	 5738		 6480	-1.18392e-08
			11092	-4.45231e-09
			12739	-2.03743e-09
			13964	-1.40592e-09
  394	15598		 6059	-1.0129e-09
  395	11974		 6060	-1.14847e-08
  396	11101		 6067	-9.11821e-09
  397	15592		 6069	-8.9995e-10
  398	11102		 6070	-1.23791e-08
  399	15739		 6071	-9.66819e-10
  400	12757		 6073	-1.1269e-08
  401	10710		 6074	-8.62365e-09
  402	15580		 6075	-8.58397e-10
  403	10704		 6076	-1.19638e-08
  404	10705		 6077	-8.98575e-09
  405	10706		 6080	-3.07848e-09
			 6486	-1.21092e-08
  406	11100		 6084	-1.01181e-08
  407	 6085		 6487	-1.19747e-08
			10694	-1.38578e-09
			13512	-1.17959e-09
  408	 6087		10693	-1.09574e-08
  409	 6088		 6484	-1.2221e-08
			10697	-2.32684e-09
			12752	-1.63195e-09
  410	 6089		 6482	-1.19747e-08
			11949	-2.03632e-09
  411	 6090		 6483	-1.19725e-08
			13509	-1.17626e-09
  412	 6091		10690	-1.19639e-08
			12737	-1.1269e-08
  413	 6093		 6481	-1.26491e-08
			11090	-2.32716e-09
			13517	-1.31179e-09
  414	 6757		 6429	-1.7022e-08
  415	 6758		 6430	-1.72256e-08
  416	 6759		 6431	-1.67509e-08
  417	 6760		 6432	-1.69994e-08
  418	 6761		 6433	-1.72481e-08
  419	 6762		 6434	-1.68864e-08
  420	 6763		 6435	-1.72682e-08
  421	 6764		 6436	-1.67509e-08
  422	 6765		 6437	-1.68864e-08
  423	 6766		 6438	-1.72483e-08
  424	 6767		 6439	-1.71564e-08
  425	 6768		 6440	-1.67509e-08
  426	 6769		 6441	-1.72682e-08
  427	 6770		 6442	-1.7293e-08
  428	 6771		 6443	-1.72317e-08
  429	 6772		 6444	-1.68864e-08
  430	 6773		 6445	-1.72693e-08
  431	 6774		 6446	-1.67509e-08
  432	 6775		 6447	-1.68864e-08
  433	 6776		 6448	-1.70961e-08
  434	 6777		 6449	-1.71575e-08
  435	 6778		 6450	-1.67509e-08
  436	 6779		 6451	-1.72908e-08
  437	 6780		 6452	-1.69994e-08
  438	 6781		 6453	-1.72908e-08
  439	 6782		 6454	-1.68864e-08
  440	 6783		 6455	-1.72468e-08
  441	 6784		 6456	-1.67509e-08
  442	 6785		 6457	-1.68864e-08
  443	 6786		 6458	-1.71564e-08
  444	 6787		 6459	-1.71564e-08
  445	 6788		 6460	-1.67509e-08
  446	 6789		 6461	-1.72908e-08
  447	 6790		 6462	-1.71575e-08
  448	 9978		 6463	-1.22436e-08
			13957	-7.72999e-10
			15045	-2.44522e-09
  449	 9975		 6464	-1.2378e-08
			13082	-1.58174e-09
			15064	-1.65684e-09
  450	 9976		 6465	-1.22447e-08
			13511	-1.31401e-09
			15046	-1.79237e-09
  451	 9973		 6466	-1.21092e-08
			13962	-2.30517e-09
  452	 9974		 6467	-1.26276e-08
			13963	-1.33728e-09
  453	 9971		 6468	-1.21081e-08
			13946	-1.33728e-09
  454	 9972		 6469	-1.25135e-08
			13947	-1.45376e-09
  455	10708		 6470	-1.22436e-08
			 9520	-5.98237e-09
  456	 9529		 6471	-1.19736e-08
			13966	-8.84916e-10
  457	 9530		 6472	-1.19736e-08
			13068	-1.63195e-09
  458	 9538		 6473	-1.2472e-08
			13080	-1.60944e-09
  459	 9534		 6474	-1.23554e-08
			13087	-1.36089e-09
  460	 9541		 6475	-1.21092e-08
			12743	-2.14935e-09
			13084	-9.08528e-10
  461	 9536		 6476	-1.21081e-08
			12747	-1.63195e-09
			13959	-7.72999e-10
  462	 9542		 6477	-1.22447e-08
			13965	-1.15597e-09
  463	11103		 6479	-1.21081e-08
  464	10711		 6485	-1.21081e-08
  465	10363		 6490	-1.23555e-08
			13513	-1.55924e-09
			15026	-3.3444e-09
  466	10362		 6491	-1.26524e-08
			13955	-7.72999e-10
  467	10365		 6492	-1.23791e-08
			13950	-1.04295e-09
  468	11104		 6493	-1.2378e-08
			10355	-2.01032e-09
  469	11109		 6494	-1.21081e-08
  470	 6526		15058	-1.18489e-08
  471	15736		 6928	-1.39587e-09
  472	15676		 6930	-7.41916e-10
  473	13103		 6932	-3.69867e-09
  474	12762		 6935	-8.10623e-09
  475	12760		 6936	-8.24176e-09
  476	12758		 6937	-8.10623e-09
  477	15583		 6939	-9.01057e-10
  478	15073		 6940	-3.2712e-09
  479	12426		 6943	-8.12874e-09
  480	15607		 6946	-8.9995e-10
  481	 6950		 7741	-5.92885e-09
  482	 6952		12727	-4.34617e-09
  483	 6958		 7733	-8.17347e-09
  484	 6960		12736	-5.20273e-09
  485	 6961		12722	-3.98859e-09
  486	 6962		13073	-3.69867e-09
  487	15604		 7361	-8.9995e-10
  488	15601		 7362	-8.9995e-10
  489	12432		 7363	-8.17347e-09
  490	 8485		 7364	-7.88368e-09
  491	15577		 7365	-8.40815e-10
  492	 8849		 7366	-7.8463e-09
  493	 8482		 7367	-3.68765e-09
  494	12431		 7370	-8.01921e-09
  495	12427		 7375	-8.12874e-09
  496	11961		 7378	-8.06979e-09
  497	15490		 7379	-1.67266e-09
  498	15595		 7382	-8.78477e-10
  499	 7386		 8835	-3.02731e-09
  500	 7389		 8834	-7.95441e-09
			12412	-7.59483e-09
  501	 7392		11944	-8.06979e-09
  502	12428		 7736	-7.99321e-09
  503	 8138		 7737	-5.27224e-09
			12415	-2.65776e-09
  504	15664		 7738	-8.40815e-10
  505	15733		 7742	-1.01076e-09
  506	11499		 7743	-7.72437e-09
  507	15748		 7745	-9.49237e-10
  508	 8141		 7746	-7.99321e-09
  509	 8139		 7747	-5.63324e-09
  510	 8137		 7751	-7.99321e-09
  511	15487		 7753	-1.36937e-09
  512	15745		 7755	-1.00837e-09
  513	 7757		 8462	-7.17899e-09
			12424	-8.17347e-09
  514	 7760		12416	-5.65146e-09
  515	 7761		 8117	-6.43209e-09
			11483	-5.56262e-09
  516	15466		 8115	-4.52881e-09
			 9176	-4.41034e-09
  517	15562		 8120	-1.57479e-09
  518	12433		 8121	-8.83791e-09
  519	15448		 8124	-5.02423e-09
  520	12429		 8127	-8.91591e-09
  521	15439		 8129	-5.33776e-09
			12386	-5.59065e-09
  522	15436		 8130	-5.4521e-09
			12392	-5.57057e-09
  523	15451		 8132	-4.96509e-09
  524	15559		 8134	-1.32686e-09
  525	15469		 8135	-4.77515e-09
			 9174	-4.52225e-09
  526	 8136		 9177	-8.91591e-09
  527	 8140		 9201	-8.78591e-09
  528	15649		 8460	-8.76338e-10
  529	15406		 8465	-7.5066e-09
			12408	-7.87013e-09
  530	15415		 8466	-6.86398e-09
			12409	-6.54383e-09
  531	15412		 8471	-6.86398e-09
			12388	-7.69693e-09
  532	 8848		 8473	-8.91591e-09
  533	15418		 8474	-6.6103e-09
			12393	-6.42699e-09
  534	15538		 8477	-1.55692e-09
  535	15409		 8478	-7.23665e-09
			12407	-7.7346e-09
  536	15532		 8479	-1.21134e-09
  537	 8481		12401	-8.91591e-09
  538	 8486		12398	-4.5466e-09
  539	 8487		12395	-8.88881e-09
  540	15568		 8827	-8.78477e-10
  541	15388		 8829	-8.6136e-09
			13506	-7.8656e-09
  542	15385		 8830	-8.41783e-09
			15028	-8.02491e-09
  543	11963		 8832	-2.53189e-09
  544	15403		 8840	-7.87398e-09
			13516	-8.04745e-09
  545	13535		 8841	-8.51407e-09
  546	12430		 8842	-8.05949e-09
  547	13536		 8843	-8.26007e-09
  548	15067		 8844	-8.05949e-09
  549	15769		 8846	-8.13708e-10
  550	 8851		12402	-8.52749e-09
  551	12759		 9175	-5.37213e-09
  552	15445		 9178	-5.06228e-09
  553	15478		 9179	-4.39228e-09
  554	15457		 9181	-5.27988e-09
  555	15460		 9183	-4.7122e-09
  556	15430		 9184	-5.53667e-09
  557	15427		 9185	-5.4082e-09
  558	15071		 9189	-2.61165e-09
  559	15442		 9190	-5.0472e-09
  560	15454		 9197	-4.77134e-09
			12723	-5.06871e-09
  561	15475		 9202	-4.41144e-09
			12724	-4.66323e-09
  562	15472		 9203	-4.79324e-09
			12725	-5.20424e-09
  563	15691		 9207	-8.40815e-10
  564	15433		 9208	-5.67316e-09
  565	15463		 9209	-4.9345e-09
  566	 9210		15961	-7.78607e-10
  567	15652		 9509	-7.41916e-10
  568	15523		 9511	-1.46445e-09
  569	12754		 9512	-9.23804e-09
  570	13100		 9518	-8.76751e-09
  571	15751		 9521	-8.28865e-10
  572	12755		 9522	-9.12612e-09
  573	13101		 9523	-8.79112e-09
  574	13099		 9526	-8.45612e-09
  575	 9979		 9528	-1.23791e-08
			10692	-7.77704e-09
  576	 9531		13081	-8.76751e-09
  577	 9533		12732	-9.23804e-09
  578	 9535		12745	-7.15461e-09
  579	 9537		13072	-8.45612e-09
  580	 9539		13079	-8.79112e-09
  581	 9540		12748	-9.12612e-09
  582	15688		 9950	-9.74353e-10
  583	15715		 9954	-9.01057e-10
  584	15706		 9956	-7.41916e-10
  585	13983		 9957	-7.06398e-09
  586	15076		 9958	-7.0396e-09
  587	15673		 9960	-8.78477e-10
  588	15068		 9962	-7.20113e-09
  589	13981		 9963	-7.67004e-09
  590	15685		 9964	-9.90394e-10
  591	15697		 9967	-9.90394e-10
  592	15724		 9969	-8.78477e-10
  593	 9977		13960	-7.06398e-09
  594	 9980		13951	-7.67004e-09
  595	15493		10344	-1.1934e-09
  596	15065		10349	-7.71616e-09
  597	15571		10351	-7.64421e-10
  598	15484		10359	-1.21244e-09
  599	10361		11088	-1.23791e-08
  600	10364		11095	-1.2352e-08
  601	15502		10686	-1.07692e-09
  602	15655		10699	-7.41916e-10
  603	15589		10701	-9.70239e-10
  604	10702		15892	-7.35211e-10
  605	10703		15889	-8.86559e-10
  606	10707		15934	-8.7074e-10
  607	10709		15886	-8.15237e-10
  608	15517		11083	-1.1934e-09
  609	15766		11096	-8.14815e-10
  610	15481		11098	-1.1934e-09
  611	11099		15907	-7.78607e-10
  612	11105		11959	-1.14847e-08
  613	11106		12740	-1.10175e-08
  614	11107		15862	-9.13029e-10
  615	11108		15856	-9.14136e-10
  616	11484		15991	-1.02598e-09
  617	11485		15781	-6.80815e-10
  618	11486		15787	-9.51798e-10
  619	11487		15793	-8.16269e-10
  620	11488		15850	-8.16269e-10
  621	11489		15802	-1.08519e-09
  622	11490		15808	-9.50766e-10
  623	11493		15784	-1.04356e-09
  624	11494		15790	-8.90672e-10
  625	11495		15796	-1.08519e-09
  626	11496		15799	-8.16269e-10
  627	11497		15805	-1.02598e-09
  628	11498		16003	-5.67791e-10
  629	15499		11942	-1.54045e-09
  630	11960		16036	-7.79714e-10
  631	11964		15835	-9.30611e-10
  632	11965		15841	-9.14136e-10
  633	11966		16048	-6.43078e-10
  634	11967		15847	-7.0332e-10
  635	11968		15967	-9.13029e-10
  636	11969		15832	-7.78607e-10
  637	11970		15838	-9.13029e-10
  638	11971		15844	-6.61767e-10
  639	11972		16051	-7.79714e-10
  640	11973		15898	-8.16269e-10
  641	15424		12387	-6.31947e-09
  642	15421		12389	-6.10865e-09
  643	15508		12397	-1.69024e-09
  644	12764		12420	-5.20273e-09
  645	15511		12421	-1.53824e-09
  646	15553		12717	-1.41683e-09
  647	15496		12729	-1.7329e-09
  648	15529		12730	-1.41683e-09
  649	15514		12738	-1.71143e-09
  650	15535		12749	-1.55236e-09
  651	15505		12750	-1.30491e-09
  652	15520		12753	-1.43934e-09
  653	12761		16015	-6.80815e-10
  654	15550		13067	-1.53228e-09
  655	15556		13069	-1.51109e-09
  656	15547		13071	-1.3802e-09
  657	15541		13075	-1.40381e-09
  658	13093		15919	-1.17806e-09
  659	13094		16021	-8.68977e-10
  660	13095		16027	-7.13442e-10
  661	13096		15922	-9.13029e-10
  662	13097		15928	-7.53677e-10
  663	13102		15952	-7.0332e-10
  664	13104		16024	-7.78607e-10
  665	13105		16030	-7.36095e-10
  666	13106		15925	-7.0332e-10
  667	15400		13508	-8.28593e-09
  668	15397		13515	-8.32146e-09
  669	13524		15874	-6.43078e-10
  670	13525		15880	-9.73271e-10
  671	13526		15895	-6.44185e-10
  672	13527		15901	-7.0332e-10
  673	13528		15970	-7.78607e-10
  674	13530		15877	-6.44185e-10
  675	13531		15883	-8.16269e-10
  676	13532		15949	-6.43078e-10
  677	13533		15973	-9.14136e-10
  678	13534		15964	-6.44185e-10
  679	13969		16039	-1.29108e-09
  680	13970		15916	-1.04371e-09
  681	13971		15910	-8.89058e-10
  682	13972		15955	-1.64608e-09
  683	13973		16057	-6.43301e-10
  684	13974		15940	-6.61767e-10
  685	13975		15946	-1.02113e-09
  686	13976		15871	-1.15762e-09
  687	13977		16033	-9.14136e-10
  688	13978		15913	-1.11907e-09
  689	13979		15904	-1.33624e-09
  690	13980		15958	-1.1802e-09
  691	13982		15937	-6.60808e-10
  692	13984		15943	-9.50766e-10
  693	13985		15865	-8.37742e-10
  694	13986		15931	-1.43021e-09
  695	14485		15823	-6.8074e-10
  696	14486		15817	-7.97296e-10
  697	14487		15811	-7.0332e-10
  698	14488		16054	-7.78607e-10
  699	14489		16012	-6.8074e-10
  700	14490		16006	-7.97296e-10
  701	14491		15997	-9.13029e-10
  702	14492		15988	-7.97296e-10
  703	14493		15982	-1.33609e-09
  704	14494		15976	-7.78607e-10
  705	14495		15820	-7.0332e-10
  706	14496		15814	-1.24544e-09
  707	14497		15772	-6.8074e-10
  708	14498		16018	-7.78607e-10
  709	14499		16009	-7.0332e-10
  710	14500		16000	-7.97296e-10
  711	14501		15994	-6.8074e-10
  712	14502		15985	-7.78607e-10
  713	14503		15979	-7.0332e-10
  714	14504		15868	-7.97296e-10
  715	15070		15853	-1.35728e-09
  716	15077		15826	-8.16269e-10
