Node: 52188  TN_FF_SOURCE Block #132 (top.matmult+matmultinst^FF_NODE~96)
Pin: ff.Q[0] pb (top.rgsramcontroller+sramcont^FF_NODE~1362)
T_arr: 4.243e-11  T_req: -5.27046e-09  Tdel: 1.24e-10
Internal Net: #2279 (top.rgsramcontroller+sramcont^FF_NODE~1362).  Pins on net: 4.

Node: 52187  TN_FF_OPIN Block #132 (top.matmult+matmultinst^FF_NODE~96)
Pin: ff.Q[0] pb (top.rgsramcontroller+sramcont^FF_NODE~1362)
T_arr: 1.6643e-10  T_req: -5.14646e-09  Tdel: 4.5e-11
Internal Net: #2279 (top.rgsramcontroller+sramcont^FF_NODE~1362).  Pins on net: 4.

Node: 52177  TN_INTERMEDIATE_NODE Block #132 (top.matmult+matmultinst^FF_NODE~96)
Pin: ble5.out[0] pb (n8589)
T_arr: 2.1143e-10  T_req: -5.10146e-09  Tdel: 0
Internal Net: #2279 (top.rgsramcontroller+sramcont^FF_NODE~1362).  Pins on net: 4.

Node: 52163  TN_INTERMEDIATE_NODE Block #132 (top.matmult+matmultinst^FF_NODE~96)
Pin: lut5inter.out[1] pb (n8589)
T_arr: 2.1143e-10  T_req: -5.10146e-09  Tdel: 0
Internal Net: #2279 (top.rgsramcontroller+sramcont^FF_NODE~1362).  Pins on net: 4.

Node: 52157  TN_INTERMEDIATE_NODE Block #132 (top.matmult+matmultinst^FF_NODE~96)
Pin: fle.out[1] pb (n8589)
T_arr: 2.1143e-10  T_req: -5.10146e-09  Tdel: 0
Internal Net: #2279 (top.rgsramcontroller+sramcont^FF_NODE~1362).  Pins on net: 4.

Node: 51998  TN_CB_OPIN Block #132 (top.matmult+matmultinst^FF_NODE~96)
Pin: clb.O[14] pb (top.matmult+matmultinst^FF_NODE~96)
T_arr: 2.1143e-10  T_req: -5.10146e-09  Tdel: 1.36252e-09
External-to-Block Net: #1520 (top.rgsramcontroller+sramcont^FF_NODE~1362).  Pins on net: 4.

Node: 68801  TN_CB_IPIN Block #268 (top.matmult+matmultinst^MULTIPLY~30[0])
Pin: mult_36.a[1] pb (top.matmult+matmultinst^MULTIPLY~30[0])
T_arr: 1.57395e-09  T_req: -3.73894e-09  Tdel: 1.34e-10
Internal Net: #2279 (top.rgsramcontroller+sramcont^FF_NODE~1362).  Pins on net: 4.

Node: 68897  TN_INTERMEDIATE_NODE Block #268 (top.matmult+matmultinst^MULTIPLY~30[0])
Pin: divisible_mult_18x18.a[1] pb (top.matmult+matmultinst^MULTIPLY~27[0])
T_arr: 1.70795e-09  T_req: -3.60494e-09  Tdel: 0
Internal Net: #2279 (top.rgsramcontroller+sramcont^FF_NODE~1362).  Pins on net: 4.

Node: 68945  TN_INTERMEDIATE_NODE Block #268 (top.matmult+matmultinst^MULTIPLY~30[0])
Pin: mult_18x18_slice.A_cfg[1] pb (top.matmult+matmultinst^MULTIPLY~27[0])
T_arr: 1.70795e-09  T_req: -3.60494e-09  Tdel: 0
Internal Net: #2279 (top.rgsramcontroller+sramcont^FF_NODE~1362).  Pins on net: 4.

Node: 68993  TN_PRIMITIVE_IPIN Block #268 (top.matmult+matmultinst^MULTIPLY~30[0])
Pin: mult_18x18.a[1] pb (top.matmult+matmultinst^MULTIPLY~27[0])
T_arr: 1.70795e-09  T_req: -3.60494e-09  Tdel: 1.523e-09
Internal Net: #2279 (top.rgsramcontroller+sramcont^FF_NODE~1362).  Pins on net: 4.

Node: 69032  TN_PRIMITIVE_OPIN Block #268 (top.matmult+matmultinst^MULTIPLY~30[0])
Pin: mult_18x18.out[23] pb (top.matmult+matmultinst^MULTIPLY~27[0])
T_arr: 3.23095e-09  T_req: -2.08194e-09  Tdel: 0
Internal Net: #3048 (top.matmult+matmultinst^MULTIPLY~27[23]).  Pins on net: 2.

Node: 68984  TN_INTERMEDIATE_NODE Block #268 (top.matmult+matmultinst^MULTIPLY~30[0])
Pin: mult_18x18_slice.OUT_cfg[23] pb (top.matmult+matmultinst^MULTIPLY~27[0])
T_arr: 3.23095e-09  T_req: -2.08194e-09  Tdel: 0
Internal Net: #3048 (top.matmult+matmultinst^MULTIPLY~27[23]).  Pins on net: 2.

Node: 68936  TN_INTERMEDIATE_NODE Block #268 (top.matmult+matmultinst^MULTIPLY~30[0])
Pin: divisible_mult_18x18.out[23] pb (top.matmult+matmultinst^MULTIPLY~27[0])
T_arr: 3.23095e-09  T_req: -2.08194e-09  Tdel: 1.09e-09
Internal Net: #3048 (top.matmult+matmultinst^MULTIPLY~27[23]).  Pins on net: 2.

Node: 68872  TN_CB_OPIN Block #268 (top.matmult+matmultinst^MULTIPLY~30[0])
Pin: mult_36.out[23] pb (top.matmult+matmultinst^MULTIPLY~30[0])
T_arr: 4.32095e-09  T_req: -9.91942e-10  Tdel: 6.12371e-10
External-to-Block Net: #1355 (top.matmult+matmultinst^MULTIPLY~27[23]).  Pins on net: 2.

Node: 42418  TN_CB_IPIN Block #107 (top.matmult+matmultinst^FF_NODE~158)
Pin: clb.I[37] pb (top.matmult+matmultinst^FF_NODE~158)
T_arr: 4.93332e-09  T_req: -3.7957e-10  Tdel: 9.5e-11
Internal Net: #3048 (top.matmult+matmultinst^MULTIPLY~27[23]).  Pins on net: 2.

Node: 42684  TN_INTERMEDIATE_NODE Block #107 (top.matmult+matmultinst^FF_NODE~158)
Pin: fle.in[0] pb (top.matmult+matmultinst^FF_NODE~158)
T_arr: 5.02832e-09  T_req: -2.8457e-10  Tdel: 0
Internal Net: #3048 (top.matmult+matmultinst^MULTIPLY~27[23]).  Pins on net: 2.

Node: 42687  TN_INTERMEDIATE_NODE Block #107 (top.matmult+matmultinst^FF_NODE~158)
Pin: ble6.in[0] pb (top.matmult+matmultinst^FF_NODE~158)
T_arr: 5.02832e-09  T_req: -2.8457e-10  Tdel: 0
Internal Net: #3048 (top.matmult+matmultinst^MULTIPLY~27[23]).  Pins on net: 2.

Node: 42690  TN_INTERMEDIATE_NODE Block #107 (top.matmult+matmultinst^FF_NODE~158)
Pin: lut6.in[0] pb ((null))
T_arr: 5.02832e-09  T_req: -2.8457e-10  Tdel: 2.61e-10
Internal Net: #3048 (top.matmult+matmultinst^MULTIPLY~27[23]).  Pins on net: 2.

Node: 42691  TN_INTERMEDIATE_NODE Block #107 (top.matmult+matmultinst^FF_NODE~158)
Pin: lut6.out[0] pb ((null))
T_arr: 5.28932e-09  T_req: -2.357e-11  Tdel: 0
Internal Net: #3048 (top.matmult+matmultinst^MULTIPLY~27[23]).  Pins on net: 2.

Node: 42692  TN_FF_IPIN Block #107 (top.matmult+matmultinst^FF_NODE~158)
Pin: ff.D[0] pb (top.matmult+matmultinst^FF_NODE~158)
T_arr: 5.28932e-09  T_req: -2.357e-11  Tdel: 6.60001e-11
Internal Net: #3048 (top.matmult+matmultinst^MULTIPLY~27[23]).  Pins on net: 2.

Node: 42693  TN_FF_SINK Block #107 (top.matmult+matmultinst^FF_NODE~158)
Pin: ff.D[0] pb (top.matmult+matmultinst^FF_NODE~158)
T_arr: 5.35532e-09  T_req: 4.243e-11  
Internal Net: #3048 (top.matmult+matmultinst^MULTIPLY~27[23]).  Pins on net: 2.


Tnodes on critical path: 21  Non-global nets on critical path: 2.
Global nets on critical path: 0.
Total logic delay: 3.338e-09 (s)  Total net delay: 1.97489e-09 (s)
