Timing criticalities have been normalized to be non-negative by relaxing the required times to the maximum arrival time.

Largest timing criticality in design: 1.99688
Smallest timing criticality in design: 0
Total timing criticality in design: 5722.56

Range		0.0e+00 to 4.0e-01	4.0e-01 to 8.0e-01	8.0e-01 to 1.2e+00	1.2e+00 to 1.6e+00	1.6e+00 to 2.0e+00	
Timing criticalities in range		189			0			1490			2230			588			



Net #	Driver_tnode	 to_node	Timing criticality

    0	 3001		    0		1.955598
    1	33223		    1		1.303467
    2	56089		    2		1.210990
			64807		1.101295
    3	63816		    3		1.156489
    4	19810		    4		1.284236
			  761		1.284236
			 1143		1.276178
			 7922		1.332702
			 8269		1.341993
			 8654		1.284155
			 9781		1.313823
			10160		1.330842
			10877		1.317347
			13419		1.269479
			18009		1.320789
			19431		1.249619
			21531		1.249537
			22941		1.290958
			23309		1.306143
			24353		1.330789
			24721		1.318927
			25429		1.327318
			29681		1.323713
			31134		1.299066
			35356		1.333684
			39223		1.310900
    5	 2999		    5		1.788977
    6	18366		    6		1.950812
    7	38895		    7		1.325175
    8	  774		    8		1.996879
			 7906		1.945569
    9	36082		    9		1.086872
   10	 6807		   10		1.982343
   11	27176		   11		1.212717
   12	 9802		   12		1.375539
			 5253		1.436738
			 7560		1.350893
			 8276		1.359203
			 9370		1.360782
			10885		1.359203
			11957		1.350893
			12698		1.370753
			13053		1.357725
			13393		1.350893
			13762		1.360782
			14811		1.359203
			15885		1.348980
			16589		1.360782
			16917		1.380724
			17277		1.370672
			17625		1.350893
			18008		1.375539
			19067		1.360782
			19420		1.350811
			20512		1.370753
			20835		1.358870
			21543		1.370753
			21887		1.380724
			22595		1.370753
			23304		1.360782
			24359		1.385429
			24717		1.360782
			25069		1.370753
			25403		1.359203
			27582		1.349232
			27928		1.350811
			28607		1.357725
			29678		1.373878
			30054		1.359203
			30413		1.360864
			30762		1.370672
			31130		1.366035
			32147		1.370672
			33212		1.367615
			33591		1.357725
			34658		1.359203
			35003		1.349232
			35361		1.373878
			39227		1.432116
   13	36081		   13		1.139924
			 7912		1.088614
   14	25765		   14		1.205805
   15	61476		   15		1.166646
			72117		1.120064
   16	 2998		   16		1.856263
   17	10511		   17		1.250556
			 2979		1.360273
			13765		1.226352
			22951		1.134658
			24726		1.112353
			26468		1.155604
   18	38896		   18		1.315286
			 2983		1.434974
   19	11983		   19		1.994966
			 1134		1.943900
			 9035		1.910352
   20	11586		   20		1.220561
			13773		1.088614
			16913		1.173831
			19781		1.144629
			20495		1.169660
			24354		1.105203
			41229		1.131866
   21	12728		   21		1.195915
			28962		1.120026
			38871		1.102035
   22	72551		   22		1.066291
			  402		1.066210
			  771		1.084239
			 1149		1.066210
			 5252		1.064297
			 6792		1.086152
			 7147		1.076181
			 7555		1.086152
			 7904		1.086152
			 8281		1.106012
			 8655		1.086152
			 9369		1.066210
			 9791		1.076181
			10506		1.094210
			10866		1.114322
			11241		1.086152
			11568		1.076181
			11956		1.066210
			12334		1.115983
			12706		1.046350
			13054		1.094462
			13392		1.094462
			13748		1.064630
			14810		1.104351
			15104		1.096041
			15502		1.066291
			15883		1.076181
			16217		1.104275
			16593		1.096123
			16921		1.046350
			17268		1.114322
			17629		1.114322
			17992		1.076181
			18347		1.165299
			18708		1.086152
			19065		1.096123
			19423		1.086071
			19791		1.096123
			20146		1.086152
			20501		1.054659
			20834		1.096041
			21175		1.076181
			21524		1.125873
			21877		1.061859
			22226		1.083013
			22594		1.083013
			22949		1.076262
			23294		1.115902
			23639		1.096041
			23990		1.096041
			24349		1.086152
			24715		1.054659
			25061		1.076181
			25404		1.104351
			25757		1.127491
			26125		1.086152
			26469		1.094462
			26810		1.046350
			27152		1.187398
			27575		1.096041
			27936		1.125954
			28302		1.096041
			28604		1.114241
			28959		1.114241
			29312		1.094462
			29685		1.086071
			30043		1.104351
			30406		1.096123
			30757		1.114322
			31118		1.086071
			31488		1.115983
			31814		1.086233
			32145		1.105931
			32507		1.114322
			32854		1.114322
			33204		1.054659
			33584		1.114241
			33959		1.106094
			34285		1.096123
			34649		1.114322
			35000		1.122816
			35347		1.102874
			35723		1.115983
			36067		1.096041
			36429		1.106012
			36792		1.106012
			37148		1.106012
			37511		1.084239
			37810		1.112845
			38161		1.046350
			38501		1.096123
			38878		1.056320
			39211		1.086233
			39522		1.114322
			39896		1.096041
			40269		1.094210
			41233		1.106094
			41547		1.115983
			41902		1.122816
			42265		1.115983
			42619		1.084239
			42978		1.096123
			43337		1.104181
			43689		1.084158
			44041		1.104181
			44393		1.104181
			44738		1.109639
			45070		1.109639
			45404		1.094210
			45740		1.104181
			46074		1.110932
			46407		1.094210
			46742		1.104181
			47070		1.084239
			47398		1.119691
			47730		1.114071
			48068		1.084239
			48403		1.084239
			48742		1.104100
			49074		1.099749
			49404		1.094210
			49738		1.125230
			50071		1.120903
			50403		1.104100
			50738		1.110932
			51071		1.109720
			51417		1.106012
			51742		1.112845
			52070		1.104100
			52407		1.104100
			52738		1.120903
			53072		1.094210
			53405		1.104100
			53735		1.076262
			54067		1.099749
			54412		1.096041
			54734		1.126442
			55067		1.120903
			55399		1.104100
			55736		1.120903
			56076		1.096123
			56416		1.096123
			56766		1.120903
			57100		1.094129
			57446		1.086152
			57768		1.094129
			58100		1.104100
			58436		1.106012
			58786		1.109639
			59118		1.110932
			59451		1.117694
			59784		1.094210
			60122		1.096123
			60462		1.094210
			60796		1.094210
			61129		1.096123
			61463		1.106012
			61795		1.104181
			62127		1.084239
			62461		1.114071
			62806		1.123960
			63146		1.105931
			63463		1.102955
			63802		1.086152
			64138		1.094210
			64472		1.114071
			64803		1.094210
			65143		1.104100
			65475		1.094210
			65802		1.094210
			66133		1.099749
			66465		1.109720
			66795		1.110932
			67131		1.104100
			67461		1.094129
			67793		1.094210
			68125		1.114071
			68460		1.104100
			68791		1.104100
			69123		1.094210
			69455		1.094210
			69790		1.109720
			70127		1.104100
			70461		1.114071
			70810		1.086152
   23	16246		   23		1.164665
			  754		1.211653
			 1150		1.174636
			 6783		1.255858
			 7170		1.192840
			 7576		1.257527
			 7921		1.201113
			 8272		1.257541
			 8670		1.430282
			 9377		1.164665
			 9783		1.249181
			10887		1.257541
			11963		1.235835
			12326		1.216056
			12719		1.198056
			13071		1.188085
			13391		1.191142
			13755		1.191142
			14135		1.250977
			14459		1.290520
			14809		1.269263
			15103		1.206004
			15888		1.179340
			16577		1.209510
			16934		1.178196
			17267		1.262780
			17639		1.263924
			18007		1.196033
			19048		1.174636
			19416		1.181334
			19787		1.225945
			20141		1.181334
			20508		1.191142
			20829		1.177508
			21196		1.179340
			21541		1.227858
			21890		1.179340
			22237		1.151637
			22597		1.144804
			22946		1.226027
			23305		1.201113
			23666		1.329104
			24011		1.198108
			24365		1.199200
			24725		1.189229
			25068		1.169450
			25424		1.227371
			26461		1.174554
			26815		1.172974
			27594		1.245657
			28612		1.209423
			28970		1.188300
			29317		1.214749
			29684		1.211040
			30046		1.247570
			30417		1.174717
			30759		1.199586
			31128		1.262683
			32139		1.262861
			32518		1.273900
			32864		1.209557
			33585		1.254116
			34651		1.240871
			35007		1.237599
			35353		1.202724
			36064		1.279772
			40616		1.204505
			63140		1.264338
   24	26819		   24		1.113342
			 1139		1.085476
   25	   25		 1129		1.982343
   26	   26		 1142		1.996878
   27	   27		 9034		1.994966
   28	   28		 1128		1.849257
			 9024		1.815709
			16937		1.123483
			36059		1.098504
			38163		1.123483
   29	   29		 7927		1.982262
   30	72767		   30		0.000000
			  422		0.000000
			  780		0.000000
			 1158		0.000000
			 2623		0.000000
			 3004		0.000000
			 3747		0.000000
			 5275		0.000000
			 5670		0.000000
			 6808		0.000000
			 7189		0.000000
			 7591		0.000000
			 7938		0.000000
			 8296		0.000000
			 8686		0.000000
			 9408		0.000000
			 9809		0.000000
			10525		0.000000
			10900		0.000000
			11260		0.000000
			11593		0.000000
			11984		0.000000
			12366		0.000000
			12730		0.000000
			13082		0.000000
			13428		0.000000
			13785		0.000000
			14827		0.000000
			15129		0.000000
			15521		0.000000
			15900		0.000000
			16251		0.000000
			16604		0.000000
			16943		0.000000
			17288		0.000000
			17652		0.000000
			18019		0.000000
			18369		0.000000
			18724		0.000000
			19082		0.000000
			19445		0.000000
			19815		0.000000
			20166		0.000000
			20521		0.000000
			20850		0.000000
			21202		0.000000
			21554		0.000000
			21905		0.000000
			22257		0.000000
			22614		0.000000
			22968		0.000000
			23318		0.000000
			23676		0.000000
			24024		0.000000
			24378		0.000000
			24738		0.000000
			25081		0.000000
			25438		0.000000
			25773		0.000000
			26146		0.000000
			26479		0.000000
			26828		0.000000
			27178		0.000000
			27607		0.000000
			27955		0.000000
			28311		0.000000
			28632		0.000000
			28988		0.000000
			29333		0.000000
			29705		0.000000
			30066		0.000000
			30425		0.000000
			30781		0.000000
			31145		0.000000
			31498		0.000000
			31836		0.000000
			32168		0.000000
			32533		0.000000
			32878		0.000000
			33232		0.000000
			33609		0.000000
			33978		0.000000
			34305		0.000000
			34673		0.000000
			35028		0.000000
			35371		0.000000
			35743		0.000000
			36087		0.000000
			36449		0.000000
			36811		0.000000
			37167		0.000000
			37521		0.000000
			37829		0.000000
			38184		0.000000
			38520		0.000000
			38897		0.000000
			39237		0.000000
			39548		0.000000
			39915		0.000000
			40286		0.000000
			41254		0.000000
			41566		0.000000
			41922		0.000000
			42284		0.000000
			42639		0.000000
			42997		0.000000
			43352		0.000000
			43704		0.000000
			44056		0.000000
			44408		0.000000
			44750		0.000000
			45082		0.000000
			45424		0.000000
			45756		0.000000
			46087		0.000000
			46419		0.000000
			46759		0.000000
			47085		0.000000
			47413		0.000000
			47746		0.000000
			48084		0.000000
			48421		0.000000
			48754		0.000000
			49086		0.000000
			49420		0.000000
			49753		0.000000
			50083		0.000000
			50418		0.000000
			50752		0.000000
			51085		0.000000
			51422		0.000000
			51755		0.000000
			52086		0.000000
			52418		0.000000
			52751		0.000000
			53084		0.000000
			53420		0.000000
			53750		0.000000
			54080		0.000000
			54417		0.000000
			54748		0.000000
			55081		0.000000
			55416		0.000000
			55750		0.000000
			56091		0.000000
			56433		0.000000
			56780		0.000000
			57115		0.000000
			57451		0.000000
			57781		0.000000
			58113		0.000000
			58453		0.000000
			58798		0.000000
			59131		0.000000
			59464		0.000000
			59798		0.000000
			60137		0.000000
			60476		0.000000
			60809		0.000000
			61144		0.000000
			61478		0.000000
			61807		0.000000
			62143		0.000000
			62482		0.000000
			62818		0.000000
			63153		0.000000
			63479		0.000000
			63819		0.000000
			64152		0.000000
			64485		0.000000
			64819		0.000000
			65158		0.000000
			65486		0.000000
			65816		0.000000
			66146		0.000000
			66478		0.000000
			66808		0.000000
			67141		0.000000
			67472		0.000000
			67805		0.000000
			68138		0.000000
			68471		0.000000
			68804		0.000000
			69136		0.000000
			69469		0.000000
			69804		0.000000
			70144		0.000000
			70477		0.000000
			70822		0.000000
   31	 6802		  395		1.996878
			 8663		1.411943
			 9767		1.296143
			11234		1.398790
			11572		1.068591
			16218		1.407291
			16581		1.392285
			18341		1.418827
			18696		1.218383
			19793		1.295899
			23658		1.392794
			25762		1.139843
			27160		1.204868
			28301		1.433821
			33957		1.204129
			37508		1.360924
			40280		1.453763
			45402		1.211094
			45751		1.220672
			46740		1.194158
			62137		1.239456
			62467		1.230955
			65148		1.212926
			71145		1.327643
   32	 6804		  396		1.996878
			 8662		1.367518
			 9762		1.325974
			11249		1.344394
			11562		1.098423
			16216		1.417262
			16572		1.422035
			18005		1.232957
			18354		1.394263
			18694		1.218465
			19777		1.305870
			23653		1.412736
			25760		1.139843
			26133		1.187874
			27159		1.224810
			28294		1.442055
			31475		1.201988
			31811		1.179727
			33954		1.224071
			35721		1.207816
			37502		1.380784
			40279		1.463734
			41245		1.169837
			42615		1.148158
			43336		1.201565
			43688		1.194788
			44040		1.197850
			44392		1.189535
			45417		1.230955
			45739		1.242270
			46739		1.223989
			48413		1.156728
			62136		1.239537
			62471		1.260787
			65147		1.232786
			71138		1.317835
   33	 7589		  397		1.214788
			 8282		1.234730
			 8661		1.204899
			11242		1.329350
			12336		1.234730
			13401		1.194928
			15113		1.224759
			15492		1.224759
			15886		1.224759
			16228		1.234649
			16579		1.254509
			17272		1.220408
			17624		1.240350
			17993		1.244701
			19050		1.224840
			19425		1.234730
			19803		1.224840
			20149		1.224759
			20837		1.224759
			21191		1.214788
			21537		1.234730
			21884		1.204817
			22228		1.214788
			22593		1.214788
			22958		1.224840
			23311		1.230379
			23651		1.234730
			23999		1.224759
			24360		1.194928
			25063		1.214788
			25410		1.231591
			26454		1.194928
			26814		1.204817
			27946		1.234730
			28614		1.204899
			28960		1.211731
			29314		1.194928
			29680		1.237212
			30047		1.231591
			30408		1.224840
			30751		1.221702
			31120		1.241562
			32141		1.221702
			32501		1.214788
			32855		1.211731
			33206		1.204899
			33587		1.214869
			34650		1.234730
			35001		1.241562
			35350		1.241562
			36065		1.231591
			37506		1.292820
			39526		1.214869
   34	 9803		  398		1.201701
			 1135		1.209816
			 6793		1.204713
			 7571		1.329350
			 7923		1.180066
			 8648		1.286373
			10869		1.183339
			12722		1.161817
			13412		1.161817
			13750		1.171788
			15498		1.183257
			16227		1.292487
			16931		1.200061
			18698		1.264399
			19419		1.173286
			19799		1.259376
			20147		1.209816
			22246		1.216649
			22586		1.219706
			22960		1.292650
			23307		1.193310
			23650		1.347616
			24014		1.183257
			25066		1.216649
			26134		1.198095
			26456		1.205069
			26806		1.253365
			28293		1.234463
			28975		1.227493
			29688		1.219869
			30399		1.199927
			30772		1.216257
			31116		1.249014
			31474		1.207985
			31825		1.198014
			32512		1.244538
			32859		1.205180
			33968		1.217875
			34293		1.254428
			35019		1.233423
			35727		1.207904
			36437		1.244620
			36796		1.242882
			37152		1.257765
			37505		1.226590
			37814		1.251111
			38509		1.231326
			39208		1.244620
			39905		1.242958
			40604		1.256259
			40921		1.286090
			41239		1.234982
			41551		1.213208
			41910		1.241297
			42269		1.223016
			42982		1.223098
			56073		1.227764
			56420		1.214707
			58440		1.242795
			60124		1.223098
			63460		1.216213
			63812		1.188125
			72124		1.250159
   35	40624		  399		1.280905
   36	  776		  400		1.945650
			 1146		1.890433
			 5257		1.877485
			16938		1.130100
			36066		1.088533
			38176		1.103541
   37	11254		  401		1.362754
   38	 8680		  403		1.390695
			 9382		1.417388
			11959		1.380724
			21184		1.387557
			22952		1.350893
			30048		1.370835
			63124		1.432449
   39	18011		  404		1.362695
			 7572		1.465447
			 9383		1.362695
			13416		1.352724
			15891		1.377370
			40595		1.412092
   40	 6798		  405		1.996878
			 8671		1.421995
			11240		1.398872
			11578		1.443676
			16222		1.415525
			18353		1.438769
			19794		1.305870
			25761		1.139843
			27156		1.199750
			37498		1.151727
   41	18017		  406		1.935679
			13405		1.158405
			21895		1.083681
			23660		1.148071
   42	40623		  407		1.280905
   43	15510		  408		1.078725
			 1145		1.902375
			20841		1.115092
			21534		1.088533
			40607		1.154518
   44	16600		  409		1.382542
			 7554		1.402402
			 9374		1.419206
			10875		1.410794
			11966		1.382542
			12696		1.427130
			13061		1.398052
			13397		1.402321
			13758		1.402484
			14812		1.416332
			16918		1.407188
			17278		1.410794
			17626		1.400823
			18691		1.390518
			19054		1.382460
			19418		1.409101
			20143		1.409101
			20494		1.402321
			20830		1.405194
			21185		1.382542
			21525		1.445572
			21879		1.392431
			22227		1.439472
			22599		1.419072
			23306		1.443823
			23656		1.462103
			24004		1.453712
			24356		1.392513
			24711		1.453631
			25070		1.419072
			25405		1.400823
			26467		1.445572
			26813		1.445817
			27593		1.400823
			27937		1.382460
			28608		1.410794
			28965		1.459666
			29694		1.437353
			30040		1.410794
			30401		1.409019
			30773		1.437353
			31115		1.459666
			32148		1.416332
			32506		1.447323
			32871		1.437353
			33209		1.402484
			33588		1.402484
			34643		1.420764
			35018		1.450988
			40618		1.475485
			40916		1.505154
			41231		1.445735
   45	18723		  410		1.098504
			 6791		1.119878
			 7556		1.254486
			 9759		1.260814
			16226		1.217705
			26118		1.103208
			28298		1.159680
			31473		1.103208
			31808		1.103208
			32517		1.139761
			33951		1.113098
			34279		1.159622
			35715		1.133040
			36423		1.149814
			36787		1.158048
			37143		1.166276
			37504		1.131785
			37805		1.156565
			38508		1.138182
			39221		1.129953
			39532		1.149651
			39890		1.139843
			41230		1.113179
			41542		1.128292
			41896		1.146573
			42260		1.119982
			42973		1.129953
			56068		1.142929
			56419		1.119982
			58439		1.149732
			60118		1.129953
			63474		1.113179
			63811		1.093319
			72123		1.155271
			72737		1.061715
   46	  411		 5239		1.972128
			 9386		1.905196
   47	  412		15095		1.685024
			15504		1.098423
			16232		1.164408
			21881		1.083429
			40620		1.121895
   48	  413		15889		1.674322
			16242		1.078643
			21892		1.103290
			72459		1.152687
   49	  414		 1131		1.945546
			 5240		1.986826
			 7918		1.593201
			 9394		1.975024
			10150		1.916992
			10484		1.830489
			10883		1.754562
			11970		1.984913
			12332		1.858984
			17634		1.831581
			19068		1.873659
			19436		1.953708
			20157		1.900486
			20510		1.512653
			22240		1.507238
			22605		1.920346
			24357		1.556753
			24729		1.558747
			25413		1.629401
			27581		1.810872
			28603		1.685896
			28968		1.723571
			29695		1.762510
			30752		1.699508
			38177		1.433232
			38880		1.434893
   50	  415		 6772		1.404234
			 8653		1.387460
			 9766		1.316166
			11229		1.354283
			11580		1.078725
			16229		1.417425
			16570		1.392285
			18003		1.214757
			18340		1.448740
			18693		1.228354
			19779		1.230939
			23649		1.402928
			25759		1.129953
			26138		1.148234
			27153		1.204949
			28288		1.433984
			31476		1.172156
			31824		1.159785
			33953		1.204210
			35717		1.187955
			37500		1.360924
			40267		1.443873
			41240		1.246303
			42621		1.168019
			43341		1.187792
			43693		1.184979
			44045		1.179645
			44397		1.179564
			45408		1.221066
			45744		1.222409
			46737		1.204129
			48405		1.136867
			62129		1.249508
			62470		1.240926
			65141		1.213007
			71143		1.327724
   51	  416		 1136		1.945627
			 5248		1.996878
			 7919		1.583393
			 9376		1.985076
			10151		1.907103
			10485		1.840460
			10884		1.747893
			11948		1.994966
			12340		1.859065
			17635		1.821692
			19057		1.873741
			19429		1.943819
			20151		1.900567
			20503		1.512734
			22234		1.517290
			22587		1.920428
			24363		1.556834
			24724		1.558828
			25421		1.629564
			27591		1.800982
			28616		1.694369
			28976		1.732044
			29690		1.762673
			30754		1.701149
			38164		1.438852
			38881		1.434974
   52	  417		 6769		1.414042
			 8672		1.387297
			 9787		1.325974
			11250		1.364173
			16230		1.214351
			16586		1.392285
			17998		1.224647
			18337		1.428798
			18692		1.228354
			19780		1.250718
			23640		1.402765
			26128		1.177984
			27155		1.224728
			28287		1.433821
			31471		1.172156
			31830		1.159785
			33965		1.204129
			35716		1.197926
			37509		1.360924
			40276		1.463652
			41238		1.189616
			42620		1.167937
			43332		1.184583
			43684		1.184816
			44036		1.179645
			44388		1.179564
			45407		1.220984
			45750		1.222328
			46736		1.194158
			48404		1.166536
			62128		1.249427
			62466		1.260787
			65153		1.222816
			71142		1.337614
   53	  418		 6794		1.505154
			 8651		1.412024
			11239		1.388819
			11577		1.453647
			16221		1.417262
			18351		1.438688
			19797		1.286009
			25758		1.129953
			27157		1.179890
			37512		1.141756
   54	  419		 1140		1.968221
			 5260		1.945464
   55	  420		 6765		1.414123
			 8665		1.452580
			 9774		1.316085
			11233		1.437685
			16237		1.236856
			16590		1.444622
			18010		1.214757
			18349		1.494000
			18690		1.341668
			19778		1.306031
			23667		1.428327
			26136		1.230158
			27154		1.286873
			28300		1.459383
			31468		1.235778
			31817		1.212040
			33963		1.249633
			35730		1.220431
			37501		1.432958
			40266		1.499267
			41227		1.261732
			42626		1.271362
			43340		1.220116
			43692		1.210379
			44044		1.218883
			44396		1.223407
			45400		1.293100
			45749		1.256281
			46745		1.238001
			48412		1.218791
			62125		1.342799
			62458		1.283292
			65145		1.256769
			71134		1.411126
   56	  421		16236		1.430282
   57	 8681		  753		1.197933
			 3378		1.262958
   58	 9808		  755		1.971553
   59	 5267		  756		1.426849
   60	 3390		  757		1.926963
   61	36083		  758		1.183176
   62	 4919		  759		1.879782
			 2995		1.848310
			 6780		1.856368
			18342		1.843524
   63	 3389		  760		1.972291
			 6777		1.982343
			 7557		1.989065
   64	 5268		  762		1.436738
   65	 3002		  763		1.862903
			 6779		1.871043
			18352		1.878141
   66	 8685		  764		1.959749
   67	 4923		  765		1.879782
			 3371		1.901532
			 6797		1.856287
   68	60134		  766		1.275906
			69457		1.081435
   69	 7590		  767		1.989065
   70	 3393		  768		1.985239
			 6773		1.961743
   71	 6803		  769		1.204550
			65801		1.101377
			72121		1.140006
   72	 2996		  770		1.872793
			 6768		1.870962
			18357		1.868170
   73	 7587		  772		1.187880
   74	 3387		  773		1.996879
   75	  775		 6796		1.978517
			 7579		1.985239
   76	  777		 6795		1.978517
			 7578		1.985239
   77	  778		 8676		1.928383
   78	  779		 5238		1.943574
			 7580		1.058783
			16919		1.100852
			22243		1.205361
   79	13423		 1126		1.849176
			 9029		1.825517
			18000		1.124687
			21178		1.103460
			22947		1.169593
			63144		1.163628
   80	15509		 1127		1.902294
			15092		1.638604
			20828		1.083348
   81	20848		 1130		1.902294
			11947		1.620937
			15109		1.058702
   82	 7934		 1132		1.900241
			 5258		1.877485
			16920		1.168344
			22248		1.155353
			36057		1.074293
			38873		1.151675
   83	19444		 1133		1.953708
			 9036		1.920242
   84	15898		 1137		1.851007
			 5259		1.867514
			63143		1.130042
   85	 5272		 1138		1.982180
   86	 9407		 1141		1.985076
			 5244		1.982099
   87	 7937		 1144		1.427062
			10865		1.400585
			12716		1.370753
			13414		1.380643
			13753		1.370753
			16932		1.398842
			20153		1.437033
			22230		1.425401
			22598		1.425401
			23308		1.370753
			25067		1.425401
			26460		1.414005
			26808		1.442257
			28966		1.429596
			29692		1.407202
			30402		1.437033
			30755		1.417254
			31127		1.446318
			32513		1.427144
			32860		1.412822
			35009		1.437641
			40615		1.463534
			40917		1.483476
			41234		1.423976
   88	 5269		 1147		1.996878
			 9391		1.941912
   89	20849		 1148		1.841036
   90	 9807		 1151		1.234544
			 7928		1.224492
			 8647		1.247306
			12697		1.230970
			16224		1.288882
			16915		1.240860
			19417		1.244271
			19798		1.283941
			20142		1.254242
			21179		1.240860
			21529		1.280987
			22236		1.281474
			22584		1.270964
			22956		1.289045
			23299		1.239271
			23647		1.318986
			23998		1.298853
			24714		1.249242
			25065		1.261074
			26466		1.241184
			26804		1.269517
			28969		1.253535
			29687		1.212941
			30058		1.196353
			30400		1.234544
			30770		1.231222
			31133		1.245225
			32521		1.214602
			32863		1.231222
			35008		1.226576
			40608		1.300684
			40909		1.279244
			41223		1.251237
			63139		1.257967
   91	 1152		 9023		1.996879
   92	 1153		 7164		1.941994
			11564		1.972209
   93	 1154		 9028		1.965488
			11579		1.982180
   94	 1155		 4527		1.982262
			 9040		1.955435
   95	 1156		 9021		1.829152
			16936		1.090881
			26811		1.107655
			38870		1.112006
   96	 1157		 9022		1.923795
   97	42994		 1468		1.327030
			64471		1.091406
   98	56432		 1469		1.338832
			57438		1.091406
   99	 4123		 1470		1.885741
			 9777		1.909532
  100	 4126		 1471		1.905602
			 9778		1.899561
  101	 9805		 1472		1.955621
			 3385		1.925871
  102	 3388		 1473		1.986908
			 9795		1.958413
  103	 6089		 1474		1.861095
			 4113		1.896393
			 9797		1.874915
  104	 6091		 1475		1.870985
			 3729		1.959506
  105	25435		 1476		1.282523
  106	 3741		 1477		1.971553
			25407		1.792320
  107	 3392		 1478		1.996879
			 9773		1.958413
  108	29330		 1479		1.332283
			 7907		1.081125
  109	 3746		 1480		1.949778
  110	 4124		 1481		1.989065
			 9796		1.927045
  111	 3745		 1482		1.971553
			24351		1.792320
  112	19805		 1483		1.247906
  113	23315		 1484		1.257958
  114	 1886		 1485		1.954861
			 7908		1.756987
			29308		1.794700
  115	 3743		 1486		1.983356
  116	 1887		 1487		1.942977
			 7905		1.750900
			29322		1.787616
  117	29331		 1488		1.317222
  118	 1883		 1489		1.954942
			24710		1.736306
			29316		1.779639
  119	24373		 1490		1.282523
  120	 1491		 3369		1.996879
			 8675		1.959749
			19800		1.900404
  121	 1492		 3372		1.989065
  122	 1493		23310		1.845461
  123	 1494		23286		1.860218
  124	 1495		25417		1.833659
  125	 1496		 3373		1.983356
			 8673		1.928220
			22948		1.876910
  126	 1497		 9772		1.971553
  127	 1498		19795		1.842293
  128	 1499		 3374		1.973466
			 8668		1.938191
			22943		1.886881
  129	 1500		19786		1.840380
  130	 1501		24352		1.757866
  131	39912		 1861		1.388887
			41545		1.091406
  132	27174		 1862		1.510193
			 6060		1.538584
  133	11259		 1863		1.959668
  134	 5665		 1864		1.924207
			18710		1.887677
  135	41563		 1865		1.388968
			54402		1.081516
  136	10515		 1866		1.932702
			 5648		1.908033
			 6076		1.917922
			 6403		1.932702
  137	10899		 1867		1.931034
			 5649		1.959506
  138	 5668		 1868		1.924207
			18709		1.887677
  139	 8290		 1869		1.348841
  140	 2241		 1870		1.946882
			 8279		1.671833
  141	18718		 1871		1.405556
			41915		1.101458
  142	10524		 1872		1.974204
			 5644		1.949453
			 6071		1.959343
  143	10517		 1873		1.974123
			 5651		1.939564
			 6072		1.949453
  144	 6084		 1874		1.904207
			 5660		1.922708
  145	 6422		 1875		1.906120
			10503		1.886016
  146	 8295		 1876		1.983356
  147	 6083		 1877		1.953523
			 5643		1.996879
			18712		1.926964
  148	 5664		 1878		1.914155
			18713		1.897567
  149	 8289		 1879		1.370363
  150	 8293		 1880		1.953200
  151	 6430		 1881		1.962320
			10507		1.942216
  152	 1882		 6070		1.974204
			11247		1.936993
  153	 1884		 3730		1.983356
  154	 1885		 5655		1.955680
			18699		1.885765
  155	 1888		 8266		1.705772
  156	38516		 2217		1.515224
  157	 6423		 2218		1.920472
			 6077		1.945546
			11251		1.908335
  158	 3742		 2219		1.561673
  159	 2618		 2220		1.996879
  160	 2617		 2221		1.945546
			 6406		1.962320
  161	35369		 2222		1.430284
			30042		1.085342
  162	 6420		 2223		1.930766
  163	 2620		 2224		1.946882
			30052		1.602103
			35355		1.575544
  164	31142		 2225		1.403725
  165	38518		 2226		1.508473
			51407		1.079855
  166	25770		 2227		1.573224
  167	 6428		 2228		1.920472
			 6078		1.945546
			11252		1.908335
  168	30059		 2229		1.437117
  169	 2619		 2230		1.925028
			30051		1.590057
			35349		1.588144
  170	 2621		 2231		1.983356
  171	 6425		 2232		1.925279
  172	 6429		 2233		1.925279
  173	29697		 2234		1.403725
			31121		1.085342
  174	 8288		 2235		1.435204
			42616		1.101377
			72130		1.165242
  175	 2236		29696		1.615576
			31135		1.642135
  176	 2237		31111		1.656123
  177	 2238		 6079		1.996879
			 6411		1.964891
			11232		1.959668
  178	 2239		18006		1.695867
			30045		1.631477
  179	 2240		 8284		1.956692
  180	 2242		 8285		1.983356
  181	 2243		29686		1.629564
			31122		1.631477
  182	25771		 2599		1.626365
  183	 7188		 2600		1.945546
  184	25763		 2601		1.129872
			27163		1.139843
  185	37826		 2602		1.579643
			64801		1.091487
  186	19079		 2603		1.920981
  187	10168		 2604		1.983356
			32502		1.598448
  188	33607		 2605		1.702403
			27940		1.191366
  189	32529		 2606		1.533199
			 9782		1.098585
  190	 4533		 2607		1.962320
  191	 7183		 2608		1.945627
			 6416		1.974204
  192	 7177		 2609		1.707188
			 6415		1.701229
			10488		1.695443
			11950		1.088533
			21539		1.121895
			24001		1.105203
			39226		1.119982
  193	17650		 2610		1.831581
			 6410		1.795954
			 7156		1.823628
  194	10175		 2611		1.937074
			 9784		1.522322
			32510		1.573964
  195	 4535		 2612		1.996879
  196	 7182		 2613		1.945546
  197	32526		 2614		1.513257
  198	 9799		 2615		1.946882
			32509		1.563912
  199	37164		 2616		1.579562
			37808		1.079855
  200	 2622		32504		1.596535
  201	25436		 2975		1.322302
			 4914		1.398068
			17260		1.269501
  202	20518		 2976		1.305714
			33205		1.055644
			38171		1.092174
  203	10512		 2977		1.377224
			13760		1.241109
			17259		1.145531
			19788		1.144710
			28618		1.112035
			28977		1.127148
  204	22256		 2978		1.517290
  205	 4922		 2980		1.814762
			 3381		1.839217
  206	 4925		 2981		1.824651
			 3367		1.849107
  207	 3391		 2982		1.955598
			18350		1.950813
  208	38183		 2984		1.438852
  209	20520		 2985		1.446940
			 4904		1.512734
  210	 4921		 2986		1.814680
  211	 4118		 2987		1.878141
			 4913		1.901532
  212	 7583		 2988		1.322302
			 4893		1.345694
			22244		1.103541
  213	18365		 2989		1.192408
			11565		1.172547
			27158		1.152687
  214	23316		 2990		1.320471
			13759		1.221249
			17271		1.128809
  215	16601		 2991		1.305714
			33207		1.088533
			38874		1.105203
  216	27173		 2992		1.271097
  217	 4918		 2993		1.790034
			 3366		1.826129
  218	18368		 2994		1.234381
  219	 2997		 4910		1.517290
  220	 3000		 5251		1.875653
			 9385		1.770417
  221	 3003		18356		1.878141
  222	25766		 3364		1.315894
  223	 4121		 3365		1.883666
  224	 4120		 3368		1.863724
  225	26476		 3370		1.358398
			 4112		1.401649
  226	 4122		 3375		1.996879
  227	63477		 3376		1.297493
			72131		1.128122
  228	58452		 3377		1.329047
			63459		1.101214
  229	 4920		 3379		1.836182
			 4111		1.876700
  230	22965		 3380		1.216457
			 8674		1.181263
  231	 4125		 3382		1.863724
  232	 4117		 3383		1.912324
  233	36085		 3384		1.328966
  234	19811		 3386		1.256259
			 8659		1.199269
  235	42281		 3727		1.358642
			42976		1.091487
  236	18719		 3728		1.926964
  237	41919		 3731		1.380171
			42263		1.089745
  238	25768		 3732		1.440197
  239	 6086		 3733		1.872572
			 5645		1.934592
  240	27166		 3734		1.199750
  241	 6088		 3735		1.852711
			 4101		1.844077
  242	 5669		 3736		1.938906
  243	 6090		 3737		1.910906
			 4102		1.892300
  244	 5663		 3738		1.996879
  245	 6092		 3739		1.910906
			 4108		1.902271
  246	25767		 3740		1.415550
  247	 3744		 4100		1.996879
			 9769		1.955621
  248	 7932		 4096		1.409789
			10873		1.115173
			17280		1.336993
			29315		1.068673
			31119		1.126896
			34648		1.148751
			36073		1.488855
  249	24736		 4097		1.558828
  250	 7936		 4098		1.534100
			36062		1.590167
  251	23313		 4099		1.397027
			39534		1.078643
  252	 8291		 4103		1.558365
			 4895		1.460966
			10881		1.082204
			17262		1.335597
			27577		1.095801
			63125		1.112035
  253	28631		 4104		1.694369
			 4897		1.587080
  254	27170		 4105		1.408910
  255	25437		 4106		1.549020
			 4903		1.629564
  256	27169		 4107		1.392241
  257	 5667		 4109		1.912324
			 6057		1.959506
  258	28986		 4110		1.443099
			 4900		1.516944
			28611		1.097713
  259	 8292		 4114		1.444406
			 4892		1.534921
			23646		1.198035
			31110		1.108765
			35010		1.093652
  260	 9804		 4115		1.344543
			63803		1.091487
  261	 4917		 4116		1.883666
			 6058		1.922790
  262	 4119		 4908		1.694369
  263	 4127		 9763		1.889590
  264	12363		 4509		1.832321
			 7167		1.859066
			19066		1.805843
  265	20165		 4510		1.900567
			 9026		1.898387
  266	27168		 4511		1.705654
  267	16598		 4512		1.873741
			19070		1.847263
  268	 7181		 4513		1.717817
			 9371		1.058783
			10498		1.720089
			12344		1.797045
			19069		1.691339
			21181		1.093652
			21533		1.131785
			39222		1.119982
  269	10174		 4514		1.846996
			 7148		1.883712
			19055		1.830489
  270	27951		 4515		1.701148
			12351		1.737103
  271	 9400		 4516		1.805843
			13408		1.763341
			18002		1.100040
			30771		1.086872
			39219		1.159785
			63141		1.121732
  272	 9051		 4517		1.962320
			10159		1.982262
  273	27175		 4518		1.667786
  274	10176		 4519		1.916992
			12352		1.851525
  275	25076		 4520		1.711037
			10164		1.745654
  276	12364		 4521		1.855135
  277	22613		 4522		1.920428
  278	19078		 4523		1.727707
			32158		1.137752
			63131		1.174201
  279	10169		 4524		1.996879
			 9793		1.983356
  280	12365		 4525		1.964832
  281	18014		 4526		1.795953
			 9025		1.803663
			13415		1.773312
			21893		1.083681
  282	12360		 4528		1.812460
			10163		1.805843
			10497		1.720008
			20836		1.105121
			21538		1.131785
			39206		1.119982
  283	 4529		 9794		1.964832
			10166		1.881753
  284	 4530		 9790		1.936912
			10156		1.963577
  285	 4531		 9027		1.982262
  286	 4532		 9788		1.895550
			10155		1.922215
  287	 4534		 7163		1.974204
			19051		1.920981
  288	 4536		10147		1.953522
			12341		1.964832
  289	24731		 4889		1.427574
			17275		1.294066
			29310		1.058702
			30766		1.092093
			41235		1.131785
  290	36086		 4890		1.590167
  291	24376		 4891		1.556834
  292	 5662		 4894		1.709398
			 6064		1.728085
  293	 7933		 4896		1.593201
  294	24374		 4898		1.390091
			17274		1.304119
			32861		1.100852
  295	 6087		 4899		1.932679
  296	42638		 4901		1.360850
  297	31143		 4902		1.545062
			 8278		1.377017
			27580		1.067093
  298	21903		 4905		1.383393
  299	28987		 4906		1.669618
			31112		1.732044
  300	24377		 4907		1.494705
  301	29698		 4909		1.536671
			 6082		1.572161
			17640		1.568283
			34665		1.092175
  302	24737		 4911		1.542078
  303	26827		 4912		1.435884
			24358		1.103541
  304	30780		 4915		1.659647
			 6063		1.688224
			17637		1.701149
  305	 4916		 6067		1.629564
  306	 4924		 6061		1.932679
  307	 9405		 5241		1.941912
			39212		1.358856
  308	30779		 5242		1.712490
			 9368		1.121009
  309	15897		 5243		1.902317
			 9393		1.825496
			21188		1.083681
  310	40629		 5245		1.412092
  311	25772		 5246		1.841036
			 9390		1.835385
  312	26141		 5247		1.850247
			 9384		1.770417
			70803		1.108099
  313	13425		 5249		1.943574
			21189		1.092093
			39533		1.118240
			63129		1.128625
  314	27177		 5250		1.851007
  315	18716		 5254		1.777459
			39204		1.174541
  316	15899		 5255		1.902317
			 9378		1.835385
			21878		1.093570
  317	 9399		 5256		1.878775
  318	40628		 5261		1.412011
  319	 5262		 7151		1.878775
			12343		1.306291
  320	 5263		 9392		1.930028
  321	 5264		39228		1.359018
  322	 5265		 7146		1.951883
			11575		1.982099
  323	 5266		 9372		1.941912
  324	 5270		 7160		1.866892
			11558		1.941912
			12347		1.397027
  325	 5271		 9380		1.930028
  326	 5273		15101		1.685024
			15496		1.078562
			16243		1.164408
			21194		1.093319
			40614		1.137848
  327	 5274		15887		1.684131
			16219		1.098423
			21195		1.143011
			72454		1.172466
  328	 6085		 5641		1.920877
			10490		1.974204
			10889		1.959506
  329	34672		 5642		1.526782
  330	10892		 5646		1.541538
			 6055		1.621801
			10495		1.629482
			17619		1.510657
			27939		1.201419
			32503		1.058783
			40599		1.179815
  331	35370		 5647		1.631477
			 6056		1.611748
			17630		1.485929
			19059		1.108475
			30409		1.135034
  332	 6426		 5650		1.949453
			 6074		1.959343
  333	30060		 5652		1.650030
			17628		1.451394
			40927		1.117258
  334	10897		 5653		1.754563
  335	25769		 5654		1.468773
  336	27605		 5656		1.752894
			 6066		1.703334
  337	10898		 5657		1.662793
			 6068		1.703253
			10479		1.750737
  338	33230		 5658		1.516486
			30769		1.093652
  339	17648		 5659		1.701149
  340	 5661		 6059		1.732871
			10874		1.752894
  341	 5666		 6065		1.754563
  342	32875		 6049		1.573639
  343	 6421		 6050		1.974204
			10483		1.932702
  344	31144		 6051		1.732044
  345	25433		 6052		1.483448
			39525		1.093786
  346	32524		 6053		1.570033
			10888		1.578506
			63134		1.115092
  347	22962		 6054		1.648088
			 6413		1.631233
			10486		1.611534
			12327		1.098423
			27933		1.124982
			40910		1.161535
  348	27606		 6062		1.769424
			 9775		1.810872
  349	10514		 6069		1.807179
			 6402		1.767568
  350	 9800		 6073		1.638117
			19058		1.058702
			32505		1.129872
			63130		1.103541
  351	11257		 6075		1.531885
			10509		1.513318
  352	27167		 6080		1.458802
  353	29704		 6081		1.762673
			 6407		1.726038
			10487		1.731142
  354	37520		 6401		1.563335
  355	30062		 6404		1.619430
			40926		1.120315
  356	19437		 6405		1.780457
			10491		1.670879
			24013		1.058783
			40912		1.181558
			63127		1.178399
  357	10522		 6408		1.716067
			20154		1.125063
			22954		1.124687
			25073		1.133373
  358	19080		 6409		1.864966
  359	10516		 6412		1.942216
  360	10523		 6414		1.840460
  361	35027		 6417		1.616786
			10510		1.636418
			31113		1.085342
  362	34666		 6418		1.621424
			35358		1.077064
			40911		1.120397
  363	 9801		 6419		1.810872
			10493		1.789121
  364	 6424		 7168		1.864967
  365	 6427		 8280		1.964891
  366	72143		 6764		1.326240
  367	61143		 6766		1.169756
  368	23668		 6767		1.480779
			40262		1.307743
			48066		1.300992
  369	16603		 6770		1.453647
			28296		1.230637
			31823		1.220747
			33962		1.230637
			34284		1.230637
			35736		1.250579
			36428		1.230637
			36804		1.240689
			37160		1.240608
			37822		1.250579
			38513		1.240608
			39218		1.247411
			39895		1.268778
			40268		1.230637
			41559		1.260550
			41901		1.268778
			42277		1.250497
			42625		1.250579
			42990		1.250497
			44745		1.248918
			45077		1.265640
			45413		1.267272
			45748		1.240608
			46081		1.258889
			46414		1.240608
			46735		1.257382
			47076		1.220747
			47399		1.274033
			47727		1.277324
			48074		1.230718
			48411		1.230637
			48749		1.230718
			49081		1.257341
			49410		1.230637
			49739		1.264144
			50077		1.250579
			50400		1.240608
			50735		1.248918
			51079		1.247370
			51414		1.240608
			51747		1.248918
			52078		1.240608
			52413		1.258889
			52745		1.258807
			53078		1.230718
			53412		1.295523
			53729		1.267353
			54074		1.248918
			54409		1.260550
			54730		1.258807
			55075		1.268860
			55397		1.240608
			55733		1.265640
			56085		1.240608
			56424		1.250579
			56763		1.260550
			57096		1.268860
			57444		1.250579
			57765		1.260550
			58108		1.230718
			58444		1.258807
			58793		1.257330
			59125		1.248918
			59458		1.257341
			59781		1.248918
			60130		1.240689
			60459		1.250497
			60803		1.240608
			61138		1.250579
			61471		1.240608
			61802		1.257341
			62134		1.240608
			62464		1.277242
			62808		1.257300
			63471		1.240608
			63795		1.240689
			64146		1.230637
			64478		1.260550
			64809		1.277242
			65140		1.287132
			65478		1.267272
			65799		1.267190
			66140		1.279572
			66462		1.264144
			66801		1.248918
			67134		1.248918
			67466		1.260468
			67797		1.250579
			68131		1.258807
			68464		1.257330
			68788		1.257330
			69128		1.277242
			69463		1.240689
			69795		1.270906
			70135		1.277161
			70457		1.286969
			70790		1.277405
			71467		1.255645
			71798		1.265616
			72118		1.265616
			72452		1.277161
  370	18363		 6771		1.493854
			28290		1.290867
			31813		1.270925
			33971		1.280896
			34296		1.279159
			35726		1.280896
			36440		1.290786
			36795		1.280896
			37151		1.290786
			37813		1.299095
			38504		1.280896
			39225		1.297670
			39899		1.279316
			40265		1.280896
			41550		1.271007
			41913		1.287626
			42268		1.289206
			42624		1.271007
			42981		1.289206
			44744		1.279316
			45076		1.287626
			45412		1.297670
			45747		1.290786
			46080		1.269345
			46413		1.271007
			46749		1.307641
			47075		1.271007
			47404		1.315794
			47726		1.297670
			48073		1.271007
			48410		1.261036
			48748		1.271007
			49080		1.279159
			49409		1.270925
			49744		1.315875
			50072		1.269345
			50405		1.280896
			50734		1.289206
			51078		1.290786
			51413		1.279316
			51746		1.289206
			52071		1.289206
			52408		1.269345
			52744		1.287626
			53073		1.279316
			53411		1.305980
			53741		1.307641
			54073		1.289206
			54408		1.279316
			54736		1.287626
			55074		1.279316
			55401		1.279316
			55732		1.287626
			56084		1.280896
			56409		1.280896
			56762		1.279316
			57102		1.279316
			57443		1.271007
			57764		1.279316
			58107		1.271007
			58429		1.279316
			58792		1.279316
			59124		1.289206
			59457		1.299095
			59780		1.289206
			60129		1.280896
			60458		1.280896
			60802		1.279316
			61137		1.271007
			61470		1.271007
			61801		1.279159
			62133		1.261036
			62452		1.297589
			62802		1.307560
			63470		1.279316
			63794		1.271007
			64145		1.280896
			64477		1.271007
			64811		1.317531
			65150		1.327420
			65470		1.307560
			65807		1.297589
			66139		1.322988
			66470		1.307560
			66802		1.289206
			67125		1.279316
			67465		1.271007
			67794		1.271007
			68126		1.287626
			68463		1.289206
			68796		1.289206
			69127		1.307641
			69462		1.271007
			69794		1.314322
			70128		1.325759
			70466		1.317368
			70799		1.307723
			71466		1.305904
			71797		1.315875
			72132		1.305904
			72449		1.337391
  371	19808		 6774		1.203118
  372	27172		 6775		1.236494
  373	37519		 6776		1.226590
  374	18361		 6778		1.219801
			 8666		1.414242
			11245		1.286349
			19796		1.422381
			27151		1.268238
			37496		1.309635
  375	19809		 6781		1.223141
  376	18359		 6782		1.325043
			 8270		1.314991
			 9761		1.314991
			11581		1.305020
			18704		1.285159
			26135		1.295049
			28299		1.334770
			31472		1.285078
			31826		1.295049
			33973		1.295049
			34294		1.314909
			35724		1.324799
			36438		1.314909
			36793		1.324880
			37149		1.324880
			37811		1.324880
			38511		1.305020
			39906		1.305020
			41548		1.295130
			41911		1.324799
			42266		1.324880
			42979		1.314909
			56077		1.305020
			56417		1.324799
			58437		1.324799
			60114		1.314909
			61474		1.304939
			63472		1.314991
			63798		1.304939
  377	 8679		 6784		1.337257
			 7567		1.348896
			 7915		1.429875
			 9765		1.383218
			15499		1.265842
			16240		1.383387
			19426		1.255953
			19801		1.386748
			20144		1.265842
			22945		1.317152
			23662		1.430282
			23993		1.255953
			40264		1.343845
			48062		1.327123
  378	27165		 6785		1.268238
  379	 8677		 6786		1.380524
			16574		1.505154
  380	11255		 6787		1.313055
			16575		1.437685
			37503		1.329829
  381	37518		 6788		1.380792
  382	37514		 6789		1.255187
  383	37515		 6790		1.311578
			11230		1.338241
  384	 6799		 9768		1.347616
			11244		1.244596
			16587		1.443676
			18343		1.239648
			18701		1.259967
			23659		1.480779
			28291		1.485375
			33958		1.302003
			40277		1.505154
			45409		1.272457
			45737		1.308657
			46750		1.272405
			62126		1.291010
			62474		1.318940
			65149		1.300911
			71139		1.302841
  385	 6800		 8656		1.428880
			23655		1.321033
  386	 6801		16225		1.339386
			26127		1.329496
			31483		1.329496
			31816		1.329496
			33961		1.329496
			34287		1.357672
			35725		1.357672
			36431		1.357748
			36794		1.349438
			37150		1.349438
			37812		1.349438
			38510		1.339467
			39215		1.319525
			39898		1.359164
			41225		1.309554
			41549		1.359246
			41904		1.359246
			42267		1.359246
			42980		1.349356
			51410		1.339467
			51749		1.349438
			53742		1.339386
			54405		1.359246
			56078		1.339467
			56426		1.359246
			57440		1.349275
			58446		1.359246
			60120		1.349356
			61142		1.349356
			63457		1.339467
			63815		1.349356
			70796		1.339386
  387	 6805		 7558		1.402335
			 7909		1.483476
			 8649		1.432449
			 9779		1.436738
			15500		1.319362
			16241		1.428592
			18004		1.465447
			19427		1.319525
			19784		1.460128
			20158		1.319525
			22942		1.390532
			23645		1.493854
			24002		1.319525
			40274		1.417225
			48067		1.390614
  388	 6806		 8283		1.354061
			 9780		1.334200
			11573		1.344090
			13417		1.334200
			18711		1.344171
			26137		1.354061
			28303		1.342510
			31486		1.344090
			31829		1.344090
			33969		1.344171
			34297		1.354142
			35734		1.354142
			36441		1.354142
			36802		1.362376
			37158		1.364113
			37820		1.364113
			38503		1.373921
			39908		1.354061
			41557		1.354142
			41914		1.364032
			42275		1.364032
			42988		1.364032
			56072		1.374003
			56413		1.354142
			58433		1.364032
			60117		1.364032
			61473		1.373921
			63465		1.374003
			63805		1.354061
  389	21549		 7140		1.616511
  390	11585		 7141		1.905439
			21535		1.384160
			39217		1.408910
  391	11588		 7142		1.895468
			 9033		1.951883
  392	11582		 7143		1.655832
			18706		1.149732
			65812		1.111266
  393	11583		 7144		1.757598
  394	31833		 7145		1.631268
			 9037		1.662955
			11570		1.643175
			33955		1.101377
  395	21547		 7149		1.616511
  396	39233		 7150		1.422063
  397	11584		 7152		1.704294
			 9030		1.754370
  398	 9048		 7153		1.940081
			11557		1.940081
  399	 9047		 7154		1.946721
			10145		1.996879
  400	24019		 7155		1.628017
  401	11589		 7157		1.927022
			24012		1.449157
			39207		1.447163
  402	39236		 7158		1.447163
  403	12358		 7159		1.631186
  404	11591		 7161		1.956774
			 9042		1.996879
  405	24017		 7162		1.599923
  406	 9046		 7165		1.937074
			10144		1.956774
			23997		1.473803
  407	34302		 7166		1.652663
			10141		1.649535
			35719		1.081516
  408	 9050		 7169		1.932023
			10153		1.982180
  409	21548		 7171		1.754452
			10494		1.695443
			16591		1.769127
			23664		1.085342
  410	19081		 7172		1.849176
			16573		1.873741
  411	30419		 7173		1.699235
			35360		1.088452
  412	 7174		10167		1.946721
  413	 7175		10157		1.937074
			22944		1.500467
  414	 7176		 9031		1.956774
			11560		1.927022
  415	 7178		24010		1.464046
  416	 7179		11556		1.951883
  417	 7180		10162		1.711119
  418	 7184		24015		1.473722
  419	 7185		11567		1.430389
  420	 7186		12348		1.406997
  421	 7187		21536		1.384160
  422	26477		 7559		1.199659
  423	21902		 7561		1.183071
  424	24375		 7562		1.173100
			26818		1.105203
  425	23312		 7563		1.199659
			 7910		1.530089
			14457		1.119982
			36074		1.106814
			38884		1.128292
  426	39540		 7564		1.208051
			14458		1.110093
			23296		1.095232
  427	14477		 7565		1.684131
			23300		1.579703
  428	20516		 7566		1.214521
  429	20515		 7568		1.163211
			21885		1.100233
			33583		1.068673
  430	26826		 7569		1.173100
  431	24735		 7570		1.199659
			26464		1.105203
  432	28627		 7573		1.232534
			14451		1.249308
			23287		1.093570
			28979		1.083681
  433	28985		 7574		1.234277
			14450		1.260940
			23288		1.095313
  434	16250		 7575		1.096843
			 8273		1.128254
			 8652		1.098423
			 9760		1.301519
			12350		1.068673
			13398		1.096843
			15105		1.058702
			15503		1.058702
			15890		1.086953
			16588		1.088533
			17263		1.110773
			17621		1.122324
			17991		1.086953
			19047		1.088533
			19432		1.068673
			19792		1.088533
			20148		1.068673
			20838		1.058702
			21182		1.086953
			21526		1.088533
			21899		1.076982
			22225		1.067011
			22602		1.075245
			22950		1.088533
			23297		1.102463
			23652		1.068673
			24008		1.078643
			24366		1.132213
			25058		1.075245
			25418		1.122324
			26463		1.100802
			26812		1.085298
			27944		1.068673
			28619		1.108002
			28971		1.110773
			29309		1.099325
			29691		1.128254
			30057		1.106895
			30407		1.088533
			30750		1.112353
			31131		1.128254
			32159		1.112353
			32500		1.128254
			32865		1.102463
			33203		1.092492
			33594		1.112353
			34646		1.128254
			35015		1.128254
			35351		1.106895
			36068		1.138225
			39530		1.163581
			72734		1.058398
  435	20517		 7577		1.153455
			12714		1.133409
			22238		1.460929
			33214		1.085557
  436	 7581		12710		1.676154
			20505		1.649595
  437	 7582		26807		1.606367
  438	 7584		12715		1.136547
			20513		1.214521
  439	 7585		 8274		1.455557
			 8660		1.445668
			12333		1.435697
			13400		1.444088
			15112		1.435697
			15489		1.425726
			15884		1.425807
			16238		1.435697
			16582		1.435697
			17264		1.434117
			17622		1.425807
			17994		1.425807
			19053		1.425807
			19424		1.435697
			19802		1.425807
			20145		1.425726
			20842		1.425726
			21190		1.425807
			21532		1.435697
			21882		1.425807
			22232		1.435778
			22588		1.435697
			22957		1.435778
			23298		1.415836
			23661		1.435697
			24009		1.425726
			24367		1.415836
			25062		1.435778
			25430		1.425807
			26459		1.435697
			26817		1.425807
			27943		1.435697
			28606		1.425807
			28972		1.434117
			29311		1.435697
			29693		1.445586
			30055		1.445749
			30403		1.435697
			30758		1.434117
			31108		1.455557
			32146		1.434117
			32515		1.455557
			32853		1.434117
			33213		1.435778
			33586		1.425807
			34644		1.455557
			35016		1.455557
			35348		1.445749
			36058		1.445749
			39524		1.465447
  440	 7586		21891		1.655659
  441	 7588		16584		1.684131
  442	17286		 7911		1.640463
  443	39539		 7913		1.105121
			13772		1.223599
			24707		1.107994
  444	39541		 7914		1.321255
			14800		1.092174
			24722		1.172621
  445	28629		 7916		1.276652
			14808		1.093652
			25419		1.075586
  446	14826		 7917		1.748027
			25408		1.530240
  447	24732		 7920		1.453631
  448	23317		 7924		1.443823
  449	13778		 7925		1.105121
			24355		1.503530
			24705		1.110011
			39535		1.058702
			41237		1.131785
  450	24733		 7926		1.266680
			14799		1.109162
			26458		1.100374
			33592		1.067011
  451	 7929		13756		1.319594
  452	 7930		14139		1.220828
			23292		1.085261
			24718		1.137907
			38887		1.119982
			39529		1.075505
  453	 7931		14798		1.115173
			23290		1.105284
			25425		1.132376
			33596		1.068754
			41236		1.122058
  454	 7935		13770		1.748027
			24708		1.640732
  455	53418		 8264		1.111281
  456	23675		 8265		1.420799
  457	31139		 8267		1.382556
  458	17651		 8268		1.773312
			27584		1.455078
			31114		1.506721
  459	51421		 8271		1.133647
  460	72142		 8275		1.341668
  461	39910		 8277		1.303404
  462	31138		 8286		1.377017
			27583		1.058783
  463	 8287		39893		1.110093
  464	 8294		10876		1.519919
			17281		1.773312
			27576		1.527977
  465	18367		 8646		1.438769
			11246		1.307604
			11569		1.157953
			19782		1.322052
			27162		1.138011
			71136		1.276282
  466	18364		 8650		1.492087
			45741		1.262395
			46073		1.260897
			46409		1.242535
			48079		1.252506
			50073		1.260897
			51073		1.270629
			52079		1.262395
			52406		1.260897
			53746		1.252506
			55069		1.250926
			55407		1.252506
			55739		1.260816
			56767		1.250926
			57776		1.270786
			58103		1.252506
			59461		1.278939
			59787		1.242616
			60463		1.252506
			60795		1.252506
			61797		1.259186
			62803		1.287485
			71802		1.297455
			72137		1.287403
  467	28308		 8657		1.485375
			31822		1.226096
			33967		1.206072
			34292		1.206154
			35712		1.206154
			36436		1.206154
			36784		1.216125
			37140		1.216125
			37802		1.216125
			38507		1.245793
			39220		1.242788
			39904		1.264074
			41539		1.255764
			41909		1.254103
			42257		1.254103
			42630		1.245793
			42970		1.254103
			51404		1.254103
			51745		1.226014
			53732		1.226014
			54399		1.264074
			57433		1.245875
			60125		1.245793
			63466		1.255764
			63814		1.235904
			64470		1.254103
			64812		1.235985
			65804		1.262567
			69460		1.235904
			72458		1.242707
  468	40282		 8658		1.505154
			36788		1.215880
			37144		1.215880
			37806		1.215880
			41543		1.245712
			42261		1.225770
			42974		1.235822
			46082		1.245712
			47073		1.215880
			48065		1.215880
			48401		1.215880
			48752		1.215962
			49084		1.231390
			50070		1.245712
			51408		1.215880
			52068		1.215880
			53739		1.215880
			54403		1.245712
			55737		1.245712
			56083		1.205991
			56774		1.245712
			58796		1.245793
			59454		1.222713
			59785		1.225770
			60470		1.225770
			60804		1.215880
			62124		1.245712
			66142		1.258054
			69130		1.252596
			69792		1.249387
			70464		1.262486
  469	18362		 8664		1.494000
  470	37517		 8667		1.432958
  471	11587		 8669		1.368982
			16580		1.453647
			27161		1.276119
			37510		1.422204
			71135		1.398976
  472	 8678		37507		1.380792
  473	 8682		11231		1.389005
			16239		1.303884
			17995		1.305870
			19783		1.312081
			26123		1.229375
			28297		1.260705
			31477		1.223547
			31818		1.211176
			35722		1.259207
			37499		1.244515
			41221		1.290862
			42627		1.229299
			43329		1.265806
			43681		1.266039
			44033		1.257659
			44385		1.270676
			48414		1.218008
			71140		1.281150
  474	 8683		19804		1.938191
  475	 8684		16929		1.196462
			20499		1.096924
			21886		1.143344
			22229		1.151402
			33218		1.225998
			41220		1.141837
  476	21200		 9032		1.849013
  477	33976		 9038		1.662955
			11571		1.643175
			34298		1.091406
  478	11592		 9039		1.940081
  479	27171		 9041		1.754370
  480	22609		 9043		1.764504
			63138		1.176921
  481	24021		 9044		1.779016
  482	23672		 9045		1.781092
  483	 9049		11576		1.996879
  484	 9052		11563		1.893637
  485	28309		 9373		1.818879
			72128		1.128040
  486	21552		 9375		1.233119
  487	39234		 9379		1.314512
  488	18018		 9381		1.196033
  489	39235		 9387		1.432116
  490	18013		 9388		1.745690
  491	16249		 9389		1.288882
  492	13422		 9395		1.770336
  493	40630		 9396		1.269021
  494	 9397		17997		1.267743
  495	 9398		13418		1.226509
  496	 9401		11969		1.941661
			15490		1.748027
			21180		1.103541
			21544		1.088614
			40610		1.118321
  497	 9402		15488		1.738056
			17999		1.078562
			40612		1.134658
			63142		1.161535
  498	 9403		15116		1.675134
			15501		1.068673
			16233		1.138106
			38883		1.111599
  499	 9404		15111		1.076901
			15893		1.664270
			38876		1.101547
  500	 9406		17996		1.216538
  501	57450		 9764		1.136867
  502	72575		 9770		1.099166
			41897		1.102831
			57774		1.069083
			58443		1.084225
			58791		1.084225
			63813		1.087364
  503	18717		 9771		1.309547
			26139		1.289605
			31831		1.279716
			33974		1.289605
			34299		1.299576
			35728		1.289605
			36443		1.309547
			36797		1.309466
			37153		1.309547
			37815		1.316380
			38497		1.299576
			39891		1.303404
			41552		1.289768
			41916		1.296601
			42270		1.299576
			42983		1.299576
			56075		1.309466
			56422		1.299576
			58442		1.289768
			60121		1.299576
			63468		1.299576
			63800		1.289605
			72114		1.341668
  504	32530		 9776		1.570195
  505	36446		 9785		1.576450
			10161		1.613005
			36790		1.081516
  506	36808		 9786		1.576369
			10148		1.622976
			37146		1.081516
  507	10521		 9789		1.773313
			32511		1.352931
  508	10171		 9792		1.946882
  509	 9798		17620		1.773313
  510	 9806		10158		1.983356
  511	20160		10142		1.863851
			15495		1.696903
			25060		1.095313
  512	35740		10143		1.629512
			36442		1.089826
  513	25079		10146		1.873822
			15106		1.574637
  514	25080		10149		1.863851
			11967		1.556970
			28624		1.085557
  515	22963		10152		1.536729
  516	25764		10154		1.701229
  517	22961		10165		1.546619
  518	10170		22953		1.508420
  519	10172		22955		1.510252
  520	10173		22959		1.490496
  521	22964		10477		1.500467
  522	17643		10478		1.767377
			14813		1.508795
			30041		1.083681
			35352		1.057122
			40928		1.121977
  523	30065		10480		1.777266
			14126		1.386601
			35354		1.058783
  524	30063		10481		1.767377
			14461		1.408818
			35359		1.058783
			40925		1.140257
  525	20159		10482		1.646070
  526	16596		10489		1.695362
			21540		1.111924
  527	19438		10492		1.670716
  528	21545		10496		1.695362
  529	21551		10499		1.720089
  530	12356		10500		1.621505
  531	21553		10501		1.720008
  532	13421		10502		1.773312
			21528		1.233119
  533	19806		10504		1.842293
  534	22966		10505		1.886881
  535	35025		10508		1.623117
  536	10513		12328		1.277056
  537	10518		16592		1.215880
			21527		1.246369
  538	10519		19433		1.227764
  539	10520		20155		1.242358
  540	31140		10867		1.506721
  541	31141		10868		1.449075
  542	23674		10870		1.462103
  543	32528		10871		1.598448
  544	36076		10872		1.480446
  545	36079		10878		1.476577
  546	32531		10879		1.571889
  547	32164		10880		1.690238
			14112		1.312581
  548	39543		10882		1.105203
			17269		1.323965
			27574		1.090262
  549	34669		10886		1.099007
			17270		1.352319
  550	32165		10890		1.508055
  551	10891		14455		1.331740
			32150		1.100233
			32514		1.115597
			34663		1.073925
  552	10893		14790		1.443268
			29682		1.065615
			31126		1.055644
			35013		1.105810
  553	10894		14791		1.411871
			34656		1.118919
			36069		1.127516
  554	10895		14111		1.362422
			35017		1.090262
			36070		1.137200
			39536		1.083896
  555	10896		14439		1.381867
			35002		1.117655
			36072		1.091096
  556	19814		11235		1.280964
			71144		1.266149
  557	71156		11236		1.327916
  558	71151		11237		1.313159
  559	71149		11238		1.303270
  560	18360		11243		1.362754
  561	71147		11248		1.303270
  562	37513		11253		1.291822
  563	11256		37497		1.254486
			71137		1.286253
  564	11258		19785		1.341993
			71141		1.276201
  565	18721		11559		1.299576
  566	31492		11561		1.716178
			18702		1.129872
			72119		1.098290
  567	47083		11566		1.120064
  568	19813		11574		1.938191
  569	11590		21542		1.430389
  570	20164		11944		1.596291
			24003		1.085261
  571	21201		11945		1.621018
  572	24022		11946		1.640053
  573	19443		11949		1.606343
			23654		1.085342
  574	20847		11951		1.630908
  575	15896		11952		1.684131
			20843		1.154518
  576	19077		11953		1.507677
			40919		1.141674
			63122		1.123069
  577	32167		11954		1.525876
  578	22612		11955		1.581697
			26470		1.078643
  579	21546		11958		1.246369
  580	40627		11960		1.278992
  581	27952		11961		1.532323
			12330		1.795790
  582	27949		11962		1.532323
  583	23673		11964		1.606262
  584	22608		11965		1.581616
  585	25075		11968		1.556970
  586	40626		11971		1.287384
  587	11972		19060		1.316296
  588	11973		27929		1.271790
  589	11974		24005		1.224410
  590	11975		21186		1.187962
  591	11976		15508		1.711497
			20156		1.847263
			21530		1.068673
			24007		1.085261
			40613		1.128374
  592	11977		15090		1.648575
			15494		1.068673
			21187		1.083429
			40601		1.119982
  593	11978		15100		1.067011
			21176		1.091658
  594	11979		14449		1.684131
  595	11980		25064		1.222497
  596	11981		22603		1.197851
  597	11982		23657		1.199845
  598	27954		12329		1.795872
			15115		1.549990
  599	27950		12331		1.606109
  600	39232		12335		1.412174
  601	19072		12337		1.581463
			30411		1.105203
			35357		1.088533
			40920		1.151645
  602	40937		12338		1.485293
  603	15520		12339		1.748027
			22596		1.161298
  604	19073		12342		1.630837
			25059		1.103453
			32508		1.078562
			63137		1.115092
  605	25078		12345		1.640645
  606	19074		12346		1.571492
  607	22610		12349		1.665291
  608	17646		12353		1.625970
			27938		1.191448
			40603		1.191448
  609	12354		27945		1.261900
  610	12355		39210		1.406997
  611	12357		22590		1.105121
			27934		1.085261
			40918		1.189624
  612	12359		25074		1.235674
  613	12361		14806		1.748027
			17633		1.306326
  614	12362		19062		1.261900
  615	33228		12699		1.080910
  616	33603		12700		1.155234
			20502		1.085342
  617	13779		12701		1.152096
			20491		1.109988
			24369		1.493641
			33589		1.065615
  618	28984		12702		1.459666
  619	33222		12703		1.185419
			13769		1.170043
			20497		1.092093
  620	33225		12704		1.111901
			16583		1.134953
			20504		1.092175
  621	33227		12705		1.085261
			13058		1.111820
  622	13780		12707		1.179799
			20506		1.085261
			22233		1.459554
			33216		1.058702
  623	26823		12708		1.445817
  624	33226		12709		1.117440
			16576		1.129022
  625	13781		12711		1.161985
			20509		1.449459
			21883		1.100151
			33215		1.075423
  626	13079		12712		1.100770
			29320		1.074211
			38888		1.378613
  627	14143		12713		1.685024
			20498		1.644210
			24370		1.617651
  628	13080		12717		1.080910
			28963		1.120026
			38170		1.088887
			38875		1.267439
  629	24372		12718		1.160773
			20493		1.119959
  630	13078		12720		1.082204
			26805		1.117626
			38172		1.375659
  631	26820		12721		1.090800
			13062		1.117359
  632	13081		12723		1.080910
			29319		1.072632
			38168		1.240274
  633	28982		12724		1.095313
  634	12725		13056		1.685024
  635	12726		16595		1.113431
			20511		1.093570
			26816		1.125854
			38160		1.378348
  636	12727		16594		1.123483
			33211		1.058783
			38869		1.381752
  637	12729		33220		1.183425
			38165		1.090800
  638	13426		13055		1.083681
			29321		1.067011
			38169		1.091658
			38889		1.270210
  639	26824		13057		1.441385
  640	16942		13059		1.099191
			13399		1.125750
			29306		1.072632
			38158		1.240274
  641	13782		13060		1.748027
  642	16940		13063		1.090800
			13420		1.121791
			26809		1.107574
			38865		1.261900
  643	16941		13064		1.200848
			13751		1.114619
			23991		1.145463
			29307		1.074211
			33217		1.182598
			38866		1.377238
  644	29323		13065		1.085342
  645	28983		13066		1.106309
  646	22254		13067		1.180715
			13771		1.133808
  647	13777		13068		1.170043
  648	33602		13069		1.172038
			13776		1.116821
  649	33221		13070		1.165205
			13749		1.093652
  650	29326		13072		1.082204
			13406		1.111901
  651	26821		13073		1.085261
			13407		1.121791
  652	33224		13074		1.195390
			13752		1.082204
  653	13427		13075		1.083681
			29318		1.067011
			38167		1.242963
  654	16939		13076		1.172038
			13757		1.102145
			29313		1.065615
			38166		1.370120
  655	13077		13396		1.748027
  656	29325		13394		1.085261
  657	33231		13395		1.182598
  658	23670		13402		1.443741
  659	39547		13403		1.163581
  660	29324		13404		1.085342
  661	18016		13409		1.771651
  662	63151		13410		1.432449
  663	18015		13411		1.763341
  664	22967		13413		1.390532
  665	13424		18001		1.132996
			39528		1.136602
			63145		1.138678
  666	24016		13754		1.453712
  667	33601		13761		1.221167
			17261		1.110344
  668	39538		13763		1.085374
			16930		1.174940
			20496		1.168162
  669	41248		13764		1.445735
  670	33599		13766		1.220422
			24723		1.082603
  671	33600		13767		1.231138
			17266		1.112006
  672	17287		13768		1.773312
  673	20514		13774		1.215371
			21896		1.168906
			22231		1.118446
			24716		1.083429
			41222		1.112006
  674	26472		13775		1.215289
			24706		1.083348
  675	13783		24727		1.652186
  676	13784		16933		1.773312
			20500		1.756563
  677	36078		14113		1.344141
  678	32166		14114		1.319494
  679	27599		14115		1.318201
			32151		1.117626
			40924		1.125854
			41244		1.127434
			63119		1.098858
  680	30776		14116		1.300387
  681	27603		14117		1.337308
			36063		1.112087
			40923		1.128809
			63135		1.128374
  682	32161		14118		1.309524
			27585		1.064322
  683	36080		14119		1.335647
			27590		1.088968
  684	14818		14120		1.237062
			23301		1.090800
			24713		1.113533
			28605		1.619543
			39523		1.057122
  685	28628		14121		1.253866
			25427		1.065615
  686	30778		14122		1.296326
  687	35363		14123		1.386601
  688	26473		14124		1.232358
			24709		1.081768
  689	29702		14125		1.368787
  690	25431		14127		1.238723
			28620		1.102064
			38882		1.156646
			41226		1.121895
  691	28980		14128		1.268909
			32870		1.080910
  692	32876		14129		1.277035
  693	30422		14130		1.440997
			19071		1.801773
  694	30423		14131		1.440915
  695	17644		14132		1.435893
			33593		1.130035
			34641		1.093400
			40929		1.100455
  696	33605		14133		1.444203
  697	15128		14134		1.685024
			33590		1.359305
  698	36084		14136		1.210939
			23293		1.095313
			24719		1.151837
  699	29701		14137		1.377097
			34654		1.090262
			35021		1.095839
  700	24734		14138		1.213996
			26465		1.083348
  701	28626		14140		1.245372
			23302		1.103623
			24720		1.126356
  702	14141		30036		1.395488
  703	14142		30763		1.504044
  704	14144		30418		1.398944
  705	14145		29679		1.405459
  706	14146		27595		1.447919
			36071		1.476577
  707	14147		27596		1.454751
			32144		1.508055
  708	14148		32856		1.502383
  709	14149		25428		1.541718
			28613		1.558387
  710	14150		23295		1.572981
			24730		1.605686
  711	29703		14438		1.379453
			34655		1.100151
			40915		1.135539
  712	27600		14440		1.323328
			32157		1.058783
			32519		1.127229
			40914		1.108765
			63120		1.091739
  713	35024		14441		1.353513
  714	32877		14442		1.273954
			28974		1.656109
  715	35365		14443		1.364311
			34659		1.068754
  716	32525		14444		1.324989
  717	27604		14445		1.347974
			35014		1.099191
			36056		1.054351
			63126		1.155043
  718	35026		14446		1.349554
  719	17645		14447		1.448139
			33597		1.075505
			34642		1.101629
  720	33606		14448		1.446559
  721	30424		14452		1.443435
			19056		1.801773
  722	32874		14453		1.272558
  723	30777		14454		1.300262
			33219		1.076982
  724	34670		14456		1.324989
			32522		1.100455
  725	25432		14460		1.251051
			28615		1.074293
			38885		1.149977
			41228		1.112006
  726	30061		14462		1.388957
  727	35362		14463		1.433464
  728	39542		14464		1.259360
			25423		1.101629
  729	33229		14465		1.300343
  730	14466		33598		1.346085
  731	14467		30414		1.390510
  732	14468		33208		1.503933
  733	14469		28961		1.543254
  734	14470		26462		1.577790
  735	14471		30034		1.379041
  736	14472		34652		1.405348
  737	14473		35006		1.454892
  738	14474		32520		1.496312
  739	14475		32857		1.500794
  740	14476		25426		1.543173
  741	27602		14789		1.462270
			30056		1.064322
			31132		1.113194
  742	29700		14792		1.426546
  743	30775		14793		1.359440
  744	39546		14794		1.407439
			36075		1.123083
  745	35364		14795		1.458025
  746	36077		14796		1.401900
			27597		1.058783
  747	32162		14797		1.377254
			27587		1.058783
  748	32872		14801		1.333500
			28978		1.064322
  749	29699		14802		1.488210
			30398		1.141948
			34645		1.092174
			35346		1.055644
  750	30421		14803		1.515478
  751	17282		14804		1.382793
			27592		1.064322
			30761		1.616536
			32140		1.085342
			41243		1.121895
  752	17283		14805		1.384086
			28967		1.654264
			32156		1.082204
			32862		1.089036
			39527		1.065615
  753	27601		14807		1.401900
			36061		1.117545
			39531		1.067093
			40922		1.135723
			63133		1.093652
  754	33604		14814		1.507317
			17632		1.068754
  755	17284		14815		1.334794
			28621		1.612894
			28973		1.097316
			33595		1.058783
  756	17285		14816		1.352607
			25416		1.576260
			30764		1.085342
			39537		1.058783
  757	32163		14817		1.382793
  758	14819		30044		1.403871
  759	14820		30410		1.397356
  760	14821		29677		1.403871
  761	14822		27579		1.421685
			36060		1.480446
  762	14823		27588		1.451870
			32153		1.468458
  763	14824		30760		1.470977
  764	14825		28964		1.501162
  765	20163		15091		1.614039
			23995		1.083429
  766	20162		15093		1.623929
  767	27948		15094		1.548411
  768	19442		15096		1.614039
			23644		1.083429
  769	19441		15097		1.623929
  770	22611		15098		1.589393
  771	16248		15099		1.663583
			40597		1.120234
  772	19076		15102		1.535315
  773	28630		15107		1.591277
  774	26478		15108		1.617563
  775	16247		15110		1.663583
			40609		1.127959
  776	19075		15114		1.545367
			40908		1.151645
			63136		1.123150
  777	15117		16234		1.119901
  778	15118		20833		1.144629
  779	15119		20831		1.081435
  780	15120		40602		1.119982
  781	15121		40605		1.197770
  782	15122		20150		1.197747
  783	15123		22592		1.204062
  784	15124		25072		1.228708
  785	15125		27942		1.264905
  786	15126		19428		1.182990
  787	15127		19049		1.274876
  788	40625		15491		1.445817
  789	16602		15493		1.721468
			19435		1.900486
			23665		1.095232
			40619		1.131866
  790	21550		15497		1.445572
  791	19440		15505		1.686932
  792	19439		15506		1.696822
			22604		1.877013
			40913		1.211145
			63128		1.199676
  793	20161		15507		1.686932
  794	15511		40596		1.134658
  795	15512		40617		1.124768
  796	15513		40611		1.100040
  797	15514		40600		1.155339
  798	15515		40606		1.112006
  799	15516		40621		1.118484
  800	15517		40598		1.196271
  801	15518		20152		1.187857
  802	15519		19422		1.182990
  803	72460		15892		1.172466
  804	15894		72455		1.140978
  805	15895		72450		1.142716
  806	72650		16220		1.051009
  807	46758		16223		1.068754
  808	72647		16231		1.107691
			18697		1.064297
			21894		1.089329
			70812		1.074268
  809	72548		16235		1.086424
			28304		1.105865
			40259		1.097177
			46744		1.113951
			62469		1.113951
			62796		1.100853
			64134		1.087288
			71471		1.104138
			72125		1.123841
			72453		1.131035
  810	16244		62799		1.130035
  811	16245		26119		1.400585
			31478		1.390614
			31815		1.390614
			33960		1.380643
			34291		1.390532
			35718		1.390532
			36435		1.400503
			36789		1.400503
			37145		1.400503
			37807		1.400503
			38506		1.428592
			39214		1.390614
			39897		1.418703
			41241		1.390532
			41544		1.410393
			41908		1.428592
			42262		1.428592
			42975		1.418703
			51403		1.428592
			51748		1.397446
			53734		1.390532
			54398		1.418703
			56069		1.390614
			56418		1.410393
			57448		1.410393
			58438		1.418703
			60126		1.418703
			61141		1.410393
			63476		1.410556
			63809		1.410393
			70806		1.410393
  812	71154		16571		1.411125
  813	19807		16578		1.422381
  814	37516		16585		1.379817
			18346		1.286955
  815	16597		19789		1.338907
  816	16599		19790		1.318884
  817	22255		16914		1.184341
  818	26822		16916		1.080910
  819	22251		16922		1.138460
			20507		1.077064
  820	22253		16923		1.205361
  821	26825		16924		1.435846
  822	29327		16925		1.090800
  823	22252		16926		1.090881
  824	29329		16927		1.118652
  825	29328		16928		1.134162
  826	22250		16935		1.439472
  827	39545		17265		1.266363
  828	28981		17273		1.452465
  829	39544		17276		1.292486
  830	41252		17279		1.445735
  831	40939		17623		1.455625
  832	40622		17627		1.475485
  833	35368		17631		1.475958
  834	33608		17636		1.359305
  835	35367		17638		1.461283
  836	35366		17641		1.426747
  837	40938		17642		1.453964
  838	17647		19061		1.417255
  839	17649		29683		1.446768
  840	18012		30049		1.695867
  841	71153		18338		1.324799
  842	27164		18339		1.286873
  843	71148		18344		1.308292
  844	71152		18345		1.322968
  845	71155		18348		1.306380
  846	71150		18355		1.334770
  847	71146		18358		1.298240
  848	72653		18695		1.062636
  849	54416		18700		1.115485
  850	72596		18703		1.135719
			31470		1.099085
			47396		1.147330
			47735		1.133806
			48398		1.107143
			62789		1.143777
			65473		1.143696
			65811		1.123917
  851	72605		18705		1.106366
			41912		1.086424
			53414		1.069083
			54740		1.069083
			55073		1.069083
			68132		1.084511
			70467		1.120983
  852	62809		18707		1.139924
  853	72623		18714		1.090938
			39224		1.123998
			47074		1.087364
			47407		1.135630
			62792		1.143864
			64141		1.108885
			65482		1.089025
			70124		1.115607
  854	72572		18715		1.137299
			31827		1.110798
			47400		1.094091
			47732		1.098914
			48747		1.088943
			71461		1.103980
			71801		1.109422
			72135		1.125578
  855	18720		31485		1.279634
  856	18722		20840		1.118446
			21193		1.108556
			21897		1.118446
			22242		1.124066
			22591		1.118446
			23283		1.113932
			23642		1.108556
			23996		1.128417
			24350		1.138306
			25055		1.118446
			25422		1.102463
			26471		1.137466
			27941		1.128417
			28609		1.119267
			30050		1.100986
			30405		1.118527
			30753		1.102463
			31117		1.092492
			32154		1.108002
			32858		1.102463
			34653		1.078643
			35012		1.094153
			38175		1.125278
			38886		1.118446
			63118		1.119267
			70801		1.106481
  857	40935		19052		1.475404
  858	40934		19063		1.475404
  859	32532		19064		1.352931
  860	24023		19421		1.447244
  861	24018		19430		1.473803
  862	40936		19434		1.505154
  863	19812		26129		1.440262
			31820		1.432034
			42628		1.460128
			48402		1.438866
  864	41249		20492		1.445735
  865	20519		22245		1.756563
  866	21904		20832		1.075586
			21192		1.065615
			22235		1.065615
			22600		1.075586
			23291		1.075586
			23641		1.085557
			23992		1.075586
			24364		1.103675
			25054		1.065615
			25406		1.105336
			26457		1.075586
			27935		1.105418
			28623		1.075586
			30053		1.105336
			30404		1.135249
			30768		1.091096
			31129		1.115307
			32142		1.085557
			32868		1.085557
			34664		1.115307
			35011		1.105336
			38174		1.055644
			38879		1.055644
			63117		1.085476
			72740		1.095251
  867	21198		20839		1.105284
			21889		1.108978
			22241		1.092174
			22585		1.090262
			23289		1.118867
			23663		1.105203
			24006		1.095313
			24362		1.118867
			25071		1.092174
			25411		1.128757
			26455		1.108896
			27932		1.171587
			28617		1.118684
			30038		1.159307
			30412		1.105203
			30767		1.118786
			31109		1.174817
			32152		1.116873
			32867		1.142503
			34647		1.202855
			35005		1.169278
			38162		1.092174
			38872		1.139924
			63121		1.173517
  868	20844		21183		1.103460
			21888		1.103460
			22239		1.103460
			22606		1.101547
			23285		1.143099
			23648		1.105121
			24000		1.115092
			24361		1.184726
			25057		1.103460
			25415		1.133210
			26453		1.113349
			27931		1.181477
			28622		1.130071
			30037		1.133210
			30416		1.154813
			30756		1.123239
			31124		1.181506
			32143		1.121326
			32866		1.130071
			34660		1.198280
			35004		1.140042
			38173		1.110292
			38868		1.148153
			63132		1.178073
  869	20845		21177		1.145086
			21880		1.145086
			22247		1.130683
			22589		1.123232
			23284		1.154976
			23643		1.085342
			23994		1.085342
			24368		1.174999
			25056		1.125144
			25420		1.164947
			26452		1.145005
			27930		1.151727
			28610		1.161727
			30035		1.164947
			30415		1.135034
			30765		1.154894
			31123		1.198656
			32149		1.152982
			32869		1.161727
			34657		1.216724
			35020		1.193117
			38159		1.145086
			38867		1.189779
			63123		1.209728
  870	20846		72722		1.065598
  871	21197		72764		1.054226
  872	21199		72719		1.038716
  873	72656		21898		1.061159
  874	21900		72728		1.048605
  875	21901		72758		1.089228
  876	22249		72755		1.052851
  877	63148		22601		1.209728
  878	22607		72710		1.047312
  879	38894		23303		1.169837
  880	23314		72662		1.050083
  881	23669		28292		1.473668
			31479		1.466342
			35731		1.472170
			41224		1.493854
			43335		1.472007
			43687		1.479084
			44039		1.473831
			44391		1.463860
  882	23671		72716		1.067254
  883	24020		72713		1.051744
  884	24371		72761		1.078518
  885	29332		24712		1.794700
  886	26474		24728		1.445572
  887	25077		72707		1.047312
  888	38893		25409		1.189779
  889	41250		25412		1.435846
  890	41251		25414		1.445735
  891	25434		72668		1.048687
  892	72462		26117		1.337391
  893	72635		26120		1.120769
			40271		1.128746
			45398		1.098914
			50066		1.089025
			62472		1.155409
			63804		1.100827
			70807		1.135630
			72457		1.195212
  894	72584		26121		1.109137
			32516		1.125830
			40270		1.127003
			45401		1.117195
			45738		1.127003
			46751		1.153748
			53745		1.153830
			62788		1.127003
			70808		1.123917
  895	65815		26122		1.287781
  896	31495		26124		1.103290
			45410		1.091406
  897	45421		26126		1.078643
  898	50082		26130		1.103290
  899	72461		26131		1.337391
  900	39231		26132		1.297670
  901	26140		31807		1.402203
			33950		1.412174
			34278		1.422145
			35713		1.422145
			36422		1.422145
			36785		1.420326
			37141		1.420326
			37803		1.420402
			38496		1.410512
			39889		1.428814
			41540		1.421982
			41895		1.440262
			42258		1.430291
			42629		1.421982
			42971		1.422063
			51401		1.410512
			51740		1.420402
			53743		1.412092
			54396		1.428814
			57431		1.421982
			60131		1.422063
			63475		1.410512
			63810		1.412092
			64480		1.440262
			64802		1.412174
			65805		1.402203
			69453		1.412092
  902	26142		31481		1.093319
			65474		1.081435
  903	26143		47066		1.110174
			65471		1.091406
  904	26144		62462		1.091324
			62805		1.139924
  905	26145		70802		1.118232
  906	26475		72659		1.048605
  907	41253		27578		1.445735
  908	40930		27586		1.453964
  909	31137		27589		1.459666
  910	40931		27598		1.472428
  911	27947		34640		1.201419
  912	27953		72704		1.050164
  913	53748		28289		1.129953
  914	44052		28295		1.091406
  915	28305		44736		1.459428
			45068		1.473668
			45742		1.443999
			46071		1.463778
			46411		1.453807
			47402		1.422402
			49742		1.422402
			50078		1.463778
			51068		1.452233
			52076		1.443999
			52405		1.463778
			55064		1.473668
			55400		1.453889
			55745		1.473668
			56764		1.473668
			57772		1.463697
			58098		1.453889
			59793		1.463778
			60460		1.463778
			60793		1.453889
			61799		1.432373
  916	28306		44740		1.252707
			45072		1.261017
			45735		1.216043
			46077		1.244213
			46415		1.235904
			47403		1.202945
			49743		1.203015
			50080		1.244213
			51075		1.235904
			52077		1.226014
			52409		1.244213
			53730		1.262649
			55071		1.264155
			55404		1.245875
			55741		1.254184
			56769		1.264155
			57769		1.264155
			58105		1.226014
			59789		1.245875
			60465		1.245875
			60799		1.235985
			61803		1.212916
			71458		1.221190
  917	28307		44737		1.235904
			45069		1.255683
			46410		1.235822
			50075		1.275625
			50746		1.235904
			51072		1.241443
			52412		1.275625
			52746		1.255683
			53074		1.235904
			53403		1.275625
			54075		1.245793
			54733		1.265654
			55068		1.265654
			57773		1.265654
			58099		1.235904
			59126		1.231553
			61131		1.255764
			61464		1.235904
			61798		1.214387
			62460		1.252596
			62801		1.250941
			71469		1.231080
			71793		1.231080
  918	28310		71460		1.098290
  919	28625		72665		1.058392
  920	35022		29689		1.450988
  921	40933		30039		1.463935
  922	30064		72692		1.048687
  923	30420		72695		1.061796
  924	30774		72674		1.031883
  925	63152		31125		1.188036
  926	31136		72686		1.037422
  927	47742		31469		1.297670
  928	62481		31480		1.297589
  929	48420		31482		1.083429
			62800		1.136356
  930	72147		31484		1.297670
  931	46756		31487		1.307641
  932	72146		31489		1.287781
  933	47745		31490		1.068754
  934	31491		44747		1.443999
			45079		1.453970
			46741		1.434028
			47068		1.453889
			47737		1.424139
			49411		1.434110
			50407		1.444081
			50736		1.444081
			51750		1.444081
			52735		1.460803
			53075		1.453970
			53400		1.460803
			54064		1.443999
			54732		1.460803
			56414		1.443999
			57106		1.466342
			58434		1.453970
			59115		1.444081
			61132		1.443999
			61459		1.443999
  935	31493		45406		1.118069
			56088		1.103208
  936	31494		45403		1.091406
			63807		1.093319
  937	31496		45399		1.081516
			53728		1.129953
  938	31497		47739		1.091487
  939	72644		31809		1.097618
			33970		1.086424
			47729		1.084511
			49079		1.069083
			62454		1.111175
			71456		1.110824
			71786		1.100853
  940	72139		31810		1.297670
  941	47743		31812		1.093319
  942	48753		31819		1.083429
			71791		1.124994
  943	47744		31821		1.068673
  944	72140		31828		1.287781
  945	31832		33972		1.422063
			34288		1.422145
			35732		1.422145
			36432		1.422145
			36800		1.422145
			37156		1.422145
			37818		1.422145
			38514		1.412174
			39209		1.402203
			39909		1.432034
			41555		1.432034
			41905		1.432034
			42273		1.431953
			42614		1.422063
			42986		1.431953
			51412		1.412174
			53733		1.412092
			54407		1.432034
			57436		1.422063
			60127		1.422063
			63467		1.412174
			63797		1.412092
			64475		1.432034
			64804		1.412174
			65806		1.412092
			69461		1.412092
  946	31834		72456		1.147901
  947	31835		48743		1.091406
  948	34671		32155		1.216724
  949	32160		72677		1.081865
  950	32523		34662		1.496312
  951	32527		53738		1.244538
  952	32873		72671		1.046655
  953	38182		33210		1.303467
  954	72620		33952		1.097618
			34295		1.087729
			49414		1.095705
			49747		1.105799
			65480		1.122369
			69125		1.132258
			71457		1.103980
			71795		1.113951
  955	47740		33956		1.093319
  956	49085		33964		1.098858
			71784		1.106443
  957	47741		33966		1.058783
  958	33975		34282		1.252392
			35733		1.252392
			36426		1.252392
			36801		1.262363
			37157		1.262363
			37819		1.262363
			38499		1.272253
			39205		1.242421
			39894		1.280481
			41556		1.302003
			41899		1.292032
			42274		1.282142
			42631		1.272171
			42987		1.282142
			51405		1.272253
			54400		1.280481
			57441		1.272171
			63461		1.262363
			63796		1.272171
			64482		1.302003
			64810		1.262282
			65800		1.272253
			69458		1.272253
			70795		1.288945
			72133		1.289027
  959	33977		49075		1.091406
  960	72638		34280		1.127409
			45414		1.108804
			56067		1.090856
			61800		1.069083
			62139		1.118775
			64814		1.125578
			72120		1.115607
  961	72614		34281		1.094266
			35735		1.077317
			49406		1.079054
			49736		1.084120
			66138		1.111256
			71785		1.103980
  962	35739		34283		1.422402
			36427		1.422402
			36791		1.432373
			37147		1.432373
			37809		1.443999
			39900		1.462280
			40273		1.424139
			41546		1.452309
			41900		1.472170
			42264		1.453889
			42977		1.453889
			46078		1.462280
			47065		1.424139
			48064		1.424139
			48415		1.434028
			48751		1.424139
			49083		1.422402
			50068		1.453970
			51415		1.443999
			52080		1.434110
			53744		1.434028
			54410		1.452309
			55740		1.462199
			56066		1.434110
			56768		1.462280
			58795		1.462199
			59448		1.443999
			59788		1.443999
			60464		1.453970
			60800		1.443999
			62138		1.453970
  963	49419		34286		1.058783
  964	69134		34289		1.307641
  965	49418		34290		1.093400
  966	34300		63799		1.254428
  967	34301		35714		1.232911
  968	34303		71803		1.124805
  969	34304		65472		1.081435
  970	40932		34661		1.463935
  971	34667		72689		1.058576
  972	34668		72698		1.054226
  973	35023		72683		1.055519
  974	66145		35720		1.322988
  975	49417		35729		1.058783
  976	72602		35737		1.087799
			36439		1.087718
			49412		1.085805
			49740		1.104138
			50412		1.095776
			66474		1.085857
			69788		1.092619
			71794		1.112550
  977	49416		35738		1.093319
  978	35741		71788		1.096553
  979	35742		66132		1.088349
  980	72641		36424		1.114544
			45405		1.115607
			56082		1.089025
			58097		1.087282
			64805		1.089025
			70134		1.094167
			72115		1.117601
  981	72590		36425		1.115940
			36803		1.088943
			50404		1.078972
			66471		1.081425
			71468		1.102508
			72136		1.133730
  982	49415		36430		1.058783
  983	69802		36433		1.314322
  984	50417		36434		1.083348
			49413		1.081435
  985	36444		56074		1.244620
  986	36445		36786		1.242958
  987	36447		71800		1.114677
  988	36448		66475		1.079779
  989	50415		36798		1.058702
  990	69801		36799		1.089750
  991	72578		36805		1.104237
			37159		1.085626
			50410		1.087206
			50748		1.085626
			51077		1.069083
			65136		1.087288
  992	50416		36806		1.093319
  993	36807		37142		1.242882
  994	36809		72122		1.136193
  995	36810		66464		1.088278
  996	50751		37154		1.058783
  997	65157		37155		1.091406
  998	72566		37161		1.111064
			37821		1.085805
			45752		1.095776
			50744		1.085805
			66804		1.069083
  999	50414		37162		1.093319
			50737		1.091406
 1000	37163		37804		1.257765
 1001	37165		51080		1.086617
 1002	37166		65138		1.091487
 1003	50750		37816		1.065534
 1004	66807		37817		1.081435
 1005	72557		37823		1.095922
			48078		1.097177
			51074		1.077317
			51751		1.094039
			52081		1.087206
			64144		1.078972
			64813		1.097177
 1006	50749		37824		1.080291
 1007	37825		51744		1.251111
 1008	37827		45736		1.081516
 1009	37828		66793		1.088349
 1010	38891		38178		1.161860
 1011	38179		72746		1.064197
 1012	38180		72752		1.106688
 1013	38181		72743		1.047312
 1014	72629		38498		1.111508
			44743		1.069083
			51402		1.084593
			55398		1.084593
			67129		1.069083
 1015	51754		38500		1.119982
 1016	53082		38502		1.058702
 1017	53083		38505		1.083348
 1018	72632		38512		1.096395
			52072		1.077393
			53067		1.094482
			66798		1.069083
			67138		1.069083
			70131		1.111256
 1019	52083		38515		1.101629
 1020	38517		51411		1.231326
 1021	38519		67127		1.088267
 1022	63147		38877		1.181477
 1023	38890		72725		1.047312
 1024	38892		72749		1.048605
 1025	47084		39213		1.058783
 1026	72554		39216		1.135882
			60801		1.077393
			61468		1.087282
			65808		1.113946
			69787		1.088943
			72116		1.125911
 1027	39229		47067		1.120064
 1028	39230		70809		1.244620
 1029	72611		39892		1.104492
			41558		1.084511
			45415		1.094401
			46412		1.084511
			57098		1.074622
			67796		1.084511
 1030	57113		39901		1.091739
 1031	57114		39902		1.058783
 1032	70476		39903		1.307560
 1033	72617		39907		1.094602
			52402		1.069083
			57105		1.069083
			67463		1.077393
			70470		1.113946
 1034	39911		41541		1.242958
 1035	39913		52403		1.088349
 1036	39914		67467		1.081435
 1037	62475		40258		1.317551
			42613		1.282224
			48076		1.310800
			48744		1.262363
			49076		1.242503
			57439		1.282224
			58788		1.292276
			63455		1.262445
			64136		1.252392
			64469		1.310557
			64808		1.289108
			65146		1.252474
			65477		1.252392
			65803		1.262363
			66134		1.242503
			66463		1.242503
			66796		1.272334
			67133		1.272334
			67460		1.292113
			67795		1.282224
			68123		1.300586
			68462		1.282305
			68795		1.282305
			69456		1.272334
			70130		1.262445
			70800		1.318940
 1038	62140		40260		1.332910
			48077		1.316188
			48750		1.267751
			49082		1.277640
			58794		1.282893
			59453		1.285950
			64139		1.277640
			64476		1.277722
			65142		1.277640
			65479		1.304385
			65810		1.294333
			66143		1.277640
			66467		1.294414
			66797		1.285950
			67126		1.276060
			67457		1.267751
			67802		1.257861
			68130		1.276060
			68457		1.266171
			68789		1.266171
			69126		1.267751
			69454		1.277640
			70139		1.276060
			70804		1.314356
 1039	64150		40261		1.081435
 1040	62141		40263		1.342799
			48070		1.267751
			48408		1.267832
			48741		1.267751
			49073		1.287611
			58785		1.266171
			59459		1.287611
			64142		1.277640
			64473		1.257861
			65137		1.277640
			65481		1.304385
			66130		1.283179
			66466		1.287611
			66792		1.287611
			67128		1.287611
			67459		1.257861
			67789		1.247972
			68128		1.257861
			68455		1.256281
			68797		1.266171
			69133		1.267751
			69464		1.257861
			69785		1.287611
			70123		1.314275
			70460		1.292753
			70791		1.284525
 1041	70820		40272		1.101295
 1042	48081		40275		1.081435
 1043	65155		40278		1.242584
			46076		1.272334
			47072		1.252474
			48075		1.300911
			48407		1.262445
			48745		1.252555
			49077		1.252474
			55744		1.289138
			56081		1.242584
			58789		1.289138
			59450		1.252474
			59792		1.272334
			60798		1.262445
			62131		1.272334
			66137		1.252474
			66473		1.264816
			66799		1.248123
			67136		1.252474
			67791		1.272416
			68122		1.282305
			68459		1.279248
			69122		1.252555
			69786		1.252474
			70137		1.269248
			70458		1.272416
 1044	40281		46072		1.390532
			47071		1.370672
			48063		1.370672
			48406		1.380643
			48739		1.380643
			49071		1.376292
			55738		1.417225
			56080		1.380724
			58783		1.407254
			59447		1.405599
			59786		1.390532
			60794		1.380643
			62130		1.390532
			65151		1.380724
			66141		1.380724
			66803		1.397365
			67132		1.387475
			67799		1.410393
			68121		1.417225
			68465		1.407254
			69124		1.380643
			69791		1.380724
			70465		1.410393
 1045	40283		50067		1.111266
 1046	40284		53731		1.091406
 1047	40285		62804		1.129953
 1048	72626		41232		1.120769
			42623		1.098833
			46079		1.095857
			53410		1.132492
			67468		1.089025
			72129		1.143001
 1049	53419		41242		1.305980
 1050	41246		45411		1.463941
			46738		1.463860
			47079		1.463941
			47738		1.473831
			49408		1.473831
			50399		1.483883
			50747		1.493854
			51418		1.473912
			51735		1.483883
			52747		1.482222
			53080		1.473994
			54076		1.469562
			54413		1.472251
			54743		1.482222
			56086		1.483883
			56428		1.473912
			57109		1.472251
			57447		1.463941
			58448		1.473912
			59127		1.493854
			60132		1.464023
			61136		1.473912
			61469		1.473912
 1051	41247		53413		1.111281
 1052	45423		41553		1.078643
 1053	67804		41554		1.081435
 1054	72608		41560		1.101619
			45075		1.079054
			54397		1.102874
			55402		1.079054
			67800		1.094564
			68134		1.084593
 1055	57112		41561		1.093319
			45416		1.101295
 1056	41562		54406		1.213208
 1057	41564		46408		1.091406
 1058	41565		67792		1.091406
 1059	72599		41898		1.105969
			42276		1.077393
			52743		1.079054
			55409		1.077393
			55746		1.079054
			68468		1.069083
 1060	54747		41903		1.057122
 1061	70475		41906		1.297589
 1062	54746		41907		1.090078
 1063	41917		58447		1.241297
 1064	41918		42259		1.241297
 1065	41920		55076		1.088349
 1066	41921		68127		1.081435
 1067	52750		42271		1.068673
 1068	68470		42272		1.081435
 1069	72593		42278		1.095998
			42989		1.087282
			54072		1.069083
			55410		1.087282
			68466		1.069083
			68799		1.069083
			70462		1.077393
 1070	52749		42279		1.098858
 1071	42280		42972		1.223016
 1072	42282		55403		1.088267
 1073	42283		68456		1.078378
 1074	70816		42617		1.298916
 1075	70815		42618		1.318940
 1076	64816		42622		1.317531
 1077	42632		48740		1.441924
			49072		1.460128
			57445		1.422145
			58784		1.438948
			62463		1.451895
			63454		1.448756
			64148		1.441924
			64468		1.432034
			65152		1.441924
			65469		1.451895
			65809		1.432034
			66131		1.450157
			66469		1.450157
			66794		1.448756
			67137		1.438867
			67458		1.432034
			67798		1.432116
			68133		1.432034
			68467		1.438948
			68798		1.428977
			69459		1.422145
			70125		1.441924
 1078	42633		53407		1.111200
 1079	42634		62135		1.091406
 1080	42635		70805		1.108261
 1081	42636		70793		1.108180
 1082	42637		67469		1.081435
 1083	54079		42984		1.065463
 1084	70474		42985		1.089745
 1085	72587		42991		1.112720
			55070		1.104086
			55742		1.074254
			56423		1.094115
			56776		1.104086
			64481		1.104086
 1086	54078		42992		1.081768
 1087	42993		56427		1.223098
 1088	42995		55411		1.088267
 1089	42996		68790		1.078378
 1090	62478		43326		1.297589
 1091	62477		43327		1.297589
 1092	62816		43328		1.305904
 1093	62813		43330		1.295933
 1094	71474		43331		1.305904
 1095	71475		43333		1.304432
 1096	71476		43334		1.305904
 1097	71807		43338		1.305904
 1098	71806		43339		1.305904
 1099	43342		44734		1.443918
			45066		1.472007
			46404		1.453807
			50079		1.453726
			50740		1.434028
			51076		1.424139
			52410		1.453726
			52742		1.472007
			53070		1.443918
			53416		1.453726
			54071		1.462117
			54742		1.463697
			55072		1.463697
			57777		1.463697
			58111		1.443918
			59122		1.434028
			61135		1.453807
			61467		1.443918
			61792		1.414168
			62807		1.424057
 1100	43343		71454		1.106443
 1101	43344		71799		1.116414
 1102	43345		71787		1.108099
 1103	43346		71792		1.108099
 1104	43347		62456		1.098209
 1105	43348		46747		1.123690
 1106	43349		62790		1.096472
 1107	43350		62793		1.118069
 1108	43351		71465		1.105052
 1109	71482		43678		1.305904
 1110	71483		43679		1.297670
 1111	47412		43680		1.315794
 1112	47411		43682		1.312666
 1113	49752		43683		1.315875
 1114	71479		43685		1.297670
 1115	47410		43686		1.314138
 1116	49751		43690		1.304167
 1117	49750		43691		1.314214
 1118	43694		44742		1.454052
			45074		1.479084
			45743		1.424220
			46083		1.472332
			46403		1.464023
			50074		1.464023
			51082		1.442425
			52069		1.434191
			52414		1.472332
			52736		1.472251
			53069		1.444162
			54065		1.454052
			55078		1.462362
			56775		1.462362
			57766		1.462362
			58104		1.434191
			59116		1.444162
			60471		1.463941
			60805		1.454052
			61791		1.432454
 1119	43695		71470		1.103315
 1120	43696		71796		1.106524
 1121	43697		71790		1.114834
 1122	43698		71463		1.106524
 1123	43699		62455		1.118069
 1124	43700		62468		1.118151
 1125	43701		62798		1.114834
 1126	43702		62794		1.096553
 1127	43703		71462		1.104787
 1128	71812		44030		1.295933
 1129	62810		44031		1.304432
 1130	62811		44032		1.295933
 1131	62812		44034		1.305904
 1132	71811		44035		1.315875
 1133	72148		44037		1.305904
 1134	71813		44038		1.304432
 1135	71808		44042		1.295933
 1136	71804		44043		1.295933
 1137	44046		45745		1.434028
			46070		1.453889
			46405		1.443999
			48072		1.434028
			50069		1.453889
			51070		1.424139
			52075		1.434110
			52404		1.453889
			53736		1.434028
			55066		1.463860
			55406		1.450832
			55734		1.473831
			56770		1.463860
			57770		1.463860
			58106		1.443999
			59460		1.429678
			59782		1.453889
			60466		1.453889
			60792		1.443999
			61793		1.414168
 1138	44047		71464		1.106443
 1139	44048		49741		1.081516
 1140	44049		49737		1.087055
 1141	44050		49748		1.081516
 1142	44051		71473		1.114758
 1143	44053		47408		1.077084
 1144	44054		47397		1.081516
 1145	44055		47401		1.087055
 1146	62479		44382		1.287699
 1147	46755		44383		1.307641
 1148	62815		44384		1.297589
 1149	62814		44386		1.307560
 1150	71810		44387		1.297589
 1151	71478		44389		1.297589
 1152	71477		44390		1.297670
 1153	71809		44394		1.307560
 1154	71805		44395		1.307560
 1155	44398		44735		1.430971
			45067		1.450750
			46416		1.443999
			46748		1.404278
			50411		1.414249
			50742		1.421082
			51752		1.424139
			52415		1.463860
			52734		1.449457
			53079		1.424139
			53409		1.463860
			54063		1.440861
			54739		1.449457
			56411		1.443999
			57108		1.453889
			58110		1.424220
			58431		1.443918
			59114		1.421082
			61126		1.443999
			61458		1.434110
			61804		1.414168
			62457		1.404278
 1156	44399		50409		1.101377
 1157	44400		50413		1.091487
 1158	44401		49407		1.091406
 1159	44402		49402		1.081516
 1160	44403		62459		1.108180
 1161	44404		46743		1.081516
 1162	44405		47069		1.101295
 1163	44406		47734		1.108261
 1164	44407		47728		1.091406
 1165	55414		44739		1.078378
 1166	46753		44741		1.262515
			45073		1.272405
			46417		1.252544
			50402		1.232846
			50739		1.232846
			51743		1.232846
			52411		1.262515
			52737		1.262515
			53081		1.242736
			53406		1.262515
			54066		1.258165
			54741		1.262515
			56421		1.262515
			57099		1.262515
			58109		1.242736
			58441		1.272405
			59117		1.238385
			61134		1.252626
			61462		1.252626
			61805		1.242736
			62453		1.239650
			62787		1.259429
			71459		1.249539
			71789		1.259429
 1167	45753		44746		1.290457
			45078		1.308657
			46084		1.298767
			46406		1.280487
			47405		1.294214
			49745		1.294296
			50076		1.290457
			51069		1.257580
			52074		1.260707
			52416		1.298767
			52740		1.298767
			53071		1.280568
			54069		1.300347
			55065		1.298767
			56771		1.298767
			57771		1.288796
			58101		1.280568
			59120		1.260707
			60467		1.290457
			60806		1.280568
			61794		1.257580
			71472		1.285797
 1168	46754		44748		1.262515
			45080		1.268054
			47081		1.232765
			47733		1.249621
			49403		1.222876
			50408		1.232846
			50741		1.232846
			51737		1.232846
			52741		1.262515
			53077		1.242736
			53401		1.262515
			54070		1.262515
			54731		1.262515
			56430		1.252626
			57097		1.258083
			58450		1.262515
			59121		1.252626
			61133		1.252626
			61466		1.242736
			62465		1.249539
			72126		1.259429
 1169	44749		51406		1.133647
 1170	55413		45071		1.098320
 1171	45081		54401		1.115485
 1172	45418		46752		1.246576
			47080		1.236605
			47736		1.236605
			49405		1.246576
			50401		1.256465
			50743		1.254885
			51409		1.226715
			51736		1.236605
			52748		1.256465
			53076		1.236605
			53404		1.293100
			54077		1.236605
			54404		1.246494
			54744		1.256465
			56429		1.256465
			57110		1.256465
			57432		1.236605
			58449		1.256465
			59128		1.236605
			60119		1.236605
			61127		1.236605
			61475		1.226715
 1173	45419		56087		1.297670
 1174	45420		63808		1.068673
 1175	45422		53737		1.058783
 1176	53749		45746		1.307641
 1177	45754		62797		1.091487
 1178	45755		50745		1.091487
 1179	67471		46075		1.079855
 1180	46085		53408		1.095771
 1181	46086		53402		1.088349
 1182	46418		57104		1.096945
 1183	62817		46746		1.091487
 1184	46757		62791		1.129953
 1185	48080		47077		1.360782
			48400		1.370753
			48738		1.360864
			49070		1.388958
			56070		1.370753
			58782		1.387475
			59455		1.378987
			62123		1.390614
			64140		1.370753
			64474		1.390614
			65135		1.370753
			66129		1.378987
			66472		1.378987
			66791		1.377586
			67135		1.367696
			67462		1.380643
			67788		1.380643
			68124		1.390614
			68454		1.387475
			68792		1.387475
			69129		1.360864
			69465		1.370753
			69789		1.388958
			70132		1.370753
			70797		1.370753
 1186	70142		47078		1.325759
 1187	47082		62795		1.106443
 1188	71481		47406		1.305904
 1189	47409		71453		1.104787
 1190	62480		47731		1.287699
 1191	64151		48069		1.091406
 1192	70819		48071		1.297670
 1193	48082		51738		1.119982
 1194	48083		52082		1.091406
 1195	70818		48399		1.314275
 1196	65484		48409		1.307560
 1197	70817		48416		1.314356
 1198	48417		48746		1.422063
			49078		1.427602
			58790		1.438867
			59449		1.438715
			62132		1.422063
			64143		1.422063
			64479		1.432116
			65144		1.432034
			65476		1.422063
			66135		1.432034
			66468		1.438796
			66800		1.438785
			67124		1.428896
			67464		1.422063
			67801		1.422145
			68129		1.432034
			68461		1.428977
			68787		1.428977
			69131		1.422063
			69466		1.422145
			69798		1.438796
			70136		1.431953
 1199	48418		70792		1.081516
 1200	48419		70794		1.128040
 1201	71480		49746		1.295933
 1202	49749		71455		1.096553
 1203	50081		62473		1.111266
 1204	51084		50406		1.098249
 1205	52085		51081		1.081435
 1206	51083		51739		1.095284
 1207	67139		51416		1.089826
 1208	51419		55405		1.091406
 1209	51420		67130		1.078378
 1210	64818		51741		1.081516
 1211	51753		64135		1.091487
 1212	69800		52073		1.081435
 1213	52084		53068		1.089745
 1214	52417		57101		1.077084
 1215	55749		52739		1.085210
 1216	55080		53415		1.091487
 1217	53417		54735		1.091487
 1218	70814		53740		1.288945
 1219	53747		70811		1.098209
 1220	55415		54068		1.088267
 1221	68137		54411		1.089826
 1222	54414		55408		1.101295
 1223	54415		67790		1.091406
 1224	72563		54737		1.087364
			59790		1.077393
			60133		1.079306
			60472		1.077393
			63473		1.080967
			68794		1.069083
			72134		1.115770
 1225	60475		54738		1.096577
 1226	54745		60115		1.101547
 1227	56779		55077		1.088349
 1228	55079		56410		1.091487
 1229	55412		55735		1.098157
 1230	64483		55743		1.099634
 1231	55747		56412		1.093319
 1232	55748		56765		1.081516
 1233	70143		56071		1.305980
 1234	64815		56079		1.093319
			70129		1.091406
 1235	56090		58102		1.081435
 1236	72581		56415		1.103198
			56772		1.084593
			57107		1.069083
			57442		1.094482
			57778		1.069083
			69132		1.104453
 1237	64484		56425		1.093319
 1238	56431		57435		1.214707
 1239	69135		56773		1.098238
 1240	56777		57434		1.130035
 1241	56778		57767		1.081516
 1242	57780		57103		1.081516
 1243	57111		57437		1.136867
 1244	57449		69120		1.091406
 1245	58797		57775		1.089826
			58432		1.083429
 1246	57779		58430		1.091406
 1247	58112		72138		1.118069
 1248	72569		58435		1.143887
			59123		1.082666
			59456		1.065944
			59794		1.095613
			63456		1.085723
 1249	63818		58445		1.100151
			58787		1.098238
 1250	58451		63458		1.242795
 1251	59797		59119		1.098157
 1252	59129		63462		1.091658
 1253	59130		63469		1.064240
 1254	63478		59452		1.089669
 1255	59462		63464		1.100070
 1256	59463		59783		1.109529
 1257	68802		59791		1.081435
 1258	59795		60116		1.083429
 1259	59796		60461		1.081516
 1260	72560		60123		1.117520
			60468		1.088943
			61125		1.088943
			65154		1.132410
			69452		1.088943
 1261	72141		60128		1.297752
 1262	60135		61128		1.223098
 1263	60136		68800		1.089745
 1264	70473		60469		1.079855
 1265	60473		61140		1.159785
 1266	60474		61130		1.081516
 1267	69803		60797		1.101295
 1268	60807		61472		1.083429
 1269	60808		61460		1.081516
 1270	69468		61139		1.169756
 1271	70813		61457		1.093319
 1272	72144		61461		1.316269
 1273	65814		61465		1.083429
 1274	61477		70798		1.068673
 1275	62142		61796		1.121237
			63806		1.093319
 1276	61806		72127		1.124983
 1277	62476		64137		1.081516
 1278	63149		72680		1.047026
 1279	63150		72701		1.047026
 1280	64817		63801		1.093319
 1281	63817		72451		1.167761
 1282	65485		64147		1.081516
 1283	64149		70126		1.127959
 1284	72145		64806		1.297670
 1285	69467		65139		1.147820
 1286	65156		70469		1.327420
 1287	65483		69121		1.304385
 1288	65813		69799		1.297589
 1289	66477		66136		1.307560
 1290	66144		69793		1.087055
 1291	66476		69796		1.303128
 1292	67140		66805		1.087055
 1293	66806		70133		1.088267
 1294	67470		70471		1.091406
 1295	67803		68135		1.091406
 1296	68136		70463		1.126216
 1297	68803		68458		1.086909
 1298	68469		68793		1.077084
 1299	68801		70468		1.089826
 1300	70141		69797		1.315869
 1301	70472		70138		1.317368
 1302	70140		70459		1.101295
 1303	70821		72731		1.065593