________________________________________________________________________
                       VPR - The Next Generation                        
                     Version 0.A15.0 (Linux X86/64)                     
            This is free open source code under MIT license.            
________________________________________________________________________

VPR FPGA Placement and Routing.
Version: Version 7.0
Compiled: Nov  7 2018.
University of Toronto
vpr@eecg.utoronto.ca
This is free open source code under MIT license.

Architecture file: k6_frac_N10_mem32K_40nm.xml
Circuit name: diffeq1.blif

Building complex block graph.
WARNING(1): io[0].clock[0] unconnected pin in architecture.
Loop for doall = 0, init_parse took 0 seconds.
Loop for doall = 0 took 0 seconds.
Loop for doall = 1, init_parse took 0.01 seconds.
Loop for doall = 1 took 0 seconds.
Swept away 196 nets with no fanout.
Net is a constant generator: vcc.
WARNING(2): logical_block #456 with output vcc has only 0 pin.
WARNING(3): Block contains output -- may be a constant generator.
0 unconnected blocks in input netlist.
Removed 96 LUT buffers.
Sweeped away 96 nodes.
BLIF circuit stats:
	1 LUTs of size 0
	0 LUTs of size 1
	64 LUTs of size 2
	131 LUTs of size 3
	40 LUTs of size 4
	59 LUTs of size 5
	190 LUTs of size 6
	162 of type input
	96 of type output
	193 of type latch
	485 of type names
	0 of type dual_port_ram
	0 of type single_port_ram
	5 of type multiply
Timing analysis: ON
Circuit netlist file: diffeq1.net
Circuit placement file: diffeq1.place
Circuit routing file: diffeq1.route
Circuit SDC file: diffeq1.sdc
Operation: RUN_FLOW

Packer: ENABLED
Placer: ENABLED
Router: ENABLED
PackerOpts.allow_early_exit: FALSE
PackerOpts.allow_unrelated_clustering: TRUE
PackerOpts.alpha_clustering: 0.750000
PackerOpts.aspect: 1.000000
PackerOpts.beta_clustering: 0.900000
PackerOpts.block_delay: 0.000000
PackerOpts.cluster_seed_type: TIMING
PackerOpts.connection_driven: TRUE
PackerOpts.global_clocks: TRUE
PackerOpts.hill_climbing_flag: FALSE
PackerOpts.inter_cluster_net_delay: 1.000000
PackerOpts.intra_cluster_net_delay: 0.000000
PackerOpts.recompute_timing_after: 32767
PackerOpts.sweep_hanging_nets_and_inputs: TRUE
PackerOpts.timing_driven: TRUE

PlacerOpts.place_freq: PLACE_ONCE
PlacerOpts.place_algorithm: PATH_TIMING_DRIVEN_PLACE
PlacerOpts.pad_loc_type: FREE
PlacerOpts.place_cost_exp: 1.000000
PlacerOpts.inner_loop_recompute_divider: 0
PlacerOpts.recompute_crit_iter: 1
PlacerOpts.timing_tradeoff: 0.500000
PlacerOpts.td_place_exp_first: 1.000000
PlacerOpts.td_place_exp_last: 8.000000
PlaceOpts.seed: 1
AnnealSched.type: AUTO_SCHED
AnnealSched.inner_num: 1.000000

RouterOpts.route_type: DETAILED
RouterOpts.router_algorithm: TIMING_DRIVEN
RouterOpts.base_cost_type: DELAY_NORMALIZED
RouterOpts.fixed_channel_width: 56
RouterOpts.acc_fac: 1.000000
RouterOpts.bb_factor: 3
RouterOpts.bend_cost: 0.000000
RouterOpts.first_iter_pres_fac: 0.500000
RouterOpts.initial_pres_fac: 0.500000
RouterOpts.pres_fac_mult: 1.300000
RouterOpts.max_router_iterations: 50
RouterOpts.astar_fac: 1.200000
RouterOpts.criticality_exp: 1.000000
RouterOpts.max_criticality: 0.990000

RoutingArch.directionality: UNI_DIRECTIONAL
RoutingArch.switch_block_type: WILTON
RoutingArch.Fs: 3

Initialize packing.
Begin packing 'diffeq1.blif'.

After removing unused inputs...
	total blocks: 941, total nets: 1004, total inputs: 162, total outputs: 96
Begin prepacking.
Finish prepacking.
Using inter-cluster delay: 1.33777e-09

SDC file 'diffeq1.sdc' blank or not found.

Defaulting to: constrain all 0 inputs and 0 outputs on the netlist clock.
Optimize this clock to run as fast as possible.
Not enough resources expand FPGA size to x = 2 y = 2.
Complex block 0: cb.n1416, type: clb
	.............
Passed route at end.
Complex block 1: cb.n1719, type: clb
	..........................................
Passed route at end.
Not enough resources expand FPGA size to x = 3 y = 3.
Complex block 2: cb.n1406, type: clb
	........................................
Passed route at end.
Complex block 3: cb.n1688, type: clb
	...............................................
Passed route at end.
Complex block 4: cb.n1660, type: clb
	.......................
Passed route at end.
Complex block 5: cb.n1621_1, type: clb
	...........................................
Passed route at end.
Not enough resources expand FPGA size to x = 4 y = 4.
Complex block 6: cb.n1602_1, type: clb
	........................
Passed route at end.
Complex block 7: cb.n1581_1, type: clb
	..........................................
Passed route at end.
Complex block 8: cb.n1672_1, type: clb
	........................................
Passed route at end.
Complex block 9: cb.n1640, type: clb
	........................................................
Passed route at end.
Not enough resources expand FPGA size to x = 5 y = 5.
Not enough resources expand FPGA size to x = 6 y = 6.
Complex block 10: cb.top^MULTIPLY~0[0], type: mult_36
	
Passed route at end.
Complex block 11: cb.n1266, type: clb
	................................................
Passed route at end.
Complex block 12: cb.n1341, type: clb
	.........................................
Passed route at end.
Not enough resources expand FPGA size to x = 7 y = 7.
Not enough resources expand FPGA size to x = 8 y = 8.
Complex block 13: cb.top^MULTIPLY~43[0], type: mult_36
	
Passed route at end.
Not enough resources expand FPGA size to x = 9 y = 9.
Not enough resources expand FPGA size to x = 10 y = 10.
Not enough resources expand FPGA size to x = 11 y = 11.
Not enough resources expand FPGA size to x = 12 y = 12.
Complex block 14: cb.top^MULTIPLY~42[0], type: mult_36
	
Passed route at end.
Complex block 15: cb.top^DXport~5, type: io
	
Passed route at end.
Complex block 16: cb.top^DXport~7, type: io
	
Passed route at end.
Complex block 17: cb.top^DXport~24, type: io
	
Passed route at end.
Complex block 18: cb.top^DXport~29, type: io
	
Passed route at end.
Complex block 19: cb.top^DXport~21, type: io
	
Passed route at end.
Complex block 20: cb.top^DXport~27, type: io
	
Passed route at end.
Complex block 21: cb.top^DXport~3, type: io
	
Passed route at end.
Complex block 22: cb.top^DXport~18, type: io
	
Passed route at end.
Complex block 23: cb.top^DXport~28, type: io
	
Passed route at end.
Complex block 24: cb.top^DXport~31, type: io
	
Passed route at end.
Complex block 25: cb.top^DXport~20, type: io
	
Passed route at end.
Complex block 26: cb.top^DXport~30, type: io
	
Passed route at end.
Complex block 27: cb.top^DXport~26, type: io
	
Passed route at end.
Complex block 28: cb.top^DXport~1, type: io
	
Passed route at end.
Complex block 29: cb.top^DXport~22, type: io
	
Passed route at end.
Complex block 30: cb.top^DXport~19, type: io
	
Passed route at end.
Complex block 31: cb.top^DXport~25, type: io
	
Passed route at end.
Complex block 32: cb.top^DXport~16, type: io
	
Passed route at end.
Complex block 33: cb.top^DXport~15, type: io
	
Passed route at end.
Complex block 34: cb.top^DXport~13, type: io
	
Passed route at end.
Complex block 35: cb.top^DXport~14, type: io
	
Passed route at end.
Complex block 36: cb.top^DXport~12, type: io
	
Passed route at end.
Complex block 37: cb.top^DXport~9, type: io
	
Passed route at end.
Complex block 38: cb.top^DXport~4, type: io
	
Passed route at end.
Complex block 39: cb.top^DXport~10, type: io
	
Passed route at end.
Complex block 40: cb.top^DXport~8, type: io
	
Passed route at end.
Complex block 41: cb.top^DXport~11, type: io
	
Passed route at end.
Complex block 42: cb.top^DXport~6, type: io
	
Passed route at end.
Complex block 43: cb.top^DXport~2, type: io
	
Passed route at end.
Complex block 44: cb.top^DXport~17, type: io
	
Passed route at end.
Complex block 45: cb.top^DXport~23, type: io
	
Passed route at end.
Complex block 46: cb.top^DXport~0, type: io
	
Passed route at end.
Complex block 47: cb.n1695, type: clb
	........................
Passed route at end.
Complex block 48: cb.n1609, type: clb
	...............................................
Passed route at end.
Complex block 49: cb.n1691_1, type: clb
	..........................................
Passed route at end.
Not enough resources expand FPGA size to x = 13 y = 13.
Not enough resources expand FPGA size to x = 14 y = 14.
Complex block 50: cb.top^MULTIPLY~46[0], type: mult_36
	
Passed route at end.
Complex block 51: cb.top^MULTIPLY~45[0], type: mult_36
	
Passed route at end.
Complex block 52: cb.n1611, type: clb
	.......................
Passed route at end.
Complex block 53: cb.n1716, type: clb
	............................................
Passed route at end.
Complex block 54: cb.n1656, type: clb
	........................................
Passed route at end.
Complex block 55: cb.n1671, type: clb
	.........................................
Passed route at end.
Complex block 56: cb.n1696, type: clb
	...........................................
Passed route at end.
Complex block 57: cb.n1741, type: clb
	.....................................
Passed route at end.
Complex block 58: cb.n1601, type: clb
	......................................
Passed route at end.
Complex block 59: cb.n1496, type: clb
	.........................
Passed route at end.
Complex block 60: cb.n1426, type: clb
	............
Passed route at end.
Complex block 61: cb.n1571, type: clb
	.............................
Passed route at end.
Complex block 62: cb.n1461, type: clb
	..............
Passed route at end.
Complex block 63: cb.n1581, type: clb
	...........................................
Passed route at end.
Complex block 64: cb.n1662_1, type: clb
	.............................................
Passed route at end.
Complex block 65: cb.n1633, type: clb
	............................................
Passed route at end.
Complex block 66: cb.n1885, type: clb
	......................
Passed route at end.
Complex block 67: cb.n1797, type: clb
	...............
Passed route at end.
Complex block 68: cb.n1751, type: clb
	...........................................
Passed route at end.
Complex block 69: cb.n1583, type: clb
	............................................
Passed route at end.
Complex block 70: cb.n1256, type: clb
	...........................................
Passed route at end.
Complex block 71: cb.n1056, type: clb
	...................
Passed route at end.
Complex block 72: cb.n796, type: clb
	............
Passed route at end.
Complex block 73: cb.top^Aport~29, type: io
	
Passed route at end.
Complex block 74: cb.top^Aport~28, type: io
	
Passed route at end.
Complex block 75: cb.top^Aport~31, type: io
	
Passed route at end.
Complex block 76: cb.top^Aport~30, type: io
	
Passed route at end.
Complex block 77: cb.top^Aport~26, type: io
	
Passed route at end.
Complex block 78: cb.top^Aport~25, type: io
	
Passed route at end.
Complex block 79: cb.top^Aport~27, type: io
	
Passed route at end.
Complex block 80: cb.top^Aport~23, type: io
	
Passed route at end.
Complex block 81: cb.top^Aport~22, type: io
	
Passed route at end.
Complex block 82: cb.top^Aport~24, type: io
	
Passed route at end.
Complex block 83: cb.top^Aport~21, type: io
	
Passed route at end.
Complex block 84: cb.top^Aport~20, type: io
	
Passed route at end.
Complex block 85: cb.top^Aport~19, type: io
	
Passed route at end.
Complex block 86: cb.top^Aport~18, type: io
	
Passed route at end.
Complex block 87: cb.top^Aport~2, type: io
	
Passed route at end.
Complex block 88: cb.top^Aport~1, type: io
	
Passed route at end.
Complex block 89: cb.top^Aport~0, type: io
	
Passed route at end.
Complex block 90: cb.top^Aport~17, type: io
	
Passed route at end.
Complex block 91: cb.top^Aport~16, type: io
	
Passed route at end.
Complex block 92: cb.top^Aport~4, type: io
	
Passed route at end.
Complex block 93: cb.top^Aport~3, type: io
	
Passed route at end.
Complex block 94: cb.top^Aport~15, type: io
	
Passed route at end.
Complex block 95: cb.top^Aport~14, type: io
	
Passed route at end.
Complex block 96: cb.top^Aport~9, type: io
	
Passed route at end.
Complex block 97: cb.top^Aport~8, type: io
	
Passed route at end.
Complex block 98: cb.top^Aport~6, type: io
	
Passed route at end.
Complex block 99: cb.top^Aport~5, type: io
	
Passed route at end.
Complex block 100: cb.top^Aport~13, type: io
	
Passed route at end.
Complex block 101: cb.top^Aport~12, type: io
	
Passed route at end.
Complex block 102: cb.top^Aport~11, type: io
	
Passed route at end.
Complex block 103: cb.top^Aport~10, type: io
	
Passed route at end.
Complex block 104: cb.top^Aport~7, type: io
	
Passed route at end.
Complex block 105: cb.top^Yinport~30, type: io
	
Passed route at end.
Complex block 106: cb.top^Yinport~29, type: io
	
Passed route at end.
Complex block 107: cb.top^Xinport~14, type: io
	
Passed route at end.
Complex block 108: cb.top^Xinport~29, type: io
	
Passed route at end.
Complex block 109: cb.top^Yinport~27, type: io
	
Passed route at end.
Complex block 110: cb.top^Yinport~25, type: io
	
Passed route at end.
Complex block 111: cb.top^Xinport~27, type: io
	
Passed route at end.
Complex block 112: cb.top^Yinport~22, type: io
	
Passed route at end.
Complex block 113: cb.top^Yinport~21, type: io
	
Passed route at end.
Complex block 114: cb.top^Xinport~12, type: io
	
Passed route at end.
Complex block 115: cb.top^Xinport~25, type: io
	
Passed route at end.
Complex block 116: cb.top^Yinport~17, type: io
	
Passed route at end.
Complex block 117: cb.top^Yinport~16, type: io
	
Passed route at end.
Complex block 118: cb.top^Xinport~11, type: io
	
Passed route at end.
Complex block 119: cb.top^Yinport~14, type: io
	
Passed route at end.
Complex block 120: cb.top^Uinport~28, type: io
	
Passed route at end.
Complex block 121: cb.top^Xinport~10, type: io
	
Passed route at end.
Complex block 122: cb.top^Xinport~22, type: io
	
Passed route at end.
Complex block 123: cb.top^Yinport~12, type: io
	
Passed route at end.
Complex block 124: cb.top^Xinport~21, type: io
	
Passed route at end.
Complex block 125: cb.top^Yinport~11, type: io
	
Passed route at end.
Complex block 126: cb.top^Uinport~22, type: io
	
Passed route at end.
Complex block 127: cb.top^Yinport~10, type: io
	
Passed route at end.
Complex block 128: cb.top^Yinport~9, type: io
	
Passed route at end.
Complex block 129: cb.top^Xinport~9, type: io
	
Passed route at end.
Complex block 130: cb.top^Uinport~9, type: io
	
Passed route at end.
Complex block 131: cb.top^Xinport~17, type: io
	
Passed route at end.
Complex block 132: cb.top^Xinport~16, type: io
	
Passed route at end.
Complex block 133: cb.top^reset, type: io
	
Passed route at end.
Complex block 134: cb.top^Xinport~30, type: io
	
Passed route at end.
Complex block 135: cb.top^Yinport~28, type: io
	
Passed route at end.
Complex block 136: cb.top^Yinport~26, type: io
	
Passed route at end.
Complex block 137: cb.top^Xinport~28, type: io
	
Passed route at end.
Complex block 138: cb.top^Yinport~24, type: io
	
Passed route at end.
Complex block 139: cb.top^Xinport~6, type: io
	
Passed route at end.
Complex block 140: cb.top^Xinport~2, type: io
	
Passed route at end.
Complex block 141: cb.top^Yinport~23, type: io
	
Passed route at end.
Complex block 142: cb.top^Yinport~20, type: io
	
Passed route at end.
Complex block 143: cb.top^Xinport~26, type: io
	
Passed route at end.
Complex block 144: cb.top^Yinport~19, type: io
	
Passed route at end.
Complex block 145: cb.top^Xinport~24, type: io
	
Passed route at end.
Complex block 146: cb.top^Xinport~23, type: io
	
Passed route at end.
Complex block 147: cb.top^Xinport~5, type: io
	
Passed route at end.
Complex block 148: cb.top^Xinport~0, type: io
	
Passed route at end.
Complex block 149: cb.top^Uinport~31, type: io
	
Passed route at end.
Complex block 150: cb.top^Yinport~15, type: io
	
Passed route at end.
Complex block 151: cb.top^Uinport~30, type: io
	
Passed route at end.
Complex block 152: cb.top^Uinport~29, type: io
	
Passed route at end.
Complex block 153: cb.top^Xinport~4, type: io
	
Passed route at end.
Complex block 154: cb.top^Uinport~26, type: io
	
Passed route at end.
Complex block 155: cb.top^Uinport~25, type: io
	
Passed route at end.
Complex block 156: cb.top^Uinport~24, type: io
	
Passed route at end.
Complex block 157: cb.top^Uinport~23, type: io
	
Passed route at end.
Complex block 158: cb.top^Uinport~21, type: io
	
Passed route at end.
Complex block 159: cb.top^Uinport~20, type: io
	
Passed route at end.
Complex block 160: cb.top^Uinport~19, type: io
	
Passed route at end.
Complex block 161: cb.top^Xinport~20, type: io
	
Passed route at end.
Complex block 162: cb.top^Yinport~8, type: io
	
Passed route at end.
Complex block 163: cb.top^Yinport~7, type: io
	
Passed route at end.
Complex block 164: cb.top^Uinport~17, type: io
	
Passed route at end.
Complex block 165: cb.top^Uinport~16, type: io
	
Passed route at end.
Complex block 166: cb.top^Xinport~19, type: io
	
Passed route at end.
Complex block 167: cb.top^Uinport~15, type: io
	
Passed route at end.
Complex block 168: cb.top^Uinport~14, type: io
	
Passed route at end.
Complex block 169: cb.top^Yinport~6, type: io
	
Passed route at end.
Complex block 170: cb.top^Xinport~8, type: io
	
Passed route at end.
Complex block 171: cb.top^Uinport~12, type: io
	
Passed route at end.
Complex block 172: cb.top^Uinport~11, type: io
	
Passed route at end.
Complex block 173: cb.top^Yinport~5, type: io
	
Passed route at end.
Complex block 174: cb.top^Yinport~4, type: io
	
Passed route at end.
Complex block 175: cb.top^Xinport~3, type: io
	
Passed route at end.
Complex block 176: cb.top^Uinport~7, type: io
	
Passed route at end.
Complex block 177: cb.top^Yinport~3, type: io
	
Passed route at end.
Complex block 178: cb.top^Uinport~6, type: io
	
Passed route at end.
Complex block 179: cb.top^Uinport~5, type: io
	
Passed route at end.
Complex block 180: cb.top^Yinport~2, type: io
	
Passed route at end.
Complex block 181: cb.top^Uinport~4, type: io
	
Passed route at end.
Complex block 182: cb.top^Uinport~3, type: io
	
Passed route at end.
Complex block 183: cb.top^Yinport~1, type: io
	
Passed route at end.
Complex block 184: cb.top^Uinport~2, type: io
	
Passed route at end.
Complex block 185: cb.top^Uinport~1, type: io
	
Passed route at end.
Complex block 186: cb.top^Yinport~0, type: io
	
Passed route at end.
Complex block 187: cb.top^Uinport~0, type: io
	
Passed route at end.
Complex block 188: cb.top^Xinport~1, type: io
	
Passed route at end.
Complex block 189: cb.top^Xinport~15, type: io
	
Passed route at end.
Complex block 190: cb.top^Xinport~7, type: io
	
Passed route at end.
Complex block 191: cb.top^Yinport~18, type: io
	
Passed route at end.
Complex block 192: cb.top^Uinport~27, type: io
	
Passed route at end.
Complex block 193: cb.top^Xinport~18, type: io
	
Passed route at end.
Complex block 194: cb.top^Xinport~13, type: io
	
Passed route at end.
Complex block 195: cb.top^Yinport~13, type: io
	
Passed route at end.
Complex block 196: cb.top^Uinport~18, type: io
	
Passed route at end.
Complex block 197: cb.top^Uinport~13, type: io
	
Passed route at end.
Complex block 198: cb.top^Uinport~10, type: io
	
Passed route at end.
Complex block 199: cb.top^Uinport~8, type: io
	
Passed route at end.
Complex block 200: cb.top^Yinport~31, type: io
	
Passed route at end.
Complex block 201: cb.top^Xinport~31, type: io
	
Passed route at end.
Complex block 202: cb.out:top^Uoutport~28, type: io
	
Passed route at end.
Complex block 203: cb.out:top^Uoutport~27, type: io
	
Passed route at end.
Complex block 204: cb.out:top^Uoutport~26, type: io
	
Passed route at end.
Complex block 205: cb.out:top^Uoutport~25, type: io
	
Passed route at end.
Complex block 206: cb.out:top^Uoutport~24, type: io
	
Passed route at end.
Complex block 207: cb.out:top^Uoutport~23, type: io
	
Passed route at end.
Complex block 208: cb.out:top^Uoutport~22, type: io
	
Passed route at end.
Complex block 209: cb.out:top^Uoutport~21, type: io
	
Passed route at end.
Complex block 210: cb.out:top^Uoutport~20, type: io
	
Passed route at end.
Complex block 211: cb.out:top^Uoutport~19, type: io
	
Passed route at end.
Complex block 212: cb.out:top^Uoutport~18, type: io
	
Passed route at end.
Complex block 213: cb.out:top^Uoutport~17, type: io
	
Passed route at end.
Complex block 214: cb.out:top^Uoutport~16, type: io
	
Passed route at end.
Complex block 215: cb.out:top^Uoutport~15, type: io
	
Passed route at end.
Complex block 216: cb.out:top^Uoutport~14, type: io
	
Passed route at end.
Complex block 217: cb.out:top^Uoutport~13, type: io
	
Passed route at end.
Complex block 218: cb.out:top^Uoutport~12, type: io
	
Passed route at end.
Complex block 219: cb.out:top^Uoutport~11, type: io
	
Passed route at end.
Complex block 220: cb.out:top^Uoutport~10, type: io
	
Passed route at end.
Complex block 221: cb.out:top^Uoutport~9, type: io
	
Passed route at end.
Complex block 222: cb.out:top^Uoutport~8, type: io
	
Passed route at end.
Complex block 223: cb.out:top^Uoutport~7, type: io
	
Passed route at end.
Complex block 224: cb.out:top^Uoutport~6, type: io
	
Passed route at end.
Complex block 225: cb.out:top^Uoutport~5, type: io
	
Passed route at end.
Complex block 226: cb.out:top^Uoutport~4, type: io
	
Passed route at end.
Complex block 227: cb.out:top^Uoutport~3, type: io
	
Passed route at end.
Complex block 228: cb.out:top^Uoutport~2, type: io
	
Passed route at end.
Complex block 229: cb.out:top^Uoutport~1, type: io
	
Passed route at end.
Complex block 230: cb.out:top^Youtport~31, type: io
	
Passed route at end.
Complex block 231: cb.out:top^Uoutport~0, type: io
	
Passed route at end.
Complex block 232: cb.out:top^Youtport~30, type: io
	
Passed route at end.
Complex block 233: cb.out:top^Youtport~29, type: io
	
Passed route at end.
Complex block 234: cb.out:top^Xoutport~29, type: io
	
Passed route at end.
Complex block 235: cb.out:top^Youtport~28, type: io
	
Passed route at end.
Complex block 236: cb.out:top^Youtport~27, type: io
	
Passed route at end.
Complex block 237: cb.out:top^Youtport~26, type: io
	
Passed route at end.
Complex block 238: cb.out:top^Youtport~25, type: io
	
Passed route at end.
Complex block 239: cb.out:top^Youtport~24, type: io
	
Passed route at end.
Complex block 240: cb.out:top^Youtport~23, type: io
	
Passed route at end.
Complex block 241: cb.out:top^Youtport~22, type: io
	
Passed route at end.
Complex block 242: cb.out:top^Youtport~21, type: io
	
Passed route at end.
Complex block 243: cb.out:top^Youtport~20, type: io
	
Passed route at end.
Complex block 244: cb.out:top^Youtport~19, type: io
	
Passed route at end.
Complex block 245: cb.out:top^Youtport~18, type: io
	
Passed route at end.
Complex block 246: cb.out:top^Youtport~17, type: io
	
Passed route at end.
Complex block 247: cb.out:top^Youtport~16, type: io
	
Passed route at end.
Complex block 248: cb.out:top^Youtport~15, type: io
	
Passed route at end.
Complex block 249: cb.out:top^Youtport~14, type: io
	
Passed route at end.
Complex block 250: cb.out:top^Youtport~13, type: io
	
Passed route at end.
Complex block 251: cb.out:top^Youtport~12, type: io
	
Passed route at end.
Complex block 252: cb.out:top^Youtport~11, type: io
	
Passed route at end.
Complex block 253: cb.out:top^Youtport~10, type: io
	
Passed route at end.
Complex block 254: cb.out:top^Youtport~9, type: io
	
Passed route at end.
Complex block 255: cb.out:top^Youtport~8, type: io
	
Passed route at end.
Complex block 256: cb.out:top^Youtport~7, type: io
	
Passed route at end.
Complex block 257: cb.out:top^Youtport~6, type: io
	
Passed route at end.
Complex block 258: cb.out:top^Youtport~5, type: io
	
Passed route at end.
Complex block 259: cb.out:top^Youtport~4, type: io
	
Passed route at end.
Complex block 260: cb.out:top^Youtport~3, type: io
	
Passed route at end.
Complex block 261: cb.out:top^Youtport~2, type: io
	
Passed route at end.
Complex block 262: cb.out:top^Youtport~1, type: io
	
Passed route at end.
Complex block 263: cb.out:top^Youtport~0, type: io
	
Passed route at end.
Complex block 264: cb.out:top^Xoutport~31, type: io
	
Passed route at end.
Complex block 265: cb.out:top^Xoutport~30, type: io
	
Passed route at end.
Complex block 266: cb.out:top^Xoutport~28, type: io
	
Passed route at end.
Complex block 267: cb.out:top^Xoutport~27, type: io
	
Passed route at end.
Complex block 268: cb.out:top^Xoutport~26, type: io
	
Passed route at end.
Complex block 269: cb.out:top^Xoutport~25, type: io
	
Passed route at end.
Complex block 270: cb.out:top^Xoutport~24, type: io
	
Passed route at end.
Complex block 271: cb.out:top^Xoutport~23, type: io
	
Passed route at end.
Complex block 272: cb.out:top^Xoutport~22, type: io
	
Passed route at end.
Complex block 273: cb.out:top^Xoutport~21, type: io
	
Passed route at end.
Complex block 274: cb.out:top^Xoutport~20, type: io
	
Passed route at end.
Complex block 275: cb.out:top^Xoutport~19, type: io
	
Passed route at end.
Complex block 276: cb.out:top^Xoutport~18, type: io
	
Passed route at end.
Complex block 277: cb.out:top^Xoutport~17, type: io
	
Passed route at end.
Complex block 278: cb.out:top^Xoutport~16, type: io
	
Passed route at end.
Complex block 279: cb.out:top^Xoutport~15, type: io
	
Passed route at end.
Complex block 280: cb.out:top^Xoutport~14, type: io
	
Passed route at end.
Complex block 281: cb.out:top^Xoutport~13, type: io
	
Passed route at end.
Complex block 282: cb.out:top^Xoutport~12, type: io
	
Passed route at end.
Complex block 283: cb.out:top^Xoutport~11, type: io
	
Passed route at end.
Complex block 284: cb.out:top^Xoutport~10, type: io
	
Passed route at end.
Complex block 285: cb.out:top^Xoutport~9, type: io
	
Passed route at end.
Complex block 286: cb.out:top^Xoutport~8, type: io
	
Passed route at end.
Complex block 287: cb.out:top^Xoutport~7, type: io
	
Passed route at end.
Complex block 288: cb.out:top^Xoutport~6, type: io
	
Passed route at end.
Complex block 289: cb.out:top^Xoutport~5, type: io
	
Passed route at end.
Complex block 290: cb.out:top^Xoutport~4, type: io
	
Passed route at end.
Complex block 291: cb.out:top^Xoutport~3, type: io
	
Passed route at end.
Complex block 292: cb.out:top^Xoutport~2, type: io
	
Passed route at end.
Complex block 293: cb.out:top^Xoutport~1, type: io
	
Passed route at end.
Complex block 294: cb.out:top^Uoutport~31, type: io
	
Passed route at end.
Complex block 295: cb.out:top^Uoutport~30, type: io
	
Passed route at end.
Complex block 296: cb.out:top^Uoutport~29, type: io
	
Passed route at end.
Complex block 297: cb.out:top^Xoutport~0, type: io
	
Passed route at end.
Complex block 298: cb.top^clk, type: io
	
Passed route at end.
	<EMPTY>: # blocks: 0, average # input + clock pins used: 0, average # output pins used: 0
	io: # blocks: 258, average # input + clock pins used: 0.372093, average # output pins used: 0.627907
	clb: # blocks: 36, average # input + clock pins used: 26.25, average # output pins used: 10.8611
	mult_36: # blocks: 5, average # input + clock pins used: 52.8, average # output pins used: 32.8
	memory: # blocks: 0, average # input + clock pins used: 0, average # output pins used: 0
Absorbed logical nets 287 out of 1004 nets, 717 nets not absorbed.

Netlist conversion complete.

Packing took 0.4 seconds.
Packing completed.
Begin parsing packed FPGA netlist file.
Finished parsing packed FPGA netlist file.
Netlist generated from file 'diffeq1.net'.
vcc is a constant generator.

Netlist num_nets: 717
Netlist num_blocks: 299
Netlist <EMPTY> blocks: 0.
Netlist clb blocks: 36.
Netlist mult_36 blocks: 5.
Netlist memory blocks: 0.
Netlist inputs pins: 162
Netlist output pins: 96

Auto-sizing FPGA at x = 17 y = 17
Auto-sizing FPGA at x = 9 y = 9
Auto-sizing FPGA at x = 13 y = 13
Auto-sizing FPGA at x = 15 y = 15
Auto-sizing FPGA at x = 14 y = 14
Auto-sizing FPGA at x = 13 y = 13
FPGA auto-sized to x = 14 y = 14
The circuit will be mapped into a 14 x 14 array of clbs.

Resource usage...
	Netlist      0	blocks of type: <EMPTY>
	Architecture 12	blocks of type: <EMPTY>
	Netlist      258	blocks of type: io
	Architecture 448	blocks of type: io
	Netlist      36	blocks of type: clb
	Architecture 140	blocks of type: clb
	Netlist      5	blocks of type: mult_36
	Architecture 6	blocks of type: mult_36
	Netlist      0	blocks of type: memory
	Architecture 4	blocks of type: memory

Computing delta_io_to_io lookup matrix, may take a few seconds, please wait...
Computing delta_io_to_clb lookup matrix, may take a few seconds, please wait...
Computing delta_clb_to_io lookup matrix, may take a few seconds, please wait...
Computing delta_clb_to_clb lookup matrix, may take a few seconds, please wait...

There are 1267 point to point connections in this circuit.

Initial placement cost: 1.03315 bb_cost: 110.04 td_cost: 2.66822e-07 delay_cost: 6.53671e-07

--------- --------- ----------- ----------- ----------- ----------- -------- -------- ------- ------- ------- --------- -------
        T      Cost  Av BB Cost  Av TD Cost  Av Tot Del  P to P Del    d_max  Ac Rate Std Dev R limit     Exp Tot Moves   Alpha
--------- --------- ----------- ----------- ----------- ----------- -------- -------- ------- ------- ------- --------- -------
  0.22345   0.97101      107.04 2.69575e-07 6.42657e-07  5.1592e-10  23.6209   0.9990  0.0283 15.0000  1.0000      1998  0.5000
  0.11172    1.0031     106.878 2.68442e-07 6.39755e-07 5.03894e-10  23.6787   0.9950  0.0320 15.0000  1.0000      3996  0.5000
  0.05586   0.94113     104.741 2.61729e-07 6.33286e-07 5.16532e-10  23.4077   0.9905  0.0232 15.0000  1.0000      5994  0.5000
  0.02793   0.96226     101.944 2.63764e-07 6.23536e-07 5.04681e-10  22.9370   0.9720  0.0261 15.0000  1.0000      7992  0.5000
  0.01397   0.94487     102.316  2.5918e-07 6.24881e-07 5.07314e-10  23.5063   0.9645  0.0289 15.0000  1.0000      9990  0.5000
  0.00698     0.961     91.2302 2.40045e-07 5.79134e-07 4.75277e-10  22.6296   0.9059  0.0216 15.0000  1.0000     11988  0.9000
  0.00628   0.98118     91.6478  2.3358e-07  5.7199e-07 4.51335e-10  22.5428   0.8984  0.0157 15.0000  1.0000     13986  0.9000
  0.00566    1.0093     92.4093 2.38499e-07 5.74466e-07 4.49292e-10  21.9411   0.9009  0.0135 15.0000  1.0000     15984  0.9000
  0.00509    0.9694     87.1827 2.23827e-07  5.5213e-07 4.47319e-10  22.6533   0.8884  0.0117 15.0000  1.0000     17982  0.9000
  0.00458   0.97104     84.9039 2.22759e-07 5.43276e-07 4.39844e-10  21.5454   0.8724  0.0145 15.0000  1.0000     19980  0.9000
  0.00412   0.95191     81.9858  2.1762e-07 5.33727e-07  4.3736e-10  21.6249   0.8794  0.0135 15.0000  1.0000     21978  0.9000
  0.00371   0.97804     82.6815 2.16233e-07 5.32864e-07 4.29557e-10  21.9078   0.8559  0.0228 15.0000  1.0000     23976  0.9000
  0.00334   0.97549     80.2815 2.10371e-07 5.21682e-07 4.19346e-10  21.1799   0.8363  0.0145 15.0000  1.0000     25974  0.9000
  0.00301   0.99639     80.1361 2.09931e-07 5.19415e-07 4.09969e-10  20.9096   0.8338  0.0070 15.0000  1.0000     27972  0.9000
  0.00271   0.99886     79.7988  2.0987e-07 5.19648e-07 4.11501e-10  20.6988   0.8268  0.0079 15.0000  1.0000     29970  0.9000
  0.00243   0.99409     80.3509 2.14262e-07 5.23192e-07 4.16752e-10  20.8196   0.8308  0.0154 15.0000  1.0000     31968  0.9000
  0.00219    1.0039     79.1784 2.08243e-07 5.14273e-07 4.01763e-10  20.7322   0.7958  0.0148 15.0000  1.0000     33966  0.9500
  0.00208   0.99193     78.3483 2.08508e-07 5.17551e-07 4.10231e-10  21.4934   0.8053  0.0113 15.0000  1.0000     35964  0.9000
  0.00187   0.99562     76.9207 2.10109e-07 5.15736e-07  4.0849e-10  21.0964   0.8008  0.0062 15.0000  1.0000     37962  0.9000
  0.00169   0.96717     77.3667 1.99077e-07 5.00124e-07 4.12649e-10  21.4009   0.7698  0.0138 15.0000  1.0000     39960  0.9500
  0.00160    0.9906     75.7162 1.94293e-07 4.91124e-07 3.91132e-10  21.0024   0.7823  0.0080 15.0000  1.0000     41958  0.9500
  0.00152   0.98305     73.6263 1.92735e-07 4.84142e-07 3.86665e-10  21.1380   0.7713  0.0068 15.0000  1.0000     43956  0.9500
  0.00145   0.99366     73.2737  1.9054e-07 4.75427e-07 3.79156e-10  20.6561   0.7638  0.0067 15.0000  1.0000     45954  0.9500
  0.00137   0.98796     73.4637 1.88826e-07 4.72055e-07 3.77372e-10  20.6561   0.7437  0.0058 15.0000  1.0000     47952  0.9500
  0.00130    0.9914     73.0047 1.87601e-07 4.70376e-07 3.70098e-10  20.6561   0.7417  0.0032 15.0000  1.0000     49950  0.9500
  0.00124   0.99775     72.7658 1.87062e-07 4.70131e-07 3.69868e-10  20.5958   0.7192  0.0066 15.0000  1.0000     51948  0.9500
  0.00118   0.99334     73.2158 1.88975e-07 4.72372e-07 3.74971e-10  20.6561   0.7247  0.0052 15.0000  1.0000     53946  0.9500
  0.00112   0.98989     72.1013 1.86479e-07 4.66343e-07 3.73713e-10  20.3850   0.7107  0.0053 15.0000  1.0000     55944  0.9500
  0.00106    0.9963     71.6648 1.85618e-07 4.66673e-07 3.70841e-10  20.4603   0.7067  0.0034 15.0000  1.0000     57942  0.9500
  0.00101    1.0063     71.5627 1.85421e-07 4.66799e-07 3.66381e-10  20.3850   0.6732  0.0068 15.0000  1.0000     59940  0.9500
  0.00096    1.0056      72.424  1.8461e-07 4.64966e-07 3.66786e-10  20.3850   0.6867  0.0057 15.0000  1.0000     61938  0.9500
  0.00091   0.99082     72.1205 1.85198e-07 4.64861e-07  3.6942e-10  20.3031   0.6837  0.0057 15.0000  1.0000     63936  0.9500
  0.00087    0.9965     72.4312 1.85467e-07  4.6569e-07 3.67299e-10  20.3850   0.6752  0.0040 15.0000  1.0000     65934  0.9500
  0.00082   0.99641     71.5209 1.85991e-07 4.62463e-07 3.65753e-10  20.3850   0.6331  0.0039 15.0000  1.0000     67932  0.9500
  0.00078    1.0065     71.8399 1.86843e-07 4.65482e-07 3.66723e-10  20.3031   0.6446  0.0056 15.0000  1.0000     69930  0.9500
  0.00074   0.99146     71.0989 1.83539e-07 4.63888e-07 3.66907e-10  20.6561   0.6406  0.0060 15.0000  1.0000     71928  0.9500
  0.00071    0.9991     70.2284 1.81393e-07 4.60596e-07  3.6399e-10  20.5741   0.6201  0.0044 15.0000  1.0000     73926  0.9500
  0.00067    1.0031     70.0152 1.81254e-07 4.59735e-07 3.59763e-10  20.5958   0.6201  0.0052 15.0000  1.0000     75924  0.9500
  0.00064    1.0066     70.0635 1.80923e-07 4.60686e-07   3.615e-10  20.6561   0.5911  0.0041 15.0000  1.0000     77922  0.9500
  0.00060   0.99165     69.5137 1.82034e-07 4.59722e-07 3.63129e-10  20.5206   0.5846  0.0029 15.0000  1.0000     79920  0.9500
  0.00057   0.99853     69.1975 1.80668e-07  4.5919e-07 3.63014e-10  20.6561   0.5686  0.0056 15.0000  1.0000     81918  0.9500
  0.00055    1.0017     69.2367 1.79055e-07 4.58668e-07 3.59282e-10  20.6561   0.5666  0.0029 15.0000  1.0000     83916  0.9500
  0.00052   0.99291     68.7971 1.77979e-07 4.54737e-07  3.6055e-10  20.5030   0.5516  0.0041 15.0000  1.0000     85914  0.9500
  0.00049   0.99779     67.8663 1.77129e-07 4.51345e-07 3.55913e-10  20.7490   0.5185  0.0040 15.0000  1.0000     87912  0.9500
  0.00047   0.99424     68.2793 1.77724e-07 4.53365e-07 3.61025e-10  20.7096   0.5571  0.0044 15.0000  1.0000     89910  0.9500
  0.00044   0.99542     67.5329 1.76187e-07 4.50328e-07 3.57951e-10  20.7096   0.5105  0.0022 15.0000  1.0000     91908  0.9500
  0.00042    1.0049     68.1233 1.76712e-07 4.51998e-07 3.54835e-10  20.6385   0.5255  0.0027 15.0000  1.0000     93906  0.9500
  0.00040   0.99749     67.7926 1.77327e-07 4.53209e-07 3.60983e-10  20.6385   0.4880  0.0026 15.0000  1.0000     95904  0.9500
  0.00038   0.99295     67.4115 1.76715e-07 4.50131e-07 3.56327e-10  20.6561   0.4850  0.0043 15.0000  1.0000     97902  0.9500
  0.00036    1.0023      67.383 1.77753e-07 4.47836e-07 3.55679e-10  20.3675   0.4660  0.0024 15.0000  1.0000     99900  0.9500
  0.00034   0.99257     66.3998 1.76927e-07    4.44e-07 3.51277e-10  20.2319   0.4364  0.0026 15.0000  1.0000    101898  0.9500
  0.00033   0.99544     65.7055 1.73843e-07 4.40241e-07 3.49712e-10  20.2319   0.5005  0.0032 14.9465  1.0267    103896  0.9500
  0.00031   0.99692     65.2232 1.75238e-07 4.39133e-07 3.47276e-10  20.2319   0.4169  0.0035 15.0000  1.0000    105894  0.9500
  0.00029    1.0003      64.659 1.61839e-07 4.38693e-07 3.45188e-10  20.1901   0.4129  0.0028 14.6538  1.1731    107892  0.9500
  0.00028   0.99429     64.7198 1.49613e-07 4.40125e-07 3.47823e-10  20.2319   0.4404  0.0026 14.2568  1.3716    109890  0.9500
  0.00027    1.0014      64.854 1.49953e-07 4.43458e-07 3.48953e-10  20.2319   0.4044  0.0019 14.2631  1.3684    111888  0.9500
  0.00025   0.99735     64.7102 1.37953e-07 4.40506e-07 3.49652e-10  20.1901   0.4209  0.0018 13.7554  1.6223    113886  0.9500
  0.00024   0.98984     64.3235 1.31917e-07 4.37285e-07 3.49835e-10  20.2319   0.3859  0.0036 13.4930  1.7535    115884  0.9500
  0.00023     1.004     64.4126 1.20537e-07 4.37791e-07 3.44656e-10  20.2319   0.4104  0.0023 12.7628  2.1186    117882  0.9500
  0.00022    0.9978     64.1816 1.16431e-07 4.37429e-07 3.43898e-10  20.2319   0.4044  0.0023 12.3852  2.3074    119880  0.9500
  0.00021   0.99645     63.6361 1.11663e-07 4.37612e-07 3.44887e-10  20.2319   0.4009  0.0023 11.9443  2.5279    121878  0.9500
  0.00020   0.99416     63.0726 1.07236e-07 4.35235e-07  3.4665e-10  20.1901   0.3724  0.0037 11.4773  2.7614    123876  0.9500
  0.00019   0.99729     62.4723  1.0068e-07 4.32961e-07 3.42553e-10  20.1901   0.3724  0.0010 10.7011  3.1494    125874  0.9500
  0.00018    1.0017     62.7269 9.61849e-08 4.33947e-07 3.40343e-10  20.1901   0.4129  0.0016  9.9774  3.5113    127872  0.9500
  0.00017   0.99831     62.8227 9.46058e-08 4.36163e-07 3.44793e-10  20.1901   0.4024  0.0013  9.7072  3.6464    129870  0.9500
  0.00016   0.99906     62.5648 9.24224e-08 4.34666e-07 3.45101e-10  20.1901   0.3914  0.0007  9.3422  3.8289    131868  0.9500
  0.00015   0.99687     62.1555 9.02893e-08 4.32784e-07 3.42577e-10  20.1901   0.3834  0.0013  8.8881  4.0560    133866  0.9500
  0.00014   0.99523     61.7087 8.77151e-08 4.31012e-07 3.40549e-10  20.1901   0.3549  0.0031  8.3849  4.3076    135864  0.9500
  0.00014   0.99713     61.1345 8.49343e-08 4.29246e-07 3.39237e-10  20.1901   0.3544  0.0011  7.6709  4.6645    137862  0.9500
  0.00013    1.0001     61.3388 8.25834e-08 4.28046e-07 3.38073e-10  20.1901   0.3529  0.0010  7.0140  4.9930    139860  0.9500
  0.00012   0.99721     61.0286 8.05515e-08 4.27726e-07 3.37332e-10  20.1901   0.3794  0.0011  6.4027  5.2986    141858  0.9500
  0.00012    1.0012     61.2053 7.93237e-08 4.29549e-07 3.38726e-10  20.1901   0.3669  0.0018  6.0146  5.4927    143856  0.9500
  0.00011   0.99721     61.0676 7.82751e-08 4.30114e-07 3.39137e-10  20.1901   0.3979  0.0014  5.5747  5.7126    145854  0.9500
  0.00011   0.99741     60.6191 7.75187e-08 4.28738e-07 3.41258e-10  20.1901   0.3809  0.0016  5.3400  5.8300    147852  0.9500
  0.00010   0.99895     60.3145 7.66552e-08 4.27985e-07 3.38237e-10  20.1901   0.3348  0.0008  5.0243  5.9878    149850  0.9500
  0.00010   0.99906     59.9571 7.54216e-08 4.28184e-07 3.38009e-10  20.1901   0.3679  0.0006  4.4959  6.2520    151848  0.9500
  0.00009   0.99713     59.8028 7.47233e-08 4.29764e-07 3.37643e-10  20.1901   0.3634  0.0011  4.1716  6.4142    153846  0.9500
  0.00009   0.99899     59.5626 7.39704e-08 4.28733e-07 3.38443e-10  20.1901   0.3954  0.0004  3.8519  6.5740    155844  0.9500
  0.00008   0.99871     59.4055  7.3591e-08 4.26982e-07 3.39198e-10  20.1901   0.3709  0.0005  3.6801  6.6599    157842  0.9500
  0.00008   0.99956     59.3549 7.31614e-08 4.25186e-07 3.34824e-10  20.1901   0.3744  0.0005  3.4257  6.7871    159840  0.9500
  0.00007   0.99677     59.0266 7.26676e-08 4.25782e-07 3.36353e-10  20.1901   0.3443  0.0015  3.2009  6.8996    161838  0.9500
  0.00007   0.99834     58.6883 7.20477e-08 4.25348e-07  3.3651e-10  20.1901   0.3804  0.0009  2.8947  7.0526    163836  0.9500
  0.00007   0.99899     58.5724 7.17344e-08  4.2513e-07 3.35521e-10  20.1901   0.3609  0.0006  2.7221  7.1389    165834  0.9500
  0.00006   0.99913     58.5581 7.14054e-08 4.23379e-07  3.3477e-10  20.1901   0.3919  0.0008  2.5067  7.2466    167832  0.9500
  0.00006   0.99928     58.4238 7.11258e-08 4.23952e-07 3.35075e-10  20.1901   0.3579  0.0004  2.3861  7.3069    169830  0.9500
  0.00006   0.99952     58.4302 7.07714e-08 4.24619e-07 3.35148e-10  20.1901   0.3383  0.0003  2.1901  7.4049    171828  0.9500
  0.00005    1.0002     58.4639 7.04322e-08 4.23073e-07 3.34868e-10  20.1901   0.4600  0.0002  1.9675  7.5163    173826  0.9500
  0.00005   0.99836     58.2513 7.04719e-08 4.23067e-07 3.33818e-10  20.1901   0.3519  0.0009  2.0067  7.4966    175824  0.9500
  0.00005   0.99941     58.0324 7.01871e-08 4.23038e-07 3.33829e-10  20.1901   0.4284  0.0004  1.8298  7.5851    177822  0.9500
  0.00005    1.0006     58.0767 7.01523e-08 4.23463e-07 3.33043e-10  20.1901   0.4334  0.0003  1.8087  7.5957    179820  0.9500
  0.00004    1.0003     58.0612 7.01466e-08 4.22672e-07  3.3375e-10  20.1901   0.4214  0.0004  1.7968  7.6016    181818  0.9500
  0.00004    1.0002      58.047 7.01176e-08 4.23005e-07 3.33661e-10  20.1901   0.3844  0.0002  1.7634  7.6183    183816  0.9500
  0.00004   0.99911     57.9662  6.9925e-08 4.22577e-07 3.33725e-10  20.1901   0.3774  0.0005  1.6653  7.6673    185814  0.9500
  0.00004         1     57.8878 6.97516e-08 4.23554e-07    3.34e-10  20.1901   0.3669  0.0002  1.5610  7.7195    187812  0.9500
  0.00004   0.99988     57.8764 6.95722e-08 4.23373e-07 3.34473e-10  20.1901   0.3864  0.0002  1.4469  7.7766    189810  0.9500
  0.00003   0.99963     57.8227  6.9452e-08 4.23164e-07 3.34513e-10  20.1901   0.3649  0.0004  1.3693  7.8153    191808  0.9500
  0.00003   0.99975     57.7313 6.92933e-08 4.22787e-07 3.33599e-10  20.1901   0.3784  0.0003  1.2664  7.8668    193806  0.9500
  0.00003   0.99964     57.6984 6.91735e-08 4.23337e-07 3.34509e-10  20.1901   0.3468  0.0002  1.1884  7.9058    195804  0.9500
  0.00003   0.99964     57.7165 6.90098e-08 4.23508e-07 3.33798e-10  20.1901   0.3268  0.0002  1.0777  7.9612    197802  0.9500
  0.00003   0.99971     57.6423  6.8894e-08 4.23332e-07 3.34394e-10  20.1901   0.3243  0.0002  1.0000  8.0000    199800  0.9500
  0.00003   0.99965     57.5771 6.88941e-08 4.23385e-07 3.33231e-10  20.1901   0.3133  0.0002  1.0000  8.0000    201798  0.9500
  0.00003    1.0001     57.5535 6.88928e-08 4.23076e-07  3.3395e-10  20.1901   0.3263  0.0000  1.0000  8.0000    203796  0.9500
  0.00002    1.0001     57.5719 6.88925e-08  4.2327e-07 3.34065e-10  20.1901   0.3003  0.0001  1.0000  8.0000    205794  0.9500
  0.00002   0.99975     57.5508 6.88929e-08 4.23306e-07 3.33645e-10  20.1901   0.3133  0.0002  1.0000  8.0000    207792  0.9500
  0.00002   0.99987     57.5318 6.88925e-08 4.23079e-07 3.34089e-10  20.1901   0.3138  0.0002  1.0000  8.0000    209790  0.9500
  0.00002   0.99991     57.4968 6.88936e-08 4.23326e-07 3.34138e-10  20.1901   0.2908  0.0000  1.0000  8.0000    211788  0.9500
  0.00002   0.99981     57.4676 6.88911e-08 4.23315e-07 3.34318e-10  20.1901   0.3043  0.0001  1.0000  8.0000    213786  0.9500
  0.00002         1     57.4589 6.88905e-08 4.23542e-07 3.34108e-10  20.1901   0.2883  0.0000  1.0000  8.0000    215784  0.9500
  0.00002         1     57.4617  6.8891e-08 4.23104e-07 3.33552e-10  20.1901   0.3048  0.0000  1.0000  8.0000    217782  0.9500
  0.00002   0.99993     57.4593 6.88918e-08 4.23443e-07 3.34059e-10  20.1901   0.2893  0.0000  1.0000  8.0000    219780  0.9500
  0.00002   0.99996     57.4546 6.88903e-08 4.23234e-07 3.34994e-10  20.1901   0.3018  0.0000  1.0000  8.0000    221778  0.9500
  0.00002   0.99996     57.4432 6.88912e-08 4.23317e-07 3.33895e-10  20.1901   0.2938  0.0000  1.0000  8.0000    223776  0.9500
  0.00001   0.99997     57.4433 6.88922e-08 4.23285e-07 3.34126e-10  20.1901   0.3058  0.0000  1.0000  8.0000    225774  0.9500
  0.00001   0.99999     57.4473 6.88909e-08 4.23539e-07  3.3441e-10  20.1901   0.3053  0.0000  1.0000  8.0000    227772  0.9500
  0.00001   0.99987     57.4432 6.88906e-08  4.2343e-07 3.34021e-10  20.1901   0.2748  0.0000  1.0000  8.0000    229770  0.9500
  0.00001   0.99997     57.4431 6.88928e-08 4.23569e-07 3.34574e-10  20.1901   0.2818  0.0000  1.0000  8.0000    231768  0.9500
  0.00001   0.99996     57.4431 6.88917e-08 4.23511e-07 3.34148e-10  20.1901   0.2788  0.0000  1.0000  8.0000    233766  0.9500
  0.00001   0.99996     57.4429 6.88913e-08 4.23268e-07 3.34085e-10  20.1901   0.2918  0.0000  1.0000  8.0000    235764  0.9500
  0.00001   0.99996     57.4431 6.88913e-08 4.23501e-07 3.34033e-10  20.1901   0.2713  0.0000  1.0000  8.0000    237762  0.9500
  0.00001   0.99996      57.443 6.88914e-08 4.23452e-07  3.3437e-10  20.1901   0.2838  0.0000  1.0000  8.0000    239760  0.9500
  0.00001   0.99994     57.4429 6.88907e-08 4.23391e-07  3.3455e-10  20.1901   0.2878  0.0000  1.0000  8.0000    241758  0.9500
  0.00001   0.99995      57.443 6.88907e-08 4.23278e-07 3.33736e-10  20.1901   0.2718  0.0000  1.0000  8.0000    243756  0.9500
  0.00001   0.99996     57.4429 6.88916e-08 4.23634e-07 3.33687e-10  20.1901   0.2993  0.0000  1.0000  8.0000    245754  0.9500
  0.00001   0.99996     57.4432 6.88917e-08 4.23818e-07 3.34806e-10  20.1901   0.2783  0.0000  1.0000  8.0000    247752  0.9500
  0.00001   0.99995      57.443 6.88913e-08 4.23404e-07 3.33809e-10  20.1901   0.2813  0.0000  1.0000  8.0000    249750  0.9500
  0.00001   0.99994     57.4432 6.88891e-08 4.23467e-07 3.34497e-10  20.1901   0.2603  0.0000  1.0000  8.0000    251748  0.9500
  0.00000   0.99988     57.4429 6.88916e-08 4.22145e-07 3.33932e-10            0.0791  0.0000  1.0000  8.0000    253746

BB estimate of min-dist (placement) wirelength: 5744
bb_cost recomputed from scratch: 57.4428
timing_cost recomputed from scratch: 6.88873e-08
delay_cost recomputed from scratch: 4.21553e-07

Completed placement consistency check successfully.

Swaps called: 254045

Placement estimated critical path delay: 20.1901 ns
Placement cost: 0.99985, bb_cost: 57.4429, td_cost: 6.88873e-08, delay_cost: 4.21553e-07
Placement total # of swap attempts: 254045
	Swap reject rate: 0
	Swap accept rate: 0
	Swap abort rate: 0
Placement took 0.42 seconds.
Build rr_graph took 0.05 seconds.
Confirming Router Algorithm: TIMING_DRIVEN.

Routing iteration: 1
Wire length after first iteration 9895, total available wire length 23520, ratio 0.420706
Critical path: 21.6509 ns
Routing iteration took 0.03 seconds.

Routing iteration: 2
Critical path: 21.6509 ns
Routing iteration took 0.02 seconds.

Routing iteration: 3
Critical path: 21.6509 ns
Routing iteration took 0.03 seconds.

Routing iteration: 4
Critical path: 21.6509 ns
Routing iteration took 0.03 seconds.

Routing iteration: 5
Critical path: 21.6498 ns
Routing iteration took 0.03 seconds.

Routing iteration: 6
Critical path: 21.6498 ns
Routing iteration took 0.03 seconds.

Routing iteration: 7
Critical path: 21.652 ns
Routing iteration took 0.03 seconds.

Routing iteration: 8
Critical path: 21.6509 ns
Routing iteration took 0.03 seconds.

Routing iteration: 9
Critical path: 21.6509 ns
Routing iteration took 0.03 seconds.

Routing iteration: 10
Critical path: 21.6283 ns
Routing iteration took 0.03 seconds.

Routing iteration: 11
Critical path: 21.6272 ns
Routing iteration took 0.03 seconds.

Routing iteration: 12
Critical path: 21.6057 ns
Routing iteration took 0.03 seconds.

Routing iteration: 13
Critical path: 21.6487 ns
Routing iteration took 0.03 seconds.

Routing iteration: 14
Critical path: 21.6487 ns
Routing iteration took 0.03 seconds.

Routing iteration: 15
Critical path: 21.6913 ns
Routing iteration took 0.04 seconds.

Routing iteration: 16
Critical path: 21.6924 ns
Routing iteration took 0.03 seconds.

Routing iteration: 17
Critical path: 21.6924 ns
Routing iteration took 0.03 seconds.

Routing iteration: 18
Critical path: 21.6924 ns
Routing iteration took 0.04 seconds.

Routing iteration: 19
Critical path: 21.7677 ns
Routing iteration took 0.02 seconds.

Routing iteration: 20
Critical path: 21.7688 ns
Routing iteration took 0.02 seconds.

Routing iteration: 21
Critical path: 21.8065 ns
Routing iteration took 0.03 seconds.

Routing iteration: 22
Critical path: 21.8594 ns
Routing iteration took 0.02 seconds.

Routing iteration: 23
Critical path: 21.8594 ns
Routing iteration took 0.02 seconds.

Routing iteration: 24
Critical path: 21.89 ns
Routing iteration took 0.02 seconds.

Routing iteration: 25
Critical path: 21.8371 ns
Routing iteration took 0.02 seconds.

Routing iteration: 26
Critical path: 21.965 ns
Routing iteration took 0.02 seconds.

Routing iteration: 27
Critical path: 22.3342 ns
Routing iteration took 0.02 seconds.

Routing iteration: 28
Critical path: 22.9206 ns
Routing iteration took 0.03 seconds.

Routing iteration: 29
Critical path: 22.395 ns
Routing iteration took 0.02 seconds.

Routing iteration: 30
Critical path: 23.4527 ns
Routing iteration took 0.01 seconds.

Routing iteration: 31
Critical path: 23.017 ns
Routing iteration took 0.02 seconds.

Routing iteration: 32
Critical path: 23.1987 ns
Routing iteration took 0.02 seconds.

Routing iteration: 33
Critical path: 22.4823 ns
Routing iteration took 0.01 seconds.

Routing iteration: 34
Critical path: 22.4823 ns
Routing iteration took 0.02 seconds.

Routing iteration: 35
Critical path: 22.4823 ns
Routing iteration took 0.01 seconds.

Routing iteration: 36
Critical path: 22.8332 ns
Routing iteration took 0.02 seconds.

Routing iteration: 37
Critical path: 22.4823 ns
Routing iteration took 0.02 seconds.

Routing iteration: 38
Critical path: 22.4823 ns
Routing iteration took 0.01 seconds.

Routing iteration: 39
Critical path: 22.4823 ns
Routing iteration took 0.02 seconds.

Routing iteration: 40
Critical path: 22.4823 ns
Routing iteration took 0.02 seconds.

Routing iteration: 41
Critical path: 22.4823 ns
Routing iteration took 0.01 seconds.

Routing iteration: 42
Successfully routed after 42 routing iterations.
Completed net delay value cross check successfully.

Checking to ensure routing is legal...
Completed routing consistency check successfully.

Serial number (magic cookie) for the routing is: -1056407653
Circuit successfully routed with a channel width factor of 56.


Average number of bends per net: 2.91189  Maximum # of bends: 29

Number of routed nets (nonglobal): 715
Wirelength results (in units of 1 clb segments)...
	Total wirelength: 11966, average net length: 16.7357
	Maximum net length: 135

Wirelength results in terms of physical segments...
	Total wiring segments used: 3226, average wire segments per net: 4.51189
	Maximum segments used by a net: 35
	Total local nets with reserved CLB opins: 0

X - Directed channels: j	max occ	av_occ		capacity
0	41	25.9286  	56
1	30	18.0714  	56
2	35	19.9286  	56
3	38	22.2857  	56
4	53	33.2857  	56
5	52	34.8571  	56
6	53	35.8571  	56
7	51	34.7857  	56
8	53	39.2857  	56
9	51	33.7143  	56
10	47	32.2143  	56
11	45	25.2857  	56
12	40	23.7857  	56
13	26	13.2143  	56
14	36	20.5714  	56

Y - Directed channels: i	max occ	av_occ		capacity
0	23	12.0000  	56
1	5	2.85714  	56
2	12	7.07143  	56
3	23	13.5714  	56
4	44	24.5000  	56
5	52	38.4286  	56
6	53	42.3571  	56
7	52	37.0000  	56
8	55	37.7857  	56
9	53	37.9286  	56
10	47	35.1429  	56
11	54	38.9286  	56
12	48	33.7857  	56
13	50	35.6429  	56
14	56	44.6429  	56

Total tracks in x-direction: 840, in y-direction: 840

Logic area (in minimum width transistor areas, excludes I/Os and empty grid tiles)...
	Total logic block area (Warning, need to add pitch of routing to blocks with height > 3): 1.21132e+07
	Total used logic block area: 3.92018e+06

Routing area (in minimum width transistor areas)...
	Total routing area: 1.24838e+06, per logic tile: 6369.30

Segment usage by type (index):
Segment type       Fractional utilization
------------       ----------------------
       0                  0.452

Segment usage by length:
Segment length       Fractional utilization
--------------       ----------------------
        4                   0.452

Nets on critical path: 13 normal, 0 global.
Total logic delay: 1.64334e-08 (s), total net delay: 6.09131e-09 (s)
Final critical path: 22.4823 ns
f_max: 44.4794 MHz

Least slack in design: -22.4823 ns

Routing took 1.05 seconds.
The entire flow of VPR took 1.97 seconds.
