________________________________________________________________________
                       VPR - The Next Generation                        
                     Version 0.A15.0 (Linux X86/64)                     
            This is free open source code under MIT license.            
________________________________________________________________________

VPR FPGA Placement and Routing.
Version: Version 7.0
Compiled: Nov  7 2018.
University of Toronto
vpr@eecg.utoronto.ca
This is free open source code under MIT license.

Architecture file: k6_frac_N10_mem32K_40nm.xml
Circuit name: raygentop.blif

Building complex block graph.
WARNING(1): io[0].clock[0] unconnected pin in architecture.
Loop for doall = 0, init_parse took 0 seconds.
Loop for doall = 0 took 0.01 seconds.
Loop for doall = 1, init_parse took 0.01 seconds.
Loop for doall = 1 took 0.01 seconds.
Swept away 1105 nets with no fanout.
WARNING(2): logical_block top^rgCont~16 #101 has no fanout.
Removing input.
WARNING(3): logical_block top^rgCont~17 #102 has no fanout.
Removing input.
WARNING(4): logical_block top^rgCont~18 #103 has no fanout.
Removing input.
WARNING(5): logical_block top^rgCont~19 #104 has no fanout.
Removing input.
WARNING(6): logical_block top^rgCont~20 #105 has no fanout.
Removing input.
WARNING(7): logical_block top^rgCont~21 #106 has no fanout.
Removing input.
WARNING(8): logical_block top^rgCont~22 #107 has no fanout.
Removing input.
WARNING(9): logical_block top^rgCont~23 #108 has no fanout.
Removing input.
WARNING(10): logical_block top^rgCont~24 #109 has no fanout.
Removing input.
WARNING(11): logical_block top^rgCont~25 #110 has no fanout.
Removing input.
WARNING(12): logical_block top^rgCont~26 #111 has no fanout.
Removing input.
WARNING(13): logical_block top^rgCont~27 #112 has no fanout.
Removing input.
WARNING(14): logical_block top^rgCont~28 #113 has no fanout.
Removing input.
WARNING(15): logical_block top^rgCont~29 #114 has no fanout.
Removing input.
WARNING(16): logical_block top^rgCont~30 #115 has no fanout.
Removing input.
WARNING(17): logical_block top^rgCont~31 #116 has no fanout.
Removing input.
Net is a constant generator: top^raygroup10~1.
WARNING(18): logical_block #2022 with output top^raygroup10~1 has only 0 pin.
WARNING(19): Block contains output -- may be a constant generator.
Net is a constant generator: top^tm3_sram_addr~18.
WARNING(20): logical_block #4052 with output top^tm3_sram_addr~18 has only 0 pin.
WARNING(21): Block contains output -- may be a constant generator.
Net is a constant generator: top^tm3_sram_adsp.
WARNING(22): logical_block #4063 with output top^tm3_sram_adsp has only 0 pin.
WARNING(23): Block contains output -- may be a constant generator.
Net is a constant generator: top^raygroup01~1.
WARNING(24): logical_block #4130 with output top^raygroup01~1 has only 0 pin.
WARNING(25): Block contains output -- may be a constant generator.
0 unconnected blocks in input netlist.
Removed 483 LUT buffers.
Sweeped away 499 nodes.
BLIF circuit stats:
	4 LUTs of size 0
	1 LUTs of size 1
	304 LUTs of size 2
	403 LUTs of size 3
	434 LUTs of size 4
	375 LUTs of size 5
	626 LUTs of size 6
	239 of type input
	305 of type output
	1423 of type latch
	2147 of type names
	0 of type dual_port_ram
	21 of type single_port_ram
	18 of type multiply
Timing analysis: ON
Circuit netlist file: raygentop.net
Circuit placement file: raygentop.place
Circuit routing file: raygentop.route
Circuit SDC file: raygentop.sdc
Operation: RUN_FLOW

Packer: ENABLED
Placer: ENABLED
Router: ENABLED
PackerOpts.allow_early_exit: FALSE
PackerOpts.allow_unrelated_clustering: TRUE
PackerOpts.alpha_clustering: 0.750000
PackerOpts.aspect: 1.000000
PackerOpts.beta_clustering: 0.900000
PackerOpts.block_delay: 0.000000
PackerOpts.cluster_seed_type: TIMING
PackerOpts.connection_driven: TRUE
PackerOpts.global_clocks: TRUE
PackerOpts.hill_climbing_flag: FALSE
PackerOpts.inter_cluster_net_delay: 1.000000
PackerOpts.intra_cluster_net_delay: 0.000000
PackerOpts.recompute_timing_after: 32767
PackerOpts.sweep_hanging_nets_and_inputs: TRUE
PackerOpts.timing_driven: TRUE

PlacerOpts.place_freq: PLACE_ONCE
PlacerOpts.place_algorithm: PATH_TIMING_DRIVEN_PLACE
PlacerOpts.pad_loc_type: FREE
PlacerOpts.place_cost_exp: 1.000000
PlacerOpts.inner_loop_recompute_divider: 0
PlacerOpts.recompute_crit_iter: 1
PlacerOpts.timing_tradeoff: 0.500000
PlacerOpts.td_place_exp_first: 1.000000
PlacerOpts.td_place_exp_last: 8.000000
PlaceOpts.seed: 1
AnnealSched.type: AUTO_SCHED
AnnealSched.inner_num: 1.000000

RouterOpts.route_type: DETAILED
RouterOpts.router_algorithm: TIMING_DRIVEN
RouterOpts.base_cost_type: DELAY_NORMALIZED
RouterOpts.fixed_channel_width: 72
RouterOpts.acc_fac: 1.000000
RouterOpts.bb_factor: 3
RouterOpts.bend_cost: 0.000000
RouterOpts.first_iter_pres_fac: 0.500000
RouterOpts.initial_pres_fac: 0.500000
RouterOpts.pres_fac_mult: 1.300000
RouterOpts.max_router_iterations: 50
RouterOpts.astar_fac: 1.200000
RouterOpts.criticality_exp: 1.000000
RouterOpts.max_criticality: 0.990000

RoutingArch.directionality: UNI_DIRECTIONAL
RoutingArch.switch_block_type: WILTON
RoutingArch.Fs: 3

Initialize packing.
Begin packing 'raygentop.blif'.

After removing unused inputs...
	total blocks: 4153, total nets: 4037, total inputs: 239, total outputs: 305
Begin prepacking.
Finish prepacking.
Using inter-cluster delay: 1.33777e-09

SDC file 'raygentop.sdc' blank or not found.

Defaulting to: constrain all 0 inputs and 0 outputs on the netlist clock.
Optimize this clock to run as fast as possible.
Not enough resources expand FPGA size to x = 2 y = 2.
Complex block 0: cb.n2808, type: clb
	...................................................................
Passed route at end.
Complex block 1: cb.n2803, type: clb
	.........................................................................
Passed route at end.
Not enough resources expand FPGA size to x = 3 y = 3.
Complex block 2: cb.n7776, type: clb
	...................................................................................................
Passed route at end.
Complex block 3: cb.n7731, type: clb
	........................................................................
Passed route at end.
Complex block 4: cb.n7736, type: clb
	..................................................................................................
Passed route at end.
Complex block 5: cb.n7600_1, type: clb
	.......................................
Passed route at end.
Not enough resources expand FPGA size to x = 4 y = 4.
Complex block 6: cb.n7631, type: clb
	....................................
Passed route at end.
Complex block 7: cb.n2793, type: clb
	............................................................................
Passed route at end.
Complex block 8: cb.n7725, type: clb
	.............................................
Passed route at end.
Complex block 9: cb.n7701, type: clb
	............................................
Passed route at end.
Complex block 10: cb.n2798, type: clb
	.....................................................................
Passed route at end.
Complex block 11: cb.n7797, type: clb
	......................................................................................
Passed route at end.
Not enough resources expand FPGA size to x = 5 y = 5.
Complex block 12: cb.n7638, type: clb
	.........................................................................................................................
Passed route at end.
Complex block 13: cb.n7758, type: clb
	...................................................................................
Passed route at end.
Complex block 14: cb.n7774_1, type: clb
	.....................................................................................................
Passed route at end.
Complex block 15: cb.n7259, type: clb
	..........................................................
Passed route at end.
Complex block 16: cb.n6459, type: clb
	..................................................................
Passed route at end.
Complex block 17: cb.n5659, type: clb
	..............................................................
Passed route at end.
Complex block 18: cb.n7632, type: clb
	...............................................
Passed route at end.
Complex block 19: cb.n8799_1, type: clb
	.........................................................................
Passed route at end.
Not enough resources expand FPGA size to x = 6 y = 6.
Complex block 20: cb.n7794_1, type: clb
	..............................................................................
Passed route at end.
Complex block 21: cb.n8689_1, type: clb
	......................................................................
Passed route at end.
Complex block 22: cb.n8590_1, type: clb
	.....................................................................
Passed route at end.
Complex block 23: cb.n8584_1, type: clb
	................................................
Passed route at end.
Not enough resources expand FPGA size to x = 7 y = 7.
Complex block 24: cb.n8683, type: clb
	................................................
Passed route at end.
Complex block 25: cb.n2768, type: clb
	......................................................................
Passed route at end.
Complex block 26: cb.n8773, type: clb
	..............................................
Passed route at end.
Complex block 27: cb.n2788, type: clb
	......................................................................
Passed route at end.
Complex block 28: cb.n8762, type: clb
	...............
Passed route at end.
Complex block 29: cb.top.matmult+matmultinst^FF_NODE~55, type: clb
	........................................................
Passed route at end.
Complex block 30: cb.top.matmult+matmultinst^FF_NODE~150, type: clb
	..........................................................................
Passed route at end.
Complex block 31: cb.n8691, type: clb
	.........................................................
Passed route at end.
Complex block 32: cb.n8770_1, type: clb
	.....................................................
Passed route at end.
Complex block 33: cb.top.matmult+matmultinst^FF_NODE~310, type: clb
	.........................................................................................................................
Passed route at end.
Complex block 34: cb.n8419_1, type: clb
	............................................................
Passed route at end.
Not enough resources expand FPGA size to x = 8 y = 8.
Complex block 35: cb.n8396, type: clb
	....................................
Passed route at end.
Complex block 36: cb.n3223, type: clb
	....................................................................
Passed route at end.
Complex block 37: cb.n7834_1, type: clb
	................................................................................................................
Passed route at end.
Complex block 38: cb.n7827, type: clb
	..................................................................................................................
Passed route at end.
Complex block 39: cb.n7755_1, type: clb
	.......................................................................
Passed route at end.
Complex block 40: cb.n2778, type: clb
	.....................................................................
Passed route at end.
Complex block 41: cb.n7693, type: clb
	................
Passed route at end.
Complex block 42: cb.n5649, type: clb
	......................................................
Passed route at end.
Complex block 43: cb.n6449, type: clb
	......................................................
Passed route at end.
Complex block 44: cb.n7762, type: clb
	...............................................................................
Passed route at end.
Complex block 45: cb.n7244, type: clb
	.......................................................
Passed route at end.
Complex block 46: cb.top.matmult+matmultinst^FF_NODE~154, type: clb
	...................................................
Passed route at end.
Complex block 47: cb.top.matmult+matmultinst^FF_NODE~282, type: clb
	.......................................................
Passed route at end.
Not enough resources expand FPGA size to x = 9 y = 9.
Complex block 48: cb.top.matmult+matmultinst^FF_NODE~250, type: clb
	.................................................
Passed route at end.
Complex block 49: cb.top.matmult+matmultinst^FF_NODE~90, type: clb
	..................................................
Passed route at end.
Complex block 50: cb.top.matmult+matmultinst^FF_NODE~58, type: clb
	..................................................
Passed route at end.
Complex block 51: cb.top.matmult+matmultinst^FF_NODE~186, type: clb
	..................................................
Passed route at end.
Complex block 52: cb.top.matmult+matmultinst^FF_NODE~121, type: clb
	.....................................................
Passed route at end.
Complex block 53: cb.top.matmult+matmultinst^FF_NODE~217, type: clb
	......................................................
Passed route at end.
Complex block 54: cb.n8682, type: clb
	...................................................................................................
Passed route at end.
Complex block 55: cb.n8583, type: clb
	...................................................................................................
Passed route at end.
Complex block 56: cb.n8413, type: clb
	.............................
Passed route at end.
Complex block 57: cb.n7497, type: clb
	...........................................................
Passed route at end.
Complex block 58: cb.n7526, type: clb
	..........................................................
Passed route at end.
Complex block 59: cb.n2588, type: clb
	............................................................................................
Passed route at end.
Complex block 60: cb.n2713, type: clb
	...................................................................
Passed route at end.
Complex block 61: cb.n2583, type: clb
	..............................................................................................................................
Passed route at end.
Complex block 62: cb.n2708, type: clb
	....................................................................................
Passed route at end.
Not enough resources expand FPGA size to x = 10 y = 10.
Complex block 63: cb.n2703, type: clb
	.........................................................................
Passed route at end.
Complex block 64: cb.n2628, type: clb
	........................................................................................................................................................................................
Passed route at end.
Complex block 65: cb.n7877, type: clb
	..............................................................................................................................
Passed route at end.
Complex block 66: cb.n7879_1, type: clb
	.......................................................................................
Passed route at end.
Complex block 67: cb.n9729, type: clb
	.......................................................................
Passed route at end.
Complex block 68: cb.n3208, type: clb
	.............................................................................................................
Passed route at end.
Complex block 69: cb.n4423, type: clb
	.........................................................
Passed route at end.
Not enough resources expand FPGA size to x = 11 y = 11.
Complex block 70: cb.n7234, type: clb
	..........................................................
Passed route at end.
Complex block 71: cb.n5634, type: clb
	...............................................................
Passed route at end.
Complex block 72: cb.top.matmult+matmultinst^FF_NODE~156, type: clb
	...............................................................................................
Passed route at end.
Complex block 73: cb.top.matmult+matmultinst^FF_NODE~188, type: clb
	................................................................................
Passed route at end.
Complex block 74: cb.top.matmult+matmultinst^FF_NODE~92, type: clb
	...........................................................................
Passed route at end.
Complex block 75: cb.top.matmult+matmultinst^FF_NODE~60, type: clb
	................................................................................................
Passed route at end.
Complex block 76: cb.top.matmult+matmultinst^FF_NODE~61, type: clb
	....................................................................................
Passed route at end.
Complex block 77: cb.top.matmult+matmultinst^FF_NODE~189, type: clb
	....................................................................................
Passed route at end.
Complex block 78: cb.top.matmult+matmultinst^FF_NODE~285, type: clb
	.................................................................................................
Passed route at end.
Complex block 79: cb.top.matmult+matmultinst^FF_NODE~123, type: clb
	..........................................................................
Passed route at end.
Complex block 80: cb.top.matmult+matmultinst^FF_NODE~315, type: clb
	................................................................
Passed route at end.
Complex block 81: cb.top.matmult+matmultinst^FF_NODE~314, type: clb
	.........................................................
Passed route at end.
Complex block 82: cb.top.matmult+matmultinst^FF_NODE~218, type: clb
	.............................................................................................
Passed route at end.
Complex block 83: cb.top.matmult+matmultinst^FF_NODE~219, type: clb
	...........................................................................
Passed route at end.
Complex block 84: cb.n2618, type: clb
	.......................................................................................
Passed route at end.
Complex block 85: cb.n2578, type: clb
	............................................................
Passed route at end.
Complex block 86: cb.n2698, type: clb
	.......................................................
Passed route at end.
Complex block 87: cb.n8406, type: clb
	........................
Passed route at end.
Not enough resources expand FPGA size to x = 12 y = 12.
Complex block 88: cb.top.resultwriter+resultwriteinst.bilinearintrp+bilinearimp^FF_NODE~2917, type: clb
	.............................................................................................................
Passed route at end.
Complex block 89: cb.n7882, type: clb
	......................................................................................
Passed route at end.
Complex block 90: cb.n7886, type: clb
	.....................................................................................
Passed route at end.
Complex block 91: cb.n9649, type: clb
	.....................................................................................
Passed route at end.
Complex block 92: cb.n9604, type: clb
	..........................................................
Passed route at end.
Complex block 93: cb.n8325_1, type: clb
	......................................
Passed route at end.
Complex block 94: cb.n5624, type: clb
	................................................................................
Passed route at end.
Complex block 95: cb.n6424, type: clb
	....................................................................................
Passed route at end.
Complex block 96: cb.n7224, type: clb
	.................................
Passed route at end.
Complex block 97: cb.n8532, type: clb
	......................
Passed route at end.
Complex block 98: cb.n5441, type: clb
	...............................................................................
Passed route at end.
Complex block 99: cb.n5446, type: clb
	.................
Passed route at end.
Complex block 100: cb.n7416, type: clb
	......................................................................
Passed route at end.
Complex block 101: cb.top.matmult+matmultinst^FF_NODE~317, type: clb
	.................................................................................
Passed route at end.
Complex block 102: cb.n4751, type: clb
	........................
Passed route at end.
Complex block 103: cb.n7506, type: clb
	........................................................
Passed route at end.
Complex block 104: cb.n7477, type: clb
	............................................................
Passed route at end.
Complex block 105: cb.n2673, type: clb
	...............................................................
Passed route at end.
Complex block 106: cb.n8231, type: clb
	..............................
Passed route at end.
Complex block 107: cb.top.matmult+matmultinst^FF_NODE~158, type: clb
	...........................................................................
Passed route at end.
Not enough resources expand FPGA size to x = 13 y = 13.
Complex block 108: cb.top.matmult+matmultinst^FF_NODE~254, type: clb
	.....................................................
Passed route at end.
Complex block 109: cb.top.matmult+matmultinst^FF_NODE~190, type: clb
	........................................................................
Passed route at end.
Complex block 110: cb.top.matmult+matmultinst^FF_NODE~286, type: clb
	.........................................................................
Passed route at end.
Complex block 111: cb.top.matmult+matmultinst^FF_NODE~94, type: clb
	.............................................................
Passed route at end.
Complex block 112: cb.top.matmult+matmultinst^FF_NODE~62, type: clb
	.......................................................
Passed route at end.
Complex block 113: cb.top.matmult+matmultinst^FF_NODE~159, type: clb
	.......................................................
Passed route at end.
Complex block 114: cb.top.matmult+matmultinst^FF_NODE~191, type: clb
	...................................................................................
Passed route at end.
Complex block 115: cb.top.matmult+matmultinst^FF_NODE~287, type: clb
	..................................................
Passed route at end.
Complex block 116: cb.top.matmult+matmultinst^FF_NODE~95, type: clb
	......................................................
Passed route at end.
Complex block 117: cb.top.matmult+matmultinst^FF_NODE~63, type: clb
	....................................................................
Passed route at end.
Complex block 118: cb.top.matmult+matmultinst^FF_NODE~255, type: clb
	...................................................
Passed route at end.
Complex block 119: cb.top.resultwriter+resultwriteinst.bilinearintrp+bilinearimp^FF_NODE~2873, type: clb
	.........................................................................
Passed route at end.
Complex block 120: cb.n9529, type: clb
	.....................................................
Passed route at end.
Complex block 121: cb.n2888, type: clb
	................
Passed route at end.
Complex block 122: cb.n2743, type: clb
	.................................................
Passed route at end.
Complex block 123: cb.n4781, type: clb
	.........................................................................................................................
Passed route at end.
Complex block 124: cb.n8501, type: clb
	........................................
Passed route at end.
Complex block 125: cb.n2738, type: clb
	........................................................................................................
Passed route at end.
Complex block 126: cb.n8480_1, type: clb
	.......................................................................................................
Passed route at end.
Complex block 127: cb.n8058, type: clb
	........................................
Passed route at end.
Complex block 128: cb.n8054_1, type: clb
	....................................
Passed route at end.
Complex block 129: cb.n8048, type: clb
	.......................................................
Passed route at end.
Not enough resources expand FPGA size to x = 14 y = 14.
Complex block 130: cb.top.matmult+matmultinst^FF_NODE~256, type: clb
	...................................................
Passed route at end.
Complex block 131: cb.top.matmult+matmultinst^FF_NODE~288, type: clb
	...........................................
Passed route at end.
Complex block 132: cb.top.matmult+matmultinst^FF_NODE~96, type: clb
	..............................
Passed route at end.
Complex block 133: cb.top.matmult+matmultinst^FF_NODE~64, type: clb
	...................................................................
Passed route at end.
Complex block 134: cb.top.matmult+matmultinst^FF_NODE~289, type: clb
	....................................................
Passed route at end.
Complex block 135: cb.top.matmult+matmultinst^FF_NODE~257, type: clb
	..............................
Passed route at end.
Complex block 136: cb.top.matmult+matmultinst^FF_NODE~97, type: clb
	...................................................
Passed route at end.
Complex block 137: cb.top.matmult+matmultinst^FF_NODE~319, type: clb
	...................................................
Passed route at end.
Complex block 138: cb.top.matmult+matmultinst^FF_NODE~223, type: clb
	...................................................
Passed route at end.
Complex block 139: cb.top.matmult+matmultinst^FF_NODE~127, type: clb
	....................................................................................
Passed route at end.
Not enough resources expand FPGA size to x = 15 y = 15.
Complex block 140: cb.n8241, type: clb
	...................................................................................
Passed route at end.
Complex block 141: cb.n8511, type: clb
	.......................................................................
Passed route at end.
Complex block 142: cb.n4113, type: clb
	......................................
Passed route at end.
Complex block 143: cb.n4053, type: clb
	.........................
Passed route at end.
Complex block 144: cb.n9439, type: clb
	.........................................................
Passed route at end.
Complex block 145: cb.out:top^tm3_sram_addr~3, type: io
	
Passed route at end.
Complex block 146: cb.out:top^tm3_sram_addr~8, type: io
	
Passed route at end.
Complex block 147: cb.out:top^tm3_sram_addr~5, type: io
	
Passed route at end.
Complex block 148: cb.out:top^tm3_sram_addr~4, type: io
	
Passed route at end.
Complex block 149: cb.out:top^tm3_sram_addr~6, type: io
	
Passed route at end.
Complex block 150: cb.out:top^tm3_sram_addr~13, type: io
	
Passed route at end.
Complex block 151: cb.out:top^tm3_sram_addr~12, type: io
	
Passed route at end.
Complex block 152: cb.out:top^tm3_sram_addr~11, type: io
	
Passed route at end.
Complex block 153: cb.out:top^tm3_sram_addr~10, type: io
	
Passed route at end.
Complex block 154: cb.out:top^tm3_sram_addr~7, type: io
	
Passed route at end.
Complex block 155: cb.out:top^tm3_sram_addr~2, type: io
	
Passed route at end.
Complex block 156: cb.out:top^tm3_sram_addr~1, type: io
	
Passed route at end.
Complex block 157: cb.out:top^tm3_sram_addr~15, type: io
	
Passed route at end.
Complex block 158: cb.out:top^tm3_sram_addr~14, type: io
	
Passed route at end.
Complex block 159: cb.out:top^tm3_sram_addr~9, type: io
	
Passed route at end.
Complex block 160: cb.out:top^tm3_sram_addr~0, type: io
	
Passed route at end.
Complex block 161: cb.n7265_1, type: clb
	......................................................
Passed route at end.
Complex block 162: cb.n7307, type: clb
	..........................................................................
Passed route at end.
Complex block 163: cb.n7313, type: clb
	..........................................
Passed route at end.
Complex block 164: cb.n7277, type: clb
	........................................
Passed route at end.
Complex block 165: cb.n7240_1, type: clb
	............................................................
Passed route at end.
Complex block 166: cb.n9999, type: clb
	..................................................
Passed route at end.
Complex block 167: cb.n9949, type: clb
	...............................................................
Passed route at end.
Complex block 168: cb.n9249, type: clb
	..................................................................
Passed route at end.
Complex block 169: cb.n9994, type: clb
	.........................................
Passed route at end.
Complex block 170: cb.n9964, type: clb
	..........
Passed route at end.
Complex block 171: cb.top^tm3_sram_data_in~62, type: io
	
Passed route at end.
Complex block 172: cb.top^busy10, type: io
	
Passed route at end.
Complex block 173: cb.top^tm3_sram_data_in~63, type: io
	
Passed route at end.
Complex block 174: cb.top^busy01, type: io
	
Passed route at end.
Complex block 175: cb.n8479_1, type: clb
	............................
Passed route at end.
Complex block 176: cb.top.matmult+matmultinst^FF_NODE~290, type: clb
	..............................
Passed route at end.
Complex block 177: cb.top.matmult+matmultinst^FF_NODE~195, type: clb
	...................................................
Passed route at end.
Complex block 178: cb.top.matmult+matmultinst^FF_NODE~321, type: clb
	............................................................
Passed route at end.
Complex block 179: cb.top.matmult+matmultinst^FF_NODE~129, type: clb
	.................................................
Passed route at end.
Complex block 180: cb.top.matmult+matmultinst^FF_NODE~163, type: clb
	............................................
Passed route at end.
Complex block 181: cb.top.matmult+matmultinst^FF_NODE~99, type: clb
	....................................
Passed route at end.
Complex block 182: cb.top.matmult+matmultinst^FF_NODE~67, type: clb
	............................
Passed route at end.
Complex block 183: cb.n7504_1, type: clb
	.............................
Passed route at end.
Complex block 184: cb.n9394, type: clb
	.............................
Passed route at end.
Not enough resources expand FPGA size to x = 16 y = 16.
Complex block 185: cb.n10054, type: clb
	............................
Passed route at end.
Complex block 186: cb.n10019, type: clb
	..................
Passed route at end.
Complex block 187: cb.out:top^tm3_sram_addr~17, type: io
	
Passed route at end.
Complex block 188: cb.out:top^tm3_sram_addr~16, type: io
	
Passed route at end.
Complex block 189: cb.top^rgwant_read, type: io
	
Passed route at end.
Complex block 190: cb.top^rgaddr_ready, type: io
	
Passed route at end.
Complex block 191: cb.top^rgdata_ready, type: io
	
Passed route at end.
Complex block 192: cb.top^rgCfgData_ready, type: io
	
Passed route at end.
Complex block 193: cb.top^rgCfgData~31, type: io
	
Passed route at end.
Complex block 194: cb.top^rgCfgData~30, type: io
	
Passed route at end.
Complex block 195: cb.n7614, type: clb
	........................................................................
Passed route at end.
Complex block 196: cb.top.matmult+matmultinst^FF_NODE~325, type: clb
	.........................................................................................................................................................................................................................................................
Passed route at end.
Complex block 197: cb.top.matmult+matmultinst^FF_NODE~323, type: clb
	.....................................................................................................................................................................................................
Passed route at end.
Complex block 198: cb.out:top^tm3_sram_oe~1, type: io
	
Passed route at end.
Complex block 199: cb.out:top^tm3_sram_data_out~63, type: io
	
Passed route at end.
Complex block 200: cb.out:top^tm3_sram_data_out~62, type: io
	
Passed route at end.
Complex block 201: cb.out:top^tm3_sram_data_out~61, type: io
	
Passed route at end.
Complex block 202: cb.out:top^tm3_sram_data_out~60, type: io
	
Passed route at end.
Complex block 203: cb.out:top^tm3_sram_data_out~59, type: io
	
Passed route at end.
Complex block 204: cb.out:top^tm3_sram_data_out~58, type: io
	
Passed route at end.
Complex block 205: cb.out:top^tm3_sram_data_out~56, type: io
	
Passed route at end.
Complex block 206: cb.out:top^tm3_sram_data_out~57, type: io
	
Passed route at end.
Complex block 207: cb.out:top^tm3_sram_data_out~55, type: io
	
Passed route at end.
Complex block 208: cb.out:top^tm3_sram_data_out~54, type: io
	
Passed route at end.
Complex block 209: cb.out:top^tm3_sram_data_out~53, type: io
	
Passed route at end.
Complex block 210: cb.out:top^tm3_sram_data_out~52, type: io
	
Passed route at end.
Complex block 211: cb.out:top^tm3_sram_data_out~51, type: io
	
Passed route at end.
Complex block 212: cb.out:top^tm3_sram_data_out~50, type: io
	
Passed route at end.
Complex block 213: cb.out:top^tm3_sram_data_out~49, type: io
	
Passed route at end.
Complex block 214: cb.out:top^tm3_sram_data_out~48, type: io
	
Passed route at end.
Complex block 215: cb.out:top^tm3_sram_data_out~47, type: io
	
Passed route at end.
Complex block 216: cb.out:top^tm3_sram_data_out~46, type: io
	
Passed route at end.
Complex block 217: cb.out:top^tm3_sram_data_out~45, type: io
	
Passed route at end.
Complex block 218: cb.out:top^tm3_sram_data_out~44, type: io
	
Passed route at end.
Complex block 219: cb.out:top^tm3_sram_data_out~43, type: io
	
Passed route at end.
Complex block 220: cb.out:top^tm3_sram_data_out~42, type: io
	
Passed route at end.
Complex block 221: cb.out:top^tm3_sram_data_out~41, type: io
	
Passed route at end.
Complex block 222: cb.out:top^tm3_sram_data_out~40, type: io
	
Passed route at end.
Complex block 223: cb.out:top^tm3_sram_data_out~39, type: io
	
Passed route at end.
Complex block 224: cb.out:top^tm3_sram_data_out~38, type: io
	
Passed route at end.
Complex block 225: cb.out:top^tm3_sram_data_out~37, type: io
	
Passed route at end.
Complex block 226: cb.out:top^tm3_sram_data_out~36, type: io
	
Passed route at end.
Complex block 227: cb.out:top^tm3_sram_data_out~35, type: io
	
Passed route at end.
Complex block 228: cb.out:top^tm3_sram_data_out~34, type: io
	
Passed route at end.
Complex block 229: cb.out:top^tm3_sram_data_out~33, type: io
	
Passed route at end.
Complex block 230: cb.out:top^tm3_sram_data_out~32, type: io
	
Passed route at end.
Complex block 231: cb.out:top^tm3_sram_data_out~31, type: io
	
Passed route at end.
Complex block 232: cb.out:top^tm3_sram_data_out~30, type: io
	
Passed route at end.
Complex block 233: cb.out:top^tm3_sram_data_out~29, type: io
	
Passed route at end.
Complex block 234: cb.out:top^tm3_sram_data_out~28, type: io
	
Passed route at end.
Complex block 235: cb.out:top^tm3_sram_data_out~27, type: io
	
Passed route at end.
Complex block 236: cb.out:top^tm3_sram_data_out~26, type: io
	
Passed route at end.
Complex block 237: cb.out:top^tm3_sram_data_out~25, type: io
	
Passed route at end.
Complex block 238: cb.out:top^tm3_sram_data_out~24, type: io
	
Passed route at end.
Complex block 239: cb.out:top^tm3_sram_data_out~23, type: io
	
Passed route at end.
Complex block 240: cb.out:top^tm3_sram_data_out~22, type: io
	
Passed route at end.
Complex block 241: cb.out:top^tm3_sram_data_out~21, type: io
	
Passed route at end.
Complex block 242: cb.out:top^tm3_sram_data_out~20, type: io
	
Passed route at end.
Complex block 243: cb.out:top^tm3_sram_data_out~19, type: io
	
Passed route at end.
Complex block 244: cb.out:top^tm3_sram_data_out~18, type: io
	
Passed route at end.
Complex block 245: cb.out:top^tm3_sram_data_out~17, type: io
	
Passed route at end.
Complex block 246: cb.out:top^tm3_sram_data_out~16, type: io
	
Passed route at end.
Complex block 247: cb.out:top^tm3_sram_data_out~15, type: io
	
Passed route at end.
Complex block 248: cb.out:top^tm3_sram_data_out~14, type: io
	
Passed route at end.
Complex block 249: cb.out:top^tm3_sram_data_out~13, type: io
	
Passed route at end.
Complex block 250: cb.out:top^tm3_sram_data_out~12, type: io
	
Passed route at end.
Complex block 251: cb.out:top^tm3_sram_data_out~11, type: io
	
Passed route at end.
Complex block 252: cb.out:top^tm3_sram_data_out~10, type: io
	
Passed route at end.
Complex block 253: cb.out:top^tm3_sram_data_out~9, type: io
	
Passed route at end.
Complex block 254: cb.out:top^tm3_sram_data_out~8, type: io
	
Passed route at end.
Complex block 255: cb.out:top^tm3_sram_data_out~7, type: io
	
Passed route at end.
Complex block 256: cb.out:top^tm3_sram_data_out~6, type: io
	
Passed route at end.
Complex block 257: cb.out:top^tm3_sram_data_out~5, type: io
	
Passed route at end.
Complex block 258: cb.out:top^tm3_sram_data_out~4, type: io
	
Passed route at end.
Complex block 259: cb.out:top^tm3_sram_data_out~3, type: io
	
Passed route at end.
Complex block 260: cb.out:top^tm3_sram_data_out~2, type: io
	
Passed route at end.
Complex block 261: cb.out:top^tm3_sram_data_out~1, type: io
	
Passed route at end.
Complex block 262: cb.out:top^tm3_sram_data_out~0, type: io
	
Passed route at end.
Complex block 263: cb.top^tm3_sram_data_out~21, type: clb
	.........................
Passed route at end.
Complex block 264: cb.top^tm3_sram_data_out~32, type: clb
	...............
Passed route at end.
Complex block 265: cb.top^tm3_sram_data_out~6, type: clb
	.........
Passed route at end.
Complex block 266: cb.top.matmult+matmultinst^MULTIPLY~32[0], type: mult_36
	.
Passed route at end.
Complex block 267: cb.top.matmult+matmultinst^MULTIPLY~31[0], type: mult_36
	.
Passed route at end.
Complex block 268: cb.top.matmult+matmultinst^MULTIPLY~30[0], type: mult_36
	.
Passed route at end.
Complex block 269: cb.top.matmult+matmultinst^MULTIPLY~26[0], type: mult_36
	.
Passed route at end.
Complex block 270: cb.top.matmult+matmultinst^MULTIPLY~25[0], type: mult_36
	..
Passed route at end.
Complex block 271: cb.top.resultwriter+resultwriteinst.bilinearintrp+bilinearimp^MULTIPLY~2760[0], type: mult_36
	...
Passed route at end.
Complex block 272: cb.top.resultwriter+resultwriteinst.bilinearintrp+bilinearimp^MULTIPLY~2765[0], type: mult_36
	..
Passed route at end.
Complex block 273: cb.top.rgconfigmemory+ConfigMemoryInst.spram21x4+spraminst.single_port_ram+new_ram^out~19, type: memory
	....................
Passed route at end.
Complex block 274: cb.top^rgCfgData~29, type: io
	
Passed route at end.
Complex block 275: cb.top^rgCfgData~28, type: io
	
Passed route at end.
Complex block 276: cb.top^globalreset, type: io
	
Passed route at end.
Complex block 277: cb.top^tm3_sram_data_in~61, type: io
	
Passed route at end.
Complex block 278: cb.top^tm3_sram_data_in~60, type: io
	
Passed route at end.
Complex block 279: cb.top^tm3_sram_data_in~59, type: io
	
Passed route at end.
Complex block 280: cb.top^tm3_sram_data_in~58, type: io
	
Passed route at end.
Complex block 281: cb.top^tm3_sram_data_in~57, type: io
	
Passed route at end.
Complex block 282: cb.top^tm3_sram_data_in~56, type: io
	
Passed route at end.
Complex block 283: cb.top^tm3_sram_data_in~55, type: io
	
Passed route at end.
Complex block 284: cb.top^tm3_sram_data_in~54, type: io
	
Passed route at end.
Complex block 285: cb.top^tm3_sram_data_in~53, type: io
	
Passed route at end.
Complex block 286: cb.top^tm3_sram_data_in~52, type: io
	
Passed route at end.
Complex block 287: cb.top^tm3_sram_data_in~51, type: io
	
Passed route at end.
Complex block 288: cb.top^tm3_sram_data_in~50, type: io
	
Passed route at end.
Complex block 289: cb.top^tm3_sram_data_in~49, type: io
	
Passed route at end.
Complex block 290: cb.top^tm3_sram_data_in~48, type: io
	
Passed route at end.
Complex block 291: cb.top^tm3_sram_data_in~47, type: io
	
Passed route at end.
Complex block 292: cb.top^tm3_sram_data_in~46, type: io
	
Passed route at end.
Complex block 293: cb.top^tm3_sram_data_in~45, type: io
	
Passed route at end.
Complex block 294: cb.top^tm3_sram_data_in~44, type: io
	
Passed route at end.
Complex block 295: cb.top^tm3_sram_data_in~43, type: io
	
Passed route at end.
Complex block 296: cb.top^tm3_sram_data_in~42, type: io
	
Passed route at end.
Complex block 297: cb.top^tm3_sram_data_in~41, type: io
	
Passed route at end.
Complex block 298: cb.top^tm3_sram_data_in~40, type: io
	
Passed route at end.
Complex block 299: cb.top^tm3_sram_data_in~39, type: io
	
Passed route at end.
Complex block 300: cb.top^tm3_sram_data_in~38, type: io
	
Passed route at end.
Complex block 301: cb.top^tm3_sram_data_in~37, type: io
	
Passed route at end.
Complex block 302: cb.top^tm3_sram_data_in~36, type: io
	
Passed route at end.
Complex block 303: cb.top^tm3_sram_data_in~35, type: io
	
Passed route at end.
Complex block 304: cb.top^tm3_sram_data_in~34, type: io
	
Passed route at end.
Complex block 305: cb.top^tm3_sram_data_in~33, type: io
	
Passed route at end.
Complex block 306: cb.top^tm3_sram_data_in~32, type: io
	
Passed route at end.
Complex block 307: cb.top^tm3_sram_data_in~31, type: io
	
Passed route at end.
Complex block 308: cb.top^tm3_sram_data_in~30, type: io
	
Passed route at end.
Complex block 309: cb.top^tm3_sram_data_in~29, type: io
	
Passed route at end.
Complex block 310: cb.top^tm3_sram_data_in~28, type: io
	
Passed route at end.
Complex block 311: cb.top^tm3_sram_data_in~27, type: io
	
Passed route at end.
Complex block 312: cb.top^tm3_sram_data_in~26, type: io
	
Passed route at end.
Complex block 313: cb.top^tm3_sram_data_in~25, type: io
	
Passed route at end.
Complex block 314: cb.top^tm3_sram_data_in~24, type: io
	
Passed route at end.
Complex block 315: cb.top^tm3_sram_data_in~23, type: io
	
Passed route at end.
Complex block 316: cb.top^tm3_sram_data_in~22, type: io
	
Passed route at end.
Complex block 317: cb.top^tm3_sram_data_in~21, type: io
	
Passed route at end.
Complex block 318: cb.top^tm3_sram_data_in~20, type: io
	
Passed route at end.
Complex block 319: cb.top^tm3_sram_data_in~19, type: io
	
Passed route at end.
Complex block 320: cb.top^tm3_sram_data_in~18, type: io
	
Passed route at end.
Complex block 321: cb.top^tm3_sram_data_in~17, type: io
	
Passed route at end.
Complex block 322: cb.top^tm3_sram_data_in~16, type: io
	
Passed route at end.
Complex block 323: cb.top^tm3_sram_data_in~15, type: io
	
Passed route at end.
Complex block 324: cb.top^tm3_sram_data_in~14, type: io
	
Passed route at end.
Complex block 325: cb.top^tm3_sram_data_in~13, type: io
	
Passed route at end.
Complex block 326: cb.top^tm3_sram_data_in~12, type: io
	
Passed route at end.
Complex block 327: cb.top^tm3_sram_data_in~11, type: io
	
Passed route at end.
Complex block 328: cb.top^tm3_sram_data_in~10, type: io
	
Passed route at end.
Complex block 329: cb.top^tm3_sram_data_in~9, type: io
	
Passed route at end.
Complex block 330: cb.top^tm3_sram_data_in~8, type: io
	
Passed route at end.
Complex block 331: cb.top^tm3_sram_data_in~7, type: io
	
Passed route at end.
Complex block 332: cb.top^tm3_sram_data_in~6, type: io
	
Passed route at end.
Complex block 333: cb.top^tm3_sram_data_in~5, type: io
	
Passed route at end.
Complex block 334: cb.top^tm3_sram_data_in~4, type: io
	
Passed route at end.
Complex block 335: cb.top^tm3_sram_data_in~3, type: io
	
Passed route at end.
Complex block 336: cb.top^tm3_sram_data_in~2, type: io
	
Passed route at end.
Complex block 337: cb.top^tm3_sram_data_in~1, type: io
	
Passed route at end.
Complex block 338: cb.top^tm3_sram_data_in~0, type: io
	
Passed route at end.
Complex block 339: cb.top^rgResultSource~1, type: io
	
Passed route at end.
Complex block 340: cb.top^rgResultSource~0, type: io
	
Passed route at end.
Complex block 341: cb.top^rgResultReady, type: io
	
Passed route at end.
Complex block 342: cb.top^rgDone, type: io
	
Passed route at end.
Complex block 343: cb.out:top^rgread_ready, type: io
	
Passed route at end.
Complex block 344: cb.out:top^rgwant_data, type: io
	
Passed route at end.
Complex block 345: cb.out:top^rgwant_addr, type: io
	
Passed route at end.
Complex block 346: cb.out:top^tm3_sram_oe~0, type: io
	
Passed route at end.
Complex block 347: cb.out:top^tm3_sram_we~7, type: io
	
Passed route at end.
Complex block 348: cb.out:top^tm3_sram_we~6, type: io
	
Passed route at end.
Complex block 349: cb.out:top^tm3_sram_we~5, type: io
	
Passed route at end.
Complex block 350: cb.out:top^tm3_sram_we~4, type: io
	
Passed route at end.
Complex block 351: cb.out:top^tm3_sram_we~3, type: io
	
Passed route at end.
Complex block 352: cb.out:top^tm3_sram_we~2, type: io
	
Passed route at end.
Complex block 353: cb.out:top^tm3_sram_we~1, type: io
	
Passed route at end.
Complex block 354: cb.out:top^tm3_sram_we~0, type: io
	
Passed route at end.
Complex block 355: cb.out:top^rgStat~31, type: io
	
Passed route at end.
Complex block 356: cb.out:top^rgwant_CfgData, type: io
	
Passed route at end.
Complex block 357: cb.top^rgCfgData~15, type: io
	
Passed route at end.
Complex block 358: cb.top^rgCfgData~14, type: io
	
Passed route at end.
Complex block 359: cb.top^rgCfgData~13, type: io
	
Passed route at end.
Complex block 360: cb.top^rgCfgData~12, type: io
	
Passed route at end.
Complex block 361: cb.top^rgCfgData~11, type: io
	
Passed route at end.
Complex block 362: cb.top^rgCfgData~10, type: io
	
Passed route at end.
Complex block 363: cb.top^rgCfgData~9, type: io
	
Passed route at end.
Complex block 364: cb.top^rgCfgData~8, type: io
	
Passed route at end.
Complex block 365: cb.top^rgCfgData~7, type: io
	
Passed route at end.
Complex block 366: cb.top^rgCfgData~6, type: io
	
Passed route at end.
Complex block 367: cb.top^rgCfgData~5, type: io
	
Passed route at end.
Complex block 368: cb.top^rgCfgData~4, type: io
	
Passed route at end.
Complex block 369: cb.top^rgCfgData~3, type: io
	
Passed route at end.
Complex block 370: cb.top^rgCfgData~2, type: io
	
Passed route at end.
Complex block 371: cb.top^rgCfgData~1, type: io
	
Passed route at end.
Complex block 372: cb.top^rgCfgData~0, type: io
	
Passed route at end.
Complex block 373: cb.top^fbnextscanline, type: io
	
Passed route at end.
Complex block 374: cb.top^rgCont~12, type: io
	
Passed route at end.
Complex block 375: cb.top^rgCont~11, type: io
	
Passed route at end.
Complex block 376: cb.top^rgCont~8, type: io
	
Passed route at end.
Complex block 377: cb.top^rgCont~7, type: io
	
Passed route at end.
Complex block 378: cb.top^rgCont~6, type: io
	
Passed route at end.
Complex block 379: cb.top^rgCont~5, type: io
	
Passed route at end.
Complex block 380: cb.top^rgCont~3, type: io
	
Passed route at end.
Complex block 381: cb.top^rgCont~2, type: io
	
Passed route at end.
Complex block 382: cb.top^rgaddrin~17, type: io
	
Passed route at end.
Complex block 383: cb.top^rgaddrin~16, type: io
	
Passed route at end.
Complex block 384: cb.top^rgaddrin~15, type: io
	
Passed route at end.
Complex block 385: cb.top^rgaddrin~14, type: io
	
Passed route at end.
Complex block 386: cb.top^rgaddrin~13, type: io
	
Passed route at end.
Complex block 387: cb.top^rgaddrin~12, type: io
	
Passed route at end.
Complex block 388: cb.top^rgaddrin~11, type: io
	
Passed route at end.
Complex block 389: cb.top^rgaddrin~10, type: io
	
Passed route at end.
Complex block 390: cb.top^rgaddrin~9, type: io
	
Passed route at end.
Complex block 391: cb.top^rgaddrin~8, type: io
	
Passed route at end.
Complex block 392: cb.top^rgaddrin~7, type: io
	
Passed route at end.
Complex block 393: cb.top^rgaddrin~6, type: io
	
Passed route at end.
Complex block 394: cb.top^rgaddrin~5, type: io
	
Passed route at end.
Complex block 395: cb.top^rgaddrin~4, type: io
	
Passed route at end.
Complex block 396: cb.top^rgaddrin~3, type: io
	
Passed route at end.
Complex block 397: cb.top^rgaddrin~2, type: io
	
Passed route at end.
Complex block 398: cb.top^rgaddrin~1, type: io
	
Passed route at end.
Complex block 399: cb.top^rgaddrin~0, type: io
	
Passed route at end.
Complex block 400: cb.top^rgResultData~18, type: io
	
Passed route at end.
Complex block 401: cb.top^rgResultData~17, type: io
	
Passed route at end.
Complex block 402: cb.top^rgResultData~16, type: io
	
Passed route at end.
Complex block 403: cb.top^rgResultData~15, type: io
	
Passed route at end.
Complex block 404: cb.top^rgResultData~14, type: io
	
Passed route at end.
Complex block 405: cb.top^rgResultData~13, type: io
	
Passed route at end.
Complex block 406: cb.top^rgResultData~12, type: io
	
Passed route at end.
Complex block 407: cb.top^rgResultData~11, type: io
	
Passed route at end.
Complex block 408: cb.top^rgResultData~10, type: io
	
Passed route at end.
Complex block 409: cb.top^rgResultData~9, type: io
	
Passed route at end.
Complex block 410: cb.top^rgResultData~8, type: io
	
Passed route at end.
Complex block 411: cb.top^rgResultData~7, type: io
	
Passed route at end.
Complex block 412: cb.top^rgResultData~6, type: io
	
Passed route at end.
Complex block 413: cb.top^rgResultData~5, type: io
	
Passed route at end.
Complex block 414: cb.top^rgResultData~4, type: io
	
Passed route at end.
Complex block 415: cb.top^rgResultData~3, type: io
	
Passed route at end.
Complex block 416: cb.top^rgResultData~2, type: io
	
Passed route at end.
Complex block 417: cb.top^rgResultData~1, type: io
	
Passed route at end.
Complex block 418: cb.top^rgResultData~0, type: io
	
Passed route at end.
Complex block 419: cb.top^rgResultData~23, type: io
	
Passed route at end.
Complex block 420: cb.top^rgResultData~22, type: io
	
Passed route at end.
Complex block 421: cb.top^rgResultData~21, type: io
	
Passed route at end.
Complex block 422: cb.top^rgResultData~20, type: io
	
Passed route at end.
Complex block 423: cb.top^rgResultData~19, type: io
	
Passed route at end.
Complex block 424: cb.top^rgCfgData~25, type: io
	
Passed route at end.
Complex block 425: cb.top^rgCfgData~24, type: io
	
Passed route at end.
Complex block 426: cb.top^rgCfgData~23, type: io
	
Passed route at end.
Complex block 427: cb.top^rgCfgData~22, type: io
	
Passed route at end.
Complex block 428: cb.top^rgCfgData~21, type: io
	
Passed route at end.
Complex block 429: cb.top^rgCfgData~20, type: io
	
Passed route at end.
Complex block 430: cb.top^rgCfgData~19, type: io
	
Passed route at end.
Complex block 431: cb.top^rgCfgData~18, type: io
	
Passed route at end.
Complex block 432: cb.top^rgCfgData~17, type: io
	
Passed route at end.
Complex block 433: cb.top^rgCfgData~16, type: io
	
Passed route at end.
Complex block 434: cb.top^rgCfgData~27, type: io
	
Passed route at end.
Complex block 435: cb.top^rgCfgData~26, type: io
	
Passed route at end.
Complex block 436: cb.top^rgCont~0, type: io
	
Passed route at end.
Complex block 437: cb.top^rgResultData~31, type: io
	
Passed route at end.
Complex block 438: cb.top^rgResultData~30, type: io
	
Passed route at end.
Complex block 439: cb.top^rgResultData~29, type: io
	
Passed route at end.
Complex block 440: cb.top^rgResultData~28, type: io
	
Passed route at end.
Complex block 441: cb.top^rgResultData~27, type: io
	
Passed route at end.
Complex block 442: cb.top^rgResultData~26, type: io
	
Passed route at end.
Complex block 443: cb.top^rgResultData~25, type: io
	
Passed route at end.
Complex block 444: cb.top^rgResultData~24, type: io
	
Passed route at end.
Complex block 445: cb.top^rgCont~15, type: io
	
Passed route at end.
Complex block 446: cb.top^rgCont~14, type: io
	
Passed route at end.
Complex block 447: cb.top^rgCont~13, type: io
	
Passed route at end.
Complex block 448: cb.top^rgCont~10, type: io
	
Passed route at end.
Complex block 449: cb.top^rgCont~9, type: io
	
Passed route at end.
Complex block 450: cb.top^rgCont~4, type: io
	
Passed route at end.
Complex block 451: cb.top^rgCont~1, type: io
	
Passed route at end.
Complex block 452: cb.top^rgdatain~59, type: io
	
Passed route at end.
Complex block 453: cb.top^rgdatain~58, type: io
	
Passed route at end.
Complex block 454: cb.top^rgdatain~27, type: io
	
Passed route at end.
Complex block 455: cb.top^rgdatain~3, type: io
	
Passed route at end.
Complex block 456: cb.top^rgdatain~0, type: io
	
Passed route at end.
Complex block 457: cb.top^rgdatain~57, type: io
	
Passed route at end.
Complex block 458: cb.top^rgdatain~11, type: io
	
Passed route at end.
Complex block 459: cb.top^rgdatain~56, type: io
	
Passed route at end.
Complex block 460: cb.top^rgdatain~26, type: io
	
Passed route at end.
Complex block 461: cb.top^rgdatain~55, type: io
	
Passed route at end.
Complex block 462: cb.top^rgdatain~25, type: io
	
Passed route at end.
Complex block 463: cb.top^rgdatain~54, type: io
	
Passed route at end.
Complex block 464: cb.top^rgdatain~53, type: io
	
Passed route at end.
Complex block 465: cb.top^rgdatain~24, type: io
	
Passed route at end.
Complex block 466: cb.top^rgdatain~10, type: io
	
Passed route at end.
Complex block 467: cb.top^rgdatain~52, type: io
	
Passed route at end.
Complex block 468: cb.top^rgdatain~51, type: io
	
Passed route at end.
Complex block 469: cb.top^rgdatain~50, type: io
	
Passed route at end.
Complex block 470: cb.top^rgdatain~23, type: io
	
Passed route at end.
Complex block 471: cb.top^rgdatain~2, type: io
	
Passed route at end.
Complex block 472: cb.top^rgdatain~49, type: io
	
Passed route at end.
Complex block 473: cb.top^rgdatain~48, type: io
	
Passed route at end.
Complex block 474: cb.top^rgdatain~22, type: io
	
Passed route at end.
Complex block 475: cb.top^rgdatain~9, type: io
	
Passed route at end.
Complex block 476: cb.top^rgdatain~47, type: io
	
Passed route at end.
Complex block 477: cb.top^rgdatain~46, type: io
	
Passed route at end.
Complex block 478: cb.top^rgdatain~21, type: io
	
Passed route at end.
Complex block 479: cb.top^rgdatain~45, type: io
	
Passed route at end.
Complex block 480: cb.top^rgdatain~44, type: io
	
Passed route at end.
Complex block 481: cb.top^rgdatain~20, type: io
	
Passed route at end.
Complex block 482: cb.top^rgdatain~8, type: io
	
Passed route at end.
Complex block 483: cb.top^rgdatain~43, type: io
	
Passed route at end.
Complex block 484: cb.top^rgdatain~42, type: io
	
Passed route at end.
Complex block 485: cb.top^rgdatain~19, type: io
	
Passed route at end.
Complex block 486: cb.top^rgdatain~41, type: io
	
Passed route at end.
Complex block 487: cb.top^rgdatain~40, type: io
	
Passed route at end.
Complex block 488: cb.top^rgdatain~18, type: io
	
Passed route at end.
Complex block 489: cb.top^rgdatain~7, type: io
	
Passed route at end.
Complex block 490: cb.top^rgdatain~39, type: io
	
Passed route at end.
Complex block 491: cb.top^rgdatain~38, type: io
	
Passed route at end.
Complex block 492: cb.top^rgdatain~17, type: io
	
Passed route at end.
Complex block 493: cb.top^rgdatain~37, type: io
	
Passed route at end.
Complex block 494: cb.top^rgdatain~36, type: io
	
Passed route at end.
Complex block 495: cb.top^rgdatain~16, type: io
	
Passed route at end.
Complex block 496: cb.top^rgdatain~6, type: io
	
Passed route at end.
Complex block 497: cb.top^rgdatain~35, type: io
	
Passed route at end.
Complex block 498: cb.top^rgdatain~15, type: io
	
Passed route at end.
Complex block 499: cb.top^rgdatain~34, type: io
	
Passed route at end.
Complex block 500: cb.top^rgdatain~33, type: io
	
Passed route at end.
Complex block 501: cb.top^rgdatain~14, type: io
	
Passed route at end.
Complex block 502: cb.top^rgdatain~5, type: io
	
Passed route at end.
Complex block 503: cb.top^rgdatain~32, type: io
	
Passed route at end.
Complex block 504: cb.top^rgdatain~31, type: io
	
Passed route at end.
Complex block 505: cb.top^rgdatain~13, type: io
	
Passed route at end.
Complex block 506: cb.top^rgdatain~30, type: io
	
Passed route at end.
Complex block 507: cb.top^rgdatain~63, type: io
	
Passed route at end.
Complex block 508: cb.top^rgdatain~62, type: io
	
Passed route at end.
Complex block 509: cb.top^rgdatain~29, type: io
	
Passed route at end.
Complex block 510: cb.top^rgdatain~61, type: io
	
Passed route at end.
Complex block 511: cb.top^rgdatain~1, type: io
	
Passed route at end.
Complex block 512: cb.top^rgdatain~28, type: io
	
Passed route at end.
Complex block 513: cb.top^rgdatain~12, type: io
	
Passed route at end.
Complex block 514: cb.top^rgdatain~60, type: io
	
Passed route at end.
Complex block 515: cb.top^rgdatain~4, type: io
	
Passed route at end.
Complex block 516: cb.out:top^rgData~6, type: io
	
Passed route at end.
Complex block 517: cb.out:top^rgData~5, type: io
	
Passed route at end.
Complex block 518: cb.out:top^rgData~4, type: io
	
Passed route at end.
Complex block 519: cb.out:top^rgData~3, type: io
	
Passed route at end.
Complex block 520: cb.out:top^rgData~2, type: io
	
Passed route at end.
Complex block 521: cb.out:top^rgData~1, type: io
	
Passed route at end.
Complex block 522: cb.out:top^rgData~0, type: io
	
Passed route at end.
Complex block 523: cb.out:top^raygroupvalid10, type: io
	
Passed route at end.
Complex block 524: cb.out:top^raygroup10~0, type: io
	
Passed route at end.
Complex block 525: cb.out:top^raygroupvalid01, type: io
	
Passed route at end.
Complex block 526: cb.out:top^raygroup01~0, type: io
	
Passed route at end.
Complex block 527: cb.out:top^fbdatavalid, type: io
	
Passed route at end.
Complex block 528: cb.out:top^fbdata~63, type: io
	
Passed route at end.
Complex block 529: cb.out:top^fbdata~62, type: io
	
Passed route at end.
Complex block 530: cb.out:top^fbdata~61, type: io
	
Passed route at end.
Complex block 531: cb.out:top^fbdata~60, type: io
	
Passed route at end.
Complex block 532: cb.out:top^fbdata~59, type: io
	
Passed route at end.
Complex block 533: cb.out:top^fbdata~58, type: io
	
Passed route at end.
Complex block 534: cb.out:top^fbdata~57, type: io
	
Passed route at end.
Complex block 535: cb.out:top^fbdata~56, type: io
	
Passed route at end.
Complex block 536: cb.out:top^fbdata~55, type: io
	
Passed route at end.
Complex block 537: cb.out:top^fbdata~54, type: io
	
Passed route at end.
Complex block 538: cb.out:top^fbdata~53, type: io
	
Passed route at end.
Complex block 539: cb.out:top^fbdata~52, type: io
	
Passed route at end.
Complex block 540: cb.out:top^fbdata~51, type: io
	
Passed route at end.
Complex block 541: cb.out:top^fbdata~50, type: io
	
Passed route at end.
Complex block 542: cb.out:top^fbdata~49, type: io
	
Passed route at end.
Complex block 543: cb.out:top^fbdata~48, type: io
	
Passed route at end.
Complex block 544: cb.out:top^fbdata~47, type: io
	
Passed route at end.
Complex block 545: cb.out:top^fbdata~46, type: io
	
Passed route at end.
Complex block 546: cb.out:top^fbdata~45, type: io
	
Passed route at end.
Complex block 547: cb.out:top^fbdata~44, type: io
	
Passed route at end.
Complex block 548: cb.out:top^fbdata~43, type: io
	
Passed route at end.
Complex block 549: cb.out:top^fbdata~42, type: io
	
Passed route at end.
Complex block 550: cb.out:top^fbdata~41, type: io
	
Passed route at end.
Complex block 551: cb.out:top^fbdata~40, type: io
	
Passed route at end.
Complex block 552: cb.out:top^fbdata~39, type: io
	
Passed route at end.
Complex block 553: cb.out:top^fbdata~38, type: io
	
Passed route at end.
Complex block 554: cb.out:top^fbdata~37, type: io
	
Passed route at end.
Complex block 555: cb.out:top^fbdata~36, type: io
	
Passed route at end.
Complex block 556: cb.out:top^fbdata~35, type: io
	
Passed route at end.
Complex block 557: cb.out:top^fbdata~34, type: io
	
Passed route at end.
Complex block 558: cb.out:top^fbdata~33, type: io
	
Passed route at end.
Complex block 559: cb.out:top^fbdata~32, type: io
	
Passed route at end.
Complex block 560: cb.out:top^fbdata~31, type: io
	
Passed route at end.
Complex block 561: cb.out:top^fbdata~30, type: io
	
Passed route at end.
Complex block 562: cb.out:top^fbdata~29, type: io
	
Passed route at end.
Complex block 563: cb.out:top^fbdata~28, type: io
	
Passed route at end.
Complex block 564: cb.out:top^fbdata~27, type: io
	
Passed route at end.
Complex block 565: cb.out:top^fbdata~26, type: io
	
Passed route at end.
Complex block 566: cb.out:top^fbdata~25, type: io
	
Passed route at end.
Complex block 567: cb.out:top^fbdata~24, type: io
	
Passed route at end.
Complex block 568: cb.out:top^fbdata~23, type: io
	
Passed route at end.
Complex block 569: cb.out:top^fbdata~22, type: io
	
Passed route at end.
Complex block 570: cb.out:top^fbdata~21, type: io
	
Passed route at end.
Complex block 571: cb.out:top^fbdata~20, type: io
	
Passed route at end.
Complex block 572: cb.out:top^fbdata~19, type: io
	
Passed route at end.
Complex block 573: cb.out:top^fbdata~18, type: io
	
Passed route at end.
Complex block 574: cb.out:top^fbdata~17, type: io
	
Passed route at end.
Complex block 575: cb.out:top^fbdata~16, type: io
	
Passed route at end.
Complex block 576: cb.out:top^fbdata~15, type: io
	
Passed route at end.
Complex block 577: cb.out:top^fbdata~14, type: io
	
Passed route at end.
Complex block 578: cb.out:top^fbdata~13, type: io
	
Passed route at end.
Complex block 579: cb.out:top^fbdata~12, type: io
	
Passed route at end.
Complex block 580: cb.out:top^fbdata~11, type: io
	
Passed route at end.
Complex block 581: cb.out:top^fbdata~10, type: io
	
Passed route at end.
Complex block 582: cb.out:top^fbdata~9, type: io
	
Passed route at end.
Complex block 583: cb.out:top^fbdata~8, type: io
	
Passed route at end.
Complex block 584: cb.out:top^fbdata~7, type: io
	
Passed route at end.
Complex block 585: cb.out:top^fbdata~6, type: io
	
Passed route at end.
Complex block 586: cb.out:top^fbdata~5, type: io
	
Passed route at end.
Complex block 587: cb.out:top^fbdata~4, type: io
	
Passed route at end.
Complex block 588: cb.out:top^fbdata~3, type: io
	
Passed route at end.
Complex block 589: cb.out:top^fbdata~2, type: io
	
Passed route at end.
Complex block 590: cb.out:top^fbdata~1, type: io
	
Passed route at end.
Complex block 591: cb.out:top^fbdata~0, type: io
	
Passed route at end.
Complex block 592: cb.out:top^rgStat~30, type: io
	
Passed route at end.
Complex block 593: cb.out:top^rgStat~29, type: io
	
Passed route at end.
Complex block 594: cb.out:top^rgStat~28, type: io
	
Passed route at end.
Complex block 595: cb.out:top^rgStat~27, type: io
	
Passed route at end.
Complex block 596: cb.out:top^rgStat~26, type: io
	
Passed route at end.
Complex block 597: cb.out:top^rgStat~25, type: io
	
Passed route at end.
Complex block 598: cb.out:top^rgStat~24, type: io
	
Passed route at end.
Complex block 599: cb.out:top^rgStat~23, type: io
	
Passed route at end.
Complex block 600: cb.out:top^rgStat~22, type: io
	
Passed route at end.
Complex block 601: cb.out:top^rgStat~21, type: io
	
Passed route at end.
Complex block 602: cb.out:top^rgStat~20, type: io
	
Passed route at end.
Complex block 603: cb.out:top^rgStat~19, type: io
	
Passed route at end.
Complex block 604: cb.out:top^rgStat~18, type: io
	
Passed route at end.
Complex block 605: cb.out:top^rgStat~17, type: io
	
Passed route at end.
Complex block 606: cb.out:top^rgStat~16, type: io
	
Passed route at end.
Complex block 607: cb.out:top^rgStat~15, type: io
	
Passed route at end.
Complex block 608: cb.out:top^rgStat~14, type: io
	
Passed route at end.
Complex block 609: cb.out:top^rgStat~13, type: io
	
Passed route at end.
Complex block 610: cb.out:top^rgStat~12, type: io
	
Passed route at end.
Complex block 611: cb.out:top^rgStat~11, type: io
	
Passed route at end.
Complex block 612: cb.out:top^rgStat~10, type: io
	
Passed route at end.
Complex block 613: cb.out:top^rgStat~9, type: io
	
Passed route at end.
Complex block 614: cb.out:top^rgStat~8, type: io
	
Passed route at end.
Complex block 615: cb.out:top^rgStat~7, type: io
	
Passed route at end.
Complex block 616: cb.out:top^rgStat~6, type: io
	
Passed route at end.
Complex block 617: cb.out:top^rgStat~5, type: io
	
Passed route at end.
Complex block 618: cb.out:top^rgStat~4, type: io
	
Passed route at end.
Complex block 619: cb.out:top^rgStat~3, type: io
	
Passed route at end.
Complex block 620: cb.out:top^rgStat~2, type: io
	
Passed route at end.
Complex block 621: cb.out:top^rgStat~1, type: io
	
Passed route at end.
Complex block 622: cb.out:top^rgStat~0, type: io
	
Passed route at end.
Complex block 623: cb.out:top^rgAddrValid, type: io
	
Passed route at end.
Complex block 624: cb.out:top^rgWE~2, type: io
	
Passed route at end.
Complex block 625: cb.out:top^rgWE~1, type: io
	
Passed route at end.
Complex block 626: cb.out:top^rgWE~0, type: io
	
Passed route at end.
Complex block 627: cb.out:top^rgAddr~3, type: io
	
Passed route at end.
Complex block 628: cb.out:top^rgAddr~2, type: io
	
Passed route at end.
Complex block 629: cb.out:top^rgAddr~1, type: io
	
Passed route at end.
Complex block 630: cb.out:top^rgAddr~0, type: io
	
Passed route at end.
Complex block 631: cb.out:top^rgData~31, type: io
	
Passed route at end.
Complex block 632: cb.out:top^rgData~30, type: io
	
Passed route at end.
Complex block 633: cb.out:top^rgData~29, type: io
	
Passed route at end.
Complex block 634: cb.out:top^rgData~28, type: io
	
Passed route at end.
Complex block 635: cb.out:top^rgData~27, type: io
	
Passed route at end.
Complex block 636: cb.out:top^rgData~26, type: io
	
Passed route at end.
Complex block 637: cb.out:top^rgData~25, type: io
	
Passed route at end.
Complex block 638: cb.out:top^rgData~24, type: io
	
Passed route at end.
Complex block 639: cb.out:top^rgData~23, type: io
	
Passed route at end.
Complex block 640: cb.out:top^rgData~22, type: io
	
Passed route at end.
Complex block 641: cb.out:top^rgData~21, type: io
	
Passed route at end.
Complex block 642: cb.out:top^rgData~20, type: io
	
Passed route at end.
Complex block 643: cb.out:top^rgData~19, type: io
	
Passed route at end.
Complex block 644: cb.out:top^rgData~18, type: io
	
Passed route at end.
Complex block 645: cb.out:top^rgData~17, type: io
	
Passed route at end.
Complex block 646: cb.out:top^rgData~16, type: io
	
Passed route at end.
Complex block 647: cb.out:top^rgData~15, type: io
	
Passed route at end.
Complex block 648: cb.out:top^rgData~14, type: io
	
Passed route at end.
Complex block 649: cb.out:top^rgData~13, type: io
	
Passed route at end.
Complex block 650: cb.out:top^rgData~12, type: io
	
Passed route at end.
Complex block 651: cb.out:top^rgData~11, type: io
	
Passed route at end.
Complex block 652: cb.out:top^rgData~10, type: io
	
Passed route at end.
Complex block 653: cb.out:top^rgData~9, type: io
	
Passed route at end.
Complex block 654: cb.out:top^rgData~8, type: io
	
Passed route at end.
Complex block 655: cb.out:top^rgData~7, type: io
	
Passed route at end.
Complex block 656: cb.out:top^rgdataout~12, type: io
	
Passed route at end.
Complex block 657: cb.out:top^rgdataout~11, type: io
	
Passed route at end.
Complex block 658: cb.out:top^rgdataout~10, type: io
	
Passed route at end.
Complex block 659: cb.out:top^rgdataout~9, type: io
	
Passed route at end.
Complex block 660: cb.out:top^rgdataout~8, type: io
	
Passed route at end.
Complex block 661: cb.out:top^rgdataout~6, type: io
	
Passed route at end.
Complex block 662: cb.out:top^rgdataout~7, type: io
	
Passed route at end.
Complex block 663: cb.out:top^rgdataout~5, type: io
	
Passed route at end.
Complex block 664: cb.out:top^rgdataout~2, type: io
	
Passed route at end.
Complex block 665: cb.out:top^rgdataout~1, type: io
	
Passed route at end.
Complex block 666: cb.out:top^rgdataout~4, type: io
	
Passed route at end.
Complex block 667: cb.out:top^rgdataout~3, type: io
	
Passed route at end.
Complex block 668: cb.out:top^rgdataout~0, type: io
	
Passed route at end.
Complex block 669: cb.out:top^rgdataout~63, type: io
	
Passed route at end.
Complex block 670: cb.out:top^rgdataout~62, type: io
	
Passed route at end.
Complex block 671: cb.out:top^rgdataout~61, type: io
	
Passed route at end.
Complex block 672: cb.out:top^rgdataout~60, type: io
	
Passed route at end.
Complex block 673: cb.out:top^rgdataout~59, type: io
	
Passed route at end.
Complex block 674: cb.out:top^rgdataout~58, type: io
	
Passed route at end.
Complex block 675: cb.out:top^rgdataout~57, type: io
	
Passed route at end.
Complex block 676: cb.out:top^rgdataout~56, type: io
	
Passed route at end.
Complex block 677: cb.out:top^rgdataout~55, type: io
	
Passed route at end.
Complex block 678: cb.out:top^rgdataout~54, type: io
	
Passed route at end.
Complex block 679: cb.out:top^rgdataout~53, type: io
	
Passed route at end.
Complex block 680: cb.out:top^rgdataout~52, type: io
	
Passed route at end.
Complex block 681: cb.out:top^rgdataout~51, type: io
	
Passed route at end.
Complex block 682: cb.out:top^rgdataout~50, type: io
	
Passed route at end.
Complex block 683: cb.out:top^rgdataout~49, type: io
	
Passed route at end.
Complex block 684: cb.out:top^rgdataout~48, type: io
	
Passed route at end.
Complex block 685: cb.out:top^rgdataout~47, type: io
	
Passed route at end.
Complex block 686: cb.out:top^rgdataout~46, type: io
	
Passed route at end.
Complex block 687: cb.out:top^rgdataout~45, type: io
	
Passed route at end.
Complex block 688: cb.out:top^rgdataout~44, type: io
	
Passed route at end.
Complex block 689: cb.out:top^rgdataout~43, type: io
	
Passed route at end.
Complex block 690: cb.out:top^rgdataout~42, type: io
	
Passed route at end.
Complex block 691: cb.out:top^rgdataout~41, type: io
	
Passed route at end.
Complex block 692: cb.out:top^rgdataout~40, type: io
	
Passed route at end.
Not enough resources expand FPGA size to x = 17 y = 17.
Complex block 693: cb.out:top^rgdataout~39, type: io
	
Passed route at end.
Complex block 694: cb.out:top^rgdataout~38, type: io
	
Passed route at end.
Complex block 695: cb.out:top^rgdataout~37, type: io
	
Passed route at end.
Complex block 696: cb.out:top^rgdataout~36, type: io
	
Passed route at end.
Complex block 697: cb.out:top^rgdataout~35, type: io
	
Passed route at end.
Complex block 698: cb.out:top^rgdataout~34, type: io
	
Passed route at end.
Complex block 699: cb.out:top^rgdataout~33, type: io
	
Passed route at end.
Complex block 700: cb.out:top^rgdataout~32, type: io
	
Passed route at end.
Complex block 701: cb.out:top^rgdataout~31, type: io
	
Passed route at end.
Complex block 702: cb.out:top^rgdataout~30, type: io
	
Passed route at end.
Complex block 703: cb.out:top^rgdataout~29, type: io
	
Passed route at end.
Complex block 704: cb.out:top^rgdataout~28, type: io
	
Passed route at end.
Complex block 705: cb.out:top^rgdataout~27, type: io
	
Passed route at end.
Complex block 706: cb.out:top^rgdataout~26, type: io
	
Passed route at end.
Complex block 707: cb.out:top^rgdataout~25, type: io
	
Passed route at end.
Complex block 708: cb.out:top^rgdataout~24, type: io
	
Passed route at end.
Complex block 709: cb.out:top^rgdataout~23, type: io
	
Passed route at end.
Complex block 710: cb.out:top^rgdataout~22, type: io
	
Passed route at end.
Complex block 711: cb.out:top^rgdataout~21, type: io
	
Passed route at end.
Complex block 712: cb.out:top^rgdataout~20, type: io
	
Passed route at end.
Complex block 713: cb.out:top^rgdataout~19, type: io
	
Passed route at end.
Complex block 714: cb.out:top^rgdataout~18, type: io
	
Passed route at end.
Complex block 715: cb.out:top^rgdataout~17, type: io
	
Passed route at end.
Complex block 716: cb.out:top^rgdataout~16, type: io
	
Passed route at end.
Complex block 717: cb.out:top^rgdataout~15, type: io
	
Passed route at end.
Complex block 718: cb.out:top^rgdataout~14, type: io
	
Passed route at end.
Complex block 719: cb.out:top^rgdataout~13, type: io
	
Passed route at end.
Complex block 720: cb.out:top^raygroup10~1, type: io
	
Passed route at end.
Complex block 721: cb.out:top^raygroup01~1, type: io
	
Passed route at end.
Complex block 722: cb.out:top^tm3_sram_adsp, type: io
	
Passed route at end.
Complex block 723: cb.out:top^tm3_sram_addr~18, type: io
	
Passed route at end.
Complex block 724: cb.top^tm3_clk_v0, type: io
	
Passed route at end.
	<EMPTY>: # blocks: 0, average # input + clock pins used: 0, average # output pins used: 0
	io: # blocks: 544, average # input + clock pins used: 0.560662, average # output pins used: 0.439338
	clb: # blocks: 173, average # input + clock pins used: 21.4509, average # output pins used: 8.65318
	mult_36: # blocks: 7, average # input + clock pins used: 60.4286, average # output pins used: 29.5714
	memory: # blocks: 1, average # input + clock pins used: 31, average # output pins used: 21
Absorbed logical nets 2073 out of 4037 nets, 1964 nets not absorbed.

Netlist conversion complete.

Packing took 3.73 seconds.
Packing completed.
Begin parsing packed FPGA netlist file.
Finished parsing packed FPGA netlist file.
Netlist generated from file 'raygentop.net'.
top^raygroup01~1 is a constant generator.
top^raygroup10~1 is a constant generator.
top^tm3_sram_addr~18 is a constant generator.
top^tm3_sram_adsp is a constant generator.

Netlist num_nets: 1964
Netlist num_blocks: 725
Netlist <EMPTY> blocks: 0.
Netlist clb blocks: 173.
Netlist mult_36 blocks: 7.
Netlist memory blocks: 1.
Netlist inputs pins: 239
Netlist output pins: 305

Auto-sizing FPGA at x = 27 y = 27
Auto-sizing FPGA at x = 14 y = 14
Auto-sizing FPGA at x = 20 y = 20
Auto-sizing FPGA at x = 17 y = 17
Auto-sizing FPGA at x = 15 y = 15
Auto-sizing FPGA at x = 16 y = 16
Auto-sizing FPGA at x = 16 y = 16
FPGA auto-sized to x = 17 y = 17
The circuit will be mapped into a 17 x 17 array of clbs.

Resource usage...
	Netlist      0	blocks of type: <EMPTY>
	Architecture 16	blocks of type: <EMPTY>
	Netlist      544	blocks of type: io
	Architecture 544	blocks of type: io
	Netlist      173	blocks of type: clb
	Architecture 221	blocks of type: clb
	Netlist      7	blocks of type: mult_36
	Architecture 8	blocks of type: mult_36
	Netlist      1	blocks of type: memory
	Architecture 4	blocks of type: memory

Computing delta_io_to_io lookup matrix, may take a few seconds, please wait...
Computing delta_io_to_clb lookup matrix, may take a few seconds, please wait...
Computing delta_clb_to_io lookup matrix, may take a few seconds, please wait...
Computing delta_clb_to_clb lookup matrix, may take a few seconds, please wait...

There are 4300 point to point connections in this circuit.

Initial placement cost: 1.00856 bb_cost: 352.804 td_cost: 1.07828e-06 delay_cost: 2.48252e-06

--------- --------- ----------- ----------- ----------- ----------- -------- -------- ------- ------- ------- --------- -------
        T      Cost  Av BB Cost  Av TD Cost  Av Tot Del  P to P Del    d_max  Ac Rate Std Dev R limit     Exp Tot Moves   Alpha
--------- --------- ----------- ----------- ----------- ----------- -------- -------- ------- ------- ------- --------- -------
  0.13251   0.99005     354.338 8.63412e-07 2.47479e-06 5.77329e-10   7.8440   0.9985  0.0102 18.0000  1.0000      6511  0.5000
  0.06625   0.98777     353.438 1.01726e-06  2.4664e-06  5.7908e-10   6.6020   0.9968  0.0102 18.0000  1.0000     13022  0.5000
  0.03313   0.97698     353.456 9.43744e-07 2.46946e-06 5.77948e-10   7.1889   0.9940  0.0107 18.0000  1.0000     19533  0.5000
  0.01656   0.95994      352.27 8.91767e-07 2.45754e-06 5.86559e-10   7.6411   0.9856  0.0150 18.0000  1.0000     26044  0.5000
  0.00828   0.99478     352.074  8.6152e-07 2.46675e-06 5.65731e-10   7.8239   0.9713  0.0104 18.0000  1.0000     32555  0.5000
  0.00414   0.96425     341.898 9.00936e-07 2.39932e-06 5.69244e-10   7.1983   0.9384  0.0151 18.0000  1.0000     39066  0.9000
  0.00373    1.0015     344.744 9.06149e-07     2.4e-06 5.57382e-10   7.1182   0.9306  0.0105 18.0000  1.0000     45577  0.9000
  0.00335    0.9835     339.853 9.58303e-07 2.38253e-06 5.56982e-10   6.6020   0.9295  0.0158 18.0000  1.0000     52088  0.9000
  0.00302    1.0014     338.014 9.00224e-07 2.38628e-06 5.45698e-10   7.0986   0.9215  0.0113 18.0000  1.0000     58599  0.9000
  0.00272    0.9915     339.031 8.11868e-07 2.38605e-06 5.53655e-10   7.9117   0.9134  0.0128 18.0000  1.0000     65110  0.9000
  0.00245   0.98624       332.7 8.89481e-07 2.34483e-06 5.48224e-10   6.9370   0.8999  0.0125 18.0000  1.0000     71621  0.9000
  0.00220    1.0021      330.99 9.38975e-07 2.33527e-06 5.34568e-10   6.4665   0.8949  0.0133 18.0000  1.0000     78132  0.9000
  0.00198   0.96849     322.801 9.14699e-07 2.29591e-06 5.44475e-10   6.5565   0.8704  0.0084 18.0000  1.0000     84643  0.9000
  0.00178    0.9724     318.999 8.52991e-07 2.27762e-06    5.33e-10   6.9179   0.8529  0.0125 18.0000  1.0000     91154  0.9000
  0.00160   0.98483     324.379 8.64005e-07  2.2897e-06 5.38404e-10   6.8731   0.8527  0.0122 18.0000  1.0000     97665  0.9000
  0.00144   0.97658     314.437 8.75664e-07 2.22568e-06 5.22494e-10   6.4878   0.8246  0.0130 18.0000  1.0000    104176  0.9000
  0.00130   0.97212     303.248 8.34219e-07 2.17723e-06 5.11817e-10   6.6664   0.8076  0.0235 18.0000  1.0000    110687  0.9000
  0.00117   0.97432     292.543 8.81716e-07 2.09202e-06 4.97047e-10   5.8788   0.7811  0.0073 18.0000  1.0000    117198  0.9500
  0.00111   0.98225      287.95 8.69208e-07 2.09207e-06 4.85199e-10   5.8528   0.7667  0.0134 18.0000  1.0000    123709  0.9500
  0.00106   0.99374     286.939  8.8247e-07 2.05977e-06  4.7945e-10   5.6078   0.7599  0.0118 18.0000  1.0000    130220  0.9500
  0.00100   0.98958     282.571 8.35219e-07 2.05692e-06  4.7496e-10   5.8984   0.7561  0.0077 18.0000  1.0000    136731  0.9500
  0.00095   0.95514     274.359 8.55661e-07 2.00669e-06 4.85558e-10   5.6533   0.7407  0.0181 18.0000  1.0000    143242  0.9500
  0.00090   0.99384     272.733 8.45832e-07 1.99704e-06 4.62358e-10   5.6078   0.7263  0.0069 18.0000  1.0000    149753  0.9500
  0.00086   0.97423     269.481 8.67494e-07 1.96459e-06 4.63864e-10   5.3823   0.7252  0.0128 18.0000  1.0000    156264  0.9500
  0.00082   0.98559     262.251 8.37205e-07 1.92757e-06 4.49863e-10   5.3627   0.7096  0.0087 18.0000  1.0000    162775  0.9500
  0.00078    1.0025     258.664 7.40366e-07 1.92588e-06 4.41364e-10   6.0599   0.6851  0.0062 18.0000  1.0000    169286  0.9500
  0.00074   0.99679     261.366 8.40668e-07 1.92698e-06 4.48131e-10   5.3823   0.6875  0.0037 18.0000  1.0000    175797  0.9500
  0.00070   0.98228     257.985 8.40323e-07 1.91382e-06 4.50195e-10   5.3107   0.6885  0.0070 18.0000  1.0000    182308  0.9500
  0.00067    0.9908     255.794 8.17452e-07 1.89189e-06  4.4142e-10   5.3823   0.6827  0.0080 18.0000  1.0000    188819  0.9500
  0.00063   0.98164      251.25 7.71305e-07 1.87947e-06 4.37184e-10   5.6533   0.6678  0.0083 18.0000  1.0000    195330  0.9500
  0.00060   0.99841     252.094 7.67067e-07 1.86613e-06 4.33223e-10   5.6533   0.6593  0.0069 18.0000  1.0000    201841  0.9500
  0.00057   0.97756     245.952 7.54184e-07 1.83753e-06 4.31677e-10   5.6078   0.6377  0.0083 18.0000  1.0000    208352  0.9500
  0.00054    0.9758     241.773 8.46484e-07 1.81659e-06 4.31653e-10   4.8800   0.6354  0.0090 18.0000  1.0000    214863  0.9500
  0.00051   0.99242     238.859 8.15677e-07  1.8051e-06 4.21611e-10   5.0155   0.6150  0.0040 18.0000  1.0000    221374  0.9500
  0.00049   0.99727     239.137 7.59396e-07 1.81577e-06 4.23199e-10   5.4462   0.5991  0.0033 18.0000  1.0000    227885  0.9500
  0.00046   0.98693     237.362  7.4063e-07 1.79969e-06 4.21588e-10   5.4722   0.5902  0.0077 18.0000  1.0000    234396  0.9500
  0.00044   0.97326      233.27 7.33224e-07 1.77442e-06 4.18278e-10   5.4722   0.5918  0.0089 18.0000  1.0000    240907  0.9500
  0.00042   0.98657     231.889  7.4629e-07 1.76675e-06 4.14689e-10   5.3367   0.5652  0.0046 18.0000  1.0000    247418  0.9500
  0.00040   0.97961     230.498 7.28408e-07 1.77486e-06 4.15034e-10   5.4722   0.5359  0.0065 18.0000  1.0000    253929  0.9500
  0.00038   0.99382     225.615 7.58716e-07  1.7633e-06 4.09458e-10   5.2041   0.5174  0.0042 18.0000  1.0000    260440  0.9500
  0.00036   0.98824     225.521 7.51818e-07 1.74415e-06 4.07646e-10   5.2012   0.5231  0.0034 18.0000  1.0000    266951  0.9500
  0.00034   0.98855     222.565 7.52975e-07 1.74411e-06 4.06202e-10   5.2012   0.5156  0.0045 18.0000  1.0000    273462  0.9500
  0.00032   0.99456     221.921 7.48061e-07 1.74134e-06 4.04593e-10   5.2012   0.5071  0.0038 18.0000  1.0000    279973  0.9500
  0.00031   0.98843     222.708 7.09351e-07 1.73027e-06 4.06657e-10   5.4752   0.4964  0.0048 18.0000  1.0000    286484  0.9500
  0.00029   0.98823     220.507  6.9332e-07 1.70452e-06  3.9761e-10   5.4722   0.4698  0.0050 18.0000  1.0000    292995  0.9500
  0.00028   0.98988     218.672 7.05062e-07 1.69255e-06 3.95271e-10   5.3367   0.4612  0.0051 18.0000  1.0000    299506  0.9500
  0.00026    1.0008     219.102  7.6558e-07 1.70131e-06 3.92311e-10   4.9301   0.4720  0.0022 18.0000  1.0000    306017  0.9500
  0.00025   0.98805     216.598 7.41147e-07 1.69107e-06 3.95519e-10   5.0656   0.4586  0.0031 18.0000  1.0000    312528  0.9500
  0.00024    0.9899     215.494  7.2402e-07  1.6846e-06 3.93373e-10   5.1752   0.4399  0.0038 18.0000  1.0000    319039  0.9500
  0.00023   0.99878     214.597 7.27007e-07 1.67183e-06 3.87916e-10   5.1087   0.4523  0.0030 17.9977  1.0010    325550  0.9500
  0.00022   0.98615      212.47 7.28393e-07 1.65672e-06 3.86583e-10   5.0656   0.3912  0.0060 18.0000  1.0000    332061  0.9500
  0.00020   0.99705     211.244 5.63963e-07  1.6658e-06 3.84009e-10   5.1112   0.4337  0.0019 17.1213  1.3618    338572  0.9500
  0.00019   0.99398     210.706 5.13785e-07 1.66812e-06 3.89055e-10   5.3823   0.4273  0.0033 17.0139  1.4060    345083  0.9500
  0.00018   0.99669     208.494 5.16623e-07 1.66448e-06  3.8588e-10   5.1112   0.4320  0.0031 16.7975  1.4952    351594  0.9500
  0.00018   0.99554     207.654 4.89369e-07 1.65493e-06   3.867e-10   5.1752   0.4168  0.0031 16.6637  1.5502    358105  0.9500
  0.00017   0.99725     206.411 4.46944e-07 1.65623e-06 3.83884e-10   5.1752   0.4125  0.0014 16.2777  1.7092    364616  0.9500
  0.00016   0.99234     206.703   4.209e-07 1.65401e-06  3.8648e-10   5.0656   0.4148  0.0030 15.8306  1.8933    371127  0.9500
  0.00015   0.99315     205.565 3.86107e-07 1.65979e-06 3.85474e-10   5.0656   0.4128  0.0038 15.4322  2.0573    377638  0.9500
  0.00014   0.99466     202.949 3.66931e-07 1.64103e-06 3.83599e-10   4.9821   0.3881  0.0021 15.0131  2.2299    384149  0.9500
  0.00014   0.99719     203.367 3.25058e-07 1.63822e-06 3.79315e-10   4.9821   0.4006  0.0021 14.2341  2.5507    390660  0.9500
  0.00013   0.99431     201.834 2.97439e-07 1.63527e-06 3.81471e-10   4.9757   0.4279  0.0020 13.6726  2.7819    397171  0.9500
  0.00012   0.99069     199.152 2.86929e-07 1.62829e-06 3.82837e-10   4.9757   0.4018  0.0049 13.5070  2.8500    403682  0.9500
  0.00012   0.99594     197.427  2.6623e-07 1.62154e-06 3.79376e-10   4.9757   0.3961  0.0022 12.9908  3.0626    410193  0.9500
  0.00011   0.99674     197.144 2.46116e-07 1.61367e-06  3.7598e-10   4.9757   0.3857  0.0016 12.4205  3.2974    416704  0.9500
  0.00010   0.99901     195.825 2.28176e-07 1.61694e-06 3.72837e-10   4.9757   0.4096  0.0011 11.7455  3.5754    423215  0.9500
  0.00010   0.99905     196.027 2.21165e-07 1.61073e-06 3.72953e-10   4.9757   0.3953  0.0013 11.3886  3.7223    429726  0.9500
  0.00009   0.99809     195.043 1.90266e-07 1.60617e-06 3.74954e-10   5.0852   0.3975  0.0032 10.8799  3.9318    436237  0.9500
  0.00009   0.99726     193.269 1.81892e-07  1.6042e-06 3.72621e-10   5.0852   0.3904  0.0010 10.4173  4.1223    442748  0.9500
  0.00009   0.99749     192.935 1.70288e-07 1.60416e-06 3.73582e-10   5.0852   0.3967  0.0010  9.9008  4.3350    449259  0.9500
  0.00008   0.99896     193.037 1.63504e-07 1.60689e-06 3.73213e-10   5.0852   0.3738  0.0008  9.4722  4.5115    455770  0.9500
  0.00008   0.99556     192.779 1.52825e-07 1.60788e-06 3.72809e-10   5.0852   0.4079  0.0016  8.8454  4.7695    462281  0.9500
  0.00007   0.99937     191.985   1.863e-07 1.60286e-06 3.73915e-10   4.8402   0.3881  0.0007  8.5617  4.8864    468792  0.9500
  0.00007   0.99515      191.45 1.58633e-07 1.60595e-06 3.72822e-10   4.9757   0.3884  0.0028  8.1174  5.0693    475303  0.9500
  0.00007   0.99614     189.311 1.73332e-07 1.60081e-06 3.71374e-10   4.8402   0.3946  0.0017  7.6987  5.2417    481814  0.9500
  0.00006   0.99946     189.009 1.67003e-07 1.58589e-06  3.7089e-10   4.8402   0.3895  0.0006  7.3489  5.3857    488325  0.9500
  0.00006    0.9985     188.731 1.62653e-07  1.5915e-06 3.67336e-10   4.8402   0.4277  0.0009  6.9778  5.5386    494836  0.9500
  0.00006   0.99736     188.261 1.37776e-07 1.59166e-06 3.68795e-10   4.9757   0.4032  0.0009  6.8922  5.5738    501347  0.9500
  0.00005   0.99754     187.832 1.35989e-07 1.58551e-06 3.68124e-10   4.9497   0.3877  0.0018  6.6383  5.6783    507858  0.9500
  0.00005   0.99815     186.902 1.53964e-07 1.58126e-06 3.68196e-10   4.8142   0.3824  0.0009  6.2908  5.8214    514369  0.9500
  0.00005   0.99565     186.243 1.51548e-07 1.58181e-06 3.67067e-10   4.8142   0.3979  0.0017  5.9287  5.9706    520880  0.9500
  0.00005   0.99654     184.545 1.48974e-07 1.57811e-06 3.67392e-10   4.8142   0.4016  0.0015  5.6793  6.0732    527391  0.9500
  0.00004   0.99905     184.156 1.31211e-07  1.5866e-06 3.68857e-10   4.9070   0.3852  0.0007  5.4614  6.1630    533902  0.9500
  0.00004   0.99892      184.41 1.28125e-07 1.58013e-06 3.69866e-10   4.9070   0.3681  0.0005  5.1621  6.2862    540413  0.9500
  0.00004   0.99638     183.991    1.24e-07 1.57278e-06 3.66857e-10   4.9070   0.4079  0.0017  4.7912  6.4389    546924  0.9500
  0.00004   0.99921     183.356 1.38552e-07 1.57743e-06 3.66095e-10   4.7975   0.3892  0.0012  4.6375  6.5022    553435  0.9500
  0.00004   0.99844     182.961 9.98021e-08 1.58441e-06  3.6727e-10   5.0426   0.3757  0.0007  4.4018  6.5992    559946  0.9500
  0.00003   0.99802     182.988 1.35749e-07 1.58618e-06 3.69954e-10   4.7975   0.3595  0.0010  4.1187  6.7158    566457  0.9500
  0.00003   0.99656     183.238 1.30731e-07 1.57544e-06 3.68642e-10   4.7975   0.4211  0.0022  3.7873  6.8523    572968  0.9500
  0.00003   0.99748     182.724 1.30033e-07 1.57211e-06 3.67419e-10   4.7946   0.4039  0.0014  3.7159  6.8817    579479  0.9500
  0.00003   0.99769     181.492 1.10221e-07 1.57233e-06 3.64606e-10   4.9271   0.4013  0.0016  3.5818  6.9369    585990  0.9500
  0.00003   0.99837     181.133 1.08166e-07 1.56852e-06 3.65718e-10   4.9271   0.3737  0.0007  3.4433  6.9939    592501  0.9500
  0.00003   0.99877     180.889 1.05724e-07 1.56957e-06 3.64265e-10   4.9271   0.3543  0.0006  3.2149  7.0880    599012  0.9500
  0.00002   0.99774     180.242 1.03402e-07 1.57036e-06 3.65439e-10   4.9271   0.4262  0.0014  2.9395  7.2014    605523  0.9500
  0.00002   0.99886     179.698 1.02488e-07 1.56919e-06 3.64462e-10   4.9271   0.3969  0.0006  2.8989  7.2181    612034  0.9500
  0.00002   0.99902     179.451 1.02365e-07 1.56525e-06 3.63067e-10   4.9271   0.3926  0.0004  2.7739  7.2696    618545  0.9500
  0.00002   0.99833     179.343 1.00759e-07 1.56597e-06 3.63987e-10   4.9271   0.3812  0.0009  2.6423  7.3238    625056  0.9500
  0.00002   0.99893     178.775 9.98061e-08 1.56968e-06  3.6478e-10   4.9271   0.3618  0.0005  2.4869  7.3877    631567  0.9500
  0.00002   0.99887     178.667  9.7948e-08 1.56104e-06 3.64217e-10   4.9271   0.3434  0.0005  2.2926  7.4678    638078  0.9500
  0.00002   0.99886     179.298 9.71986e-08 1.57005e-06 3.63667e-10   4.9271   0.3638  0.0007  2.0712  7.5589    644589  0.9500
  0.00002    0.9984     179.131 9.47105e-08 1.57241e-06 3.65996e-10   4.9271   0.4280  0.0010  1.9134  7.6239    651100  0.9500
  0.00002   0.99872      178.71 9.41899e-08 1.57303e-06 3.65857e-10   4.9271   0.4360  0.0006  1.8906  7.6333    657611  0.9500
  0.00002   0.99974     178.467 9.36336e-08 1.56453e-06 3.64495e-10   4.9271   0.4187  0.0003  1.8831  7.6364    664122  0.9500
  0.00001   0.99997     178.173 9.46805e-08 1.56848e-06 3.63611e-10   4.9271   0.4130  0.0001  1.8429  7.6529    670633  0.9500
  0.00001   0.99901     177.971 9.47918e-08 1.56975e-06 3.65607e-10   4.9271   0.3923  0.0005  1.7931  7.6734    677144  0.9500
  0.00001   0.99974     178.104 9.45227e-08 1.56948e-06 3.65404e-10   4.9271   0.3904  0.0003  1.7075  7.7087    683655  0.9500
  0.00001   0.99951     177.996 9.20683e-08 1.56808e-06 3.65235e-10   4.9271   0.3849  0.0002  1.6229  7.7435    690166  0.9500
  0.00001   0.99982     177.961 9.24186e-08 1.56764e-06 3.65482e-10   4.9271   0.3714  0.0001  1.5334  7.7804    696677  0.9500
  0.00001   0.99958     177.854 9.20196e-08 1.56481e-06 3.63349e-10   4.9271   0.3708  0.0002  1.4282  7.8237    703188  0.9500
  0.00001   0.99988     177.788 9.10176e-08 1.56743e-06 3.64691e-10   4.9271   0.3580  0.0002  1.3293  7.8644    709699  0.9500
  0.00001   0.99984     177.668 8.96557e-08  1.5668e-06 3.64719e-10   4.9271   0.3377  0.0001  1.2203  7.9093    716210  0.9500
  0.00001   0.99972      177.56 8.97225e-08 1.56416e-06 3.61494e-10   4.9271   0.3307  0.0001  1.0955  7.9607    722721  0.9500
  0.00001         1     177.568 8.95454e-08 1.56454e-06 3.63823e-10   4.9271   0.3388  0.0000  1.0000  8.0000    729232  0.9500
  0.00001   0.99979      177.62  8.9092e-08 1.56404e-06 3.63982e-10   4.9271   0.3296  0.0001  1.0000  8.0000    735743  0.9500
  0.00001   0.99975     177.478 8.83192e-08 1.56622e-06 3.64317e-10   4.9271   0.3216  0.0001  1.0000  8.0000    742254  0.9500
  0.00001   0.99964     177.372  9.0321e-08 1.56584e-06 3.64334e-10   4.9271   0.2964  0.0003  1.0000  8.0000    748765  0.9500
  0.00001    0.9996     177.402 8.86117e-08 1.56381e-06  3.6463e-10   4.9271   0.3130  0.0001  1.0000  8.0000    755276  0.9500
  0.00001   0.99979     177.346  9.0282e-08 1.56426e-06 3.64079e-10   4.9271   0.3141  0.0001  1.0000  8.0000    761787  0.9500
  0.00001   0.99986     177.324 8.82611e-08 1.56487e-06 3.63897e-10   4.9271   0.3013  0.0001  1.0000  8.0000    768298  0.9500
  0.00001   0.99974     177.304 8.90377e-08 1.56379e-06 3.63739e-10   4.9271   0.2957  0.0001  1.0000  8.0000    774809  0.9500
  0.00001   0.99998     177.202 8.82844e-08 1.56489e-06 3.64143e-10   4.9271   0.2883  0.0000  1.0000  8.0000    781320  0.9500
  0.00001   0.99985     177.252 8.90334e-08 1.56402e-06 3.63732e-10   4.9271   0.2686  0.0001  1.0000  8.0000    787831  0.9500
  0.00001   0.99982     177.147 8.82847e-08 1.56476e-06 3.64717e-10   4.9271   0.2679  0.0001  1.0000  8.0000    794342  0.9500
  0.00001   0.99994     177.219 8.90942e-08 1.56483e-06 3.63879e-10   4.9271   0.2831  0.0000  1.0000  8.0000    800853  0.9500
  0.00001   0.99993     177.187   8.823e-08 1.56408e-06 3.64239e-10   4.9271   0.2809  0.0000  1.0000  8.0000    807364  0.9500
  0.00000   0.99987     177.194 8.90194e-08 1.56365e-06 3.63894e-10   4.9271   0.2688  0.0000  1.0000  8.0000    813875  0.9500
  0.00000   0.99992     177.098 8.82564e-08 1.56429e-06 3.63749e-10   4.9271   0.2669  0.0000  1.0000  8.0000    820386  0.9500
  0.00000   0.99986     177.173 8.89826e-08  1.5607e-06 3.62503e-10   4.9271   0.2600  0.0001  1.0000  8.0000    826897  0.9500
  0.00000   0.99991     177.085 8.82553e-08 1.56463e-06 3.63991e-10   4.9271   0.2737  0.0000  1.0000  8.0000    833408  0.9500
  0.00000   0.99991     177.163 8.90211e-08 1.56493e-06 3.63432e-10   4.9271   0.2663  0.0000  1.0000  8.0000    839919  0.9500
  0.00000   0.99994     177.103 8.81794e-08 1.56436e-06 3.63652e-10   4.9271   0.2602  0.0000  1.0000  8.0000    846430  0.9500
  0.00000   0.99994     177.175 8.89493e-08 1.56455e-06 3.63462e-10   4.9271   0.2657  0.0000  1.0000  8.0000    852941  0.9500
  0.00000   0.99992     177.113 8.81652e-08 1.56359e-06  3.6364e-10   4.9271   0.2545  0.0000  1.0000  8.0000    859452  0.9500
  0.00000   0.99995     177.093 8.90038e-08 1.56397e-06 3.64213e-10   4.9271   0.2632  0.0000  1.0000  8.0000    865963  0.9500
  0.00000   0.99993     177.107 8.82207e-08 1.56434e-06 3.63788e-10   4.9271   0.2453  0.0000  1.0000  8.0000    872474  0.9500
  0.00000   0.99996     177.114 8.90309e-08 1.56198e-06 3.63968e-10   4.9271   0.2539  0.0000  1.0000  8.0000    878985  0.9500
  0.00000   0.99996     177.128 8.82229e-08 1.56383e-06 3.63712e-10   4.9271   0.2539  0.0000  1.0000  8.0000    885496  0.9500
  0.00000   0.99992      177.11 8.90315e-08 1.56415e-06 3.63743e-10   4.9271   0.2508  0.0000  1.0000  8.0000    892007  0.9500
  0.00000   0.99982     177.065 8.82252e-08 1.55611e-06 3.64129e-10            0.0498  0.0000  1.0000  8.0000    898518

BB estimate of min-dist (placement) wirelength: 17687
bb_cost recomputed from scratch: 177.024
timing_cost recomputed from scratch: 8.82375e-08
delay_cost recomputed from scratch: 1.55184e-06

Completed placement consistency check successfully.

Swaps called: 899243

Placement estimated critical path delay: 4.92712 ns
Placement cost: 0.999769, bb_cost: 177.024, td_cost: 8.82375e-08, delay_cost: 1.55184e-06
Placement total # of swap attempts: 899243
	Swap reject rate: 0
	Swap accept rate: 0
	Swap abort rate: 0
Placement took 2.31 seconds.
Build rr_graph took 0.11 seconds.
Confirming Router Algorithm: TIMING_DRIVEN.

Routing iteration: 1
Wire length after first iteration 26887, total available wire length 44064, ratio 0.610181
Critical path: 5.23679 ns
Routing iteration took 0.06 seconds.

Routing iteration: 2
Critical path: 5.23679 ns
Routing iteration took 0.06 seconds.

Routing iteration: 3
Critical path: 5.2379 ns
Routing iteration took 0.06 seconds.

Routing iteration: 4
Critical path: 5.23679 ns
Routing iteration took 0.07 seconds.

Routing iteration: 5
Critical path: 5.23568 ns
Routing iteration took 0.07 seconds.

Routing iteration: 6
Critical path: 5.2379 ns
Routing iteration took 0.06 seconds.

Routing iteration: 7
Critical path: 5.2379 ns
Routing iteration took 0.07 seconds.

Routing iteration: 8
Critical path: 5.2379 ns
Routing iteration took 0.06 seconds.

Routing iteration: 9
Critical path: 5.2379 ns
Routing iteration took 0.06 seconds.

Routing iteration: 10
Critical path: 5.2379 ns
Routing iteration took 0.06 seconds.

Routing iteration: 11
Critical path: 5.2379 ns
Routing iteration took 0.06 seconds.

Routing iteration: 12
Critical path: 5.2379 ns
Routing iteration took 0.05 seconds.

Routing iteration: 13
Critical path: 5.2379 ns
Routing iteration took 0.04 seconds.

Routing iteration: 14
Critical path: 5.2379 ns
Routing iteration took 0.05 seconds.

Routing iteration: 15
Critical path: 5.2379 ns
Routing iteration took 0.04 seconds.

Routing iteration: 16
Critical path: 5.2379 ns
Routing iteration took 0.03 seconds.

Routing iteration: 17
Critical path: 5.2379 ns
Routing iteration took 0.04 seconds.

Routing iteration: 18
Critical path: 5.2379 ns
Routing iteration took 0.03 seconds.

Routing iteration: 19
Critical path: 5.2379 ns
Routing iteration took 0.03 seconds.

Routing iteration: 20
Critical path: 5.2379 ns
Routing iteration took 0.03 seconds.

Routing iteration: 21
Critical path: 5.2379 ns
Routing iteration took 0.04 seconds.

Routing iteration: 22
Critical path: 5.2379 ns
Routing iteration took 0.03 seconds.

Routing iteration: 23
Critical path: 5.2379 ns
Routing iteration took 0.03 seconds.

Routing iteration: 24
Critical path: 5.2379 ns
Routing iteration took 0.03 seconds.

Routing iteration: 25
Critical path: 5.2379 ns
Routing iteration took 0.03 seconds.

Routing iteration: 26
Critical path: 5.2379 ns
Routing iteration took 0.03 seconds.

Routing iteration: 27
Successfully routed after 27 routing iterations.
Completed net delay value cross check successfully.

Checking to ensure routing is legal...
Completed routing consistency check successfully.

Serial number (magic cookie) for the routing is: -169392077
Circuit successfully routed with a channel width factor of 72.


Average number of bends per net: 2.38003  Maximum # of bends: 40

Number of routed nets (nonglobal): 1963
Wirelength results (in units of 1 clb segments)...
	Total wirelength: 30024, average net length: 15.2950
	Maximum net length: 236

Wirelength results in terms of physical segments...
	Total wiring segments used: 8095, average wire segments per net: 4.12379
	Maximum segments used by a net: 62
	Total local nets with reserved CLB opins: 0

X - Directed channels: j	max occ	av_occ		capacity
0	66	55.0588  	72
1	65	48.5882  	72
2	67	51.8824  	72
3	66	55.2941  	72
4	69	56.5882  	72
5	66	56.1176  	72
6	64	52.8824  	72
7	62	52.7059  	72
8	66	51.4706  	72
9	66	50.0000  	72
10	66	51.9412  	72
11	67	50.1765  	72
12	65	50.5882  	72
13	62	44.9412  	72
14	60	37.8824  	72
15	55	36.7059  	72
16	52	32.2941  	72
17	54	41.4118  	72

Y - Directed channels: i	max occ	av_occ		capacity
0	51	40.5882  	72
1	39	18.5882  	72
2	43	26.3529  	72
3	57	37.9412  	72
4	62	46.1765  	72
5	64	51.7647  	72
6	69	57.8824  	72
7	66	56.0588  	72
8	68	55.8235  	72
9	68	52.7647  	72
10	65	55.1176  	72
11	69	57.7059  	72
12	68	56.8824  	72
13	70	58.2941  	72
14	70	57.8235  	72
15	64	52.5294  	72
16	63	51.1765  	72
17	69	56.1176  	72

Total tracks in x-direction: 1296, in y-direction: 1296

Logic area (in minimum width transistor areas, excludes I/Os and empty grid tiles)...
	Total logic block area (Warning, need to add pitch of routing to blocks with height > 3): 1.72706e+07
	Total used logic block area: 1.26437e+07

Routing area (in minimum width transistor areas)...
	Total routing area: 2.38399e+06, per logic tile: 8249.11

Segment usage by type (index):
Segment type       Fractional utilization
------------       ----------------------
       0                  0.625

Segment usage by length:
Segment length       Fractional utilization
--------------       ----------------------
        4                   0.625

Nets on critical path: 6 normal, 0 global.
Total logic delay: 2.779e-09 (s), total net delay: 2.4589e-09 (s)
Final critical path: 5.2379 ns
f_max: 190.916 MHz

Least slack in design: -5.2379 ns

Routing took 1.4 seconds.
The entire flow of VPR took 7.71 seconds.
