________________________________________________________________________
                       VPR - The Next Generation                        
                     Version 0.A15.0 (Linux X86/64)                     
            This is free open source code under MIT license.            
________________________________________________________________________

VPR FPGA Placement and Routing.
Version: Version 7.0
Compiled: Nov  7 2018.
University of Toronto
vpr@eecg.utoronto.ca
This is free open source code under MIT license.

Architecture file: k6_frac_N10_mem32K_40nm.xml
Circuit name: sha.blif

Building complex block graph.
WARNING(1): io[0].clock[0] unconnected pin in architecture.
Loop for doall = 0, init_parse took 0 seconds.
Loop for doall = 0 took 0.01 seconds.
Loop for doall = 1, init_parse took 0 seconds.
Loop for doall = 1 took 0.01 seconds.
Swept away 0 nets with no fanout.
Net is a constant generator: n4589.
WARNING(2): logical_block #3280 with output n4589 has only 0 pin.
WARNING(3): Block contains output -- may be a constant generator.
0 unconnected blocks in input netlist.
Removed 36 LUT buffers.
Sweeped away 36 nodes.
BLIF circuit stats:
	1 LUTs of size 0
	3 LUTs of size 1
	80 LUTs of size 2
	169 LUTs of size 3
	606 LUTs of size 4
	663 LUTs of size 5
	755 LUTs of size 6
	38 of type input
	36 of type output
	911 of type latch
	2277 of type names
	0 of type dual_port_ram
	0 of type single_port_ram
	0 of type multiply
Timing analysis: ON
Circuit netlist file: sha.net
Circuit placement file: sha.place
Circuit routing file: sha.route
Circuit SDC file: sha.sdc
Operation: RUN_FLOW

Packer: ENABLED
Placer: ENABLED
Router: DISABLED
PackerOpts.allow_early_exit: FALSE
PackerOpts.allow_unrelated_clustering: TRUE
PackerOpts.alpha_clustering: 0.750000
PackerOpts.aspect: 1.000000
PackerOpts.beta_clustering: 0.900000
PackerOpts.block_delay: 0.000000
PackerOpts.cluster_seed_type: TIMING
PackerOpts.connection_driven: TRUE
PackerOpts.global_clocks: TRUE
PackerOpts.hill_climbing_flag: FALSE
PackerOpts.inter_cluster_net_delay: 1.000000
PackerOpts.intra_cluster_net_delay: 0.000000
PackerOpts.recompute_timing_after: 32767
PackerOpts.sweep_hanging_nets_and_inputs: TRUE
PackerOpts.timing_driven: TRUE

PlacerOpts.place_freq: PLACE_ONCE
PlacerOpts.place_algorithm: BOUNDING_BOX_PLACE
PlacerOpts.pad_loc_type: FREE
PlacerOpts.place_cost_exp: 1.000000
PlaceOpts.seed: 6
AnnealSched.type: AUTO_SCHED
AnnealSched.inner_num: 1.000000

RoutingArch.directionality: UNI_DIRECTIONAL
RoutingArch.switch_block_type: WILTON
RoutingArch.Fs: 3

Initialize packing.
Begin packing 'sha.blif'.

After removing unused inputs...
	total blocks: 3262, total nets: 3226, total inputs: 38, total outputs: 36
Begin prepacking.
Finish prepacking.
Using inter-cluster delay: 1.33777e-09

SDC file 'sha.sdc' blank or not found.

Defaulting to: constrain all 0 inputs and 0 outputs on the netlist clock.
Optimize this clock to run as fast as possible.
Not enough resources expand FPGA size to x = 2 y = 2.
Complex block 0: cb.n429, type: clb
	......................................
Passed route at end.
Complex block 1: cb.n2913, type: clb
	..........................................................
Passed route at end.
Not enough resources expand FPGA size to x = 3 y = 3.
Complex block 2: cb.n489, type: clb
	.......................................................
Passed route at end.
Complex block 3: cb.n364, type: clb
	...................................................
Passed route at end.
Complex block 4: cb.n3149_1, type: clb
	..................................................................
Passed route at end.
Complex block 5: cb.n3153, type: clb
	.............................................................
Passed route at end.
Not enough resources expand FPGA size to x = 4 y = 4.
Complex block 6: cb.n3156, type: clb
	.................................................................
Passed route at end.
Complex block 7: cb.n3092, type: clb
	..................................................
Passed route at end.
Complex block 8: cb.n3248, type: clb
	..................................................................................
Passed route at end.
Complex block 9: cb.n3256, type: clb
	.........................................
Passed route at end.
Complex block 10: cb.n3196, type: clb
	........................................
Passed route at end.
Complex block 11: cb.n3202, type: clb
	...........................
Passed route at end.
Not enough resources expand FPGA size to x = 5 y = 5.
Complex block 12: cb.n2994_1, type: clb
	..............................................
Passed route at end.
Complex block 13: cb.n3257, type: clb
	...........................................................
Passed route at end.
Complex block 14: cb.n2951, type: clb
	.....................................................................................
Passed route at end.
Complex block 15: cb.n3188, type: clb
	...............................................................................
Passed route at end.
Complex block 16: cb.n3197, type: clb
	........................
Passed route at end.
Complex block 17: cb.n3123, type: clb
	..........................................................
Passed route at end.
Complex block 18: cb.n3260, type: clb
	................................................................................
Passed route at end.
Complex block 19: cb.n3051, type: clb
	................................................................................................................
Passed route at end.
Not enough resources expand FPGA size to x = 6 y = 6.
Complex block 20: cb.n3274_1, type: clb
	..............................................................
Passed route at end.
Complex block 21: cb.n459, type: clb
	..............................................................................
Passed route at end.
Complex block 22: cb.n3145, type: clb
	..................................................
Passed route at end.
Complex block 23: cb.n3304_1, type: clb
	.............................................
Passed route at end.
Not enough resources expand FPGA size to x = 7 y = 7.
Complex block 24: cb.n3006, type: clb
	..........................................................
Passed route at end.
Complex block 25: cb.n2953, type: clb
	..................................................................................
Passed route at end.
Complex block 26: cb.n3277, type: clb
	........................................................
Passed route at end.
Complex block 27: cb.n3028, type: clb
	.............................................................
Passed route at end.
Complex block 28: cb.n3120, type: clb
	...............................................................................................................
Passed route at end.
Complex block 29: cb.n3117, type: clb
	................................................
Passed route at end.
Complex block 30: cb.n3143, type: clb
	..............................................
Passed route at end.
Complex block 31: cb.n2961, type: clb
	.................................................................
Passed route at end.
Complex block 32: cb.n2948, type: clb
	...........................................................................................................................................
Passed route at end.
Complex block 33: cb.n3012, type: clb
	...............................................................................
Passed route at end.
Complex block 34: cb.n589, type: clb
	...................................................
Passed route at end.
Not enough resources expand FPGA size to x = 8 y = 8.
Complex block 35: cb.n579, type: clb
	.........................................................
Passed route at end.
Complex block 36: cb.n569, type: clb
	................................................
Passed route at end.
Complex block 37: cb.n3430, type: clb
	......................................................................
Passed route at end.
Complex block 38: cb.n3464_1, type: clb
	...............................................................................................
Passed route at end.
Complex block 39: cb.n3491, type: clb
	.........................................................................................
Passed route at end.
Complex block 40: cb.n3433, type: clb
	..............................................................
Passed route at end.
Complex block 41: cb.n3475, type: clb
	..........................................................................................................................................
Passed route at end.
Complex block 42: cb.n3445, type: clb
	...........................
Passed route at end.
Complex block 43: cb.n3506, type: clb
	................................................
Passed route at end.
Complex block 44: cb.n1739, type: clb
	.................................................
Passed route at end.
Complex block 45: cb.n629, type: clb
	.........................................................................
Passed route at end.
Complex block 46: cb.n539, type: clb
	.................
Passed route at end.
Complex block 47: cb.n3374_1, type: clb
	.................................................
Passed route at end.
Not enough resources expand FPGA size to x = 9 y = 9.
Complex block 48: cb.n3378, type: clb
	............................................................................
Passed route at end.
Complex block 49: cb.n1589, type: clb
	..................................................................
Passed route at end.
Complex block 50: cb.n3259_1, type: clb
	............
Passed route at end.
Complex block 51: cb.n3137, type: clb
	................................................
Passed route at end.
Complex block 52: cb.n3059_1, type: clb
	................................................
Passed route at end.
Complex block 53: cb.n2946, type: clb
	................................................
Passed route at end.
Complex block 54: cb.n3159_1, type: clb
	..............................................................................
Passed route at end.
Complex block 55: cb.n2997, type: clb
	................................................
Passed route at end.
Complex block 56: cb.n659, type: clb
	.......................................................
Passed route at end.
Complex block 57: cb.n1689, type: clb
	................................................
Passed route at end.
Complex block 58: cb.n1659, type: clb
	................................................
Passed route at end.
Complex block 59: cb.n1609, type: clb
	.........
Passed route at end.
Complex block 60: cb.n719, type: clb
	................................................
Passed route at end.
Complex block 61: cb.n499, type: clb
	..................................................
Passed route at end.
Complex block 62: cb.n2996, type: clb
	................................................
Passed route at end.
Not enough resources expand FPGA size to x = 10 y = 10.
Complex block 63: cb.n3343, type: clb
	................................................
Passed route at end.
Complex block 64: cb.n389, type: clb
	..................................................
Passed route at end.
Complex block 65: cb.n1574, type: clb
	....................................................
Passed route at end.
Complex block 66: cb.n1544, type: clb
	..................................................
Passed route at end.
Complex block 67: cb.n739, type: clb
	.................................................
Passed route at end.
Complex block 68: cb.n824, type: clb
	..........................................................
Passed route at end.
Complex block 69: cb.n1469, type: clb
	................................................
Passed route at end.
Not enough resources expand FPGA size to x = 11 y = 11.
Complex block 70: cb.n419, type: clb
	................................................
Passed route at end.
Complex block 71: cb.n4544, type: clb
	.........
Passed route at end.
Complex block 72: cb.n2404, type: clb
	................................................
Passed route at end.
Complex block 73: cb.n1504, type: clb
	................................................
Passed route at end.
Complex block 74: cb.n749, type: clb
	.........
Passed route at end.
Complex block 75: cb.n4599, type: clb
	............................
Passed route at end.
Complex block 76: cb.n3043, type: clb
	................................................
Passed route at end.
Complex block 77: cb.n1429, type: clb
	................................................
Passed route at end.
Complex block 78: cb.n1939, type: clb
	................................................
Passed route at end.
Complex block 79: cb.n1474, type: clb
	................................................
Passed route at end.
Complex block 80: cb.n894, type: clb
	................................................
Passed route at end.
Complex block 81: cb.n3341, type: clb
	.........
Passed route at end.
Complex block 82: cb.n3044_1, type: clb
	................................................
Passed route at end.
Complex block 83: cb.n1254, type: clb
	................................................
Passed route at end.
Complex block 84: cb.n1294, type: clb
	................................................
Passed route at end.
Complex block 85: cb.n1579, type: clb
	................................................
Passed route at end.
Complex block 86: cb.n349, type: clb
	.............
Passed route at end.
Complex block 87: cb.n1984, type: clb
	................................................
Passed route at end.
Not enough resources expand FPGA size to x = 12 y = 12.
Complex block 88: cb.n1999, type: clb
	................................................
Passed route at end.
Complex block 89: cb.n1369, type: clb
	...............................................
Passed route at end.
Complex block 90: cb.n1414, type: clb
	.....................................................
Passed route at end.
Complex block 91: cb.n944, type: clb
	................................................
Passed route at end.
Complex block 92: cb.n1039, type: clb
	...........
Passed route at end.
Complex block 93: cb.n1334, type: clb
	...............................
Passed route at end.
Complex block 94: cb.n2014, type: clb
	................................................
Passed route at end.
Complex block 95: cb.n2029, type: clb
	....................................................................................
Passed route at end.
Complex block 96: cb.n1069, type: clb
	............................................
Passed route at end.
Complex block 97: cb.n1159, type: clb
	................................................
Passed route at end.
Complex block 98: cb.n474, type: clb
	.............................
Passed route at end.
Complex block 99: cb.n2044, type: clb
	................................................
Passed route at end.
Complex block 100: cb.n3167, type: clb
	...........
Passed route at end.
Complex block 101: cb.n2059, type: clb
	..................................................................................
Passed route at end.
Complex block 102: cb.n2074, type: clb
	.......................................................
Passed route at end.
Complex block 103: cb.n2089, type: clb
	.......................................................
Passed route at end.
Complex block 104: cb.n4574, type: clb
	................................................
Passed route at end.
Complex block 105: cb.n2104, type: clb
	.......................................................
Passed route at end.
Complex block 106: cb.n3230, type: clb
	.............................
Passed route at end.
Complex block 107: cb.n2134, type: clb
	........................................................
Passed route at end.
Not enough resources expand FPGA size to x = 13 y = 13.
Complex block 108: cb.n3228, type: clb
	.......................
Passed route at end.
Complex block 109: cb.n3310, type: clb
	...................................................
Passed route at end.
Complex block 110: cb.n1114, type: clb
	...............................................
Passed route at end.
Complex block 111: cb.n2179, type: clb
	..............................................................
Passed route at end.
Complex block 112: cb.n3398, type: clb
	................................................
Passed route at end.
Complex block 113: cb.n3849_1, type: clb
	.................................
Passed route at end.
Complex block 114: cb.n3698, type: clb
	.........
Passed route at end.
Complex block 115: cb.n3667, type: clb
	................................................
Passed route at end.
Complex block 116: cb.n2194, type: clb
	.......................................................
Passed route at end.
Complex block 117: cb.n2224, type: clb
	..............................................................
Passed route at end.
Complex block 118: cb.n2239, type: clb
	.......................................................
Passed route at end.
Complex block 119: cb.n4639, type: clb
	.................................................
Passed route at end.
Complex block 120: cb.n2254, type: clb
	.......................................................
Passed route at end.
Complex block 121: cb.n4200, type: clb
	................................................
Passed route at end.
Complex block 122: cb.n4196, type: clb
	................................................
Passed route at end.
Complex block 123: cb.n4190, type: clb
	................................................
Passed route at end.
Complex block 124: cb.n4203, type: clb
	................................................
Passed route at end.
Complex block 125: cb.n3634, type: clb
	................................................
Passed route at end.
Complex block 126: cb.n3374, type: clb
	................................................
Passed route at end.
Complex block 127: cb.n3444, type: clb
	................................................
Passed route at end.
Complex block 128: cb.n3809, type: clb
	................................................
Passed route at end.
Complex block 129: cb.n3554, type: clb
	................................................
Passed route at end.
Not enough resources expand FPGA size to x = 14 y = 14.
Complex block 130: cb.n3434, type: clb
	................................................
Passed route at end.
Complex block 131: cb.n4484, type: clb
	................................................
Passed route at end.
Complex block 132: cb.n4419, type: clb
	................................................
Passed route at end.
Complex block 133: cb.n4394, type: clb
	................................................
Passed route at end.
Complex block 134: cb.n4354, type: clb
	................................................
Passed route at end.
Complex block 135: cb.n3739, type: clb
	................................................
Passed route at end.
Complex block 136: cb.n4319, type: clb
	................................................
Passed route at end.
Complex block 137: cb.n4254, type: clb
	................................................
Passed route at end.
Complex block 138: cb.n4189, type: clb
	................................................
Passed route at end.
Complex block 139: cb.n4159, type: clb
	................................................
Passed route at end.
Not enough resources expand FPGA size to x = 15 y = 15.
Complex block 140: cb.n4134, type: clb
	................................................
Passed route at end.
Complex block 141: cb.n2509, type: clb
	................................................
Passed route at end.
Complex block 142: cb.n4024, type: clb
	................................................
Passed route at end.
Complex block 143: cb.n3899, type: clb
	................................................
Passed route at end.
Complex block 144: cb.n3884, type: clb
	................................................
Passed route at end.
Complex block 145: cb.n3639, type: clb
	................................................
Passed route at end.
Complex block 146: cb.n3764, type: clb
	................................................
Passed route at end.
Complex block 147: cb.n3744, type: clb
	................................................
Passed route at end.
Complex block 148: cb.n3489, type: clb
	................................................
Passed route at end.
Complex block 149: cb.n3249, type: clb
	................................................
Passed route at end.
Complex block 150: cb.n3694, type: clb
	................................................
Passed route at end.
Complex block 151: cb.n3564, type: clb
	................................................
Passed route at end.
Complex block 152: cb.n2439, type: clb
	................................................
Passed route at end.
Complex block 153: cb.n3184, type: clb
	................................................
Passed route at end.
Complex block 154: cb.n3379, type: clb
	................................................
Passed route at end.
Complex block 155: cb.n3314, type: clb
	................................................
Passed route at end.
Complex block 156: cb.n3299, type: clb
	................................................
Passed route at end.
Complex block 157: cb.n3154, type: clb
	................................................
Passed route at end.
Complex block 158: cb.n3224, type: clb
	................................................
Passed route at end.
Complex block 159: cb.n2664, type: clb
	................................................
Passed route at end.
Complex block 160: cb.n3119, type: clb
	...................................................
Passed route at end.
Complex block 161: cb.n3099, type: clb
	................................................
Passed route at end.
Complex block 162: cb.n3509, type: clb
	................................................
Passed route at end.
Complex block 163: cb.n3054, type: clb
	................................................
Passed route at end.
Complex block 164: cb.n3039, type: clb
	................................................
Passed route at end.
Not enough resources expand FPGA size to x = 16 y = 16.
Complex block 165: cb.n2649, type: clb
	................................................
Passed route at end.
Complex block 166: cb.n2989, type: clb
	....................................................
Passed route at end.
Complex block 167: cb.n2954, type: clb
	................................................
Passed route at end.
Complex block 168: cb.n2924, type: clb
	................................................
Passed route at end.
Complex block 169: cb.n2894, type: clb
	................................................
Passed route at end.
Complex block 170: cb.n2899, type: clb
	................................................
Passed route at end.
Complex block 171: cb.n2859, type: clb
	....................................................
Passed route at end.
Complex block 172: cb.n2839, type: clb
	................................................
Passed route at end.
Complex block 173: cb.n2709, type: clb
	................................................
Passed route at end.
Complex block 174: cb.n2794, type: clb
	................................................
Passed route at end.
Complex block 175: cb.n2729, type: clb
	................................................
Passed route at end.
Complex block 176: cb.n2589, type: clb
	................................................
Passed route at end.
Complex block 177: cb.n2564, type: clb
	................................................
Passed route at end.
Complex block 178: cb.n2524, type: clb
	................................................
Passed route at end.
Complex block 179: cb.n2459, type: clb
	................................................
Passed route at end.
Complex block 180: cb.n3917, type: clb
	....................
Passed route at end.
Complex block 181: cb.n2309, type: clb
	................................................
Passed route at end.
Complex block 182: cb.n2294, type: clb
	................................................
Passed route at end.
Complex block 183: cb.n3719, type: clb
	................................................
Passed route at end.
Complex block 184: cb.n2264, type: clb
	................................................
Passed route at end.
Complex block 185: cb.n2109, type: clb
	................................................
Passed route at end.
Complex block 186: cb.n3844, type: clb
	................................................
Passed route at end.
Complex block 187: cb.n4364, type: clb
	................................................
Passed route at end.
Complex block 188: cb.n1974, type: clb
	................................................
Passed route at end.
Complex block 189: cb.n4044, type: clb
	................................................
Passed route at end.
Complex block 190: cb.n3974, type: clb
	................................................
Passed route at end.
Complex block 191: cb.n3784, type: clb
	................................................
Passed route at end.
Not enough resources expand FPGA size to x = 17 y = 17.
Complex block 192: cb.n3649, type: clb
	................................................
Passed route at end.
Complex block 193: cb.n3524, type: clb
	................................................
Passed route at end.
Complex block 194: cb.n3394, type: clb
	................................................
Passed route at end.
Complex block 195: cb.n3329, type: clb
	................................................
Passed route at end.
Complex block 196: cb.n3194, type: clb
	................................................
Passed route at end.
Complex block 197: cb.n3129, type: clb
	................................................
Passed route at end.
Complex block 198: cb.n3004, type: clb
	................................................
Passed route at end.
Complex block 199: cb.n2744, type: clb
	................................................
Passed route at end.
Complex block 200: cb.n2679, type: clb
	...........................................
Passed route at end.
Complex block 201: cb.n2614, type: clb
	.................................
Passed route at end.
Complex block 202: cb.n3469, type: clb
	...........
Passed route at end.
Complex block 203: cb.n2734, type: clb
	..............
Passed route at end.
Complex block 204: cb.n3392, type: clb
	...........
Passed route at end.
Complex block 205: cb.n5009, type: clb
	...............................
Passed route at end.
Complex block 206: cb.n4927, type: clb
	....................
Passed route at end.
Complex block 207: cb.n4797, type: clb
	..........
Passed route at end.
Complex block 208: cb.n4161, type: clb
	..
Passed route at end.
Complex block 209: cb.top^text_i~1, type: io
	
Passed route at end.
Complex block 210: cb.top^rst_i, type: io
	
Passed route at end.
Complex block 211: cb.top^text_i~28, type: io
	
Passed route at end.
Complex block 212: cb.top^text_i~12, type: io
	
Passed route at end.
Complex block 213: cb.top^text_i~27, type: io
	
Passed route at end.
Complex block 214: cb.top^text_i~26, type: io
	
Passed route at end.
Complex block 215: cb.top^text_i~11, type: io
	
Passed route at end.
Complex block 216: cb.top^text_i~25, type: io
	
Passed route at end.
Complex block 217: cb.top^text_i~4, type: io
	
Passed route at end.
Complex block 218: cb.top^text_i~24, type: io
	
Passed route at end.
Complex block 219: cb.top^text_i~10, type: io
	
Passed route at end.
Complex block 220: cb.top^text_i~23, type: io
	
Passed route at end.
Complex block 221: cb.top^text_i~0, type: io
	
Passed route at end.
Complex block 222: cb.top^text_i~22, type: io
	
Passed route at end.
Complex block 223: cb.top^text_i~9, type: io
	
Passed route at end.
Complex block 224: cb.top^text_i~21, type: io
	
Passed route at end.
Complex block 225: cb.top^text_i~3, type: io
	
Passed route at end.
Complex block 226: cb.top^text_i~20, type: io
	
Passed route at end.
Complex block 227: cb.top^text_i~8, type: io
	
Passed route at end.
Complex block 228: cb.top^text_i~19, type: io
	
Passed route at end.
Complex block 229: cb.top^text_i~18, type: io
	
Passed route at end.
Complex block 230: cb.top^text_i~17, type: io
	
Passed route at end.
Complex block 231: cb.top^text_i~7, type: io
	
Passed route at end.
Complex block 232: cb.top^text_i~16, type: io
	
Passed route at end.
Complex block 233: cb.top^text_i~6, type: io
	
Passed route at end.
Complex block 234: cb.top^text_i~2, type: io
	
Passed route at end.
Complex block 235: cb.top^text_i~15, type: io
	
Passed route at end.
Complex block 236: cb.top^text_i~14, type: io
	
Passed route at end.
Complex block 237: cb.top^text_i~13, type: io
	
Passed route at end.
Complex block 238: cb.top^text_i~31, type: io
	
Passed route at end.
Complex block 239: cb.top^text_i~30, type: io
	
Passed route at end.
Complex block 240: cb.top^text_i~29, type: io
	
Passed route at end.
Complex block 241: cb.top^text_i~5, type: io
	
Passed route at end.
Complex block 242: cb.top^cmd_w_i, type: io
	
Passed route at end.
Complex block 243: cb.top^cmd_i~2, type: io
	
Passed route at end.
Complex block 244: cb.top^cmd_i~1, type: io
	
Passed route at end.
Complex block 245: cb.top^cmd_i~0, type: io
	
Passed route at end.
Complex block 246: cb.out:top^text_o~24, type: io
	
Passed route at end.
Complex block 247: cb.out:top^text_o~23, type: io
	
Passed route at end.
Complex block 248: cb.out:top^text_o~22, type: io
	
Passed route at end.
Complex block 249: cb.out:top^text_o~21, type: io
	
Passed route at end.
Complex block 250: cb.out:top^text_o~20, type: io
	
Passed route at end.
Complex block 251: cb.out:top^text_o~19, type: io
	
Passed route at end.
Complex block 252: cb.out:top^text_o~18, type: io
	
Passed route at end.
Complex block 253: cb.out:top^text_o~17, type: io
	
Passed route at end.
Complex block 254: cb.out:top^text_o~16, type: io
	
Passed route at end.
Complex block 255: cb.out:top^text_o~15, type: io
	
Passed route at end.
Complex block 256: cb.out:top^text_o~14, type: io
	
Passed route at end.
Complex block 257: cb.out:top^text_o~13, type: io
	
Passed route at end.
Complex block 258: cb.out:top^text_o~12, type: io
	
Passed route at end.
Complex block 259: cb.out:top^text_o~11, type: io
	
Passed route at end.
Complex block 260: cb.out:top^text_o~10, type: io
	
Passed route at end.
Complex block 261: cb.out:top^text_o~9, type: io
	
Passed route at end.
Complex block 262: cb.out:top^text_o~8, type: io
	
Passed route at end.
Complex block 263: cb.out:top^text_o~7, type: io
	
Passed route at end.
Complex block 264: cb.out:top^text_o~6, type: io
	
Passed route at end.
Complex block 265: cb.out:top^text_o~5, type: io
	
Passed route at end.
Complex block 266: cb.out:top^text_o~4, type: io
	
Passed route at end.
Complex block 267: cb.out:top^text_o~3, type: io
	
Passed route at end.
Complex block 268: cb.out:top^text_o~2, type: io
	
Passed route at end.
Complex block 269: cb.out:top^text_o~1, type: io
	
Passed route at end.
Complex block 270: cb.out:top^cmd_o~3, type: io
	
Passed route at end.
Complex block 271: cb.out:top^cmd_o~2, type: io
	
Passed route at end.
Complex block 272: cb.out:top^cmd_o~1, type: io
	
Passed route at end.
Complex block 273: cb.out:top^cmd_o~0, type: io
	
Passed route at end.
Complex block 274: cb.out:top^text_o~31, type: io
	
Passed route at end.
Complex block 275: cb.out:top^text_o~30, type: io
	
Passed route at end.
Complex block 276: cb.out:top^text_o~29, type: io
	
Passed route at end.
Complex block 277: cb.out:top^text_o~28, type: io
	
Passed route at end.
Complex block 278: cb.out:top^text_o~27, type: io
	
Passed route at end.
Complex block 279: cb.out:top^text_o~26, type: io
	
Passed route at end.
Complex block 280: cb.out:top^text_o~25, type: io
	
Passed route at end.
Complex block 281: cb.out:top^text_o~0, type: io
	
Passed route at end.
Complex block 282: cb.top^clk_i, type: io
	
Passed route at end.
	<EMPTY>: # blocks: 0, average # input + clock pins used: 0, average # output pins used: 0
	io: # blocks: 74, average # input + clock pins used: 0.486486, average # output pins used: 0.513514
	clb: # blocks: 209, average # input + clock pins used: 21.3445, average # output pins used: 6.05742
	mult_36: # blocks: 0, average # input + clock pins used: 0, average # output pins used: 0
	memory: # blocks: 0, average # input + clock pins used: 0, average # output pins used: 0
Absorbed logical nets 1922 out of 3226 nets, 1304 nets not absorbed.

Netlist conversion complete.

Packing took 5.11 seconds.
Packing completed.
Begin parsing packed FPGA netlist file.
Finished parsing packed FPGA netlist file.
Netlist generated from file 'sha.net'.
n4589 is a constant generator.

Netlist num_nets: 1304
Netlist num_blocks: 283
Netlist <EMPTY> blocks: 0.
Netlist clb blocks: 209.
Netlist mult_36 blocks: 0.
Netlist memory blocks: 0.
Netlist inputs pins: 38
Netlist output pins: 36

Auto-sizing FPGA at x = 17 y = 17
Auto-sizing FPGA at x = 9 y = 9
Auto-sizing FPGA at x = 13 y = 13
Auto-sizing FPGA at x = 15 y = 15
Auto-sizing FPGA at x = 16 y = 16
Auto-sizing FPGA at x = 16 y = 16
FPGA auto-sized to x = 17 y = 17
The circuit will be mapped into a 17 x 17 array of clbs.

Resource usage...
	Netlist      0	blocks of type: <EMPTY>
	Architecture 16	blocks of type: <EMPTY>
	Netlist      74	blocks of type: io
	Architecture 544	blocks of type: io
	Netlist      209	blocks of type: clb
	Architecture 221	blocks of type: clb
	Netlist      0	blocks of type: mult_36
	Architecture 8	blocks of type: mult_36
	Netlist      0	blocks of type: memory
	Architecture 4	blocks of type: memory

Initial placement cost: 259.225 bb_cost: 259.225 td_cost: 0 delay_cost: 0

--------- --------- ----------- ----------- ----------- ----------- -------- -------- ------- ------- ------- --------- -------
        T      Cost  Av BB Cost  Av TD Cost  Av Tot Del  P to P Del    d_max  Ac Rate Std Dev R limit     Exp Tot Moves   Alpha
--------- --------- ----------- ----------- ----------- ----------- -------- -------- ------- ------- ------- --------- -------
 36.91483    264.02     264.023           0           0           0  35.0499   0.9935  3.5614 18.0000  0.0000      1857  0.5000
 18.45741    262.86      262.86           0           0           0  35.0499   0.9892  3.7723 18.0000  0.0000      3714  0.5000
  9.22871    267.74     267.741           0           0           0  35.0499   0.9838  3.3825 18.0000  0.0000      5571  0.5000
  4.61435    263.66     263.664           0           0           0  35.0499   0.9569  3.8771 18.0000  0.0000      7428  0.9000
  4.15292    261.84     261.838           0           0           0  35.0499   0.9585  2.9875 18.0000  0.0000      9285  0.9000
  3.73763    261.67     261.675           0           0           0  35.0499   0.9553  3.1855 18.0000  0.0000     11142  0.9000
  3.36386    262.59     262.595           0           0           0  35.0499   0.9526  3.3886 18.0000  0.0000     12999  0.9000
  3.02748    261.45     261.453           0           0           0  35.0499   0.9429  3.0739 18.0000  0.0000     14856  0.9000
  2.72473    260.43     260.425           0           0           0  35.0499   0.9397  4.5546 18.0000  0.0000     16713  0.9000
  2.45226    258.43     258.433           0           0           0  35.0499   0.9289  3.0943 18.0000  0.0000     18570  0.9000
  2.20703    259.12     259.119           0           0           0  35.0499   0.9214  3.4843 18.0000  0.0000     20427  0.9000
  1.98633     258.4     258.402           0           0           0  35.0499   0.9020  2.6321 18.0000  0.0000     22284  0.9000
  1.78770    257.42     257.417           0           0           0  35.0499   0.9036  2.5041 18.0000  0.0000     24141  0.9000
  1.60893    254.41      254.41           0           0           0  35.0499   0.8993  4.4650 18.0000  0.0000     25998  0.9000
  1.44803    254.88     254.882           0           0           0  35.0499   0.8875  3.2647 18.0000  0.0000     27855  0.9000
  1.30323    256.42     256.423           0           0           0  35.0499   0.8686  3.2765 18.0000  0.0000     29712  0.9000
  1.17291    255.75     255.746           0           0           0  35.0499   0.8578  4.9865 18.0000  0.0000     31569  0.9000
  1.05562    252.19     252.186           0           0           0  35.0499   0.8255  3.9441 18.0000  0.0000     33426  0.9000
  0.95005     250.2     250.204           0           0           0  35.0499   0.8223  3.4973 18.0000  0.0000     35283  0.9000
  0.85505    247.51     247.511           0           0           0  35.0499   0.8024  3.6401 18.0000  0.0000     37140  0.9000
  0.76954    244.05     244.045           0           0           0  35.0499   0.7803  1.6176 18.0000  0.0000     38997  0.9500
  0.73107    246.19     246.188           0           0           0  35.0499   0.7814  2.6951 18.0000  0.0000     40854  0.9500
  0.69451    241.73     241.732           0           0           0  35.0499   0.7523  3.3037 18.0000  0.0000     42711  0.9500
  0.65979    238.27      238.27           0           0           0  35.0499   0.7340  4.1444 18.0000  0.0000     44568  0.9500
  0.62680    245.89     245.894           0           0           0  35.0499   0.7620  3.2442 18.0000  0.0000     46425  0.9500
  0.59546     240.8       240.8           0           0           0  35.0499   0.7006  3.3068 18.0000  0.0000     48282  0.9500
  0.56569    236.93     236.934           0           0           0  35.0499   0.6984  2.5932 18.0000  0.0000     50139  0.9500
  0.53740    231.73     231.727           0           0           0  35.0499   0.6607  4.9351 18.0000  0.0000     51996  0.9500
  0.51053    231.88     231.884           0           0           0  35.0499   0.6688  4.0346 18.0000  0.0000     53853  0.9500
  0.48500    237.24     237.239           0           0           0  35.0499   0.6936  2.7885 18.0000  0.0000     55710  0.9500
  0.46075    234.87     234.869           0           0           0  35.0499   0.6532  1.7232 18.0000  0.0000     57567  0.9500
  0.43772    227.41     227.414           0           0           0  35.0499   0.6182  3.7103 18.0000  0.0000     59424  0.9500
  0.41583    228.51     228.505           0           0           0  35.0499   0.6300  2.8868 18.0000  0.0000     61281  0.9500
  0.39504    221.91     221.907           0           0           0  35.0499   0.5644  4.1406 18.0000  0.0000     63138  0.9500
  0.37529    216.17     216.175           0           0           0  35.0499   0.5320  2.5863 18.0000  0.0000     64995  0.9500
  0.35652     216.2       216.2           0           0           0  35.0499   0.5304  1.9917 18.0000  0.0000     66852  0.9500
  0.33870    213.85     213.852           0           0           0  35.0499   0.5105  1.9798 18.0000  0.0000     68709  0.9500
  0.32176    208.54     208.538           0           0           0  35.0499   0.5003  4.2152 18.0000  0.0000     70566  0.9500
  0.30567    201.08     201.082           0           0           0  35.0499   0.4556  2.9216 18.0000  0.0000     72423  0.9500
  0.29039    196.09     196.086           0           0           0  35.0499   0.4249  1.6498 18.0000  0.0000     74280  0.9500
  0.27587     197.2     197.196           0           0           0  35.0499   0.4297  1.4644 17.7278  0.0000     76137  0.9500
  0.26208    193.46     193.459           0           0           0  35.0499   0.4265  2.4323 17.5457  0.0000     77994  0.9500
  0.24897    190.31     190.306           0           0           0  35.0499   0.4163  1.7559 17.3087  0.0000     79851  0.9500
  0.23652    188.55     188.546           0           0           0  35.0499   0.3850  1.5380 16.8978  0.0000     81708  0.9500
  0.22470    183.41     183.408           0           0           0  35.0499   0.3856  1.7844 15.9690  0.0000     83565  0.9500
  0.21346    182.85     182.848           0           0           0  35.0499   0.3974  0.7916 15.0997  0.0000     85422  0.9500
  0.20279    182.55     182.549           0           0           0  35.0499   0.3872  1.2407 14.4567  0.0000     87279  0.9500
  0.19265    180.57      180.57           0           0           0  35.0499   0.3813  1.1600 13.6932  0.0000     89136  0.9500
  0.18302    174.17     174.171           0           0           0  35.0499   0.3608  2.8638 12.8888  0.0000     90993  0.9500
  0.17387    171.31     171.309           0           0           0  35.0499   0.3683  0.5912 11.8680  0.0000     92850  0.9500
  0.16517    166.96     166.956           0           0           0  35.0499   0.3716  3.1780 11.0175  0.0000     94707  0.9500
  0.15692    162.04      162.04           0           0           0  35.0499   0.3360  1.1453 10.2635  0.0000     96564  0.9500
  0.14907    161.65     161.652           0           0           0  35.0499   0.3506  1.3763  9.1964  0.0000     98421  0.9500
  0.14162    163.69     163.695           0           0           0  35.0499   0.3807  2.0871  8.3739  0.0000    100278  0.9500
  0.13454     158.5     158.504           0           0           0  35.0499   0.3753  0.7832  7.8775  0.0000    102135  0.9500
  0.12781    157.58     157.578           0           0           0  35.0499   0.3845  0.9348  7.3681  0.0000    103992  0.9500
  0.12142    155.79     155.789           0           0           0  35.0499   0.4227  0.8919  6.9591  0.0000    105849  0.9500
  0.11535    152.41     152.408           0           0           0  35.0499   0.4028  1.0265  6.8389  0.0000    107706  0.9500
  0.10958    150.35     150.351           0           0           0  35.0499   0.3942  0.6621  6.5845  0.0000    109563  0.9500
  0.10410    148.99     148.992           0           0           0  35.0499   0.3780  0.4613  6.2828  0.0000    111420  0.9500
  0.09890    149.14     149.136           0           0           0  35.0499   0.4071  0.9904  5.8935  0.0000    113277  0.9500
  0.09395    149.13     149.133           0           0           0  35.0499   0.3974  0.8403  5.6996  0.0000    115134  0.9500
  0.08925    149.37      149.37           0           0           0  35.0499   0.3807  0.8010  5.4569  0.0000    116991  0.9500
  0.08479    147.54     147.539           0           0           0  35.0499   0.3915  0.7766  5.1334  0.0000    118848  0.9500
  0.08055    145.45     145.451           0           0           0  35.0499   0.3791  0.4795  4.8844  0.0000    120705  0.9500
  0.07652    145.26     145.259           0           0           0  35.0499   0.3753  0.5242  4.5870  0.0000    122562  0.9500
  0.07270    145.55     145.553           0           0           0  35.0499   0.3689  0.4646  4.2904  0.0000    124419  0.9500
  0.06906    143.96      143.96           0           0           0  35.0499   0.4432  0.5919  3.9852  0.0000    126276  0.9500
  0.06561    141.69     141.692           0           0           0  35.0499   0.4050  0.5099  3.9979  0.0000    128133  0.9500
  0.06233    140.53     140.527           0           0           0  35.0499   0.4087  0.8951  3.8578  0.0000    129990  0.9500
  0.05921    138.19     138.194           0           0           0  35.0499   0.3802  0.6515  3.7372  0.0000    131847  0.9500
  0.05625    137.15     137.147           0           0           0  35.0499   0.3613  0.2884  3.5136  0.0000    133704  0.9500
  0.05344    136.14     136.135           0           0           0  35.0499   0.3619  0.3202  3.2372  0.0000    135561  0.9500
  0.05077    135.82     135.824           0           0           0  35.0499   0.4211  0.3753  2.9843  0.0000    137418  0.9500
  0.04823    134.46     134.461           0           0           0  35.0499   0.4076  0.5606  2.9279  0.0000    139275  0.9500
  0.04582    133.25      133.25           0           0           0  35.0499   0.4055  0.2832  2.8332  0.0000    141132  0.9500
  0.04353    132.21      132.21           0           0           0  35.0499   0.3807  0.3555  2.7354  0.0000    142989  0.9500
  0.04135    131.86     131.859           0           0           0  35.0499   0.3726  0.4737  2.5733  0.0000    144846  0.9500
  0.03928    131.84     131.841           0           0           0  35.0499   0.3721  0.1901  2.4000  0.0000    146703  0.9500
  0.03732    131.14      131.14           0           0           0  35.0499   0.3656  0.3937  2.2370  0.0000    148560  0.9500
  0.03545    130.21      130.21           0           0           0  35.0499   0.3484  0.2223  2.0707  0.0000    150417  0.9500
  0.03368     130.6     130.598           0           0           0  35.0499   0.4540  0.4334  1.8810  0.0000    152274  0.9500
  0.03200    130.16     130.162           0           0           0  35.0499   0.4421  0.3205  1.9073  0.0000    154131  0.9500
  0.03040    129.42     129.424           0           0           0  35.0499   0.4120  0.3492  1.9113  0.0000    155988  0.9500
  0.02888       129     129.002           0           0           0  35.0499   0.4383  0.2148  1.8577  0.0000    157845  0.9500
  0.02743    128.62     128.621           0           0           0  35.0499   0.3877  0.2085  1.8546  0.0000    159702  0.9500
  0.02606    128.65     128.652           0           0           0  35.0499   0.4023  0.1886  1.7577  0.0000    161559  0.9500
  0.02476    128.52     128.519           0           0           0  35.0499   0.3764  0.2230  1.6913  0.0000    163416  0.9500
  0.02352    128.08     128.082           0           0           0  35.0499   0.3430  0.3217  1.5838  0.0000    165273  0.9500
  0.02234    127.57     127.569           0           0           0  35.0499   0.3387  0.0816  1.4302  0.0000    167130  0.9500
  0.02123    127.41     127.414           0           0           0  35.0499   0.3538  0.2123  1.2854  0.0000    168987  0.9500
  0.02017    127.24     127.237           0           0           0  35.0499   0.3506  0.0824  1.1746  0.0000    170844  0.9500
  0.01916    126.75     126.746           0           0           0  35.0499   0.3166  0.1389  1.0695  0.0000    172701  0.9500
  0.01820    126.81     126.813           0           0           0  35.0499   0.3387  0.0877  1.0000  0.0000    174558  0.9500
  0.01729    126.45     126.448           0           0           0  35.0499   0.3016  0.1804  1.0000  0.0000    176415  0.9500
  0.01642    126.07     126.074           0           0           0  35.0499   0.2967  0.1296  1.0000  0.0000    178272  0.9500
  0.01560     125.9     125.898           0           0           0  35.0499   0.2929  0.0949  1.0000  0.0000    180129  0.9500
  0.01482     125.7     125.704           0           0           0  35.0499   0.2746  0.0672  1.0000  0.0000    181986  0.9500
  0.01408    125.52     125.522           0           0           0  35.0499   0.2719  0.1353  1.0000  0.0000    183843  0.9500
  0.01338    125.37     125.375           0           0           0  35.0499   0.2633  0.1320  1.0000  0.0000    185700  0.9500
  0.01271    125.27     125.272           0           0           0  35.0499   0.2434  0.0966  1.0000  0.0000    187557  0.9500
  0.01207    125.08     125.079           0           0           0  35.0499   0.2466  0.1010  1.0000  0.0000    189414  0.9500
  0.01147    124.93     124.933           0           0           0  35.0499   0.2181  0.0500  1.0000  0.0000    191271  0.9500
  0.01090    124.82     124.819           0           0           0  35.0499   0.2364  0.0867  1.0000  0.0000    193128  0.9500
  0.01035    124.66     124.664           0           0           0  35.0499   0.2353  0.0835  1.0000  0.0000    194985  0.9500
  0.00983    124.66     124.657           0           0           0  35.0499   0.2224  0.0705  1.0000  0.0000    196842  0.9500
  0.00934    124.71     124.708           0           0           0  35.0499   0.2262  0.0417  1.0000  0.0000    198699  0.9500
  0.00888    124.61     124.608           0           0           0  35.0499   0.1879  0.0991  1.0000  0.0000    200556  0.9500
  0.00843    124.52     124.522           0           0           0  35.0499   0.2208  0.0487  1.0000  0.0000    202413  0.9500
  0.00801    124.43     124.432           0           0           0  35.0499   0.2122  0.0389  1.0000  0.0000    204270  0.9500
  0.00761    124.37     124.368           0           0           0  35.0499   0.1912  0.0285  1.0000  0.0000    206127  0.9500
  0.00723     124.3     124.302           0           0           0  35.0499   0.1745  0.0387  1.0000  0.0000    207984  0.9500
  0.00687    124.31     124.309           0           0           0  35.0499   0.1826  0.0399  1.0000  0.0000    209841  0.9500
  0.00652    124.22     124.218           0           0           0  35.0499   0.1723  0.0235  1.0000  0.0000    211698  0.9500
  0.00620    124.16     124.159           0           0           0  35.0499   0.1669  0.0505  1.0000  0.0000    213555  0.9500
  0.00589    124.12     124.124           0           0           0  35.0499   0.1578  0.0343  1.0000  0.0000    215412  0.9500
  0.00559    124.12      124.12           0           0           0  35.0499   0.1605  0.0295  1.0000  0.0000    217269  0.9500
  0.00531    124.05     124.048           0           0           0  35.0499   0.1427  0.0302  1.0000  0.0000    219126  0.8000
  0.00425    124.04     124.037           0           0           0  35.0499   0.1405  0.0175  1.0000  0.0000    220983  0.8000
  0.00340       124     124.002           0           0           0  35.0499   0.1244  0.0225  1.0000  0.0000    222840  0.8000
  0.00272    123.99     123.987           0           0           0  35.0499   0.1292  0.0089  1.0000  0.0000    224697  0.8000
  0.00218    123.94     123.944           0           0           0  35.0499   0.1029  0.0146  1.0000  0.0000    226554  0.8000
  0.00174    123.87     123.871           0           0           0  35.0499   0.1072  0.0112  1.0000  0.0000    228411  0.8000
  0.00139    123.86     123.861           0           0           0  35.0499   0.1163  0.0000  1.0000  0.0000    230268  0.8000
  0.00111    123.86      123.86           0           0           0  35.0499   0.1125  0.0000  1.0000  0.0000    232125  0.8000
  0.00089    123.86     123.857           0           0           0  35.0499   0.1088  0.0090  1.0000  0.0000    233982  0.8000
  0.00071    123.86     123.857           0           0           0  35.0499   0.1045  0.0090  1.0000  0.0000    235839  0.8000
  0.00057    123.86     123.857           0           0           0  35.0499   0.1029  0.0090  1.0000  0.0000    237696  0.8000
  0.00000    123.86     123.857           0           0           0            0.1012  0.0090  1.0000  0.0000    239553

BB estimate of min-dist (placement) wirelength: 12318
bb_cost recomputed from scratch: 123.857

Completed placement consistency check successfully.

Swaps called: 239836
Placement cost: 123.857, bb_cost: 123.857, td_cost: 0, delay_cost: 0
Placement total # of swap attempts: 239836
	Swap reject rate: 0
	Swap accept rate: 0
	Swap abort rate: 0
Placement took 0.57 seconds.
The entire flow of VPR took 5.92 seconds.
