________________________________________________________________________
                       VPR - The Next Generation                        
                     Version 0.A15.0 (Linux X86/64)                     
            This is free open source code under MIT license.            
________________________________________________________________________

VPR FPGA Placement and Routing.
Version: Version 7.0
Compiled: Nov  7 2018.
University of Toronto
vpr@eecg.utoronto.ca
This is free open source code under MIT license.

Architecture file: k6_frac_N10_mem32K_40nm.xml
Circuit name: sha.blif

Building complex block graph.
WARNING(1): io[0].clock[0] unconnected pin in architecture.
Loop for doall = 0, init_parse took 0 seconds.
Loop for doall = 0 took 0.01 seconds.
Loop for doall = 1, init_parse took 0 seconds.
Loop for doall = 1 took 0.01 seconds.
Swept away 0 nets with no fanout.
Net is a constant generator: n4589.
WARNING(2): logical_block #3280 with output n4589 has only 0 pin.
WARNING(3): Block contains output -- may be a constant generator.
0 unconnected blocks in input netlist.
Removed 36 LUT buffers.
Sweeped away 36 nodes.
BLIF circuit stats:
	1 LUTs of size 0
	3 LUTs of size 1
	80 LUTs of size 2
	169 LUTs of size 3
	606 LUTs of size 4
	663 LUTs of size 5
	755 LUTs of size 6
	38 of type input
	36 of type output
	911 of type latch
	2277 of type names
	0 of type dual_port_ram
	0 of type single_port_ram
	0 of type multiply
Timing analysis: ON
Circuit netlist file: sha.net
Circuit placement file: sha.place
Circuit routing file: sha.route
Circuit SDC file: sha.sdc
Operation: RUN_FLOW

Packer: ENABLED
Placer: ENABLED
Router: DISABLED
PackerOpts.allow_early_exit: FALSE
PackerOpts.allow_unrelated_clustering: TRUE
PackerOpts.alpha_clustering: 0.750000
PackerOpts.aspect: 1.000000
PackerOpts.beta_clustering: 0.900000
PackerOpts.block_delay: 0.000000
PackerOpts.cluster_seed_type: TIMING
PackerOpts.connection_driven: TRUE
PackerOpts.global_clocks: TRUE
PackerOpts.hill_climbing_flag: FALSE
PackerOpts.inter_cluster_net_delay: 1.000000
PackerOpts.intra_cluster_net_delay: 0.000000
PackerOpts.recompute_timing_after: 32767
PackerOpts.sweep_hanging_nets_and_inputs: TRUE
PackerOpts.timing_driven: TRUE

PlacerOpts.place_freq: PLACE_ONCE
PlacerOpts.place_algorithm: BOUNDING_BOX_PLACE
PlacerOpts.pad_loc_type: FREE
PlacerOpts.place_cost_exp: 1.000000
PlaceOpts.seed: 2
AnnealSched.type: AUTO_SCHED
AnnealSched.inner_num: 1.000000

RoutingArch.directionality: UNI_DIRECTIONAL
RoutingArch.switch_block_type: WILTON
RoutingArch.Fs: 3

Initialize packing.
Begin packing 'sha.blif'.

After removing unused inputs...
	total blocks: 3262, total nets: 3226, total inputs: 38, total outputs: 36
Begin prepacking.
Finish prepacking.
Using inter-cluster delay: 1.33777e-09

SDC file 'sha.sdc' blank or not found.

Defaulting to: constrain all 0 inputs and 0 outputs on the netlist clock.
Optimize this clock to run as fast as possible.
Not enough resources expand FPGA size to x = 2 y = 2.
Complex block 0: cb.n429, type: clb
	......................................
Passed route at end.
Complex block 1: cb.n2913, type: clb
	..........................................................
Passed route at end.
Not enough resources expand FPGA size to x = 3 y = 3.
Complex block 2: cb.n489, type: clb
	.......................................................
Passed route at end.
Complex block 3: cb.n364, type: clb
	...................................................
Passed route at end.
Complex block 4: cb.n3149_1, type: clb
	..................................................................
Passed route at end.
Complex block 5: cb.n3153, type: clb
	.............................................................
Passed route at end.
Not enough resources expand FPGA size to x = 4 y = 4.
Complex block 6: cb.n3156, type: clb
	.................................................................
Passed route at end.
Complex block 7: cb.n3092, type: clb
	..................................................
Passed route at end.
Complex block 8: cb.n3248, type: clb
	..................................................................................
Passed route at end.
Complex block 9: cb.n3256, type: clb
	.........................................
Passed route at end.
Complex block 10: cb.n3196, type: clb
	........................................
Passed route at end.
Complex block 11: cb.n3202, type: clb
	...........................
Passed route at end.
Not enough resources expand FPGA size to x = 5 y = 5.
Complex block 12: cb.n2994_1, type: clb
	..............................................
Passed route at end.
Complex block 13: cb.n3257, type: clb
	...........................................................
Passed route at end.
Complex block 14: cb.n2951, type: clb
	.....................................................................................
Passed route at end.
Complex block 15: cb.n3188, type: clb
	...............................................................................
Passed route at end.
Complex block 16: cb.n3197, type: clb
	........................
Passed route at end.
Complex block 17: cb.n3123, type: clb
	..........................................................
Passed route at end.
Complex block 18: cb.n3260, type: clb
	................................................................................
Passed route at end.
Complex block 19: cb.n3051, type: clb
	................................................................................................................
Passed route at end.
Not enough resources expand FPGA size to x = 6 y = 6.
Complex block 20: cb.n3274_1, type: clb
	..............................................................
Passed route at end.
Complex block 21: cb.n459, type: clb
	..............................................................................
Passed route at end.
Complex block 22: cb.n3145, type: clb
	..................................................
Passed route at end.
Complex block 23: cb.n3304_1, type: clb
	.............................................
Passed route at end.
Not enough resources expand FPGA size to x = 7 y = 7.
Complex block 24: cb.n3006, type: clb
	..........................................................
Passed route at end.
Complex block 25: cb.n2953, type: clb
	..................................................................................
Passed route at end.
Complex block 26: cb.n3277, type: clb
	........................................................
Passed route at end.
Complex block 27: cb.n3028, type: clb
	.............................................................
Passed route at end.
Complex block 28: cb.n3120, type: clb
	...............................................................................................................
Passed route at end.
Complex block 29: cb.n3117, type: clb
	................................................
Passed route at end.
Complex block 30: cb.n3143, type: clb
	..............................................
Passed route at end.
Complex block 31: cb.n2961, type: clb
	.................................................................
Passed route at end.
Complex block 32: cb.n2948, type: clb
	...........................................................................................................................................
Passed route at end.
Complex block 33: cb.n3012, type: clb
	...............................................................................
Passed route at end.
Complex block 34: cb.n589, type: clb
	...................................................
Passed route at end.
Not enough resources expand FPGA size to x = 8 y = 8.
Complex block 35: cb.n579, type: clb
	.........................................................
Passed route at end.
Complex block 36: cb.n569, type: clb
	................................................
Passed route at end.
Complex block 37: cb.n3430, type: clb
	......................................................................
Passed route at end.
Complex block 38: cb.n3464_1, type: clb
	...............................................................................................
Passed route at end.
Complex block 39: cb.n3491, type: clb
	.........................................................................................
Passed route at end.
Complex block 40: cb.n3433, type: clb
	..............................................................
Passed route at end.
Complex block 41: cb.n3475, type: clb
	..........................................................................................................................................
Passed route at end.
Complex block 42: cb.n3445, type: clb
	...........................
Passed route at end.
Complex block 43: cb.n3506, type: clb
	................................................
Passed route at end.
Complex block 44: cb.n1739, type: clb
	.................................................
Passed route at end.
Complex block 45: cb.n629, type: clb
	.........................................................................
Passed route at end.
Complex block 46: cb.n539, type: clb
	.................
Passed route at end.
Complex block 47: cb.n3374_1, type: clb
	.................................................
Passed route at end.
Not enough resources expand FPGA size to x = 9 y = 9.
Complex block 48: cb.n3378, type: clb
	............................................................................
Passed route at end.
Complex block 49: cb.n1589, type: clb
	..................................................................
Passed route at end.
Complex block 50: cb.n3259_1, type: clb
	............
Passed route at end.
Complex block 51: cb.n3137, type: clb
	................................................
Passed route at end.
Complex block 52: cb.n3059_1, type: clb
	................................................
Passed route at end.
Complex block 53: cb.n2946, type: clb
	................................................
Passed route at end.
Complex block 54: cb.n3159_1, type: clb
	..............................................................................
Passed route at end.
Complex block 55: cb.n2997, type: clb
	................................................
Passed route at end.
Complex block 56: cb.n659, type: clb
	.......................................................
Passed route at end.
Complex block 57: cb.n1689, type: clb
	................................................
Passed route at end.
Complex block 58: cb.n1659, type: clb
	................................................
Passed route at end.
Complex block 59: cb.n1609, type: clb
	.........
Passed route at end.
Complex block 60: cb.n719, type: clb
	................................................
Passed route at end.
Complex block 61: cb.n499, type: clb
	..................................................
Passed route at end.
Complex block 62: cb.n2996, type: clb
	................................................
Passed route at end.
Not enough resources expand FPGA size to x = 10 y = 10.
Complex block 63: cb.n3343, type: clb
	................................................
Passed route at end.
Complex block 64: cb.n389, type: clb
	..................................................
Passed route at end.
Complex block 65: cb.n1574, type: clb
	....................................................
Passed route at end.
Complex block 66: cb.n1544, type: clb
	..................................................
Passed route at end.
Complex block 67: cb.n739, type: clb
	.................................................
Passed route at end.
Complex block 68: cb.n824, type: clb
	..........................................................
Passed route at end.
Complex block 69: cb.n1469, type: clb
	................................................
Passed route at end.
Not enough resources expand FPGA size to x = 11 y = 11.
Complex block 70: cb.n419, type: clb
	................................................
Passed route at end.
Complex block 71: cb.n4544, type: clb
	.........
Passed route at end.
Complex block 72: cb.n2404, type: clb
	................................................
Passed route at end.
Complex block 73: cb.n1504, type: clb
	................................................
Passed route at end.
Complex block 74: cb.n749, type: clb
	.........
Passed route at end.
Complex block 75: cb.n4599, type: clb
	............................
Passed route at end.
Complex block 76: cb.n3043, type: clb
	................................................
Passed route at end.
Complex block 77: cb.n1429, type: clb
	................................................
Passed route at end.
Complex block 78: cb.n1939, type: clb
	................................................
Passed route at end.
Complex block 79: cb.n1474, type: clb
	................................................
Passed route at end.
Complex block 80: cb.n894, type: clb
	................................................
Passed route at end.
Complex block 81: cb.n3341, type: clb
	.........
Passed route at end.
Complex block 82: cb.n3044_1, type: clb
	................................................
Passed route at end.
Complex block 83: cb.n1254, type: clb
	................................................
Passed route at end.
Complex block 84: cb.n1294, type: clb
	................................................
Passed route at end.
Complex block 85: cb.n1579, type: clb
	................................................
Passed route at end.
Complex block 86: cb.n349, type: clb
	.............
Passed route at end.
Complex block 87: cb.n1984, type: clb
	................................................
Passed route at end.
Not enough resources expand FPGA size to x = 12 y = 12.
Complex block 88: cb.n1999, type: clb
	................................................
Passed route at end.
Complex block 89: cb.n1369, type: clb
	...............................................
Passed route at end.
Complex block 90: cb.n1414, type: clb
	.....................................................
Passed route at end.
Complex block 91: cb.n944, type: clb
	................................................
Passed route at end.
Complex block 92: cb.n1039, type: clb
	...........
Passed route at end.
Complex block 93: cb.n1334, type: clb
	...............................
Passed route at end.
Complex block 94: cb.n2014, type: clb
	................................................
Passed route at end.
Complex block 95: cb.n2029, type: clb
	....................................................................................
Passed route at end.
Complex block 96: cb.n1069, type: clb
	............................................
Passed route at end.
Complex block 97: cb.n1159, type: clb
	................................................
Passed route at end.
Complex block 98: cb.n474, type: clb
	.............................
Passed route at end.
Complex block 99: cb.n2044, type: clb
	................................................
Passed route at end.
Complex block 100: cb.n3167, type: clb
	...........
Passed route at end.
Complex block 101: cb.n2059, type: clb
	..................................................................................
Passed route at end.
Complex block 102: cb.n2074, type: clb
	.......................................................
Passed route at end.
Complex block 103: cb.n2089, type: clb
	.......................................................
Passed route at end.
Complex block 104: cb.n4574, type: clb
	................................................
Passed route at end.
Complex block 105: cb.n2104, type: clb
	.......................................................
Passed route at end.
Complex block 106: cb.n3230, type: clb
	.............................
Passed route at end.
Complex block 107: cb.n2134, type: clb
	........................................................
Passed route at end.
Not enough resources expand FPGA size to x = 13 y = 13.
Complex block 108: cb.n3228, type: clb
	.......................
Passed route at end.
Complex block 109: cb.n3310, type: clb
	...................................................
Passed route at end.
Complex block 110: cb.n1114, type: clb
	...............................................
Passed route at end.
Complex block 111: cb.n2179, type: clb
	..............................................................
Passed route at end.
Complex block 112: cb.n3398, type: clb
	................................................
Passed route at end.
Complex block 113: cb.n3849_1, type: clb
	.................................
Passed route at end.
Complex block 114: cb.n3698, type: clb
	.........
Passed route at end.
Complex block 115: cb.n3667, type: clb
	................................................
Passed route at end.
Complex block 116: cb.n2194, type: clb
	.......................................................
Passed route at end.
Complex block 117: cb.n2224, type: clb
	..............................................................
Passed route at end.
Complex block 118: cb.n2239, type: clb
	.......................................................
Passed route at end.
Complex block 119: cb.n4639, type: clb
	.................................................
Passed route at end.
Complex block 120: cb.n2254, type: clb
	.......................................................
Passed route at end.
Complex block 121: cb.n4200, type: clb
	................................................
Passed route at end.
Complex block 122: cb.n4196, type: clb
	................................................
Passed route at end.
Complex block 123: cb.n4190, type: clb
	................................................
Passed route at end.
Complex block 124: cb.n4203, type: clb
	................................................
Passed route at end.
Complex block 125: cb.n3634, type: clb
	................................................
Passed route at end.
Complex block 126: cb.n3374, type: clb
	................................................
Passed route at end.
Complex block 127: cb.n3444, type: clb
	................................................
Passed route at end.
Complex block 128: cb.n3809, type: clb
	................................................
Passed route at end.
Complex block 129: cb.n3554, type: clb
	................................................
Passed route at end.
Not enough resources expand FPGA size to x = 14 y = 14.
Complex block 130: cb.n3434, type: clb
	................................................
Passed route at end.
Complex block 131: cb.n4484, type: clb
	................................................
Passed route at end.
Complex block 132: cb.n4419, type: clb
	................................................
Passed route at end.
Complex block 133: cb.n4394, type: clb
	................................................
Passed route at end.
Complex block 134: cb.n4354, type: clb
	................................................
Passed route at end.
Complex block 135: cb.n3739, type: clb
	................................................
Passed route at end.
Complex block 136: cb.n4319, type: clb
	................................................
Passed route at end.
Complex block 137: cb.n4254, type: clb
	................................................
Passed route at end.
Complex block 138: cb.n4189, type: clb
	................................................
Passed route at end.
Complex block 139: cb.n4159, type: clb
	................................................
Passed route at end.
Not enough resources expand FPGA size to x = 15 y = 15.
Complex block 140: cb.n4134, type: clb
	................................................
Passed route at end.
Complex block 141: cb.n2509, type: clb
	................................................
Passed route at end.
Complex block 142: cb.n4024, type: clb
	................................................
Passed route at end.
Complex block 143: cb.n3899, type: clb
	................................................
Passed route at end.
Complex block 144: cb.n3884, type: clb
	................................................
Passed route at end.
Complex block 145: cb.n3639, type: clb
	................................................
Passed route at end.
Complex block 146: cb.n3764, type: clb
	................................................
Passed route at end.
Complex block 147: cb.n3744, type: clb
	................................................
Passed route at end.
Complex block 148: cb.n3489, type: clb
	................................................
Passed route at end.
Complex block 149: cb.n3249, type: clb
	................................................
Passed route at end.
Complex block 150: cb.n3694, type: clb
	................................................
Passed route at end.
Complex block 151: cb.n3564, type: clb
	................................................
Passed route at end.
Complex block 152: cb.n2439, type: clb
	................................................
Passed route at end.
Complex block 153: cb.n3184, type: clb
	................................................
Passed route at end.
Complex block 154: cb.n3379, type: clb
	................................................
Passed route at end.
Complex block 155: cb.n3314, type: clb
	................................................
Passed route at end.
Complex block 156: cb.n3299, type: clb
	................................................
Passed route at end.
Complex block 157: cb.n3154, type: clb
	................................................
Passed route at end.
Complex block 158: cb.n3224, type: clb
	................................................
Passed route at end.
Complex block 159: cb.n2664, type: clb
	................................................
Passed route at end.
Complex block 160: cb.n3119, type: clb
	...................................................
Passed route at end.
Complex block 161: cb.n3099, type: clb
	................................................
Passed route at end.
Complex block 162: cb.n3509, type: clb
	................................................
Passed route at end.
Complex block 163: cb.n3054, type: clb
	................................................
Passed route at end.
Complex block 164: cb.n3039, type: clb
	................................................
Passed route at end.
Not enough resources expand FPGA size to x = 16 y = 16.
Complex block 165: cb.n2649, type: clb
	................................................
Passed route at end.
Complex block 166: cb.n2989, type: clb
	....................................................
Passed route at end.
Complex block 167: cb.n2954, type: clb
	................................................
Passed route at end.
Complex block 168: cb.n2924, type: clb
	................................................
Passed route at end.
Complex block 169: cb.n2894, type: clb
	................................................
Passed route at end.
Complex block 170: cb.n2899, type: clb
	................................................
Passed route at end.
Complex block 171: cb.n2859, type: clb
	....................................................
Passed route at end.
Complex block 172: cb.n2839, type: clb
	................................................
Passed route at end.
Complex block 173: cb.n2709, type: clb
	................................................
Passed route at end.
Complex block 174: cb.n2794, type: clb
	................................................
Passed route at end.
Complex block 175: cb.n2729, type: clb
	................................................
Passed route at end.
Complex block 176: cb.n2589, type: clb
	................................................
Passed route at end.
Complex block 177: cb.n2564, type: clb
	................................................
Passed route at end.
Complex block 178: cb.n2524, type: clb
	................................................
Passed route at end.
Complex block 179: cb.n2459, type: clb
	................................................
Passed route at end.
Complex block 180: cb.n3917, type: clb
	....................
Passed route at end.
Complex block 181: cb.n2309, type: clb
	................................................
Passed route at end.
Complex block 182: cb.n2294, type: clb
	................................................
Passed route at end.
Complex block 183: cb.n3719, type: clb
	................................................
Passed route at end.
Complex block 184: cb.n2264, type: clb
	................................................
Passed route at end.
Complex block 185: cb.n2109, type: clb
	................................................
Passed route at end.
Complex block 186: cb.n3844, type: clb
	................................................
Passed route at end.
Complex block 187: cb.n4364, type: clb
	................................................
Passed route at end.
Complex block 188: cb.n1974, type: clb
	................................................
Passed route at end.
Complex block 189: cb.n4044, type: clb
	................................................
Passed route at end.
Complex block 190: cb.n3974, type: clb
	................................................
Passed route at end.
Complex block 191: cb.n3784, type: clb
	................................................
Passed route at end.
Not enough resources expand FPGA size to x = 17 y = 17.
Complex block 192: cb.n3649, type: clb
	................................................
Passed route at end.
Complex block 193: cb.n3524, type: clb
	................................................
Passed route at end.
Complex block 194: cb.n3394, type: clb
	................................................
Passed route at end.
Complex block 195: cb.n3329, type: clb
	................................................
Passed route at end.
Complex block 196: cb.n3194, type: clb
	................................................
Passed route at end.
Complex block 197: cb.n3129, type: clb
	................................................
Passed route at end.
Complex block 198: cb.n3004, type: clb
	................................................
Passed route at end.
Complex block 199: cb.n2744, type: clb
	................................................
Passed route at end.
Complex block 200: cb.n2679, type: clb
	...........................................
Passed route at end.
Complex block 201: cb.n2614, type: clb
	.................................
Passed route at end.
Complex block 202: cb.n3469, type: clb
	...........
Passed route at end.
Complex block 203: cb.n2734, type: clb
	..............
Passed route at end.
Complex block 204: cb.n3392, type: clb
	...........
Passed route at end.
Complex block 205: cb.n5009, type: clb
	...............................
Passed route at end.
Complex block 206: cb.n4927, type: clb
	....................
Passed route at end.
Complex block 207: cb.n4797, type: clb
	..........
Passed route at end.
Complex block 208: cb.n4161, type: clb
	..
Passed route at end.
Complex block 209: cb.top^text_i~1, type: io
	
Passed route at end.
Complex block 210: cb.top^rst_i, type: io
	
Passed route at end.
Complex block 211: cb.top^text_i~28, type: io
	
Passed route at end.
Complex block 212: cb.top^text_i~12, type: io
	
Passed route at end.
Complex block 213: cb.top^text_i~27, type: io
	
Passed route at end.
Complex block 214: cb.top^text_i~26, type: io
	
Passed route at end.
Complex block 215: cb.top^text_i~11, type: io
	
Passed route at end.
Complex block 216: cb.top^text_i~25, type: io
	
Passed route at end.
Complex block 217: cb.top^text_i~4, type: io
	
Passed route at end.
Complex block 218: cb.top^text_i~24, type: io
	
Passed route at end.
Complex block 219: cb.top^text_i~10, type: io
	
Passed route at end.
Complex block 220: cb.top^text_i~23, type: io
	
Passed route at end.
Complex block 221: cb.top^text_i~0, type: io
	
Passed route at end.
Complex block 222: cb.top^text_i~22, type: io
	
Passed route at end.
Complex block 223: cb.top^text_i~9, type: io
	
Passed route at end.
Complex block 224: cb.top^text_i~21, type: io
	
Passed route at end.
Complex block 225: cb.top^text_i~3, type: io
	
Passed route at end.
Complex block 226: cb.top^text_i~20, type: io
	
Passed route at end.
Complex block 227: cb.top^text_i~8, type: io
	
Passed route at end.
Complex block 228: cb.top^text_i~19, type: io
	
Passed route at end.
Complex block 229: cb.top^text_i~18, type: io
	
Passed route at end.
Complex block 230: cb.top^text_i~17, type: io
	
Passed route at end.
Complex block 231: cb.top^text_i~7, type: io
	
Passed route at end.
Complex block 232: cb.top^text_i~16, type: io
	
Passed route at end.
Complex block 233: cb.top^text_i~6, type: io
	
Passed route at end.
Complex block 234: cb.top^text_i~2, type: io
	
Passed route at end.
Complex block 235: cb.top^text_i~15, type: io
	
Passed route at end.
Complex block 236: cb.top^text_i~14, type: io
	
Passed route at end.
Complex block 237: cb.top^text_i~13, type: io
	
Passed route at end.
Complex block 238: cb.top^text_i~31, type: io
	
Passed route at end.
Complex block 239: cb.top^text_i~30, type: io
	
Passed route at end.
Complex block 240: cb.top^text_i~29, type: io
	
Passed route at end.
Complex block 241: cb.top^text_i~5, type: io
	
Passed route at end.
Complex block 242: cb.top^cmd_w_i, type: io
	
Passed route at end.
Complex block 243: cb.top^cmd_i~2, type: io
	
Passed route at end.
Complex block 244: cb.top^cmd_i~1, type: io
	
Passed route at end.
Complex block 245: cb.top^cmd_i~0, type: io
	
Passed route at end.
Complex block 246: cb.out:top^text_o~24, type: io
	
Passed route at end.
Complex block 247: cb.out:top^text_o~23, type: io
	
Passed route at end.
Complex block 248: cb.out:top^text_o~22, type: io
	
Passed route at end.
Complex block 249: cb.out:top^text_o~21, type: io
	
Passed route at end.
Complex block 250: cb.out:top^text_o~20, type: io
	
Passed route at end.
Complex block 251: cb.out:top^text_o~19, type: io
	
Passed route at end.
Complex block 252: cb.out:top^text_o~18, type: io
	
Passed route at end.
Complex block 253: cb.out:top^text_o~17, type: io
	
Passed route at end.
Complex block 254: cb.out:top^text_o~16, type: io
	
Passed route at end.
Complex block 255: cb.out:top^text_o~15, type: io
	
Passed route at end.
Complex block 256: cb.out:top^text_o~14, type: io
	
Passed route at end.
Complex block 257: cb.out:top^text_o~13, type: io
	
Passed route at end.
Complex block 258: cb.out:top^text_o~12, type: io
	
Passed route at end.
Complex block 259: cb.out:top^text_o~11, type: io
	
Passed route at end.
Complex block 260: cb.out:top^text_o~10, type: io
	
Passed route at end.
Complex block 261: cb.out:top^text_o~9, type: io
	
Passed route at end.
Complex block 262: cb.out:top^text_o~8, type: io
	
Passed route at end.
Complex block 263: cb.out:top^text_o~7, type: io
	
Passed route at end.
Complex block 264: cb.out:top^text_o~6, type: io
	
Passed route at end.
Complex block 265: cb.out:top^text_o~5, type: io
	
Passed route at end.
Complex block 266: cb.out:top^text_o~4, type: io
	
Passed route at end.
Complex block 267: cb.out:top^text_o~3, type: io
	
Passed route at end.
Complex block 268: cb.out:top^text_o~2, type: io
	
Passed route at end.
Complex block 269: cb.out:top^text_o~1, type: io
	
Passed route at end.
Complex block 270: cb.out:top^cmd_o~3, type: io
	
Passed route at end.
Complex block 271: cb.out:top^cmd_o~2, type: io
	
Passed route at end.
Complex block 272: cb.out:top^cmd_o~1, type: io
	
Passed route at end.
Complex block 273: cb.out:top^cmd_o~0, type: io
	
Passed route at end.
Complex block 274: cb.out:top^text_o~31, type: io
	
Passed route at end.
Complex block 275: cb.out:top^text_o~30, type: io
	
Passed route at end.
Complex block 276: cb.out:top^text_o~29, type: io
	
Passed route at end.
Complex block 277: cb.out:top^text_o~28, type: io
	
Passed route at end.
Complex block 278: cb.out:top^text_o~27, type: io
	
Passed route at end.
Complex block 279: cb.out:top^text_o~26, type: io
	
Passed route at end.
Complex block 280: cb.out:top^text_o~25, type: io
	
Passed route at end.
Complex block 281: cb.out:top^text_o~0, type: io
	
Passed route at end.
Complex block 282: cb.top^clk_i, type: io
	
Passed route at end.
	<EMPTY>: # blocks: 0, average # input + clock pins used: 0, average # output pins used: 0
	io: # blocks: 74, average # input + clock pins used: 0.486486, average # output pins used: 0.513514
	clb: # blocks: 209, average # input + clock pins used: 21.3445, average # output pins used: 6.05742
	mult_36: # blocks: 0, average # input + clock pins used: 0, average # output pins used: 0
	memory: # blocks: 0, average # input + clock pins used: 0, average # output pins used: 0
Absorbed logical nets 1922 out of 3226 nets, 1304 nets not absorbed.

Netlist conversion complete.

Packing took 5.07 seconds.
Packing completed.
Begin parsing packed FPGA netlist file.
Finished parsing packed FPGA netlist file.
Netlist generated from file 'sha.net'.
n4589 is a constant generator.

Netlist num_nets: 1304
Netlist num_blocks: 283
Netlist <EMPTY> blocks: 0.
Netlist clb blocks: 209.
Netlist mult_36 blocks: 0.
Netlist memory blocks: 0.
Netlist inputs pins: 38
Netlist output pins: 36

Auto-sizing FPGA at x = 17 y = 17
Auto-sizing FPGA at x = 9 y = 9
Auto-sizing FPGA at x = 13 y = 13
Auto-sizing FPGA at x = 15 y = 15
Auto-sizing FPGA at x = 16 y = 16
Auto-sizing FPGA at x = 16 y = 16
FPGA auto-sized to x = 17 y = 17
The circuit will be mapped into a 17 x 17 array of clbs.

Resource usage...
	Netlist      0	blocks of type: <EMPTY>
	Architecture 16	blocks of type: <EMPTY>
	Netlist      74	blocks of type: io
	Architecture 544	blocks of type: io
	Netlist      209	blocks of type: clb
	Architecture 221	blocks of type: clb
	Netlist      0	blocks of type: mult_36
	Architecture 8	blocks of type: mult_36
	Netlist      0	blocks of type: memory
	Architecture 4	blocks of type: memory

Initial placement cost: 270.772 bb_cost: 270.772 td_cost: 0 delay_cost: 0

--------- --------- ----------- ----------- ----------- ----------- -------- -------- ------- ------- ------- --------- -------
        T      Cost  Av BB Cost  Av TD Cost  Av Tot Del  P to P Del    d_max  Ac Rate Std Dev R limit     Exp Tot Moves   Alpha
--------- --------- ----------- ----------- ----------- ----------- -------- -------- ------- ------- ------- --------- -------
 37.22134    264.51     264.513           0           0           0  35.0499   0.9962  3.6801 18.0000  0.0000      1857  0.5000
 18.61067    262.94     262.942           0           0           0  35.0499   0.9941  3.6035 18.0000  0.0000      3714  0.5000
  9.30534    261.38     261.379           0           0           0  35.0499   0.9806  4.7687 18.0000  0.0000      5571  0.5000
  4.65267    261.38     261.384           0           0           0  35.0499   0.9602  4.6696 18.0000  0.0000      7428  0.5000
  2.32633    259.04     259.044           0           0           0  35.0499   0.9251  2.7895 18.0000  0.0000      9285  0.9000
  2.09370     259.9     259.901           0           0           0  35.0499   0.9192  2.6909 18.0000  0.0000     11142  0.9000
  1.88433    256.71     256.712           0           0           0  35.0499   0.9144  4.2504 18.0000  0.0000     12999  0.9000
  1.69590    258.77     258.767           0           0           0  35.0499   0.9004  2.6994 18.0000  0.0000     14856  0.9000
  1.52631    255.81     255.806           0           0           0  35.0499   0.8794  3.8945 18.0000  0.0000     16713  0.9000
  1.37368    255.65     255.652           0           0           0  35.0499   0.8794  3.8825 18.0000  0.0000     18570  0.9000
  1.23631    251.56     251.557           0           0           0  35.0499   0.8595  3.7834 18.0000  0.0000     20427  0.9000
  1.11268    249.11     249.111           0           0           0  35.0499   0.8422  2.9105 18.0000  0.0000     22284  0.9000
  1.00141    249.52     249.521           0           0           0  35.0499   0.8013  3.4356 18.0000  0.0000     24141  0.9000
  0.90127    246.79      246.79           0           0           0  35.0499   0.7889  2.8438 18.0000  0.0000     25998  0.9500
  0.85621    247.14     247.142           0           0           0  35.0499   0.7927  4.4468 18.0000  0.0000     27855  0.9500
  0.81340    244.56     244.558           0           0           0  35.0499   0.7997  3.4508 18.0000  0.0000     29712  0.9500
  0.77273    244.91     244.909           0           0           0  35.0499   0.7830  4.2692 18.0000  0.0000     31569  0.9500
  0.73409    242.13     242.129           0           0           0  35.0499   0.7631  2.9337 18.0000  0.0000     33426  0.9500
  0.69738     239.9     239.902           0           0           0  35.0499   0.7356  2.9387 18.0000  0.0000     35283  0.9500
  0.66252    243.38     243.377           0           0           0  35.0499   0.7361  3.6558 18.0000  0.0000     37140  0.9500
  0.62939    241.84     241.844           0           0           0  35.0499   0.7227  2.2983 18.0000  0.0000     38997  0.9500
  0.59792    239.59     239.588           0           0           0  35.0499   0.6990  2.6480 18.0000  0.0000     40854  0.9500
  0.56802    239.78     239.785           0           0           0  35.0499   0.6957  3.8184 18.0000  0.0000     42711  0.9500
  0.53962    238.46     238.456           0           0           0  35.0499   0.6979  4.6361 18.0000  0.0000     44568  0.9500
  0.51264    231.06     231.062           0           0           0  35.0499   0.6656  2.8332 18.0000  0.0000     46425  0.9500
  0.48701    228.96     228.962           0           0           0  35.0499   0.6435  2.5643 18.0000  0.0000     48282  0.9500
  0.46266    227.58     227.582           0           0           0  35.0499   0.6392  2.4179 18.0000  0.0000     50139  0.9500
  0.43953    231.53     231.531           0           0           0  35.0499   0.6306  1.9313 18.0000  0.0000     51996  0.9500
  0.41755    226.14     226.137           0           0           0  35.0499   0.5977  1.9047 18.0000  0.0000     53853  0.9500
  0.39667    224.06     224.058           0           0           0  35.0499   0.5703  2.0569 18.0000  0.0000     55710  0.9500
  0.37684    221.23     221.228           0           0           0  35.0499   0.5627  2.8763 18.0000  0.0000     57567  0.9500
  0.35800    220.81     220.813           0           0           0  35.0499   0.5541  3.0316 18.0000  0.0000     59424  0.9500
  0.34010     216.4     216.395           0           0           0  35.0499   0.5153  2.9972 18.0000  0.0000     61281  0.9500
  0.32309    212.48     212.481           0           0           0  35.0499   0.5073  1.6335 18.0000  0.0000     63138  0.9500
  0.30694    213.62     213.616           0           0           0  35.0499   0.5035  2.3648 18.0000  0.0000     64995  0.9500
  0.29159    209.02      209.02           0           0           0  35.0499   0.4820  2.7046 18.0000  0.0000     66852  0.9500
  0.27701    204.03     204.033           0           0           0  35.0499   0.4540  1.2824 18.0000  0.0000     68709  0.9500
  0.26316    201.58      201.58           0           0           0  35.0499   0.4313  1.5421 18.0000  0.0000     70566  0.9500
  0.25000    201.93     201.928           0           0           0  35.0499   0.4658  1.8759 17.8441  0.0000     72423  0.9500
  0.23750    200.44     200.442           0           0           0  35.0499   0.4227  2.1728 18.0000  0.0000     74280  0.9500
  0.22563    190.78     190.781           0           0           0  35.0499   0.3850  2.7247 17.6890  0.0000     76137  0.9500
  0.21435     188.4     188.401           0           0           0  35.0499   0.4093  1.4446 16.7167  0.0000     77994  0.9500
  0.20363    185.41     185.406           0           0           0  35.0499   0.3823  2.4554 16.2028  0.0000     79851  0.9500
  0.19345    177.85     177.848           0           0           0  35.0499   0.3452  0.9012 15.2685  0.0000     81708  0.9500
  0.18377    174.99     174.994           0           0           0  35.0499   0.3549  1.3343 13.8208  0.0000     83565  0.9500
  0.17459    171.34     171.339           0           0           0  35.0499   0.3603  0.6901 12.6443  0.0000     85422  0.9500
  0.16586    169.42      169.42           0           0           0  35.0499   0.3500  1.7937 11.6360  0.0000     87279  0.9500
  0.15756    170.65     170.646           0           0           0  35.0499   0.3640  1.1167 10.5891  0.0000     89136  0.9500
  0.14969    169.25     169.254           0           0           0  35.0499   0.3753  0.8241  9.7846  0.0000     90993  0.9500
  0.14220    166.84     166.838           0           0           0  35.0499   0.3737  0.8253  9.1519  0.0000     92850  0.9500
  0.13509    163.61     163.614           0           0           0  35.0499   0.3856  0.8563  8.5453  0.0000     94707  0.9500
  0.12834    160.26     160.257           0           0           0  35.0499   0.3775  0.6266  8.0802  0.0000     96564  0.9500
  0.12192    158.26     158.261           0           0           0  35.0499   0.3807  0.8165  7.5751  0.0000     98421  0.9500
  0.11582    157.85     157.848           0           0           0  35.0499   0.3802  1.7198  7.1260  0.0000    100278  0.9500
  0.11003    156.33      156.33           0           0           0  35.0499   0.3770  0.6046  6.6998  0.0000    102135  0.9500
  0.10453    154.14     154.141           0           0           0  35.0499   0.4006  0.6730  6.2774  0.0000    103992  0.9500
  0.09930    153.06     153.058           0           0           0  35.0499   0.3947  0.7828  6.0303  0.0000    105849  0.9500
  0.09434    151.46     151.462           0           0           0  35.0499   0.4292  0.3802  5.7573  0.0000    107706  0.9500
  0.08962    149.84     149.843           0           0           0  35.0499   0.3942  0.9503  5.6950  0.0000    109563  0.9500
  0.08514    148.61     148.606           0           0           0  35.0499   0.3786  0.8196  5.4341  0.0000    111420  0.9500
  0.08088    148.37     148.373           0           0           0  35.0499   0.3581  0.4202  5.1003  0.0000    113277  0.9500
  0.07684    147.21     147.207           0           0           0  35.0499   0.4071  0.4755  4.6826  0.0000    115134  0.9500
  0.07300    146.66     146.658           0           0           0  35.0499   0.3624  0.3923  4.5286  0.0000    116991  0.9500
  0.06935    146.26     146.262           0           0           0  35.0499   0.3931  0.3290  4.1772  0.0000    118848  0.9500
  0.06588    145.12      145.12           0           0           0  35.0499   0.4410  0.5476  3.9813  0.0000    120705  0.9500
  0.06259    143.29     143.293           0           0           0  35.0499   0.3893  0.4500  3.9855  0.0000    122562  0.9500
  0.05946    142.14      142.14           0           0           0  35.0499   0.3850  0.6602  3.7835  0.0000    124419  0.9500
  0.05648    140.08     140.076           0           0           0  35.0499   0.3737  0.6585  3.5756  0.0000    126276  0.9500
  0.05366    139.09     139.086           0           0           0  35.0499   0.3570  0.3382  3.3386  0.0000    128133  0.9500
  0.05098    138.43     138.427           0           0           0  35.0499   0.3613  0.3588  3.0616  0.0000    129990  0.9500
  0.04843    138.26     138.256           0           0           0  35.0499   0.4184  0.7845  2.8207  0.0000    131847  0.9500
  0.04601    136.99     136.989           0           0           0  35.0499   0.4033  0.3102  2.7599  0.0000    133704  0.9500
  0.04371    137.11     137.106           0           0           0  35.0499   0.4087  0.3272  2.6587  0.0000    135561  0.9500
  0.04152    136.75     136.753           0           0           0  35.0499   0.3818  0.3306  2.5755  0.0000    137418  0.9500
  0.03945    135.36     135.362           0           0           0  35.0499   0.3667  0.3505  2.4256  0.0000    139275  0.9500
  0.03747    135.38     135.382           0           0           0  35.0499   0.3489  0.2709  2.2479  0.0000    141132  0.9500
  0.03560    134.74     134.743           0           0           0  35.0499   0.3446  0.1608  2.0432  0.0000    142989  0.9500
  0.03382    134.04     134.042           0           0           0  35.0499   0.4513  0.3182  1.8484  0.0000    144846  0.9500
  0.03213    133.68     133.678           0           0           0  35.0499   0.4540  0.2244  1.8692  0.0000    146703  0.9500
  0.03052    133.23     133.226           0           0           0  35.0499   0.4330  0.2729  1.8953  0.0000    148560  0.9500
  0.02900    132.53     132.532           0           0           0  35.0499   0.4351  0.2954  1.8819  0.0000    150417  0.9500
  0.02755     131.8     131.798           0           0           0  35.0499   0.4028  0.1741  1.8727  0.0000    152274  0.9500
  0.02617    131.14     131.142           0           0           0  35.0499   0.3883  0.1879  1.8031  0.0000    154131  0.9500
  0.02486     131.2     131.196           0           0           0  35.0499   0.3840  0.1258  1.7098  0.0000    155988  0.9500
  0.02362     130.9     130.903           0           0           0  35.0499   0.3764  0.1186  1.6139  0.0000    157845  0.9500
  0.02244    130.89     130.886           0           0           0  35.0499   0.3457  0.1917  1.5113  0.0000    159702  0.9500
  0.02131    130.74     130.743           0           0           0  35.0499   0.3296  0.1093  1.3688  0.0000    161559  0.9500
  0.02025    130.54     130.538           0           0           0  35.0499   0.3549  0.0951  1.2177  0.0000    163416  0.9500
  0.01924    130.06     130.059           0           0           0  35.0499   0.3382  0.2337  1.1140  0.0000    165273  0.9500
  0.01827    129.62     129.617           0           0           0  35.0499   0.3183  0.1386  1.0006  0.0000    167130  0.9500
  0.01736    129.36     129.363           0           0           0  35.0499   0.3220  0.1556  1.0000  0.0000    168987  0.9500
  0.01649    129.31     129.314           0           0           0  35.0499   0.3199  0.1256  1.0000  0.0000    170844  0.9500
  0.01567    129.35      129.35           0           0           0  35.0499   0.3193  0.1044  1.0000  0.0000    172701  0.9500
  0.01488    129.16     129.156           0           0           0  35.0499   0.2973  0.1353  1.0000  0.0000    174558  0.9500
  0.01414    128.82     128.823           0           0           0  35.0499   0.2843  0.0458  1.0000  0.0000    176415  0.9500
  0.01343    128.71      128.71           0           0           0  35.0499   0.2940  0.1265  1.0000  0.0000    178272  0.9500
  0.01276    128.71     128.706           0           0           0  35.0499   0.2892  0.0485  1.0000  0.0000    180129  0.9500
  0.01212    128.68     128.677           0           0           0  35.0499   0.2693  0.1307  1.0000  0.0000    181986  0.9500
  0.01152    128.57     128.574           0           0           0  35.0499   0.2472  0.1008  1.0000  0.0000    183843  0.9500
  0.01094    128.32     128.322           0           0           0  35.0499   0.2493  0.0920  1.0000  0.0000    185700  0.9500
  0.01039     128.1     128.098           0           0           0  35.0499   0.2321  0.1341  1.0000  0.0000    187557  0.9500
  0.00987    128.22     128.223           0           0           0  35.0499   0.2623  0.0990  1.0000  0.0000    189414  0.9500
  0.00938    128.03     128.034           0           0           0  35.0499   0.2326  0.0435  1.0000  0.0000    191271  0.9500
  0.00891    127.91     127.915           0           0           0  35.0499   0.2240  0.0635  1.0000  0.0000    193128  0.9500
  0.00847    127.83     127.827           0           0           0  35.0499   0.2052  0.0350  1.0000  0.0000    194985  0.9500
  0.00804    127.78     127.779           0           0           0  35.0499   0.1939  0.0446  1.0000  0.0000    196842  0.9500
  0.00764     127.7     127.696           0           0           0  35.0499   0.1858  0.0328  1.0000  0.0000    198699  0.9500
  0.00726    127.68     127.681           0           0           0  35.0499   0.1998  0.0351  1.0000  0.0000    200556  0.9500
  0.00690    127.66     127.665           0           0           0  35.0499   0.1879  0.0419  1.0000  0.0000    202413  0.9500
  0.00655    127.63     127.629           0           0           0  35.0499   0.1766  0.0405  1.0000  0.0000    204270  0.9500
  0.00622    127.62     127.623           0           0           0  35.0499   0.2089  0.0515  1.0000  0.0000    206127  0.9500
  0.00591    127.58     127.578           0           0           0  35.0499   0.1637  0.0655  1.0000  0.0000    207984  0.9500
  0.00562    127.52     127.517           0           0           0  35.0499   0.1879  0.0523  1.0000  0.0000    209841  0.9500
  0.00534    127.49     127.494           0           0           0  35.0499   0.1535  0.0216  1.0000  0.0000    211698  0.9500
  0.00507    127.47     127.475           0           0           0  35.0499   0.1578  0.0284  1.0000  0.0000    213555  0.9500
  0.00482    127.51     127.512           0           0           0  35.0499   0.1761  0.0242  1.0000  0.0000    215412  0.9500
  0.00457    127.54     127.537           0           0           0  35.0499   0.1664  0.0263  1.0000  0.0000    217269  0.9500
  0.00435    127.44     127.436           0           0           0  35.0499   0.1443  0.0369  1.0000  0.0000    219126  0.8000
  0.00348    127.37     127.368           0           0           0  35.0499   0.1389  0.0217  1.0000  0.0000    220983  0.8000
  0.00278    127.34     127.345           0           0           0  35.0499   0.1217  0.0216  1.0000  0.0000    222840  0.8000
  0.00223    127.31      127.31           0           0           0  35.0499   0.1163  0.0118  1.0000  0.0000    224697  0.8000
  0.00178    127.29     127.286           0           0           0  35.0499   0.1158  0.0095  1.0000  0.0000    226554  0.8000
  0.00142    127.28     127.284           0           0           0  35.0499   0.1362  0.0161  1.0000  0.0000    228411  0.8000
  0.00114    127.28     127.282           0           0           0  35.0499   0.1007  0.0152  1.0000  0.0000    230268  0.8000
  0.00091    127.28     127.282           0           0           0  35.0499   0.1179  0.0188  1.0000  0.0000    232125  0.8000
  0.00073    127.28     127.282           0           0           0  35.0499   0.1109  0.0174  1.0000  0.0000    233982  0.8000
  0.00058    127.28     127.276           0           0           0  35.0499   0.1222  0.0192  1.0000  0.0000    235839  0.8000
  0.00000    127.26     127.259           0           0           0            0.1131  0.0108  1.0000  0.0000    237696

BB estimate of min-dist (placement) wirelength: 12658
bb_cost recomputed from scratch: 127.259

Completed placement consistency check successfully.

Swaps called: 237979
Placement cost: 127.259, bb_cost: 127.259, td_cost: 0, delay_cost: 0
Placement total # of swap attempts: 237979
	Swap reject rate: 0
	Swap accept rate: 0
	Swap abort rate: 0
Placement took 0.56 seconds.
The entire flow of VPR took 5.87 seconds.
